<?xml version="1.0" encoding="UTF-8"?>
<testsuite xmlns:xsi="http://www.w3.org/2001/XMLSchema-instance" xsi:noNamespaceSchemaLocation="https://maven.apache.org/surefire/maven-surefire-plugin/xsd/surefire-test-report-3.0.xsd" version="3.0" name="TestSuite" time="57.885" tests="19" errors="0" skipped="0" failures="2">
  <properties>
    <property name="java.specification.version" value="17"/>
    <property name="sun.cpu.isalist" value="amd64"/>
    <property name="sun.jnu.encoding" value="Cp1252"/>
    <property name="java.class.path" value="E:\Manasa\Interview\Selenium_Java_Automation\Eneco_API_Automation\project-root\target\test-classes;E:\Manasa\Interview\Selenium_Java_Automation\Eneco_API_Automation\project-root\target\classes;C:\Users\reach\.m2\repository\io\rest-assured\rest-assured\5.3.0\rest-assured-5.3.0.jar;C:\Users\reach\.m2\repository\org\apache\groovy\groovy\4.0.6\groovy-4.0.6.jar;C:\Users\reach\.m2\repository\org\apache\groovy\groovy-xml\4.0.6\groovy-xml-4.0.6.jar;C:\Users\reach\.m2\repository\org\apache\httpcomponents\httpclient\4.5.13\httpclient-4.5.13.jar;C:\Users\reach\.m2\repository\org\apache\httpcomponents\httpcore\4.4.13\httpcore-4.4.13.jar;C:\Users\reach\.m2\repository\commons-logging\commons-logging\1.2\commons-logging-1.2.jar;C:\Users\reach\.m2\repository\commons-codec\commons-codec\1.11\commons-codec-1.11.jar;C:\Users\reach\.m2\repository\org\apache\httpcomponents\httpmime\4.5.13\httpmime-4.5.13.jar;C:\Users\reach\.m2\repository\org\hamcrest\hamcrest\2.1\hamcrest-2.1.jar;C:\Users\reach\.m2\repository\org\ccil\cowan\tagsoup\tagsoup\1.2.1\tagsoup-1.2.1.jar;C:\Users\reach\.m2\repository\io\rest-assured\json-path\5.3.0\json-path-5.3.0.jar;C:\Users\reach\.m2\repository\org\apache\groovy\groovy-json\4.0.6\groovy-json-4.0.6.jar;C:\Users\reach\.m2\repository\io\rest-assured\rest-assured-common\5.3.0\rest-assured-common-5.3.0.jar;C:\Users\reach\.m2\repository\io\rest-assured\xml-path\5.3.0\xml-path-5.3.0.jar;C:\Users\reach\.m2\repository\org\apache\commons\commons-lang3\3.11\commons-lang3-3.11.jar;C:\Users\reach\.m2\repository\io\cucumber\cucumber-java\7.14.0\cucumber-java-7.14.0.jar;C:\Users\reach\.m2\repository\io\cucumber\cucumber-core\7.14.0\cucumber-core-7.14.0.jar;C:\Users\reach\.m2\repository\io\cucumber\cucumber-gherkin\7.14.0\cucumber-gherkin-7.14.0.jar;C:\Users\reach\.m2\repository\io\cucumber\cucumber-gherkin-messages\7.14.0\cucumber-gherkin-messages-7.14.0.jar;C:\Users\reach\.m2\repository\io\cucumber\gherkin\26.2.0\gherkin-26.2.0.jar;C:\Users\reach\.m2\repository\io\cucumber\messages\22.0.0\messages-22.0.0.jar;C:\Users\reach\.m2\repository\io\cucumber\tag-expressions\5.0.6\tag-expressions-5.0.6.jar;C:\Users\reach\.m2\repository\io\cucumber\cucumber-expressions\16.1.2\cucumber-expressions-16.1.2.jar;C:\Users\reach\.m2\repository\io\cucumber\datatable\7.14.0\datatable-7.14.0.jar;C:\Users\reach\.m2\repository\io\cucumber\cucumber-plugin\7.14.0\cucumber-plugin-7.14.0.jar;C:\Users\reach\.m2\repository\io\cucumber\docstring\7.14.0\docstring-7.14.0.jar;C:\Users\reach\.m2\repository\io\cucumber\html-formatter\20.4.0\html-formatter-20.4.0.jar;C:\Users\reach\.m2\repository\io\cucumber\junit-xml-formatter\0.2.0\junit-xml-formatter-0.2.0.jar;C:\Users\reach\.m2\repository\io\cucumber\ci-environment\9.2.0\ci-environment-9.2.0.jar;C:\Users\reach\.m2\repository\org\apiguardian\apiguardian-api\1.1.2\apiguardian-api-1.1.2.jar;C:\Users\reach\.m2\repository\io\cucumber\cucumber-testng\7.14.0\cucumber-testng-7.14.0.jar;C:\Users\reach\.m2\repository\org\testng\testng\7.10.1\testng-7.10.1.jar;C:\Users\reach\.m2\repository\org\slf4j\slf4j-api\1.7.36\slf4j-api-1.7.36.jar;C:\Users\reach\.m2\repository\com\beust\jcommander\1.82\jcommander-1.82.jar;C:\Users\reach\.m2\repository\org\webjars\jquery\3.7.1\jquery-3.7.1.jar;C:\Users\reach\.m2\repository\com\fasterxml\jackson\core\jackson-databind\2.17.0\jackson-databind-2.17.0.jar;C:\Users\reach\.m2\repository\com\fasterxml\jackson\core\jackson-annotations\2.17.0\jackson-annotations-2.17.0.jar;C:\Users\reach\.m2\repository\com\fasterxml\jackson\core\jackson-core\2.17.0\jackson-core-2.17.0.jar;C:\Users\reach\.m2\repository\net\bytebuddy\byte-buddy\1.14.9\byte-buddy-1.14.9.jar;C:\Users\reach\.m2\repository\com\aventstack\extentreports\5.1.1\extentreports-5.1.1.jar;C:\Users\reach\.m2\repository\io\reactivex\rxjava3\rxjava\3.1.6\rxjava-3.1.6.jar;C:\Users\reach\.m2\repository\org\reactivestreams\reactive-streams\1.0.4\reactive-streams-1.0.4.jar;C:\Users\reach\.m2\repository\org\freemarker\freemarker\2.3.32\freemarker-2.3.32.jar;C:\Users\reach\.m2\repository\com\google\code\gson\gson\2.10.1\gson-2.10.1.jar;C:\Users\reach\.m2\repository\tech\grasshopper\extentreports-cucumber7-adapter\1.14.0\extentreports-cucumber7-adapter-1.14.0.jar;C:\Users\reach\.m2\repository\tech\grasshopper\extent-pdf-report\2.12.0\extent-pdf-report-2.12.0.jar;C:\Users\reach\.m2\repository\tech\grasshopper\cucumber-pdf-report\2.14.0\cucumber-pdf-report-2.14.0.jar;C:\Users\reach\.m2\repository\org\apache\pdfbox\pdfbox\2.0.26\pdfbox-2.0.26.jar;C:\Users\reach\.m2\repository\org\apache\pdfbox\fontbox\2.0.26\fontbox-2.0.26.jar;C:\Users\reach\.m2\repository\org\knowm\xchart\xchart\3.8.0\xchart-3.8.0.jar;C:\Users\reach\.m2\repository\de\erichseifert\vectorgraphics2d\VectorGraphics2D\0.13\VectorGraphics2D-0.13.jar;C:\Users\reach\.m2\repository\de\rototor\pdfbox\graphics2d\0.30\graphics2d-0.30.jar;C:\Users\reach\.m2\repository\com\madgag\animated-gif-lib\1.4\animated-gif-lib-1.4.jar;C:\Users\reach\.m2\repository\org\yaml\snakeyaml\2.0\snakeyaml-2.0.jar;C:\Users\reach\.m2\repository\tech\grasshopper\table-layout\1.5.1\table-layout-1.5.1.jar;C:\Users\reach\.m2\repository\tech\grasshopper\rest-assured-cucumber-pdf-report\1.5.0\rest-assured-cucumber-pdf-report-1.5.0.jar;C:\Users\reach\.m2\repository\org\jsoup\jsoup\1.15.3\jsoup-1.15.3.jar;C:\Users\reach\.m2\repository\com\aventstack\klov-reporter\5.1.0\klov-reporter-5.1.0.jar;C:\Users\reach\.m2\repository\org\mongodb\mongodb-driver\3.6.4\mongodb-driver-3.6.4.jar;C:\Users\reach\.m2\repository\org\mongodb\mongodb-driver-core\3.6.4\mongodb-driver-core-3.6.4.jar;C:\Users\reach\.m2\repository\org\mongodb\bson\3.6.4\bson-3.6.4.jar;C:\Users\reach\.m2\repository\tech\grasshopper\htmlextentreporter\1.1.0\htmlextentreporter-1.1.0.jar;C:\Users\reach\.m2\repository\tech\grasshopper\extent-excel-report\1.4.0\extent-excel-report-1.4.0.jar;C:\Users\reach\.m2\repository\org\apache\poi\poi\5.2.3\poi-5.2.3.jar;C:\Users\reach\.m2\repository\org\apache\commons\commons-collections4\4.4\commons-collections4-4.4.jar;C:\Users\reach\.m2\repository\org\apache\commons\commons-math3\3.6.1\commons-math3-3.6.1.jar;C:\Users\reach\.m2\repository\commons-io\commons-io\2.11.0\commons-io-2.11.0.jar;C:\Users\reach\.m2\repository\com\zaxxer\SparseBitSet\1.2\SparseBitSet-1.2.jar;C:\Users\reach\.m2\repository\org\apache\logging\log4j\log4j-api\2.18.0\log4j-api-2.18.0.jar;C:\Users\reach\.m2\repository\org\apache\poi\poi-ooxml\5.2.3\poi-ooxml-5.2.3.jar;C:\Users\reach\.m2\repository\org\apache\poi\poi-ooxml-lite\5.2.3\poi-ooxml-lite-5.2.3.jar;C:\Users\reach\.m2\repository\org\apache\xmlbeans\xmlbeans\5.1.1\xmlbeans-5.1.1.jar;C:\Users\reach\.m2\repository\org\apache\commons\commons-compress\1.21\commons-compress-1.21.jar;C:\Users\reach\.m2\repository\com\github\virtuald\curvesapi\1.07\curvesapi-1.07.jar;C:\Users\reach\.m2\repository\log4j\log4j\1.2.17\log4j-1.2.17.jar;C:\Users\reach\.m2\repository\org\projectlombok\lombok\1.18.30\lombok-1.18.30.jar;"/>
    <property name="java.vm.vendor" value="Oracle Corporation"/>
    <property name="sun.arch.data.model" value="64"/>
    <property name="user.variant" value=""/>
    <property name="java.vendor.url" value="https://java.oracle.com/"/>
    <property name="user.timezone" value="Europe/Amsterdam"/>
    <property name="os.name" value="Windows 11"/>
    <property name="java.vm.specification.version" value="17"/>
    <property name="sun.java.launcher" value="SUN_STANDARD"/>
    <property name="user.country" value="IN"/>
    <property name="sun.boot.library.path" value="C:\Program Files\Java\jdk-17\bin"/>
    <property name="sun.java.command" value="C:\Users\reach\AppData\Local\Temp\surefire5117019124277332962\surefirebooter-20250806165305973_3.jar C:\Users\reach\AppData\Local\Temp\surefire5117019124277332962 2025-08-06T16-53-05_800-jvmRun1 surefire-20250806165305973_1tmp surefire_0-20250806165305973_2tmp"/>
    <property name="jdk.debug" value="release"/>
    <property name="surefire.test.class.path" value="E:\Manasa\Interview\Selenium_Java_Automation\Eneco_API_Automation\project-root\target\test-classes;E:\Manasa\Interview\Selenium_Java_Automation\Eneco_API_Automation\project-root\target\classes;C:\Users\reach\.m2\repository\io\rest-assured\rest-assured\5.3.0\rest-assured-5.3.0.jar;C:\Users\reach\.m2\repository\org\apache\groovy\groovy\4.0.6\groovy-4.0.6.jar;C:\Users\reach\.m2\repository\org\apache\groovy\groovy-xml\4.0.6\groovy-xml-4.0.6.jar;C:\Users\reach\.m2\repository\org\apache\httpcomponents\httpclient\4.5.13\httpclient-4.5.13.jar;C:\Users\reach\.m2\repository\org\apache\httpcomponents\httpcore\4.4.13\httpcore-4.4.13.jar;C:\Users\reach\.m2\repository\commons-logging\commons-logging\1.2\commons-logging-1.2.jar;C:\Users\reach\.m2\repository\commons-codec\commons-codec\1.11\commons-codec-1.11.jar;C:\Users\reach\.m2\repository\org\apache\httpcomponents\httpmime\4.5.13\httpmime-4.5.13.jar;C:\Users\reach\.m2\repository\org\hamcrest\hamcrest\2.1\hamcrest-2.1.jar;C:\Users\reach\.m2\repository\org\ccil\cowan\tagsoup\tagsoup\1.2.1\tagsoup-1.2.1.jar;C:\Users\reach\.m2\repository\io\rest-assured\json-path\5.3.0\json-path-5.3.0.jar;C:\Users\reach\.m2\repository\org\apache\groovy\groovy-json\4.0.6\groovy-json-4.0.6.jar;C:\Users\reach\.m2\repository\io\rest-assured\rest-assured-common\5.3.0\rest-assured-common-5.3.0.jar;C:\Users\reach\.m2\repository\io\rest-assured\xml-path\5.3.0\xml-path-5.3.0.jar;C:\Users\reach\.m2\repository\org\apache\commons\commons-lang3\3.11\commons-lang3-3.11.jar;C:\Users\reach\.m2\repository\io\cucumber\cucumber-java\7.14.0\cucumber-java-7.14.0.jar;C:\Users\reach\.m2\repository\io\cucumber\cucumber-core\7.14.0\cucumber-core-7.14.0.jar;C:\Users\reach\.m2\repository\io\cucumber\cucumber-gherkin\7.14.0\cucumber-gherkin-7.14.0.jar;C:\Users\reach\.m2\repository\io\cucumber\cucumber-gherkin-messages\7.14.0\cucumber-gherkin-messages-7.14.0.jar;C:\Users\reach\.m2\repository\io\cucumber\gherkin\26.2.0\gherkin-26.2.0.jar;C:\Users\reach\.m2\repository\io\cucumber\messages\22.0.0\messages-22.0.0.jar;C:\Users\reach\.m2\repository\io\cucumber\tag-expressions\5.0.6\tag-expressions-5.0.6.jar;C:\Users\reach\.m2\repository\io\cucumber\cucumber-expressions\16.1.2\cucumber-expressions-16.1.2.jar;C:\Users\reach\.m2\repository\io\cucumber\datatable\7.14.0\datatable-7.14.0.jar;C:\Users\reach\.m2\repository\io\cucumber\cucumber-plugin\7.14.0\cucumber-plugin-7.14.0.jar;C:\Users\reach\.m2\repository\io\cucumber\docstring\7.14.0\docstring-7.14.0.jar;C:\Users\reach\.m2\repository\io\cucumber\html-formatter\20.4.0\html-formatter-20.4.0.jar;C:\Users\reach\.m2\repository\io\cucumber\junit-xml-formatter\0.2.0\junit-xml-formatter-0.2.0.jar;C:\Users\reach\.m2\repository\io\cucumber\ci-environment\9.2.0\ci-environment-9.2.0.jar;C:\Users\reach\.m2\repository\org\apiguardian\apiguardian-api\1.1.2\apiguardian-api-1.1.2.jar;C:\Users\reach\.m2\repository\io\cucumber\cucumber-testng\7.14.0\cucumber-testng-7.14.0.jar;C:\Users\reach\.m2\repository\org\testng\testng\7.10.1\testng-7.10.1.jar;C:\Users\reach\.m2\repository\org\slf4j\slf4j-api\1.7.36\slf4j-api-1.7.36.jar;C:\Users\reach\.m2\repository\com\beust\jcommander\1.82\jcommander-1.82.jar;C:\Users\reach\.m2\repository\org\webjars\jquery\3.7.1\jquery-3.7.1.jar;C:\Users\reach\.m2\repository\com\fasterxml\jackson\core\jackson-databind\2.17.0\jackson-databind-2.17.0.jar;C:\Users\reach\.m2\repository\com\fasterxml\jackson\core\jackson-annotations\2.17.0\jackson-annotations-2.17.0.jar;C:\Users\reach\.m2\repository\com\fasterxml\jackson\core\jackson-core\2.17.0\jackson-core-2.17.0.jar;C:\Users\reach\.m2\repository\net\bytebuddy\byte-buddy\1.14.9\byte-buddy-1.14.9.jar;C:\Users\reach\.m2\repository\com\aventstack\extentreports\5.1.1\extentreports-5.1.1.jar;C:\Users\reach\.m2\repository\io\reactivex\rxjava3\rxjava\3.1.6\rxjava-3.1.6.jar;C:\Users\reach\.m2\repository\org\reactivestreams\reactive-streams\1.0.4\reactive-streams-1.0.4.jar;C:\Users\reach\.m2\repository\org\freemarker\freemarker\2.3.32\freemarker-2.3.32.jar;C:\Users\reach\.m2\repository\com\google\code\gson\gson\2.10.1\gson-2.10.1.jar;C:\Users\reach\.m2\repository\tech\grasshopper\extentreports-cucumber7-adapter\1.14.0\extentreports-cucumber7-adapter-1.14.0.jar;C:\Users\reach\.m2\repository\tech\grasshopper\extent-pdf-report\2.12.0\extent-pdf-report-2.12.0.jar;C:\Users\reach\.m2\repository\tech\grasshopper\cucumber-pdf-report\2.14.0\cucumber-pdf-report-2.14.0.jar;C:\Users\reach\.m2\repository\org\apache\pdfbox\pdfbox\2.0.26\pdfbox-2.0.26.jar;C:\Users\reach\.m2\repository\org\apache\pdfbox\fontbox\2.0.26\fontbox-2.0.26.jar;C:\Users\reach\.m2\repository\org\knowm\xchart\xchart\3.8.0\xchart-3.8.0.jar;C:\Users\reach\.m2\repository\de\erichseifert\vectorgraphics2d\VectorGraphics2D\0.13\VectorGraphics2D-0.13.jar;C:\Users\reach\.m2\repository\de\rototor\pdfbox\graphics2d\0.30\graphics2d-0.30.jar;C:\Users\reach\.m2\repository\com\madgag\animated-gif-lib\1.4\animated-gif-lib-1.4.jar;C:\Users\reach\.m2\repository\org\yaml\snakeyaml\2.0\snakeyaml-2.0.jar;C:\Users\reach\.m2\repository\tech\grasshopper\table-layout\1.5.1\table-layout-1.5.1.jar;C:\Users\reach\.m2\repository\tech\grasshopper\rest-assured-cucumber-pdf-report\1.5.0\rest-assured-cucumber-pdf-report-1.5.0.jar;C:\Users\reach\.m2\repository\org\jsoup\jsoup\1.15.3\jsoup-1.15.3.jar;C:\Users\reach\.m2\repository\com\aventstack\klov-reporter\5.1.0\klov-reporter-5.1.0.jar;C:\Users\reach\.m2\repository\org\mongodb\mongodb-driver\3.6.4\mongodb-driver-3.6.4.jar;C:\Users\reach\.m2\repository\org\mongodb\mongodb-driver-core\3.6.4\mongodb-driver-core-3.6.4.jar;C:\Users\reach\.m2\repository\org\mongodb\bson\3.6.4\bson-3.6.4.jar;C:\Users\reach\.m2\repository\tech\grasshopper\htmlextentreporter\1.1.0\htmlextentreporter-1.1.0.jar;C:\Users\reach\.m2\repository\tech\grasshopper\extent-excel-report\1.4.0\extent-excel-report-1.4.0.jar;C:\Users\reach\.m2\repository\org\apache\poi\poi\5.2.3\poi-5.2.3.jar;C:\Users\reach\.m2\repository\org\apache\commons\commons-collections4\4.4\commons-collections4-4.4.jar;C:\Users\reach\.m2\repository\org\apache\commons\commons-math3\3.6.1\commons-math3-3.6.1.jar;C:\Users\reach\.m2\repository\commons-io\commons-io\2.11.0\commons-io-2.11.0.jar;C:\Users\reach\.m2\repository\com\zaxxer\SparseBitSet\1.2\SparseBitSet-1.2.jar;C:\Users\reach\.m2\repository\org\apache\logging\log4j\log4j-api\2.18.0\log4j-api-2.18.0.jar;C:\Users\reach\.m2\repository\org\apache\poi\poi-ooxml\5.2.3\poi-ooxml-5.2.3.jar;C:\Users\reach\.m2\repository\org\apache\poi\poi-ooxml-lite\5.2.3\poi-ooxml-lite-5.2.3.jar;C:\Users\reach\.m2\repository\org\apache\xmlbeans\xmlbeans\5.1.1\xmlbeans-5.1.1.jar;C:\Users\reach\.m2\repository\org\apache\commons\commons-compress\1.21\commons-compress-1.21.jar;C:\Users\reach\.m2\repository\com\github\virtuald\curvesapi\1.07\curvesapi-1.07.jar;C:\Users\reach\.m2\repository\log4j\log4j\1.2.17\log4j-1.2.17.jar;C:\Users\reach\.m2\repository\org\projectlombok\lombok\1.18.30\lombok-1.18.30.jar;"/>
    <property name="sun.cpu.endian" value="little"/>
    <property name="user.home" value="C:\Users\reach"/>
    <property name="user.language" value="en"/>
    <property name="java.specification.vendor" value="Oracle Corporation"/>
    <property name="java.version.date" value="2024-04-16"/>
    <property name="java.home" value="C:\Program Files\Java\jdk-17"/>
    <property name="file.separator" value="\"/>
    <property name="basedir" value="E:\Manasa\Interview\Selenium_Java_Automation\Eneco_API_Automation\project-root"/>
    <property name="java.vm.compressedOopsMode" value="Zero based"/>
    <property name="line.separator" value="&#10;"/>
    <property name="java.vm.specification.vendor" value="Oracle Corporation"/>
    <property name="java.specification.name" value="Java Platform API Specification"/>
    <property name="surefire.real.class.path" value="C:\Users\reach\AppData\Local\Temp\surefire5117019124277332962\surefirebooter-20250806165305973_3.jar"/>
    <property name="user.script" value=""/>
    <property name="sun.management.compiler" value="HotSpot 64-Bit Tiered Compilers"/>
    <property name="java.runtime.version" value="17.0.11+7-LTS-207"/>
    <property name="user.name" value="reach"/>
    <property name="path.separator" value=";"/>
    <property name="os.version" value="10.0"/>
    <property name="java.runtime.name" value="Java(TM) SE Runtime Environment"/>
    <property name="file.encoding" value="Cp1252"/>
    <property name="java.vm.name" value="Java HotSpot(TM) 64-Bit Server VM"/>
    <property name="localRepository" value="C:\Users\reach\.m2\repository"/>
    <property name="java.vendor.url.bug" value="https://bugreport.java.com/bugreport/"/>
    <property name="java.io.tmpdir" value="C:\Users\reach\AppData\Local\Temp\"/>
    <property name="idea.version" value="2025.1.3"/>
    <property name="java.version" value="17.0.11"/>
    <property name="user.dir" value="E:\Manasa\Interview\Selenium_Java_Automation\Eneco_API_Automation\project-root"/>
    <property name="os.arch" value="amd64"/>
    <property name="java.vm.specification.name" value="Java Virtual Machine Specification"/>
    <property name="sun.os.patch.level" value=""/>
    <property name="native.encoding" value="Cp1252"/>
    <property name="java.library.path" value="C:\Program Files\Java\jdk-17\bin;C:\windows\Sun\Java\bin;C:\windows\system32;C:\windows;C:\Program Files\Common Files\Oracle\Java\javapath;C:\windows\system32;C:\windows;C:\windows\System32\Wbem;C:\windows\System32\WindowsPowerShell\v1.0\;C:\windows\System32\OpenSSH\;%JAVA_HOME%\bin;C:\Program Files\apache-maven-3.8.8\bin;C:\Program Files\Git\cmd;C:\Program Files\nodejs\;C:\Users\reach\AppData\Local\Programs\Python\Launcher\;C:\Users\reach\AppData\Local\Microsoft\WindowsApps;C:\Users\reach\AppData\Local\Programs\Microsoft VS Code\bin;C:\Users\reach\AppData\Roaming\npm;."/>
    <property name="java.vm.info" value="mixed mode, sharing"/>
    <property name="java.vendor" value="Oracle Corporation"/>
    <property name="java.vm.version" value="17.0.11+7-LTS-207"/>
    <property name="sun.io.unicode.encoding" value="UnicodeLittle"/>
    <property name="java.class.version" value="61.0"/>
  </properties>
  <testcase name="runScenario[&quot;Successfully delete existing booking&quot;, &quot;DELETE API Tests&quot;](1)" classname="runners.TestRunner" time="8.866">
    <system-out><![CDATA[
Scenario: Successfully delete existing booking              &amp#27;[90m# src/test/resources/features/DeleteBooking.feature:8&amp#27;[0m
16:53:12 [main] DEBUG org.apache.http.impl.conn.BasicClientConnectionManager - Get connection for route {s}->https://restful-booker.herokuapp.com:443
16:53:12 [main] DEBUG org.apache.http.impl.conn.DefaultClientConnectionOperator - Connecting to restful-booker.herokuapp.com:443
16:53:13 [main] DEBUG org.apache.http.client.protocol.RequestAddCookies - CookieSpec selected: ignoreCookies
16:53:13 [main] DEBUG org.apache.http.client.protocol.RequestAuthCache - Auth cache not set in the context
16:53:13 [main] DEBUG org.apache.http.client.protocol.RequestTargetAuthentication - Target auth state: UNCHALLENGED
16:53:13 [main] DEBUG org.apache.http.client.protocol.RequestProxyAuthentication - Proxy auth state: UNCHALLENGED
16:53:13 [main] DEBUG org.apache.http.impl.client.DefaultHttpClient - Attempt 1 to execute request
16:53:13 [main] DEBUG org.apache.http.impl.conn.DefaultClientConnection - Sending request: POST /auth HTTP/1.1
16:53:13 [main] DEBUG org.apache.http.wire -  >> "POST /auth HTTP/1.1[\r][\n]"
16:53:13 [main] DEBUG org.apache.http.wire -  >> "Accept: */*[\r][\n]"
16:53:13 [main] DEBUG org.apache.http.wire -  >> "Content-Type: application/json[\r][\n]"
16:53:13 [main] DEBUG org.apache.http.wire -  >> "Content-Length: 45[\r][\n]"
16:53:13 [main] DEBUG org.apache.http.wire -  >> "Host: restful-booker.herokuapp.com[\r][\n]"
16:53:13 [main] DEBUG org.apache.http.wire -  >> "Connection: Keep-Alive[\r][\n]"
16:53:13 [main] DEBUG org.apache.http.wire -  >> "User-Agent: Apache-HttpClient/4.5.13 (Java/17.0.11)[\r][\n]"
16:53:13 [main] DEBUG org.apache.http.wire -  >> "Accept-Encoding: gzip,deflate[\r][\n]"
16:53:13 [main] DEBUG org.apache.http.wire -  >> "[\r][\n]"
16:53:13 [main] DEBUG org.apache.http.headers - >> POST /auth HTTP/1.1
16:53:13 [main] DEBUG org.apache.http.headers - >> Accept: */*
16:53:13 [main] DEBUG org.apache.http.headers - >> Content-Type: application/json
16:53:13 [main] DEBUG org.apache.http.headers - >> Content-Length: 45
16:53:13 [main] DEBUG org.apache.http.headers - >> Host: restful-booker.herokuapp.com
16:53:13 [main] DEBUG org.apache.http.headers - >> Connection: Keep-Alive
16:53:13 [main] DEBUG org.apache.http.headers - >> User-Agent: Apache-HttpClient/4.5.13 (Java/17.0.11)
16:53:13 [main] DEBUG org.apache.http.headers - >> Accept-Encoding: gzip,deflate
16:53:13 [main] DEBUG org.apache.http.wire -  >> "{"username":"admin","password":"password123"}"
16:53:14 [main] DEBUG org.apache.http.wire -  << "HTTP/1.1 200 OK[\r][\n]"
16:53:14 [main] DEBUG org.apache.http.wire -  << "Content-Length: 27[\r][\n]"
16:53:14 [main] DEBUG org.apache.http.wire -  << "Content-Type: application/json; charset=utf-8[\r][\n]"
16:53:14 [main] DEBUG org.apache.http.wire -  << "Date: Wed, 06 Aug 2025 14:53:13 GMT[\r][\n]"
16:53:14 [main] DEBUG org.apache.http.wire -  << "Etag: W/"1b-nxKQIuSADJJj5pPKmluXQ2bfcIg"[\r][\n]"
16:53:14 [main] DEBUG org.apache.http.wire -  << "Nel: {"report_to":"heroku-nel","response_headers":["Via"],"max_age":3600,"success_fraction":0.01,"failure_fraction":0.1}[\r][\n]"
16:53:14 [main] DEBUG org.apache.http.wire -  << "Report-To: {"group":"heroku-nel","endpoints":[{"url":"https://nel.heroku.com/reports?s=hC%2BtGzSjC%2F%2BFAfZFAJAXN5%2F0PFuLN4%2FCdwoNYFr0Sfw%3D\u0026sid=c46efe9b-d3d2-4a0c-8c76-bfafa16c5add\u0026ts=1754491993"}],"max_age":3600}[\r][\n]"
16:53:14 [main] DEBUG org.apache.http.wire -  << "Reporting-Endpoints: heroku-nel="https://nel.heroku.com/reports?s=hC%2BtGzSjC%2F%2BFAfZFAJAXN5%2F0PFuLN4%2FCdwoNYFr0Sfw%3D&sid=c46efe9b-d3d2-4a0c-8c76-bfafa16c5add&ts=1754491993"[\r][\n]"
16:53:14 [main] DEBUG org.apache.http.wire -  << "Server: Heroku[\r][\n]"
16:53:14 [main] DEBUG org.apache.http.wire -  << "Via: 1.1 heroku-router[\r][\n]"
16:53:14 [main] DEBUG org.apache.http.wire -  << "X-Powered-By: Express[\r][\n]"
16:53:14 [main] DEBUG org.apache.http.wire -  << "[\r][\n]"
16:53:14 [main] DEBUG org.apache.http.impl.conn.DefaultClientConnection - Receiving response: HTTP/1.1 200 OK
16:53:14 [main] DEBUG org.apache.http.headers - << HTTP/1.1 200 OK
16:53:14 [main] DEBUG org.apache.http.headers - << Content-Length: 27
16:53:14 [main] DEBUG org.apache.http.headers - << Content-Type: application/json; charset=utf-8
16:53:14 [main] DEBUG org.apache.http.headers - << Date: Wed, 06 Aug 2025 14:53:13 GMT
16:53:14 [main] DEBUG org.apache.http.headers - << Etag: W/"1b-nxKQIuSADJJj5pPKmluXQ2bfcIg"
16:53:14 [main] DEBUG org.apache.http.headers - << Nel: {"report_to":"heroku-nel","response_headers":["Via"],"max_age":3600,"success_fraction":0.01,"failure_fraction":0.1}
16:53:14 [main] DEBUG org.apache.http.headers - << Report-To: {"group":"heroku-nel","endpoints":[{"url":"https://nel.heroku.com/reports?s=hC%2BtGzSjC%2F%2BFAfZFAJAXN5%2F0PFuLN4%2FCdwoNYFr0Sfw%3D\u0026sid=c46efe9b-d3d2-4a0c-8c76-bfafa16c5add\u0026ts=1754491993"}],"max_age":3600}
16:53:14 [main] DEBUG org.apache.http.headers - << Reporting-Endpoints: heroku-nel="https://nel.heroku.com/reports?s=hC%2BtGzSjC%2F%2BFAfZFAJAXN5%2F0PFuLN4%2FCdwoNYFr0Sfw%3D&sid=c46efe9b-d3d2-4a0c-8c76-bfafa16c5add&ts=1754491993"
16:53:14 [main] DEBUG org.apache.http.headers - << Server: Heroku
16:53:14 [main] DEBUG org.apache.http.headers - << Via: 1.1 heroku-router
16:53:14 [main] DEBUG org.apache.http.headers - << X-Powered-By: Express
16:53:14 [main] DEBUG org.apache.http.impl.client.DefaultHttpClient - Connection can be kept alive indefinitely
16:53:14 [main] DEBUG io.restassured.internal.RestAssuredHttpBuilder - Parsing response as: application/json; charset=utf-8
16:53:14 [main] DEBUG io.restassured.internal.RestAssuredHttpBuilder - Parsed data to instance of: class org.apache.http.conn.EofSensorInputStream
16:53:14 [main] DEBUG org.apache.http.wire -  << "{"token":"7c15f419414ac5f"}"
16:53:14 [main] DEBUG org.apache.http.impl.conn.BasicClientConnectionManager - Releasing connection org.apache.http.impl.conn.ManagedClientConnectionImpl@3bbf1c0d
16:53:14 [main] DEBUG org.apache.http.impl.conn.BasicClientConnectionManager - Connection can be kept alive indefinitely
Generated Token: 7c15f419414ac5f
  &amp#27;[32mGiven &amp#27;[0m&amp#27;[32mUser has valid auth token&amp#27;[0m                           &amp#27;[90m# stepdefs.AuthenticationSteps.user_has_valid_auth_token()&amp#27;[0m
16:53:15 [main] DEBUG org.apache.http.impl.conn.BasicClientConnectionManager - Get connection for route {s}->https://restful-booker.herokuapp.com:443
16:53:15 [main] DEBUG org.apache.http.impl.conn.DefaultClientConnectionOperator - Connecting to restful-booker.herokuapp.com:443
16:53:15 [main] DEBUG org.apache.http.client.protocol.RequestAddCookies - CookieSpec selected: ignoreCookies
16:53:15 [main] DEBUG org.apache.http.client.protocol.RequestAuthCache - Auth cache not set in the context
16:53:15 [main] DEBUG org.apache.http.client.protocol.RequestTargetAuthentication - Target auth state: UNCHALLENGED
16:53:15 [main] DEBUG org.apache.http.client.protocol.RequestProxyAuthentication - Proxy auth state: UNCHALLENGED
16:53:15 [main] DEBUG org.apache.http.impl.client.DefaultHttpClient - Attempt 1 to execute request
16:53:15 [main] DEBUG org.apache.http.impl.conn.DefaultClientConnection - Sending request: POST /booking HTTP/1.1
16:53:15 [main] DEBUG org.apache.http.wire -  >> "POST /booking HTTP/1.1[\r][\n]"
16:53:15 [main] DEBUG org.apache.http.wire -  >> "Accept: */*[\r][\n]"
16:53:15 [main] DEBUG org.apache.http.wire -  >> "Content-Type: application/json[\r][\n]"
16:53:15 [main] DEBUG org.apache.http.wire -  >> "Content-Length: 173[\r][\n]"
16:53:15 [main] DEBUG org.apache.http.wire -  >> "Host: restful-booker.herokuapp.com[\r][\n]"
16:53:15 [main] DEBUG org.apache.http.wire -  >> "Connection: Keep-Alive[\r][\n]"
16:53:15 [main] DEBUG org.apache.http.wire -  >> "User-Agent: Apache-HttpClient/4.5.13 (Java/17.0.11)[\r][\n]"
16:53:15 [main] DEBUG org.apache.http.wire -  >> "Accept-Encoding: gzip,deflate[\r][\n]"
16:53:15 [main] DEBUG org.apache.http.wire -  >> "[\r][\n]"
16:53:15 [main] DEBUG org.apache.http.headers - >> POST /booking HTTP/1.1
16:53:15 [main] DEBUG org.apache.http.headers - >> Accept: */*
16:53:15 [main] DEBUG org.apache.http.headers - >> Content-Type: application/json
16:53:15 [main] DEBUG org.apache.http.headers - >> Content-Length: 173
16:53:15 [main] DEBUG org.apache.http.headers - >> Host: restful-booker.herokuapp.com
16:53:15 [main] DEBUG org.apache.http.headers - >> Connection: Keep-Alive
16:53:15 [main] DEBUG org.apache.http.headers - >> User-Agent: Apache-HttpClient/4.5.13 (Java/17.0.11)
16:53:15 [main] DEBUG org.apache.http.headers - >> Accept-Encoding: gzip,deflate
16:53:15 [main] DEBUG org.apache.http.wire -  >> "{"firstname":"Michael","lastname":"Jordan","totalprice":500,"depositpaid":true,"bookingdates":{"checkin":"2024-08-01","checkout":"2024-08-10"},"additionalneeds":"Breakfast"}"
16:53:16 [main] DEBUG org.apache.http.wire -  << "HTTP/1.1 200 OK[\r][\n]"
16:53:16 [main] DEBUG org.apache.http.wire -  << "Content-Length: 202[\r][\n]"
16:53:16 [main] DEBUG org.apache.http.wire -  << "Content-Type: application/json; charset=utf-8[\r][\n]"
16:53:16 [main] DEBUG org.apache.http.wire -  << "Date: Wed, 06 Aug 2025 14:53:15 GMT[\r][\n]"
16:53:16 [main] DEBUG org.apache.http.wire -  << "Etag: W/"ca-mjZCRBvnFisGoUPefdrJz9FT+tY"[\r][\n]"
16:53:16 [main] DEBUG org.apache.http.wire -  << "Nel: {"report_to":"heroku-nel","response_headers":["Via"],"max_age":3600,"success_fraction":0.01,"failure_fraction":0.1}[\r][\n]"
16:53:16 [main] DEBUG org.apache.http.wire -  << "Report-To: {"group":"heroku-nel","endpoints":[{"url":"https://nel.heroku.com/reports?s=sGLfdKyUJ%2FbkeU6QRZCmmDTvlRp6TS5Wl4HIfpIKYq0%3D\u0026sid=c46efe9b-d3d2-4a0c-8c76-bfafa16c5add\u0026ts=1754491995"}],"max_age":3600}[\r][\n]"
16:53:16 [main] DEBUG org.apache.http.wire -  << "Reporting-Endpoints: heroku-nel="https://nel.heroku.com/reports?s=sGLfdKyUJ%2FbkeU6QRZCmmDTvlRp6TS5Wl4HIfpIKYq0%3D&sid=c46efe9b-d3d2-4a0c-8c76-bfafa16c5add&ts=1754491995"[\r][\n]"
16:53:16 [main] DEBUG org.apache.http.wire -  << "Server: Heroku[\r][\n]"
16:53:16 [main] DEBUG org.apache.http.wire -  << "Via: 1.1 heroku-router[\r][\n]"
16:53:16 [main] DEBUG org.apache.http.wire -  << "X-Powered-By: Express[\r][\n]"
16:53:16 [main] DEBUG org.apache.http.wire -  << "[\r][\n]"
16:53:16 [main] DEBUG org.apache.http.impl.conn.DefaultClientConnection - Receiving response: HTTP/1.1 200 OK
16:53:16 [main] DEBUG org.apache.http.headers - << HTTP/1.1 200 OK
16:53:16 [main] DEBUG org.apache.http.headers - << Content-Length: 202
16:53:16 [main] DEBUG org.apache.http.headers - << Content-Type: application/json; charset=utf-8
16:53:16 [main] DEBUG org.apache.http.headers - << Date: Wed, 06 Aug 2025 14:53:15 GMT
16:53:16 [main] DEBUG org.apache.http.headers - << Etag: W/"ca-mjZCRBvnFisGoUPefdrJz9FT+tY"
16:53:16 [main] DEBUG org.apache.http.headers - << Nel: {"report_to":"heroku-nel","response_headers":["Via"],"max_age":3600,"success_fraction":0.01,"failure_fraction":0.1}
16:53:16 [main] DEBUG org.apache.http.headers - << Report-To: {"group":"heroku-nel","endpoints":[{"url":"https://nel.heroku.com/reports?s=sGLfdKyUJ%2FbkeU6QRZCmmDTvlRp6TS5Wl4HIfpIKYq0%3D\u0026sid=c46efe9b-d3d2-4a0c-8c76-bfafa16c5add\u0026ts=1754491995"}],"max_age":3600}
16:53:16 [main] DEBUG org.apache.http.headers - << Reporting-Endpoints: heroku-nel="https://nel.heroku.com/reports?s=sGLfdKyUJ%2FbkeU6QRZCmmDTvlRp6TS5Wl4HIfpIKYq0%3D&sid=c46efe9b-d3d2-4a0c-8c76-bfafa16c5add&ts=1754491995"
16:53:16 [main] DEBUG org.apache.http.headers - << Server: Heroku
16:53:16 [main] DEBUG org.apache.http.headers - << Via: 1.1 heroku-router
16:53:16 [main] DEBUG org.apache.http.headers - << X-Powered-By: Express
16:53:16 [main] DEBUG org.apache.http.impl.client.DefaultHttpClient - Connection can be kept alive indefinitely
16:53:16 [main] DEBUG io.restassured.internal.RestAssuredHttpBuilder - Parsing response as: application/json; charset=utf-8
16:53:16 [main] DEBUG io.restassured.internal.RestAssuredHttpBuilder - Parsed data to instance of: class org.apache.http.conn.EofSensorInputStream
16:53:16 [main] DEBUG org.apache.http.wire -  << "{"bookingid":1220,"booking":{"firstname":"Michael","lastname":"Jordan","totalprice":500,"depositpaid":true,"bookingdates":{"checkin":"2024-08-01","checkout":"2024-08-10"},"additionalneeds":"Breakfast"}}"
16:53:16 [main] DEBUG org.apache.http.impl.conn.BasicClientConnectionManager - Releasing connection org.apache.http.impl.conn.ManagedClientConnectionImpl@4a105556
16:53:16 [main] DEBUG org.apache.http.impl.conn.BasicClientConnectionManager - Connection can be kept alive indefinitely
Booking created with ID: 1220
  &amp#27;[32mGiven &amp#27;[0m&amp#27;[32mUser creates a new booking with data &amp#27;[0m&amp#27;[32m&amp#27;[1m"validBooking"&amp#27;[0m &amp#27;[90m# stepdefs.PatchBookingSteps.userCreatesANewBookingWithData(java.lang.String)&amp#27;[0m
16:53:16 [main] DEBUG org.apache.http.impl.conn.BasicClientConnectionManager - Get connection for route {s}->https://restful-booker.herokuapp.com:443
16:53:16 [main] DEBUG org.apache.http.impl.conn.DefaultClientConnectionOperator - Connecting to restful-booker.herokuapp.com:443
16:53:17 [main] DEBUG org.apache.http.client.protocol.RequestAddCookies - CookieSpec selected: ignoreCookies
16:53:17 [main] DEBUG org.apache.http.client.protocol.RequestAuthCache - Auth cache not set in the context
16:53:17 [main] DEBUG org.apache.http.client.protocol.RequestTargetAuthentication - Target auth state: UNCHALLENGED
16:53:17 [main] DEBUG org.apache.http.client.protocol.RequestProxyAuthentication - Proxy auth state: UNCHALLENGED
16:53:17 [main] DEBUG org.apache.http.impl.client.DefaultHttpClient - Attempt 1 to execute request
16:53:17 [main] DEBUG org.apache.http.impl.conn.DefaultClientConnection - Sending request: DELETE /booking/1220 HTTP/1.1
16:53:17 [main] DEBUG org.apache.http.wire -  >> "DELETE /booking/1220 HTTP/1.1[\r][\n]"
16:53:17 [main] DEBUG org.apache.http.wire -  >> "Content-Type: application/json[\r][\n]"
16:53:17 [main] DEBUG org.apache.http.wire -  >> "Cookie: token=7c15f419414ac5f[\r][\n]"
16:53:17 [main] DEBUG org.apache.http.wire -  >> "Accept: */*[\r][\n]"
16:53:17 [main] DEBUG org.apache.http.wire -  >> "Host: restful-booker.herokuapp.com[\r][\n]"
16:53:17 [main] DEBUG org.apache.http.wire -  >> "Connection: Keep-Alive[\r][\n]"
16:53:17 [main] DEBUG org.apache.http.wire -  >> "User-Agent: Apache-HttpClient/4.5.13 (Java/17.0.11)[\r][\n]"
16:53:17 [main] DEBUG org.apache.http.wire -  >> "Accept-Encoding: gzip,deflate[\r][\n]"
16:53:17 [main] DEBUG org.apache.http.wire -  >> "[\r][\n]"
16:53:17 [main] DEBUG org.apache.http.headers - >> DELETE /booking/1220 HTTP/1.1
16:53:17 [main] DEBUG org.apache.http.headers - >> Content-Type: application/json
16:53:17 [main] DEBUG org.apache.http.headers - >> Cookie: token=7c15f419414ac5f
16:53:17 [main] DEBUG org.apache.http.headers - >> Accept: */*
16:53:17 [main] DEBUG org.apache.http.headers - >> Host: restful-booker.herokuapp.com
16:53:17 [main] DEBUG org.apache.http.headers - >> Connection: Keep-Alive
16:53:17 [main] DEBUG org.apache.http.headers - >> User-Agent: Apache-HttpClient/4.5.13 (Java/17.0.11)
16:53:17 [main] DEBUG org.apache.http.headers - >> Accept-Encoding: gzip,deflate
16:53:17 [main] DEBUG org.apache.http.wire -  << "HTTP/1.1 201 Created[\r][\n]"
16:53:17 [main] DEBUG org.apache.http.wire -  << "Content-Length: 7[\r][\n]"
16:53:17 [main] DEBUG org.apache.http.wire -  << "Content-Type: text/plain; charset=utf-8[\r][\n]"
16:53:17 [main] DEBUG org.apache.http.wire -  << "Date: Wed, 06 Aug 2025 14:53:16 GMT[\r][\n]"
16:53:17 [main] DEBUG org.apache.http.wire -  << "Etag: W/"7-rM9AyJuqT6iOan/xHh+AW+7K/T8"[\r][\n]"
16:53:17 [main] DEBUG org.apache.http.wire -  << "Nel: {"report_to":"heroku-nel","response_headers":["Via"],"max_age":3600,"success_fraction":0.01,"failure_fraction":0.1}[\r][\n]"
16:53:17 [main] DEBUG org.apache.http.wire -  << "Report-To: {"group":"heroku-nel","endpoints":[{"url":"https://nel.heroku.com/reports?s=YA5UwChpfd5LWsMdiNjVbOiDNEcuB05Cx04Oq4Au8p0%3D\u0026sid=c46efe9b-d3d2-4a0c-8c76-bfafa16c5add\u0026ts=1754491996"}],"max_age":3600}[\r][\n]"
16:53:17 [main] DEBUG org.apache.http.wire -  << "Reporting-Endpoints: heroku-nel="https://nel.heroku.com/reports?s=YA5UwChpfd5LWsMdiNjVbOiDNEcuB05Cx04Oq4Au8p0%3D&sid=c46efe9b-d3d2-4a0c-8c76-bfafa16c5add&ts=1754491996"[\r][\n]"
16:53:17 [main] DEBUG org.apache.http.wire -  << "Server: Heroku[\r][\n]"
16:53:17 [main] DEBUG org.apache.http.wire -  << "Via: 1.1 heroku-router[\r][\n]"
16:53:17 [main] DEBUG org.apache.http.wire -  << "X-Powered-By: Express[\r][\n]"
16:53:17 [main] DEBUG org.apache.http.wire -  << "[\r][\n]"
16:53:17 [main] DEBUG org.apache.http.impl.conn.DefaultClientConnection - Receiving response: HTTP/1.1 201 Created
16:53:17 [main] DEBUG org.apache.http.headers - << HTTP/1.1 201 Created
16:53:17 [main] DEBUG org.apache.http.headers - << Content-Length: 7
16:53:17 [main] DEBUG org.apache.http.headers - << Content-Type: text/plain; charset=utf-8
16:53:17 [main] DEBUG org.apache.http.headers - << Date: Wed, 06 Aug 2025 14:53:16 GMT
16:53:17 [main] DEBUG org.apache.http.headers - << Etag: W/"7-rM9AyJuqT6iOan/xHh+AW+7K/T8"
16:53:17 [main] DEBUG org.apache.http.headers - << Nel: {"report_to":"heroku-nel","response_headers":["Via"],"max_age":3600,"success_fraction":0.01,"failure_fraction":0.1}
16:53:17 [main] DEBUG org.apache.http.headers - << Report-To: {"group":"heroku-nel","endpoints":[{"url":"https://nel.heroku.com/reports?s=YA5UwChpfd5LWsMdiNjVbOiDNEcuB05Cx04Oq4Au8p0%3D\u0026sid=c46efe9b-d3d2-4a0c-8c76-bfafa16c5add\u0026ts=1754491996"}],"max_age":3600}
16:53:17 [main] DEBUG org.apache.http.headers - << Reporting-Endpoints: heroku-nel="https://nel.heroku.com/reports?s=YA5UwChpfd5LWsMdiNjVbOiDNEcuB05Cx04Oq4Au8p0%3D&sid=c46efe9b-d3d2-4a0c-8c76-bfafa16c5add&ts=1754491996"
16:53:17 [main] DEBUG org.apache.http.headers - << Server: Heroku
16:53:17 [main] DEBUG org.apache.http.headers - << Via: 1.1 heroku-router
16:53:17 [main] DEBUG org.apache.http.headers - << X-Powered-By: Express
16:53:17 [main] DEBUG org.apache.http.impl.client.DefaultHttpClient - Connection can be kept alive indefinitely
16:53:17 [main] DEBUG io.restassured.internal.RestAssuredHttpBuilder - Parsing response as: text/plain; charset=utf-8
16:53:17 [main] DEBUG io.restassured.internal.RestAssuredHttpBuilder - Parsed data to instance of: class org.apache.http.conn.EofSensorInputStream
  &amp#27;[32mWhen &amp#27;[0m&amp#27;[32mUser deletes the booking&amp#27;[0m                             &amp#27;[90m# stepdefs.DeleteBookingSteps.delete_booking()&amp#27;[0m
  &amp#27;[32mThen &amp#27;[0m&amp#27;[32mBooking delete response status should be &amp#27;[0m&amp#27;[32m&amp#27;[1m201&amp#27;[0m         &amp#27;[90m# stepdefs.DeleteBookingSteps.delete_response_status(int)&amp#27;[0m
16:53:17 [main] DEBUG org.apache.http.impl.conn.BasicClientConnectionManager - Get connection for route {s}->https://restful-booker.herokuapp.com:443
16:53:17 [main] DEBUG org.apache.http.impl.conn.DefaultClientConnectionOperator - Connecting to restful-booker.herokuapp.com:443
16:53:18 [main] DEBUG org.apache.http.client.protocol.RequestAddCookies - CookieSpec selected: ignoreCookies
16:53:18 [main] DEBUG org.apache.http.client.protocol.RequestAuthCache - Auth cache not set in the context
16:53:18 [main] DEBUG org.apache.http.client.protocol.RequestTargetAuthentication - Target auth state: UNCHALLENGED
16:53:18 [main] DEBUG org.apache.http.client.protocol.RequestProxyAuthentication - Proxy auth state: UNCHALLENGED
16:53:18 [main] DEBUG org.apache.http.impl.client.DefaultHttpClient - Attempt 1 to execute request
16:53:18 [main] DEBUG org.apache.http.impl.conn.DefaultClientConnection - Sending request: GET /booking/1220 HTTP/1.1
16:53:18 [main] DEBUG org.apache.http.wire -  >> "GET /booking/1220 HTTP/1.1[\r][\n]"
16:53:18 [main] DEBUG org.apache.http.wire -  >> "Content-Type: application/json[\r][\n]"
16:53:18 [main] DEBUG org.apache.http.wire -  >> "Accept: */*[\r][\n]"
16:53:18 [main] DEBUG org.apache.http.wire -  >> "Host: restful-booker.herokuapp.com[\r][\n]"
16:53:18 [main] DEBUG org.apache.http.wire -  >> "Connection: Keep-Alive[\r][\n]"
16:53:18 [main] DEBUG org.apache.http.wire -  >> "User-Agent: Apache-HttpClient/4.5.13 (Java/17.0.11)[\r][\n]"
16:53:18 [main] DEBUG org.apache.http.wire -  >> "Accept-Encoding: gzip,deflate[\r][\n]"
16:53:18 [main] DEBUG org.apache.http.wire -  >> "[\r][\n]"
16:53:18 [main] DEBUG org.apache.http.headers - >> GET /booking/1220 HTTP/1.1
16:53:18 [main] DEBUG org.apache.http.headers - >> Content-Type: application/json
16:53:18 [main] DEBUG org.apache.http.headers - >> Accept: */*
16:53:18 [main] DEBUG org.apache.http.headers - >> Host: restful-booker.herokuapp.com
16:53:18 [main] DEBUG org.apache.http.headers - >> Connection: Keep-Alive
16:53:18 [main] DEBUG org.apache.http.headers - >> User-Agent: Apache-HttpClient/4.5.13 (Java/17.0.11)
16:53:18 [main] DEBUG org.apache.http.headers - >> Accept-Encoding: gzip,deflate
16:53:18 [main] DEBUG org.apache.http.wire -  << "HTTP/1.1 404 Not Found[\r][\n]"
16:53:18 [main] DEBUG org.apache.http.wire -  << "Content-Length: 9[\r][\n]"
16:53:18 [main] DEBUG org.apache.http.wire -  << "Content-Type: text/plain; charset=utf-8[\r][\n]"
16:53:18 [main] DEBUG org.apache.http.wire -  << "Date: Wed, 06 Aug 2025 14:53:18 GMT[\r][\n]"
16:53:18 [main] DEBUG org.apache.http.wire -  << "Etag: W/"9-0gXL1ngzMqISxa6S1zx3F4wtLyg"[\r][\n]"
16:53:18 [main] DEBUG org.apache.http.wire -  << "Nel: {"report_to":"heroku-nel","response_headers":["Via"],"max_age":3600,"success_fraction":0.01,"failure_fraction":0.1}[\r][\n]"
16:53:18 [main] DEBUG org.apache.http.wire -  << "Report-To: {"group":"heroku-nel","endpoints":[{"url":"https://nel.heroku.com/reports?s=QTCKuakyj%2FA2e7OYeYjauvgACAf%2BMjJzdJevlYGKHQs%3D\u0026sid=c46efe9b-d3d2-4a0c-8c76-bfafa16c5add\u0026ts=1754491998"}],"max_age":3600}[\r][\n]"
16:53:18 [main] DEBUG org.apache.http.wire -  << "Reporting-Endpoints: heroku-nel="https://nel.heroku.com/reports?s=QTCKuakyj%2FA2e7OYeYjauvgACAf%2BMjJzdJevlYGKHQs%3D&sid=c46efe9b-d3d2-4a0c-8c76-bfafa16c5add&ts=1754491998"[\r][\n]"
16:53:18 [main] DEBUG org.apache.http.wire -  << "Server: Heroku[\r][\n]"
16:53:18 [main] DEBUG org.apache.http.wire -  << "Via: 1.1 heroku-router[\r][\n]"
16:53:18 [main] DEBUG org.apache.http.wire -  << "X-Powered-By: Express[\r][\n]"
16:53:18 [main] DEBUG org.apache.http.wire -  << "[\r][\n]"
16:53:18 [main] DEBUG org.apache.http.impl.conn.DefaultClientConnection - Receiving response: HTTP/1.1 404 Not Found
16:53:18 [main] DEBUG org.apache.http.headers - << HTTP/1.1 404 Not Found
16:53:18 [main] DEBUG org.apache.http.headers - << Content-Length: 9
16:53:18 [main] DEBUG org.apache.http.headers - << Content-Type: text/plain; charset=utf-8
16:53:18 [main] DEBUG org.apache.http.headers - << Date: Wed, 06 Aug 2025 14:53:18 GMT
16:53:18 [main] DEBUG org.apache.http.headers - << Etag: W/"9-0gXL1ngzMqISxa6S1zx3F4wtLyg"
16:53:18 [main] DEBUG org.apache.http.headers - << Nel: {"report_to":"heroku-nel","response_headers":["Via"],"max_age":3600,"success_fraction":0.01,"failure_fraction":0.1}
16:53:18 [main] DEBUG org.apache.http.headers - << Report-To: {"group":"heroku-nel","endpoints":[{"url":"https://nel.heroku.com/reports?s=QTCKuakyj%2FA2e7OYeYjauvgACAf%2BMjJzdJevlYGKHQs%3D\u0026sid=c46efe9b-d3d2-4a0c-8c76-bfafa16c5add\u0026ts=1754491998"}],"max_age":3600}
16:53:18 [main] DEBUG org.apache.http.headers - << Reporting-Endpoints: heroku-nel="https://nel.heroku.com/reports?s=QTCKuakyj%2FA2e7OYeYjauvgACAf%2BMjJzdJevlYGKHQs%3D&sid=c46efe9b-d3d2-4a0c-8c76-bfafa16c5add&ts=1754491998"
16:53:18 [main] DEBUG org.apache.http.headers - << Server: Heroku
16:53:18 [main] DEBUG org.apache.http.headers - << Via: 1.1 heroku-router
16:53:18 [main] DEBUG org.apache.http.headers - << X-Powered-By: Express
16:53:18 [main] DEBUG org.apache.http.impl.client.DefaultHttpClient - Connection can be kept alive indefinitely
16:53:18 [main] DEBUG io.restassured.internal.RestAssuredHttpBuilder - Parsing response as: text/plain; charset=utf-8
16:53:18 [main] DEBUG io.restassured.internal.RestAssuredHttpBuilder - Parsed data to instance of: class org.apache.http.conn.EofSensorInputStream
  &amp#27;[32mAnd &amp#27;[0m&amp#27;[32mBooking should no longer exist&amp#27;[0m                        &amp#27;[90m# stepdefs.DeleteBookingSteps.verify_booking_deleted()&amp#27;[0m
]]></system-out>
    <system-err><![CDATA[SLF4J: Failed to load class "org.slf4j.impl.StaticLoggerBinder".
SLF4J: Defaulting to no-operation (NOP) logger implementation
SLF4J: See http://www.slf4j.org/codes.html#StaticLoggerBinder for further details.
]]></system-err>
  </testcase>
  <testcase name="runScenario[&quot;Delete non-existent booking&quot;, &quot;DELETE API Tests&quot;](2)" classname="runners.TestRunner" time="2.33">
    <system-out><![CDATA[
Scenario: Delete non-existent booking               &amp#27;[90m# src/test/resources/features/DeleteBooking.feature:14&amp#27;[0m
16:53:18 [main] DEBUG org.apache.http.impl.conn.BasicClientConnectionManager - Get connection for route {s}->https://restful-booker.herokuapp.com:443
16:53:18 [main] DEBUG org.apache.http.impl.conn.DefaultClientConnectionOperator - Connecting to restful-booker.herokuapp.com:443
16:53:19 [main] DEBUG org.apache.http.client.protocol.RequestAddCookies - CookieSpec selected: ignoreCookies
16:53:19 [main] DEBUG org.apache.http.client.protocol.RequestAuthCache - Auth cache not set in the context
16:53:19 [main] DEBUG org.apache.http.client.protocol.RequestTargetAuthentication - Target auth state: UNCHALLENGED
16:53:19 [main] DEBUG org.apache.http.client.protocol.RequestProxyAuthentication - Proxy auth state: UNCHALLENGED
16:53:19 [main] DEBUG org.apache.http.impl.client.DefaultHttpClient - Attempt 1 to execute request
16:53:19 [main] DEBUG org.apache.http.impl.conn.DefaultClientConnection - Sending request: POST /auth HTTP/1.1
16:53:19 [main] DEBUG org.apache.http.wire -  >> "POST /auth HTTP/1.1[\r][\n]"
16:53:19 [main] DEBUG org.apache.http.wire -  >> "Accept: */*[\r][\n]"
16:53:19 [main] DEBUG org.apache.http.wire -  >> "Content-Type: application/json[\r][\n]"
16:53:19 [main] DEBUG org.apache.http.wire -  >> "Content-Length: 45[\r][\n]"
16:53:19 [main] DEBUG org.apache.http.wire -  >> "Host: restful-booker.herokuapp.com[\r][\n]"
16:53:19 [main] DEBUG org.apache.http.wire -  >> "Connection: Keep-Alive[\r][\n]"
16:53:19 [main] DEBUG org.apache.http.wire -  >> "User-Agent: Apache-HttpClient/4.5.13 (Java/17.0.11)[\r][\n]"
16:53:19 [main] DEBUG org.apache.http.wire -  >> "Accept-Encoding: gzip,deflate[\r][\n]"
16:53:19 [main] DEBUG org.apache.http.wire -  >> "[\r][\n]"
16:53:19 [main] DEBUG org.apache.http.headers - >> POST /auth HTTP/1.1
16:53:19 [main] DEBUG org.apache.http.headers - >> Accept: */*
16:53:19 [main] DEBUG org.apache.http.headers - >> Content-Type: application/json
16:53:19 [main] DEBUG org.apache.http.headers - >> Content-Length: 45
16:53:19 [main] DEBUG org.apache.http.headers - >> Host: restful-booker.herokuapp.com
16:53:19 [main] DEBUG org.apache.http.headers - >> Connection: Keep-Alive
16:53:19 [main] DEBUG org.apache.http.headers - >> User-Agent: Apache-HttpClient/4.5.13 (Java/17.0.11)
16:53:19 [main] DEBUG org.apache.http.headers - >> Accept-Encoding: gzip,deflate
16:53:19 [main] DEBUG org.apache.http.wire -  >> "{"username":"admin","password":"password123"}"
16:53:19 [main] DEBUG org.apache.http.wire -  << "HTTP/1.1 200 OK[\r][\n]"
16:53:19 [main] DEBUG org.apache.http.wire -  << "Content-Length: 27[\r][\n]"
16:53:19 [main] DEBUG org.apache.http.wire -  << "Content-Type: application/json; charset=utf-8[\r][\n]"
16:53:19 [main] DEBUG org.apache.http.wire -  << "Date: Wed, 06 Aug 2025 14:53:19 GMT[\r][\n]"
16:53:19 [main] DEBUG org.apache.http.wire -  << "Etag: W/"1b-mU89OPFVatj5Ivx2MtsX3XDBK28"[\r][\n]"
16:53:19 [main] DEBUG org.apache.http.wire -  << "Nel: {"report_to":"heroku-nel","response_headers":["Via"],"max_age":3600,"success_fraction":0.01,"failure_fraction":0.1}[\r][\n]"
16:53:19 [main] DEBUG org.apache.http.wire -  << "Report-To: {"group":"heroku-nel","endpoints":[{"url":"https://nel.heroku.com/reports?s=yFZLrQEePDzrT5P2EUxchXOWyt32EhT5r1Ii2pOW8VM%3D\u0026sid=c46efe9b-d3d2-4a0c-8c76-bfafa16c5add\u0026ts=1754491999"}],"max_age":3600}[\r][\n]"
16:53:19 [main] DEBUG org.apache.http.wire -  << "Reporting-Endpoints: heroku-nel="https://nel.heroku.com/reports?s=yFZLrQEePDzrT5P2EUxchXOWyt32EhT5r1Ii2pOW8VM%3D&sid=c46efe9b-d3d2-4a0c-8c76-bfafa16c5add&ts=1754491999"[\r][\n]"
16:53:19 [main] DEBUG org.apache.http.wire -  << "Server: Heroku[\r][\n]"
16:53:19 [main] DEBUG org.apache.http.wire -  << "Via: 1.1 heroku-router[\r][\n]"
16:53:19 [main] DEBUG org.apache.http.wire -  << "X-Powered-By: Express[\r][\n]"
16:53:19 [main] DEBUG org.apache.http.wire -  << "[\r][\n]"
16:53:19 [main] DEBUG org.apache.http.impl.conn.DefaultClientConnection - Receiving response: HTTP/1.1 200 OK
16:53:19 [main] DEBUG org.apache.http.headers - << HTTP/1.1 200 OK
16:53:19 [main] DEBUG org.apache.http.headers - << Content-Length: 27
16:53:19 [main] DEBUG org.apache.http.headers - << Content-Type: application/json; charset=utf-8
16:53:19 [main] DEBUG org.apache.http.headers - << Date: Wed, 06 Aug 2025 14:53:19 GMT
16:53:19 [main] DEBUG org.apache.http.headers - << Etag: W/"1b-mU89OPFVatj5Ivx2MtsX3XDBK28"
16:53:19 [main] DEBUG org.apache.http.headers - << Nel: {"report_to":"heroku-nel","response_headers":["Via"],"max_age":3600,"success_fraction":0.01,"failure_fraction":0.1}
16:53:19 [main] DEBUG org.apache.http.headers - << Report-To: {"group":"heroku-nel","endpoints":[{"url":"https://nel.heroku.com/reports?s=yFZLrQEePDzrT5P2EUxchXOWyt32EhT5r1Ii2pOW8VM%3D\u0026sid=c46efe9b-d3d2-4a0c-8c76-bfafa16c5add\u0026ts=1754491999"}],"max_age":3600}
16:53:19 [main] DEBUG org.apache.http.headers - << Reporting-Endpoints: heroku-nel="https://nel.heroku.com/reports?s=yFZLrQEePDzrT5P2EUxchXOWyt32EhT5r1Ii2pOW8VM%3D&sid=c46efe9b-d3d2-4a0c-8c76-bfafa16c5add&ts=1754491999"
16:53:19 [main] DEBUG org.apache.http.headers - << Server: Heroku
16:53:19 [main] DEBUG org.apache.http.headers - << Via: 1.1 heroku-router
16:53:19 [main] DEBUG org.apache.http.headers - << X-Powered-By: Express
16:53:19 [main] DEBUG org.apache.http.impl.client.DefaultHttpClient - Connection can be kept alive indefinitely
16:53:19 [main] DEBUG io.restassured.internal.RestAssuredHttpBuilder - Parsing response as: application/json; charset=utf-8
16:53:19 [main] DEBUG io.restassured.internal.RestAssuredHttpBuilder - Parsed data to instance of: class org.apache.http.conn.EofSensorInputStream
16:53:19 [main] DEBUG org.apache.http.wire -  << "{"token":"7d275be6825fa0f"}"
16:53:19 [main] DEBUG org.apache.http.impl.conn.BasicClientConnectionManager - Releasing connection org.apache.http.impl.conn.ManagedClientConnectionImpl@785d6a98
16:53:19 [main] DEBUG org.apache.http.impl.conn.BasicClientConnectionManager - Connection can be kept alive indefinitely
Generated Token: 7d275be6825fa0f
  &amp#27;[32mGiven &amp#27;[0m&amp#27;[32mUser has valid auth token&amp#27;[0m                   &amp#27;[90m# stepdefs.AuthenticationSteps.user_has_valid_auth_token()&amp#27;[0m
16:53:19 [main] DEBUG org.apache.http.impl.conn.BasicClientConnectionManager - Get connection for route {s}->https://restful-booker.herokuapp.com:443
16:53:19 [main] DEBUG org.apache.http.impl.conn.DefaultClientConnectionOperator - Connecting to restful-booker.herokuapp.com:443
16:53:20 [main] DEBUG org.apache.http.client.protocol.RequestAddCookies - CookieSpec selected: ignoreCookies
16:53:20 [main] DEBUG org.apache.http.client.protocol.RequestAuthCache - Auth cache not set in the context
16:53:20 [main] DEBUG org.apache.http.client.protocol.RequestTargetAuthentication - Target auth state: UNCHALLENGED
16:53:20 [main] DEBUG org.apache.http.client.protocol.RequestProxyAuthentication - Proxy auth state: UNCHALLENGED
16:53:20 [main] DEBUG org.apache.http.impl.client.DefaultHttpClient - Attempt 1 to execute request
16:53:20 [main] DEBUG org.apache.http.impl.conn.DefaultClientConnection - Sending request: DELETE /booking/9999999 HTTP/1.1
16:53:20 [main] DEBUG org.apache.http.wire -  >> "DELETE /booking/9999999 HTTP/1.1[\r][\n]"
16:53:20 [main] DEBUG org.apache.http.wire -  >> "Content-Type: application/json[\r][\n]"
16:53:20 [main] DEBUG org.apache.http.wire -  >> "Cookie: token=7d275be6825fa0f[\r][\n]"
16:53:20 [main] DEBUG org.apache.http.wire -  >> "Accept: */*[\r][\n]"
16:53:20 [main] DEBUG org.apache.http.wire -  >> "Host: restful-booker.herokuapp.com[\r][\n]"
16:53:20 [main] DEBUG org.apache.http.wire -  >> "Connection: Keep-Alive[\r][\n]"
16:53:20 [main] DEBUG org.apache.http.wire -  >> "User-Agent: Apache-HttpClient/4.5.13 (Java/17.0.11)[\r][\n]"
16:53:20 [main] DEBUG org.apache.http.wire -  >> "Accept-Encoding: gzip,deflate[\r][\n]"
16:53:20 [main] DEBUG org.apache.http.wire -  >> "[\r][\n]"
16:53:20 [main] DEBUG org.apache.http.headers - >> DELETE /booking/9999999 HTTP/1.1
16:53:20 [main] DEBUG org.apache.http.headers - >> Content-Type: application/json
16:53:20 [main] DEBUG org.apache.http.headers - >> Cookie: token=7d275be6825fa0f
16:53:20 [main] DEBUG org.apache.http.headers - >> Accept: */*
16:53:20 [main] DEBUG org.apache.http.headers - >> Host: restful-booker.herokuapp.com
16:53:20 [main] DEBUG org.apache.http.headers - >> Connection: Keep-Alive
16:53:20 [main] DEBUG org.apache.http.headers - >> User-Agent: Apache-HttpClient/4.5.13 (Java/17.0.11)
16:53:20 [main] DEBUG org.apache.http.headers - >> Accept-Encoding: gzip,deflate
16:53:20 [main] DEBUG org.apache.http.wire -  << "HTTP/1.1 405 Method Not Allowed[\r][\n]"
16:53:20 [main] DEBUG org.apache.http.wire -  << "Content-Length: 18[\r][\n]"
16:53:20 [main] DEBUG org.apache.http.wire -  << "Content-Type: text/plain; charset=utf-8[\r][\n]"
16:53:20 [main] DEBUG org.apache.http.wire -  << "Date: Wed, 06 Aug 2025 14:53:20 GMT[\r][\n]"
16:53:20 [main] DEBUG org.apache.http.wire -  << "Etag: W/"12-UGJMK66P4abaBlq0vKHJaCKuGCA"[\r][\n]"
16:53:20 [main] DEBUG org.apache.http.wire -  << "Nel: {"report_to":"heroku-nel","response_headers":["Via"],"max_age":3600,"success_fraction":0.01,"failure_fraction":0.1}[\r][\n]"
16:53:20 [main] DEBUG org.apache.http.wire -  << "Report-To: {"group":"heroku-nel","endpoints":[{"url":"https://nel.heroku.com/reports?s=ZOuURG53rAss6vDnaV92TtO%2FHS%2B1KPzQgKijECMOD%2Bs%3D\u0026sid=c46efe9b-d3d2-4a0c-8c76-bfafa16c5add\u0026ts=1754492000"}],"max_age":3600}[\r][\n]"
16:53:20 [main] DEBUG org.apache.http.wire -  << "Reporting-Endpoints: heroku-nel="https://nel.heroku.com/reports?s=ZOuURG53rAss6vDnaV92TtO%2FHS%2B1KPzQgKijECMOD%2Bs%3D&sid=c46efe9b-d3d2-4a0c-8c76-bfafa16c5add&ts=1754492000"[\r][\n]"
16:53:20 [main] DEBUG org.apache.http.wire -  << "Server: Heroku[\r][\n]"
16:53:20 [main] DEBUG org.apache.http.wire -  << "Via: 1.1 heroku-router[\r][\n]"
16:53:20 [main] DEBUG org.apache.http.wire -  << "X-Powered-By: Express[\r][\n]"
16:53:21 [main] DEBUG org.apache.http.wire -  << "[\r][\n]"
16:53:21 [main] DEBUG org.apache.http.impl.conn.DefaultClientConnection - Receiving response: HTTP/1.1 405 Method Not Allowed
16:53:21 [main] DEBUG org.apache.http.headers - << HTTP/1.1 405 Method Not Allowed
16:53:21 [main] DEBUG org.apache.http.headers - << Content-Length: 18
16:53:21 [main] DEBUG org.apache.http.headers - << Content-Type: text/plain; charset=utf-8
16:53:21 [main] DEBUG org.apache.http.headers - << Date: Wed, 06 Aug 2025 14:53:20 GMT
16:53:21 [main] DEBUG org.apache.http.headers - << Etag: W/"12-UGJMK66P4abaBlq0vKHJaCKuGCA"
16:53:21 [main] DEBUG org.apache.http.headers - << Nel: {"report_to":"heroku-nel","response_headers":["Via"],"max_age":3600,"success_fraction":0.01,"failure_fraction":0.1}
16:53:21 [main] DEBUG org.apache.http.headers - << Report-To: {"group":"heroku-nel","endpoints":[{"url":"https://nel.heroku.com/reports?s=ZOuURG53rAss6vDnaV92TtO%2FHS%2B1KPzQgKijECMOD%2Bs%3D\u0026sid=c46efe9b-d3d2-4a0c-8c76-bfafa16c5add\u0026ts=1754492000"}],"max_age":3600}
16:53:21 [main] DEBUG org.apache.http.headers - << Reporting-Endpoints: heroku-nel="https://nel.heroku.com/reports?s=ZOuURG53rAss6vDnaV92TtO%2FHS%2B1KPzQgKijECMOD%2Bs%3D&sid=c46efe9b-d3d2-4a0c-8c76-bfafa16c5add&ts=1754492000"
16:53:21 [main] DEBUG org.apache.http.headers - << Server: Heroku
16:53:21 [main] DEBUG org.apache.http.headers - << Via: 1.1 heroku-router
16:53:21 [main] DEBUG org.apache.http.headers - << X-Powered-By: Express
16:53:21 [main] DEBUG org.apache.http.impl.client.DefaultHttpClient - Connection can be kept alive indefinitely
16:53:21 [main] DEBUG io.restassured.internal.RestAssuredHttpBuilder - Parsing response as: text/plain; charset=utf-8
16:53:21 [main] DEBUG io.restassured.internal.RestAssuredHttpBuilder - Parsed data to instance of: class org.apache.http.conn.EofSensorInputStream
  &amp#27;[32mWhen &amp#27;[0m&amp#27;[32mUser deletes booking id &amp#27;[0m&amp#27;[32m&amp#27;[1m"9999999"&amp#27;[0m            &amp#27;[90m# stepdefs.DeleteBookingSteps.delete_nonexistent_booking(java.lang.String)&amp#27;[0m
  &amp#27;[32mThen &amp#27;[0m&amp#27;[32mBooking delete response status should be &amp#27;[0m&amp#27;[32m&amp#27;[1m405&amp#27;[0m &amp#27;[90m# stepdefs.DeleteBookingSteps.delete_response_status(int)&amp#27;[0m
]]></system-out>
  </testcase>
  <testcase name="runScenario[&quot;Delete booking without authentication&quot;, &quot;DELETE API Tests&quot;](3)" classname="runners.TestRunner" time="2.76">
    <system-out><![CDATA[
Scenario: Delete booking without authentication             &amp#27;[90m# src/test/resources/features/DeleteBooking.feature:18&amp#27;[0m
16:53:21 [main] DEBUG org.apache.http.impl.conn.BasicClientConnectionManager - Get connection for route {s}->https://restful-booker.herokuapp.com:443
16:53:21 [main] DEBUG org.apache.http.impl.conn.DefaultClientConnectionOperator - Connecting to restful-booker.herokuapp.com:443
16:53:21 [main] DEBUG org.apache.http.client.protocol.RequestAddCookies - CookieSpec selected: ignoreCookies
16:53:21 [main] DEBUG org.apache.http.client.protocol.RequestAuthCache - Auth cache not set in the context
16:53:21 [main] DEBUG org.apache.http.client.protocol.RequestTargetAuthentication - Target auth state: UNCHALLENGED
16:53:21 [main] DEBUG org.apache.http.client.protocol.RequestProxyAuthentication - Proxy auth state: UNCHALLENGED
16:53:21 [main] DEBUG org.apache.http.impl.client.DefaultHttpClient - Attempt 1 to execute request
16:53:21 [main] DEBUG org.apache.http.impl.conn.DefaultClientConnection - Sending request: POST /auth HTTP/1.1
16:53:21 [main] DEBUG org.apache.http.wire -  >> "POST /auth HTTP/1.1[\r][\n]"
16:53:21 [main] DEBUG org.apache.http.wire -  >> "Accept: */*[\r][\n]"
16:53:21 [main] DEBUG org.apache.http.wire -  >> "Content-Type: application/json[\r][\n]"
16:53:21 [main] DEBUG org.apache.http.wire -  >> "Content-Length: 45[\r][\n]"
16:53:21 [main] DEBUG org.apache.http.wire -  >> "Host: restful-booker.herokuapp.com[\r][\n]"
16:53:21 [main] DEBUG org.apache.http.wire -  >> "Connection: Keep-Alive[\r][\n]"
16:53:21 [main] DEBUG org.apache.http.wire -  >> "User-Agent: Apache-HttpClient/4.5.13 (Java/17.0.11)[\r][\n]"
16:53:21 [main] DEBUG org.apache.http.wire -  >> "Accept-Encoding: gzip,deflate[\r][\n]"
16:53:21 [main] DEBUG org.apache.http.wire -  >> "[\r][\n]"
16:53:21 [main] DEBUG org.apache.http.headers - >> POST /auth HTTP/1.1
16:53:21 [main] DEBUG org.apache.http.headers - >> Accept: */*
16:53:21 [main] DEBUG org.apache.http.headers - >> Content-Type: application/json
16:53:21 [main] DEBUG org.apache.http.headers - >> Content-Length: 45
16:53:21 [main] DEBUG org.apache.http.headers - >> Host: restful-booker.herokuapp.com
16:53:21 [main] DEBUG org.apache.http.headers - >> Connection: Keep-Alive
16:53:21 [main] DEBUG org.apache.http.headers - >> User-Agent: Apache-HttpClient/4.5.13 (Java/17.0.11)
16:53:21 [main] DEBUG org.apache.http.headers - >> Accept-Encoding: gzip,deflate
16:53:21 [main] DEBUG org.apache.http.wire -  >> "{"username":"admin","password":"password123"}"
16:53:22 [main] DEBUG org.apache.http.wire -  << "HTTP/1.1 200 OK[\r][\n]"
16:53:22 [main] DEBUG org.apache.http.wire -  << "Content-Length: 27[\r][\n]"
16:53:22 [main] DEBUG org.apache.http.wire -  << "Content-Type: application/json; charset=utf-8[\r][\n]"
16:53:22 [main] DEBUG org.apache.http.wire -  << "Date: Wed, 06 Aug 2025 14:53:21 GMT[\r][\n]"
16:53:22 [main] DEBUG org.apache.http.wire -  << "Etag: W/"1b-SMQs9VrMtkgWdVimBy3uz79/7Fs"[\r][\n]"
16:53:22 [main] DEBUG org.apache.http.wire -  << "Nel: {"report_to":"heroku-nel","response_headers":["Via"],"max_age":3600,"success_fraction":0.01,"failure_fraction":0.1}[\r][\n]"
16:53:22 [main] DEBUG org.apache.http.wire -  << "Report-To: {"group":"heroku-nel","endpoints":[{"url":"https://nel.heroku.com/reports?s=3qZBnp%2Fo7jZb%2BDZXx1A90ico6gFun7otAGDQGTH%2F8dQ%3D\u0026sid=c46efe9b-d3d2-4a0c-8c76-bfafa16c5add\u0026ts=1754492001"}],"max_age":3600}[\r][\n]"
16:53:22 [main] DEBUG org.apache.http.wire -  << "Reporting-Endpoints: heroku-nel="https://nel.heroku.com/reports?s=3qZBnp%2Fo7jZb%2BDZXx1A90ico6gFun7otAGDQGTH%2F8dQ%3D&sid=c46efe9b-d3d2-4a0c-8c76-bfafa16c5add&ts=1754492001"[\r][\n]"
16:53:22 [main] DEBUG org.apache.http.wire -  << "Server: Heroku[\r][\n]"
16:53:22 [main] DEBUG org.apache.http.wire -  << "Via: 1.1 heroku-router[\r][\n]"
16:53:22 [main] DEBUG org.apache.http.wire -  << "X-Powered-By: Express[\r][\n]"
16:53:22 [main] DEBUG org.apache.http.wire -  << "[\r][\n]"
16:53:22 [main] DEBUG org.apache.http.impl.conn.DefaultClientConnection - Receiving response: HTTP/1.1 200 OK
16:53:22 [main] DEBUG org.apache.http.headers - << HTTP/1.1 200 OK
16:53:22 [main] DEBUG org.apache.http.headers - << Content-Length: 27
16:53:22 [main] DEBUG org.apache.http.headers - << Content-Type: application/json; charset=utf-8
16:53:22 [main] DEBUG org.apache.http.headers - << Date: Wed, 06 Aug 2025 14:53:21 GMT
16:53:22 [main] DEBUG org.apache.http.headers - << Etag: W/"1b-SMQs9VrMtkgWdVimBy3uz79/7Fs"
16:53:22 [main] DEBUG org.apache.http.headers - << Nel: {"report_to":"heroku-nel","response_headers":["Via"],"max_age":3600,"success_fraction":0.01,"failure_fraction":0.1}
16:53:22 [main] DEBUG org.apache.http.headers - << Report-To: {"group":"heroku-nel","endpoints":[{"url":"https://nel.heroku.com/reports?s=3qZBnp%2Fo7jZb%2BDZXx1A90ico6gFun7otAGDQGTH%2F8dQ%3D\u0026sid=c46efe9b-d3d2-4a0c-8c76-bfafa16c5add\u0026ts=1754492001"}],"max_age":3600}
16:53:22 [main] DEBUG org.apache.http.headers - << Reporting-Endpoints: heroku-nel="https://nel.heroku.com/reports?s=3qZBnp%2Fo7jZb%2BDZXx1A90ico6gFun7otAGDQGTH%2F8dQ%3D&sid=c46efe9b-d3d2-4a0c-8c76-bfafa16c5add&ts=1754492001"
16:53:22 [main] DEBUG org.apache.http.headers - << Server: Heroku
16:53:22 [main] DEBUG org.apache.http.headers - << Via: 1.1 heroku-router
16:53:22 [main] DEBUG org.apache.http.headers - << X-Powered-By: Express
16:53:22 [main] DEBUG org.apache.http.impl.client.DefaultHttpClient - Connection can be kept alive indefinitely
16:53:22 [main] DEBUG io.restassured.internal.RestAssuredHttpBuilder - Parsing response as: application/json; charset=utf-8
16:53:22 [main] DEBUG io.restassured.internal.RestAssuredHttpBuilder - Parsed data to instance of: class org.apache.http.conn.EofSensorInputStream
16:53:22 [main] DEBUG org.apache.http.wire -  << "{"token":"ec29561e20eb77a"}"
16:53:22 [main] DEBUG org.apache.http.impl.conn.BasicClientConnectionManager - Releasing connection org.apache.http.impl.conn.ManagedClientConnectionImpl@114b2414
16:53:22 [main] DEBUG org.apache.http.impl.conn.BasicClientConnectionManager - Connection can be kept alive indefinitely
Generated Token: ec29561e20eb77a
  &amp#27;[32mGiven &amp#27;[0m&amp#27;[32mUser has valid auth token&amp#27;[0m                           &amp#27;[90m# stepdefs.AuthenticationSteps.user_has_valid_auth_token()&amp#27;[0m
16:53:22 [main] DEBUG org.apache.http.impl.conn.BasicClientConnectionManager - Get connection for route {s}->https://restful-booker.herokuapp.com:443
16:53:22 [main] DEBUG org.apache.http.impl.conn.DefaultClientConnectionOperator - Connecting to restful-booker.herokuapp.com:443
16:53:22 [main] DEBUG org.apache.http.client.protocol.RequestAddCookies - CookieSpec selected: ignoreCookies
16:53:22 [main] DEBUG org.apache.http.client.protocol.RequestAuthCache - Auth cache not set in the context
16:53:22 [main] DEBUG org.apache.http.client.protocol.RequestTargetAuthentication - Target auth state: UNCHALLENGED
16:53:22 [main] DEBUG org.apache.http.client.protocol.RequestProxyAuthentication - Proxy auth state: UNCHALLENGED
16:53:22 [main] DEBUG org.apache.http.impl.client.DefaultHttpClient - Attempt 1 to execute request
16:53:22 [main] DEBUG org.apache.http.impl.conn.DefaultClientConnection - Sending request: POST /booking HTTP/1.1
16:53:22 [main] DEBUG org.apache.http.wire -  >> "POST /booking HTTP/1.1[\r][\n]"
16:53:22 [main] DEBUG org.apache.http.wire -  >> "Accept: */*[\r][\n]"
16:53:22 [main] DEBUG org.apache.http.wire -  >> "Content-Type: application/json[\r][\n]"
16:53:22 [main] DEBUG org.apache.http.wire -  >> "Content-Length: 173[\r][\n]"
16:53:22 [main] DEBUG org.apache.http.wire -  >> "Host: restful-booker.herokuapp.com[\r][\n]"
16:53:22 [main] DEBUG org.apache.http.wire -  >> "Connection: Keep-Alive[\r][\n]"
16:53:22 [main] DEBUG org.apache.http.wire -  >> "User-Agent: Apache-HttpClient/4.5.13 (Java/17.0.11)[\r][\n]"
16:53:22 [main] DEBUG org.apache.http.wire -  >> "Accept-Encoding: gzip,deflate[\r][\n]"
16:53:22 [main] DEBUG org.apache.http.wire -  >> "[\r][\n]"
16:53:22 [main] DEBUG org.apache.http.headers - >> POST /booking HTTP/1.1
16:53:22 [main] DEBUG org.apache.http.headers - >> Accept: */*
16:53:22 [main] DEBUG org.apache.http.headers - >> Content-Type: application/json
16:53:22 [main] DEBUG org.apache.http.headers - >> Content-Length: 173
16:53:22 [main] DEBUG org.apache.http.headers - >> Host: restful-booker.herokuapp.com
16:53:22 [main] DEBUG org.apache.http.headers - >> Connection: Keep-Alive
16:53:22 [main] DEBUG org.apache.http.headers - >> User-Agent: Apache-HttpClient/4.5.13 (Java/17.0.11)
16:53:22 [main] DEBUG org.apache.http.headers - >> Accept-Encoding: gzip,deflate
16:53:22 [main] DEBUG org.apache.http.wire -  >> "{"firstname":"Michael","lastname":"Jordan","totalprice":500,"depositpaid":true,"bookingdates":{"checkin":"2024-08-01","checkout":"2024-08-10"},"additionalneeds":"Breakfast"}"
16:53:22 [main] DEBUG org.apache.http.wire -  << "HTTP/1.1 200 OK[\r][\n]"
16:53:22 [main] DEBUG org.apache.http.wire -  << "Content-Length: 202[\r][\n]"
16:53:22 [main] DEBUG org.apache.http.wire -  << "Content-Type: application/json; charset=utf-8[\r][\n]"
16:53:22 [main] DEBUG org.apache.http.wire -  << "Date: Wed, 06 Aug 2025 14:53:22 GMT[\r][\n]"
16:53:22 [main] DEBUG org.apache.http.wire -  << "Etag: W/"ca-vlDk7tctmCcGU1EMg2c91avx588"[\r][\n]"
16:53:22 [main] DEBUG org.apache.http.wire -  << "Nel: {"report_to":"heroku-nel","response_headers":["Via"],"max_age":3600,"success_fraction":0.01,"failure_fraction":0.1}[\r][\n]"
16:53:22 [main] DEBUG org.apache.http.wire -  << "Report-To: {"group":"heroku-nel","endpoints":[{"url":"https://nel.heroku.com/reports?s=CEc3og0i0l%2FwauigMmLVW6J5fcf5uQamirZvYyqsW4s%3D\u0026sid=c46efe9b-d3d2-4a0c-8c76-bfafa16c5add\u0026ts=1754492002"}],"max_age":3600}[\r][\n]"
16:53:22 [main] DEBUG org.apache.http.wire -  << "Reporting-Endpoints: heroku-nel="https://nel.heroku.com/reports?s=CEc3og0i0l%2FwauigMmLVW6J5fcf5uQamirZvYyqsW4s%3D&sid=c46efe9b-d3d2-4a0c-8c76-bfafa16c5add&ts=1754492002"[\r][\n]"
16:53:22 [main] DEBUG org.apache.http.wire -  << "Server: Heroku[\r][\n]"
16:53:22 [main] DEBUG org.apache.http.wire -  << "Via: 1.1 heroku-router[\r][\n]"
16:53:22 [main] DEBUG org.apache.http.wire -  << "X-Powered-By: Express[\r][\n]"
16:53:22 [main] DEBUG org.apache.http.wire -  << "[\r][\n]"
16:53:22 [main] DEBUG org.apache.http.impl.conn.DefaultClientConnection - Receiving response: HTTP/1.1 200 OK
16:53:22 [main] DEBUG org.apache.http.headers - << HTTP/1.1 200 OK
16:53:22 [main] DEBUG org.apache.http.headers - << Content-Length: 202
16:53:22 [main] DEBUG org.apache.http.headers - << Content-Type: application/json; charset=utf-8
16:53:22 [main] DEBUG org.apache.http.headers - << Date: Wed, 06 Aug 2025 14:53:22 GMT
16:53:22 [main] DEBUG org.apache.http.headers - << Etag: W/"ca-vlDk7tctmCcGU1EMg2c91avx588"
16:53:22 [main] DEBUG org.apache.http.headers - << Nel: {"report_to":"heroku-nel","response_headers":["Via"],"max_age":3600,"success_fraction":0.01,"failure_fraction":0.1}
16:53:22 [main] DEBUG org.apache.http.headers - << Report-To: {"group":"heroku-nel","endpoints":[{"url":"https://nel.heroku.com/reports?s=CEc3og0i0l%2FwauigMmLVW6J5fcf5uQamirZvYyqsW4s%3D\u0026sid=c46efe9b-d3d2-4a0c-8c76-bfafa16c5add\u0026ts=1754492002"}],"max_age":3600}
16:53:22 [main] DEBUG org.apache.http.headers - << Reporting-Endpoints: heroku-nel="https://nel.heroku.com/reports?s=CEc3og0i0l%2FwauigMmLVW6J5fcf5uQamirZvYyqsW4s%3D&sid=c46efe9b-d3d2-4a0c-8c76-bfafa16c5add&ts=1754492002"
16:53:22 [main] DEBUG org.apache.http.headers - << Server: Heroku
16:53:22 [main] DEBUG org.apache.http.headers - << Via: 1.1 heroku-router
16:53:22 [main] DEBUG org.apache.http.headers - << X-Powered-By: Express
16:53:22 [main] DEBUG org.apache.http.impl.client.DefaultHttpClient - Connection can be kept alive indefinitely
16:53:22 [main] DEBUG io.restassured.internal.RestAssuredHttpBuilder - Parsing response as: application/json; charset=utf-8
16:53:22 [main] DEBUG io.restassured.internal.RestAssuredHttpBuilder - Parsed data to instance of: class org.apache.http.conn.EofSensorInputStream
16:53:22 [main] DEBUG org.apache.http.wire -  << "{"bookingid":1278,"booking":{"firstname":"Michael","lastname":"Jordan","totalprice":500,"depositpaid":true,"bookingdates":{"checkin":"2024-08-01","checkout":"2024-08-10"},"additionalneeds":"Breakfast"}}"
16:53:22 [main] DEBUG org.apache.http.impl.conn.BasicClientConnectionManager - Releasing connection org.apache.http.impl.conn.ManagedClientConnectionImpl@d677be9
16:53:22 [main] DEBUG org.apache.http.impl.conn.BasicClientConnectionManager - Connection can be kept alive indefinitely
Booking created with ID: 1278
  &amp#27;[32mGiven &amp#27;[0m&amp#27;[32mUser creates a new booking with data &amp#27;[0m&amp#27;[32m&amp#27;[1m"validBooking"&amp#27;[0m &amp#27;[90m# stepdefs.PatchBookingSteps.userCreatesANewBookingWithData(java.lang.String)&amp#27;[0m
16:53:22 [main] DEBUG org.apache.http.impl.conn.BasicClientConnectionManager - Get connection for route {s}->https://restful-booker.herokuapp.com:443
16:53:22 [main] DEBUG org.apache.http.impl.conn.DefaultClientConnectionOperator - Connecting to restful-booker.herokuapp.com:443
16:53:23 [main] DEBUG org.apache.http.client.protocol.RequestAddCookies - CookieSpec selected: ignoreCookies
16:53:23 [main] DEBUG org.apache.http.client.protocol.RequestAuthCache - Auth cache not set in the context
16:53:23 [main] DEBUG org.apache.http.client.protocol.RequestTargetAuthentication - Target auth state: UNCHALLENGED
16:53:23 [main] DEBUG org.apache.http.client.protocol.RequestProxyAuthentication - Proxy auth state: UNCHALLENGED
16:53:23 [main] DEBUG org.apache.http.impl.client.DefaultHttpClient - Attempt 1 to execute request
16:53:23 [main] DEBUG org.apache.http.impl.conn.DefaultClientConnection - Sending request: DELETE /booking/1278 HTTP/1.1
16:53:23 [main] DEBUG org.apache.http.wire -  >> "DELETE /booking/1278 HTTP/1.1[\r][\n]"
16:53:23 [main] DEBUG org.apache.http.wire -  >> "Content-Type: application/json[\r][\n]"
16:53:23 [main] DEBUG org.apache.http.wire -  >> "Accept: */*[\r][\n]"
16:53:23 [main] DEBUG org.apache.http.wire -  >> "Host: restful-booker.herokuapp.com[\r][\n]"
16:53:23 [main] DEBUG org.apache.http.wire -  >> "Connection: Keep-Alive[\r][\n]"
16:53:23 [main] DEBUG org.apache.http.wire -  >> "User-Agent: Apache-HttpClient/4.5.13 (Java/17.0.11)[\r][\n]"
16:53:23 [main] DEBUG org.apache.http.wire -  >> "Accept-Encoding: gzip,deflate[\r][\n]"
16:53:23 [main] DEBUG org.apache.http.wire -  >> "[\r][\n]"
16:53:23 [main] DEBUG org.apache.http.headers - >> DELETE /booking/1278 HTTP/1.1
16:53:23 [main] DEBUG org.apache.http.headers - >> Content-Type: application/json
16:53:23 [main] DEBUG org.apache.http.headers - >> Accept: */*
16:53:23 [main] DEBUG org.apache.http.headers - >> Host: restful-booker.herokuapp.com
16:53:23 [main] DEBUG org.apache.http.headers - >> Connection: Keep-Alive
16:53:23 [main] DEBUG org.apache.http.headers - >> User-Agent: Apache-HttpClient/4.5.13 (Java/17.0.11)
16:53:23 [main] DEBUG org.apache.http.headers - >> Accept-Encoding: gzip,deflate
16:53:23 [main] DEBUG org.apache.http.wire -  << "HTTP/1.1 403 Forbidden[\r][\n]"
16:53:23 [main] DEBUG org.apache.http.wire -  << "Content-Length: 9[\r][\n]"
16:53:23 [main] DEBUG org.apache.http.wire -  << "Content-Type: text/plain; charset=utf-8[\r][\n]"
16:53:23 [main] DEBUG org.apache.http.wire -  << "Date: Wed, 06 Aug 2025 14:53:23 GMT[\r][\n]"
16:53:23 [main] DEBUG org.apache.http.wire -  << "Etag: W/"9-PatfYBLj4Um1qTm5zrukoLhNyPU"[\r][\n]"
16:53:23 [main] DEBUG org.apache.http.wire -  << "Nel: {"report_to":"heroku-nel","response_headers":["Via"],"max_age":3600,"success_fraction":0.01,"failure_fraction":0.1}[\r][\n]"
16:53:23 [main] DEBUG org.apache.http.wire -  << "Report-To: {"group":"heroku-nel","endpoints":[{"url":"https://nel.heroku.com/reports?s=WOZO7bggOC5SO6SwBiypZpica4U40uH%2FSyhI7wRrRag%3D\u0026sid=c46efe9b-d3d2-4a0c-8c76-bfafa16c5add\u0026ts=1754492003"}],"max_age":3600}[\r][\n]"
16:53:23 [main] DEBUG org.apache.http.wire -  << "Reporting-Endpoints: heroku-nel="https://nel.heroku.com/reports?s=WOZO7bggOC5SO6SwBiypZpica4U40uH%2FSyhI7wRrRag%3D&sid=c46efe9b-d3d2-4a0c-8c76-bfafa16c5add&ts=1754492003"[\r][\n]"
16:53:23 [main] DEBUG org.apache.http.wire -  << "Server: Heroku[\r][\n]"
16:53:23 [main] DEBUG org.apache.http.wire -  << "Via: 1.1 heroku-router[\r][\n]"
16:53:23 [main] DEBUG org.apache.http.wire -  << "X-Powered-By: Express[\r][\n]"
16:53:23 [main] DEBUG org.apache.http.wire -  << "[\r][\n]"
16:53:23 [main] DEBUG org.apache.http.impl.conn.DefaultClientConnection - Receiving response: HTTP/1.1 403 Forbidden
16:53:23 [main] DEBUG org.apache.http.headers - << HTTP/1.1 403 Forbidden
16:53:23 [main] DEBUG org.apache.http.headers - << Content-Length: 9
16:53:23 [main] DEBUG org.apache.http.headers - << Content-Type: text/plain; charset=utf-8
16:53:23 [main] DEBUG org.apache.http.headers - << Date: Wed, 06 Aug 2025 14:53:23 GMT
16:53:23 [main] DEBUG org.apache.http.headers - << Etag: W/"9-PatfYBLj4Um1qTm5zrukoLhNyPU"
16:53:23 [main] DEBUG org.apache.http.headers - << Nel: {"report_to":"heroku-nel","response_headers":["Via"],"max_age":3600,"success_fraction":0.01,"failure_fraction":0.1}
16:53:23 [main] DEBUG org.apache.http.headers - << Report-To: {"group":"heroku-nel","endpoints":[{"url":"https://nel.heroku.com/reports?s=WOZO7bggOC5SO6SwBiypZpica4U40uH%2FSyhI7wRrRag%3D\u0026sid=c46efe9b-d3d2-4a0c-8c76-bfafa16c5add\u0026ts=1754492003"}],"max_age":3600}
16:53:23 [main] DEBUG org.apache.http.headers - << Reporting-Endpoints: heroku-nel="https://nel.heroku.com/reports?s=WOZO7bggOC5SO6SwBiypZpica4U40uH%2FSyhI7wRrRag%3D&sid=c46efe9b-d3d2-4a0c-8c76-bfafa16c5add&ts=1754492003"
16:53:23 [main] DEBUG org.apache.http.headers - << Server: Heroku
16:53:23 [main] DEBUG org.apache.http.headers - << Via: 1.1 heroku-router
16:53:23 [main] DEBUG org.apache.http.headers - << X-Powered-By: Express
16:53:23 [main] DEBUG org.apache.http.impl.client.DefaultHttpClient - Connection can be kept alive indefinitely
16:53:23 [main] DEBUG io.restassured.internal.RestAssuredHttpBuilder - Parsing response as: text/plain; charset=utf-8
16:53:23 [main] DEBUG io.restassured.internal.RestAssuredHttpBuilder - Parsed data to instance of: class org.apache.http.conn.EofSensorInputStream
  &amp#27;[32mWhen &amp#27;[0m&amp#27;[32mUser deletes booking without authentication&amp#27;[0m          &amp#27;[90m# stepdefs.DeleteBookingSteps.delete_without_auth()&amp#27;[0m
  &amp#27;[32mThen &amp#27;[0m&amp#27;[32mBooking delete response status should be &amp#27;[0m&amp#27;[32m&amp#27;[1m403&amp#27;[0m         &amp#27;[90m# stepdefs.DeleteBookingSteps.delete_response_status(int)&amp#27;[0m
]]></system-out>
  </testcase>
  <testcase name="runScenario[&quot;Retrieve all booking IDs without filters&quot;, &quot;GET API Tests&quot;](4)" classname="runners.TestRunner" time="2.556">
    <system-out><![CDATA[
Scenario: Retrieve all booking IDs without filters   &amp#27;[90m# src/test/resources/features/GetBooking.feature:8&amp#27;[0m
16:53:23 [main] DEBUG org.apache.http.impl.conn.BasicClientConnectionManager - Get connection for route {s}->https://restful-booker.herokuapp.com:443
16:53:23 [main] DEBUG org.apache.http.impl.conn.DefaultClientConnectionOperator - Connecting to restful-booker.herokuapp.com:443
16:53:24 [main] DEBUG org.apache.http.client.protocol.RequestAddCookies - CookieSpec selected: ignoreCookies
16:53:24 [main] DEBUG org.apache.http.client.protocol.RequestAuthCache - Auth cache not set in the context
16:53:24 [main] DEBUG org.apache.http.client.protocol.RequestTargetAuthentication - Target auth state: UNCHALLENGED
16:53:24 [main] DEBUG org.apache.http.client.protocol.RequestProxyAuthentication - Proxy auth state: UNCHALLENGED
16:53:24 [main] DEBUG org.apache.http.impl.client.DefaultHttpClient - Attempt 1 to execute request
16:53:24 [main] DEBUG org.apache.http.impl.conn.DefaultClientConnection - Sending request: POST /auth HTTP/1.1
16:53:24 [main] DEBUG org.apache.http.wire -  >> "POST /auth HTTP/1.1[\r][\n]"
16:53:24 [main] DEBUG org.apache.http.wire -  >> "Accept: */*[\r][\n]"
16:53:24 [main] DEBUG org.apache.http.wire -  >> "Content-Type: application/json[\r][\n]"
16:53:24 [main] DEBUG org.apache.http.wire -  >> "Content-Length: 45[\r][\n]"
16:53:24 [main] DEBUG org.apache.http.wire -  >> "Host: restful-booker.herokuapp.com[\r][\n]"
16:53:24 [main] DEBUG org.apache.http.wire -  >> "Connection: Keep-Alive[\r][\n]"
16:53:24 [main] DEBUG org.apache.http.wire -  >> "User-Agent: Apache-HttpClient/4.5.13 (Java/17.0.11)[\r][\n]"
16:53:24 [main] DEBUG org.apache.http.wire -  >> "Accept-Encoding: gzip,deflate[\r][\n]"
16:53:24 [main] DEBUG org.apache.http.wire -  >> "[\r][\n]"
16:53:24 [main] DEBUG org.apache.http.headers - >> POST /auth HTTP/1.1
16:53:24 [main] DEBUG org.apache.http.headers - >> Accept: */*
16:53:24 [main] DEBUG org.apache.http.headers - >> Content-Type: application/json
16:53:24 [main] DEBUG org.apache.http.headers - >> Content-Length: 45
16:53:24 [main] DEBUG org.apache.http.headers - >> Host: restful-booker.herokuapp.com
16:53:24 [main] DEBUG org.apache.http.headers - >> Connection: Keep-Alive
16:53:24 [main] DEBUG org.apache.http.headers - >> User-Agent: Apache-HttpClient/4.5.13 (Java/17.0.11)
16:53:24 [main] DEBUG org.apache.http.headers - >> Accept-Encoding: gzip,deflate
16:53:24 [main] DEBUG org.apache.http.wire -  >> "{"username":"admin","password":"password123"}"
16:53:24 [main] DEBUG org.apache.http.wire -  << "HTTP/1.1 200 OK[\r][\n]"
16:53:24 [main] DEBUG org.apache.http.wire -  << "Content-Length: 27[\r][\n]"
16:53:24 [main] DEBUG org.apache.http.wire -  << "Content-Type: application/json; charset=utf-8[\r][\n]"
16:53:24 [main] DEBUG org.apache.http.wire -  << "Date: Wed, 06 Aug 2025 14:53:24 GMT[\r][\n]"
16:53:24 [main] DEBUG org.apache.http.wire -  << "Etag: W/"1b-rG4e4nu2KbjZ04qajhTgtC+V/bg"[\r][\n]"
16:53:24 [main] DEBUG org.apache.http.wire -  << "Nel: {"report_to":"heroku-nel","response_headers":["Via"],"max_age":3600,"success_fraction":0.01,"failure_fraction":0.1}[\r][\n]"
16:53:24 [main] DEBUG org.apache.http.wire -  << "Report-To: {"group":"heroku-nel","endpoints":[{"url":"https://nel.heroku.com/reports?s=ZAoeSNU0BHfPio6tvm1Uhydyv5kkTtp1%2Fvv%2FUCP%2BWj0%3D\u0026sid=c46efe9b-d3d2-4a0c-8c76-bfafa16c5add\u0026ts=1754492004"}],"max_age":3600}[\r][\n]"
16:53:24 [main] DEBUG org.apache.http.wire -  << "Reporting-Endpoints: heroku-nel="https://nel.heroku.com/reports?s=ZAoeSNU0BHfPio6tvm1Uhydyv5kkTtp1%2Fvv%2FUCP%2BWj0%3D&sid=c46efe9b-d3d2-4a0c-8c76-bfafa16c5add&ts=1754492004"[\r][\n]"
16:53:24 [main] DEBUG org.apache.http.wire -  << "Server: Heroku[\r][\n]"
16:53:24 [main] DEBUG org.apache.http.wire -  << "Via: 1.1 heroku-router[\r][\n]"
16:53:24 [main] DEBUG org.apache.http.wire -  << "X-Powered-By: Express[\r][\n]"
16:53:24 [main] DEBUG org.apache.http.wire -  << "[\r][\n]"
16:53:24 [main] DEBUG org.apache.http.impl.conn.DefaultClientConnection - Receiving response: HTTP/1.1 200 OK
16:53:24 [main] DEBUG org.apache.http.headers - << HTTP/1.1 200 OK
16:53:24 [main] DEBUG org.apache.http.headers - << Content-Length: 27
16:53:24 [main] DEBUG org.apache.http.headers - << Content-Type: application/json; charset=utf-8
16:53:24 [main] DEBUG org.apache.http.headers - << Date: Wed, 06 Aug 2025 14:53:24 GMT
16:53:24 [main] DEBUG org.apache.http.headers - << Etag: W/"1b-rG4e4nu2KbjZ04qajhTgtC+V/bg"
16:53:24 [main] DEBUG org.apache.http.headers - << Nel: {"report_to":"heroku-nel","response_headers":["Via"],"max_age":3600,"success_fraction":0.01,"failure_fraction":0.1}
16:53:24 [main] DEBUG org.apache.http.headers - << Report-To: {"group":"heroku-nel","endpoints":[{"url":"https://nel.heroku.com/reports?s=ZAoeSNU0BHfPio6tvm1Uhydyv5kkTtp1%2Fvv%2FUCP%2BWj0%3D\u0026sid=c46efe9b-d3d2-4a0c-8c76-bfafa16c5add\u0026ts=1754492004"}],"max_age":3600}
16:53:24 [main] DEBUG org.apache.http.headers - << Reporting-Endpoints: heroku-nel="https://nel.heroku.com/reports?s=ZAoeSNU0BHfPio6tvm1Uhydyv5kkTtp1%2Fvv%2FUCP%2BWj0%3D&sid=c46efe9b-d3d2-4a0c-8c76-bfafa16c5add&ts=1754492004"
16:53:24 [main] DEBUG org.apache.http.headers - << Server: Heroku
16:53:24 [main] DEBUG org.apache.http.headers - << Via: 1.1 heroku-router
16:53:24 [main] DEBUG org.apache.http.headers - << X-Powered-By: Express
16:53:24 [main] DEBUG org.apache.http.impl.client.DefaultHttpClient - Connection can be kept alive indefinitely
16:53:24 [main] DEBUG io.restassured.internal.RestAssuredHttpBuilder - Parsing response as: application/json; charset=utf-8
16:53:24 [main] DEBUG io.restassured.internal.RestAssuredHttpBuilder - Parsed data to instance of: class org.apache.http.conn.EofSensorInputStream
16:53:24 [main] DEBUG org.apache.http.wire -  << "{"token":"ab30a5615babae9"}"
16:53:24 [main] DEBUG org.apache.http.impl.conn.BasicClientConnectionManager - Releasing connection org.apache.http.impl.conn.ManagedClientConnectionImpl@58068b40
16:53:24 [main] DEBUG org.apache.http.impl.conn.BasicClientConnectionManager - Connection can be kept alive indefinitely
Generated Token: ab30a5615babae9
  &amp#27;[32mGiven &amp#27;[0m&amp#27;[32mUser has valid auth token&amp#27;[0m                    &amp#27;[90m# stepdefs.AuthenticationSteps.user_has_valid_auth_token()&amp#27;[0m
16:53:24 [main] DEBUG org.apache.http.impl.conn.BasicClientConnectionManager - Get connection for route {s}->https://restful-booker.herokuapp.com:443
16:53:24 [main] DEBUG org.apache.http.impl.conn.DefaultClientConnectionOperator - Connecting to restful-booker.herokuapp.com:443
16:53:25 [main] DEBUG org.apache.http.client.protocol.RequestAddCookies - CookieSpec selected: ignoreCookies
16:53:25 [main] DEBUG org.apache.http.client.protocol.RequestAuthCache - Auth cache not set in the context
16:53:25 [main] DEBUG org.apache.http.client.protocol.RequestTargetAuthentication - Target auth state: UNCHALLENGED
16:53:25 [main] DEBUG org.apache.http.client.protocol.RequestProxyAuthentication - Proxy auth state: UNCHALLENGED
16:53:25 [main] DEBUG org.apache.http.impl.client.DefaultHttpClient - Attempt 1 to execute request
16:53:25 [main] DEBUG org.apache.http.impl.conn.DefaultClientConnection - Sending request: GET /booking HTTP/1.1
16:53:25 [main] DEBUG org.apache.http.wire -  >> "GET /booking HTTP/1.1[\r][\n]"
16:53:25 [main] DEBUG org.apache.http.wire -  >> "Content-Type: application/json[\r][\n]"
16:53:25 [main] DEBUG org.apache.http.wire -  >> "Accept: */*[\r][\n]"
16:53:25 [main] DEBUG org.apache.http.wire -  >> "Host: restful-booker.herokuapp.com[\r][\n]"
16:53:25 [main] DEBUG org.apache.http.wire -  >> "Connection: Keep-Alive[\r][\n]"
16:53:25 [main] DEBUG org.apache.http.wire -  >> "User-Agent: Apache-HttpClient/4.5.13 (Java/17.0.11)[\r][\n]"
16:53:25 [main] DEBUG org.apache.http.wire -  >> "Accept-Encoding: gzip,deflate[\r][\n]"
16:53:25 [main] DEBUG org.apache.http.wire -  >> "[\r][\n]"
16:53:25 [main] DEBUG org.apache.http.headers - >> GET /booking HTTP/1.1
16:53:25 [main] DEBUG org.apache.http.headers - >> Content-Type: application/json
16:53:25 [main] DEBUG org.apache.http.headers - >> Accept: */*
16:53:25 [main] DEBUG org.apache.http.headers - >> Host: restful-booker.herokuapp.com
16:53:25 [main] DEBUG org.apache.http.headers - >> Connection: Keep-Alive
16:53:25 [main] DEBUG org.apache.http.headers - >> User-Agent: Apache-HttpClient/4.5.13 (Java/17.0.11)
16:53:25 [main] DEBUG org.apache.http.headers - >> Accept-Encoding: gzip,deflate
16:53:25 [main] DEBUG org.apache.http.wire -  << "HTTP/1.1 200 OK[\r][\n]"
16:53:25 [main] DEBUG org.apache.http.wire -  << "Content-Length: 16546[\r][\n]"
16:53:25 [main] DEBUG org.apache.http.wire -  << "Content-Type: application/json; charset=utf-8[\r][\n]"
16:53:25 [main] DEBUG org.apache.http.wire -  << "Date: Wed, 06 Aug 2025 14:53:25 GMT[\r][\n]"
16:53:25 [main] DEBUG org.apache.http.wire -  << "Etag: W/"40a2-h/V6U4znvPXf3GU0CFf79VL25mg"[\r][\n]"
16:53:25 [main] DEBUG org.apache.http.wire -  << "Nel: {"report_to":"heroku-nel","response_headers":["Via"],"max_age":3600,"success_fraction":0.01,"failure_fraction":0.1}[\r][\n]"
16:53:25 [main] DEBUG org.apache.http.wire -  << "Report-To: {"group":"heroku-nel","endpoints":[{"url":"https://nel.heroku.com/reports?s=IYRJOz2L%2Fo5WU62PvWkizjJrdr4lYCXjIbV1LfUSS88%3D\u0026sid=c46efe9b-d3d2-4a0c-8c76-bfafa16c5add\u0026ts=1754492005"}],"max_age":3600}[\r][\n]"
16:53:25 [main] DEBUG org.apache.http.wire -  << "Reporting-Endpoints: heroku-nel="https://nel.heroku.com/reports?s=IYRJOz2L%2Fo5WU62PvWkizjJrdr4lYCXjIbV1LfUSS88%3D&sid=c46efe9b-d3d2-4a0c-8c76-bfafa16c5add&ts=1754492005"[\r][\n]"
16:53:25 [main] DEBUG org.apache.http.wire -  << "Server: Heroku[\r][\n]"
16:53:25 [main] DEBUG org.apache.http.wire -  << "Via: 1.1 heroku-router[\r][\n]"
16:53:25 [main] DEBUG org.apache.http.wire -  << "X-Powered-By: Express[\r][\n]"
16:53:25 [main] DEBUG org.apache.http.wire -  << "[\r][\n]"
16:53:25 [main] DEBUG org.apache.http.impl.conn.DefaultClientConnection - Receiving response: HTTP/1.1 200 OK
16:53:25 [main] DEBUG org.apache.http.headers - << HTTP/1.1 200 OK
16:53:25 [main] DEBUG org.apache.http.headers - << Content-Length: 16546
16:53:25 [main] DEBUG org.apache.http.headers - << Content-Type: application/json; charset=utf-8
16:53:25 [main] DEBUG org.apache.http.headers - << Date: Wed, 06 Aug 2025 14:53:25 GMT
16:53:25 [main] DEBUG org.apache.http.headers - << Etag: W/"40a2-h/V6U4znvPXf3GU0CFf79VL25mg"
16:53:25 [main] DEBUG org.apache.http.headers - << Nel: {"report_to":"heroku-nel","response_headers":["Via"],"max_age":3600,"success_fraction":0.01,"failure_fraction":0.1}
16:53:25 [main] DEBUG org.apache.http.headers - << Report-To: {"group":"heroku-nel","endpoints":[{"url":"https://nel.heroku.com/reports?s=IYRJOz2L%2Fo5WU62PvWkizjJrdr4lYCXjIbV1LfUSS88%3D\u0026sid=c46efe9b-d3d2-4a0c-8c76-bfafa16c5add\u0026ts=1754492005"}],"max_age":3600}
16:53:25 [main] DEBUG org.apache.http.headers - << Reporting-Endpoints: heroku-nel="https://nel.heroku.com/reports?s=IYRJOz2L%2Fo5WU62PvWkizjJrdr4lYCXjIbV1LfUSS88%3D&sid=c46efe9b-d3d2-4a0c-8c76-bfafa16c5add&ts=1754492005"
16:53:25 [main] DEBUG org.apache.http.headers - << Server: Heroku
16:53:25 [main] DEBUG org.apache.http.headers - << Via: 1.1 heroku-router
16:53:25 [main] DEBUG org.apache.http.headers - << X-Powered-By: Express
16:53:25 [main] DEBUG org.apache.http.impl.client.DefaultHttpClient - Connection can be kept alive indefinitely
16:53:25 [main] DEBUG io.restassured.internal.RestAssuredHttpBuilder - Parsing response as: application/json; charset=utf-8
16:53:25 [main] DEBUG io.restassured.internal.RestAssuredHttpBuilder - Parsed data to instance of: class org.apache.http.conn.EofSensorInputStream
  &amp#27;[32mWhen &amp#27;[0m&amp#27;[32mUser requests all booking IDs without filters&amp#27;[0m &amp#27;[90m# stepdefs.GetBookingStepDefs.user_requests_all_booking_ids_without_filters()&amp#27;[0m
  &amp#27;[32mThen &amp#27;[0m&amp#27;[32mBooking response status should be &amp#27;[0m&amp#27;[32m&amp#27;[1m200&amp#27;[0m         &amp#27;[90m# stepdefs.GetBookingStepDefs.booking_response_status_should_be(int)&amp#27;[0m
16:53:25 [main] DEBUG org.apache.http.wire -  << "[{"bookingid":179},{"bookingid":842},{"bookingid":368},{"bookingid":121},{"bookingid":423},{"bookingid":523},{"bookingid":157},{"bookingid":986},{"bookingid":558},{"bookingid":977},{"bookingid":990},{"bookingid":912},{"bookingid":685},{"bookingid":225},{"bookingid":707},{"bookingid":229},{"bookingid":1280},{"bookingid":219},{"bookingid":1277},{"bookingid":509},{"bookingid":813},{"bookingid":1019},{"bookingid":1032},{"bookingid":258},{"bookingid":231},{"bookingid":441},{"bookingid":355},{"bookingid":978},{"bookingid":206},{"bookingid":1257},{"bookingid":260},{"bookingid":313},{"bookingid":173},{"bookingid":535},{"bookingid":1136},{"bookingid":846},{"bookingid":656},{"bookingid":386},{"bookingid":356},{"bookingid":409},{"bookingid":251},{"bookingid":71},{"bookingid":1165},{"bookingid":700},{"bookingid":820},{"bookingid":712},{"bookingid":392},{"bookingid":691},{"bookingid":1299},{"bookingid":81},{"bookingid":684},{"bookingid":350},{"bookingid":127},{"bookingid":528},{"bookingid":811},{"bookingid":1073},{"bookingid":966},{"bookingid":1007},{"bookingid":47},{"bookingid":70},{"bookingid":967},{"bookingid":1143},{"bookingid":114},{"bookingid":636},{"bookingid":30},{"bookingid":256},{"bookingid":1075},{"bookingid":751},{"bookingid":2},{"bookingid":73},{"bookingid":433},{"bookingid":821},{"bookingid":944},{"bookingid":242},{"bookingid":858},{"bookingid":1016},{"bookingid":787},{"bookingid":792},{"bookingid":1186},{"bookingid":745},{"bookingid":434},{"bookingid":405},{"bookingid":902},{"bookingid":357},{"bookingid":592},{"bookingid":761},{"bookingid":1273},{"bookingid":970},{"bookingid":425},{"bookingid":193},{"bookingid":829},{"bookingid":1229},{"bookingid":1014},{"bookingid":1145},{"bookingid":1295},{"bookingid":1207},{"bookingid":64},{"bookingid":68},{"bookingid":872},{"bookingid":687},{"bookingid":1237},{"bookingid":321},{"bookingid":1101},{"bookingid":485},{"bookingid":160},{"bookingid":137},{"bookingid":884},{"bookingid":564},{"bookingid":97},{"bookingid":86},{"bookingid":1266},{"bookingid":560},{"bookingid":1163},{"bookingid":938},{"bookingid":694},{"bookingid":723},{"bookingid":650},{"bookingid":209},{"bookingid":17},{"bookingid":1182},{"bookingid":148},{"bookingid":551},{"bookingid":21},{"bookingid":309},{"bookingid":597},{"bookingid":91},{"bookingid":546},{"bookingid":222},{"bookingid":804},{"bookingid":631},{"bookingid":336},{"bookingid":438},{"bookingid":311},{"bookingid":673},{"bookingid":192},{"bookingid":1224},{"bookingid":316},{"bookingid":777},{"bookingid":861},{"bookingid":1044},{"bookingid":101},{"bookingid":322},{"bookingid":223},{"bookingid":1176},{"bookingid":756},{"bookingid":475},{"bookingid":56},{"bookingid":469},{"bookingid":525},{"bookingid":78},{"bookingid":95},{"bookingid":484},{"bookingid":80},{"bookingid":828},{"bookingid":334},{"bookingid":974},{"bookingid":1050},{"bookingid":542},{"bookingid":1024},{"bookingid":261},{"bookingid":1264},{"bookingid":1000},{"bookingid":1294},{"bookingid":539},{"bookingid":1203},{"bookingid":520},{"bookingid":574},{"bookingid":472},{"bookingid":515},{"bookingid":533},{"bookingid":281},{"bookingid":1196},{"bookingid":325},{"bookingid":736},{"bookingid":53},{"bookingid":132},{"bookingid":1070},{"bookingid":627},{"bookingid":408},{"bookingid":341},{"bookingid":363},{"bookingid":502},{"bookingid":329},{"bookingid":470},{"bookingid":1150},{"bookingid":297},{"bookingid":579},{"bookingid":989},{"bookingid":1055},{"bookingid":205},{"bookingid":1239},{"bookingid":49},{"bookingid":541},{"bookingid":615},{"bookingid":195},{"bookingid":1179},{"bookingid":351},{"bookingid":748},{"bookingid":500},{"bookingid":133},{"bookingid":646},{"bookingid":1130},{"bookingid":10},{"bookingid":376},{"bookingid":556},{"bookingid":134},{"bookingid":458},{"bookingid":568},{"bookingid":845},{"bookingid":1042},{"bookingid":98},{"bookingid":709},{"bookingid":99},{"bookingid":1211},{"bookingid":964},{"bookingid":1265},{"bookingid":232},{"bookingid":1189},{"bookingid":697},{"bookingid":1012},{"bookingid":1102},{"bookingid":1082},{"bookingid":479},{"bookingid":927},{"bookingid":274},{"bookingid":806},{"bookingid":1029},{"bookingid":476},{"bookingid":128},{"bookingid":16},{"bookingid":775},{"bookingid":1287},{"bookingid":589},{"bookingid":565},{"bookingid":11},{"bookingid":526},{"bookingid":1052},{"bookingid":1115},{"bookingid":52},{"bookingid":905},{"bookingid":517},{"bookingid":1119},{"bookingid":1281},{"bookingid":1121},{"bookingid":973},{"bookingid":661},{"bookingid":124},{"bookingid":1302},{"bookingid":366},{"bookingid":664},{"bookingid":1254},{"bookingid":1049},{"bookingid":1234},{"bookingid":233},{"bookingid":569},{"bookingid":586},{"bookingid":979},{"bookingid":530},{"bookingid":587},{"bookingid":730},{"bookingid":1144},{"bookingid":773},{"bookingid":1133},{"bookingid":727},{"bookingid":669},{"bookingid":279},{"bookingid":391},{"bookingid":483},{"bookingid":262},{"bookingid":939},{"bookingid":1223},{"bookingid":161},{"bookingid":686},{"bookingid":24},{"bookingid":446},{"bookingid":301},{"bookingid":739},{"bookingid":856},{"bookingid":175},{"bookingid":138},{"bookingid":1185},{"bookingid":628},{"bookingid":361},{"bookingid":849},{"bookingid":798},{"bookingid":720},{"bookingid":607},{"bookingid":1151},{"bookingid":111},{"bookingid":743},{"bookingid":880},{"bookingid":561},{"bookingid":997},{"bookingid":641},{"bookingid":1139},{"bookingid":1116},{"bookingid":1004},{"bookingid":145},{"bookingid":1152},{"bookingid":1090},{"bookingid":706},{"bookingid":444},{"bookingid":1298},{"bookingid":1015},{"bookingid":583},{"bookingid":916},{"bookingid":1071},{"bookingid":999},{"bookingid":324},{"bookingid":516},{"bookingid":993},{"bookingid":20},{"bookingid":961},{"bookingid":914},{"bookingid":208},{"bookingid":672},{"bookingid":547},{"bookingid":836},{"bookingid":457},{"bookingid":418},{"bookingid":1057},{"bookingid":362},{"bookingid":1172},{"bookingid":217},{"bookingid":599},{"bookingid":521},{"bookingid":285},{"bookingid":394},{"bookingid":603},{"bookingid":290},{"bookingid":616},{"bookingid":863},{"bookingid":186},{"bookingid":118},{"bookingid":929},{"bookingid":606},{"bookingid":920},{"bookingid":544},{"bookingid":156},{"bookingid":1132},{"bookingid":304},{"bookingid":35},{"bookingid":140},{"bookingid":893},{"bookingid":307},{"bookingid":122},{"bookingid":746},{"bookingid":228},{"bookingid":1256},{"bookingid":951},{"bookingid":612},{"bookingid":1275},{"bookingid":648},{"bookingid":55},{"bookingid":1214},{"bookingid":245},{"bookingid":1188},{"bookingid":59},{"bookingid":680},{"bookingid":113},{"bookingid":1260},{"bookingid":802},{"bookingid":937},{"bookingid":236},{"bookingid":625},{"bookingid":1173},{"bookingid":868},{"bookingid":578},{"bookingid":492},{"bookingid":42},{"bookingid":456},{"bookingid":46},{"bookingid":109},{"bookingid":663},{"bookingid":40},{"bookingid":57},{"bookingid":9},{"bookingid":865},{"bookingid":1122},{"bookingid":238},{"bookingid":660},{"bookingid":149},{"bookingid":1170},{"bookingid":295},{"bookingid":188},{"bookingid":972},{"bookingid":791},{"bookingid":754},{"bookingid":511},{"bookingid":107},{"bookingid":1194},{"bookingid":1066},{"bookingid":817},{"bookingid":1129},{"bookingid":675},{"bookingid":1083},{"bookingid":344},{"bookingid":771},{"bookingid":1278},{"bookingid":1059},{"bookingid":508},{"bookingid":716},{"bookingid":608},{"bookingid":4},{"bookingid":1242},{"bookingid":985},{"bookingid":763},{"bookingid":797},{"bookingid":1155},{"bookingid":1021},{"bookingid"
16:53:25 [main] DEBUG org.apache.http.wire -  << "":117},{"bookingid":27},{"bookingid":871},{"bookingid":199},{"bookingid":419},{"bookingid":512},{"bookingid":424},{"bookingid":839},{"bookingid":735},{"bookingid":450},{"bookingid":388},{"bookingid":76},{"bookingid":1184},{"bookingid":319},{"bookingid":958},{"bookingid":879},{"bookingid":638},{"bookingid":907},{"bookingid":348},{"bookingid":1202},{"bookingid":1208},{"bookingid":31},{"bookingid":103},{"bookingid":342},{"bookingid":67},{"bookingid":733},{"bookingid":981},{"bookingid":43},{"bookingid":770},{"bookingid":567},{"bookingid":447},{"bookingid":645},{"bookingid":1304},{"bookingid":126},{"bookingid":932},{"bookingid":741},{"bookingid":531},{"bookingid":1217},{"bookingid":296},{"bookingid":844},{"bookingid":1091},{"bookingid":144},{"bookingid":581},{"bookingid":375},{"bookingid":270},{"bookingid":1215},{"bookingid":749},{"bookingid":1227},{"bookingid":698},{"bookingid":459},{"bookingid":1270},{"bookingid":1252},{"bookingid":125},{"bookingid":1030},{"bookingid":63},{"bookingid":695},{"bookingid":742},{"bookingid":996},{"bookingid":783},{"bookingid":182},{"bookingid":759},{"bookingid":445},{"bookingid":1283},{"bookingid":317},{"bookingid":384},{"bookingid":37},{"bookingid":85},{"bookingid":692},{"bookingid":1100},{"bookingid":250},{"bookingid":1286},{"bookingid":158},{"bookingid":994},{"bookingid":1114},{"bookingid":665},{"bookingid":926},{"bookingid":769},{"bookingid":1031},{"bookingid":481},{"bookingid":286},{"bookingid":1261},{"bookingid":1210},{"bookingid":305},{"bookingid":381},{"bookingid":1235},{"bookingid":235},{"bookingid":901},{"bookingid":837},{"bookingid":428},{"bookingid":883},{"bookingid":1046},{"bookingid":1290},{"bookingid":982},{"bookingid":738},{"bookingid":653},{"bookingid":32},{"bookingid":809},{"bookingid":1216},{"bookingid":946},{"bookingid":1169},{"bookingid":1221},{"bookingid":29},{"bookingid":715},{"bookingid":1062},{"bookingid":840},{"bookingid":218},{"bookingid":266},{"bookingid":1291},{"bookingid":1013},{"bookingid":921},{"bookingid":965},{"bookingid":1251},{"bookingid":1138},{"bookingid":654},{"bookingid":377},{"bookingid":92},{"bookingid":432},{"bookingid":166},{"bookingid":1036},{"bookingid":1},{"bookingid":790},{"bookingid":904},{"bookingid":183},{"bookingid":33},{"bookingid":576},{"bookingid":354},{"bookingid":782},{"bookingid":864},{"bookingid":731},{"bookingid":1131},{"bookingid":367},{"bookingid":614},{"bookingid":54},{"bookingid":1039},{"bookingid":1245},{"bookingid":477},{"bookingid":463},{"bookingid":1246},{"bookingid":385},{"bookingid":1158},{"bookingid":259},{"bookingid":96},{"bookingid":14},{"bookingid":102},{"bookingid":240},{"bookingid":410},{"bookingid":412},{"bookingid":1271},{"bookingid":1180},{"bookingid":1162},{"bookingid":601},{"bookingid":1027},{"bookingid":247},{"bookingid":764},{"bookingid":123},{"bookingid":15},{"bookingid":23},{"bookingid":372},{"bookingid":1269},{"bookingid":194},{"bookingid":637},{"bookingid":722},{"bookingid":760},{"bookingid":1175},{"bookingid":1107},{"bookingid":931},{"bookingid":335},{"bookingid":954},{"bookingid":1078},{"bookingid":1200},{"bookingid":609},{"bookingid":899},{"bookingid":41},{"bookingid":830},{"bookingid":1206},{"bookingid":159},{"bookingid":621},{"bookingid":850},{"bookingid":1253},{"bookingid":753},{"bookingid":622},{"bookingid":600},{"bookingid":827},{"bookingid":72},{"bookingid":1113},{"bookingid":280},{"bookingid":83},{"bookingid":1067},{"bookingid":452},{"bookingid":451},{"bookingid":105},{"bookingid":688},{"bookingid":584},{"bookingid":267},{"bookingid":657},{"bookingid":504},{"bookingid":399},{"bookingid":226},{"bookingid":810},{"bookingid":494},{"bookingid":426},{"bookingid":471},{"bookingid":66},{"bookingid":1126},{"bookingid":534},{"bookingid":269},{"bookingid":874},{"bookingid":19},{"bookingid":713},{"bookingid":88},{"bookingid":823},{"bookingid":276},{"bookingid":732},{"bookingid":793},{"bookingid":93},{"bookingid":987},{"bookingid":666},{"bookingid":651},{"bookingid":465},{"bookingid":413},{"bookingid":895},{"bookingid":503},{"bookingid":1023},{"bookingid":670},{"bookingid":1037},{"bookingid":729},{"bookingid":822},{"bookingid":1249},{"bookingid":389},{"bookingid":187},{"bookingid":701},{"bookingid":254},{"bookingid":852},{"bookingid":139},{"bookingid":1084},{"bookingid":369},{"bookingid":1177},{"bookingid":440},{"bookingid":478},{"bookingid":58},{"bookingid":214},{"bookingid":489},{"bookingid":1123},{"bookingid":1117},{"bookingid":302},{"bookingid":953},{"bookingid":1038},{"bookingid":1108},{"bookingid":785},{"bookingid":1076},{"bookingid":1028},{"bookingid":310},{"bookingid":998},{"bookingid":704},{"bookingid":406},{"bookingid":360},{"bookingid":327},{"bookingid":298},{"bookingid":8},{"bookingid":818},{"bookingid":417},{"bookingid":106},{"bookingid":1148},{"bookingid":1098},{"bookingid":116},{"bookingid":877},{"bookingid":343},{"bookingid":1240},{"bookingid":490},{"bookingid":246},{"bookingid":1168},{"bookingid":439},{"bookingid":1255},{"bookingid":1142},{"bookingid":1077},{"bookingid":549},{"bookingid":165},{"bookingid":154},{"bookingid":496},{"bookingid":1063},{"bookingid":1064},{"bookingid":808},{"bookingid":1056},{"bookingid":896},{"bookingid":61},{"bookingid":395},{"bookingid":51},{"bookingid":174},{"bookingid":913},{"bookingid":65},{"bookingid":943},{"bookingid":786},{"bookingid":1003},{"bookingid":835},{"bookingid":917},{"bookingid":831},{"bookingid":167},{"bookingid":1099},{"bookingid":889},{"bookingid":1149},{"bookingid":1187},{"bookingid":573},{"bookingid":1125},{"bookingid":74},{"bookingid":604},{"bookingid":374},{"bookingid":629},{"bookingid":1096},{"bookingid":595},{"bookingid":655},{"bookingid":1088},{"bookingid":671},{"bookingid":1103},{"bookingid":643},{"bookingid":171},{"bookingid":420},{"bookingid":859},{"bookingid":315},{"bookingid":26},{"bookingid":832},{"bookingid":640},{"bookingid":1285},{"bookingid":1195},{"bookingid":911},{"bookingid":1293},{"bookingid":396},{"bookingid":854},{"bookingid":971},{"bookingid":211},{"bookingid":453},{"bookingid":885},{"bookingid":339},{"bookingid":487},{"bookingid":923},{"bookingid":328},{"bookingid":718},{"bookingid":90},{"bookingid":947},{"bookingid":181},{"bookingid":89},{"bookingid":1247},{"bookingid":892},{"bookingid":393},{"bookingid":894},{"bookingid":25},{"bookingid":273},{"bookingid":747},{"bookingid":824},{"bookingid":890},{"bookingid":562},{"bookingid":34},{"bookingid":119},{"bookingid":168},{"bookingid":1074},{"bookingid":554},{"bookingid":288},{"bookingid":411},{"bookingid":536},{"bookingid":172},{"bookingid":44},{"bookingid":3},{"bookingid":633},{"bookingid":13},{"bookingid":306},{"bookingid":12},{"bookingid":1137},{"bookingid":548},{"bookingid":135},{"bookingid":848},{"bookingid":201},{"bookingid":282},{"bookingid":524},{"bookingid":619},{"bookingid":623},{"bookingid":1110},{"bookingid":243},{"bookingid":136},{"bookingid":1228},{"bookingid":925},{"bookingid":570},{"bookingid":866},{"bookingid":333},{"bookingid":1156},{"bookingid":776},{"bookingid":1058},{"bookingid":647},{"bookingid":498},{"bookingid":6},{"bookingid":460},{"bookingid":779},{"bookingid":1166},{"bookingid":1081},{"bookingid":213},{"bookingid":857},{"bookingid":585},{"bookingid":529},{"bookingid":945},{"bookingid":241},{"bookingid":682},{"bookingid":495},{"bookingid":719},{"bookingid":1109},{"bookingid":403},{"bookingid":726},{"bookingid":5},{"bookingid":1086},{"bookingid":294},{"bookingid":1241},{"bookingid":466},{"bookingid":630},{"bookingid":930},{"bookingid":264},{"bookingid":1222},{"bookingid":82},{"bookingid":401},{"bookingid":147},{"bookingid":538},{"bookingid":591},{"bookingid":1161},{"bookingid":514},{"bookingid":908},{"bookingid":1230},{"bookingid":1160},{"bookingid":710},{"bookingid":45},{"bookingid":435},{"bookingid":28},{"bookingid":129},{"bookingid":873},{"bookingid":762},{"bookingid":1051},{"bookingid":1289},{"bookingid":1201},{"bookingid":326},{"bookingid":216},{"bookingid":1089},{"bookingid":757},{"bookingid":959},{"bookingid":803},{"bookingid":292},{"bookingid":349},{"bookingid":1231},{"bookingid":617},{"bookingid":178},{"bookingid":7},{"bookingid":1199},{"bookingid":253},{"bookingid":1272},{"bookingid":960},{"bookingid":1301},{"bookingid":933},{"bookingid":1005},{"bookingid":"
16:53:25 [main] DEBUG org.apache.http.wire -  << "755},{"bookingid":878},{"bookingid":189},{"bookingid":1045},{"bookingid":1043},{"bookingid":151},{"bookingid":1010},{"bookingid":1022},{"bookingid":289},{"bookingid":48},{"bookingid":955},{"bookingid":766},{"bookingid":678},{"bookingid":146},{"bookingid":275},{"bookingid":468},{"bookingid":200},{"bookingid":340},{"bookingid":38},{"bookingid":594},{"bookingid":778},{"bookingid":796},{"bookingid":507},{"bookingid":153},{"bookingid":1263},{"bookingid":679},{"bookingid":1095},{"bookingid":493},{"bookingid":202},{"bookingid":906},{"bookingid":373},{"bookingid":427},{"bookingid":141},{"bookingid":919},{"bookingid":400},{"bookingid":110},{"bookingid":224},{"bookingid":799},{"bookingid":382},{"bookingid":198},{"bookingid":559},{"bookingid":812},{"bookingid":1009},{"bookingid":77},{"bookingid":886},{"bookingid":1193},{"bookingid":703},{"bookingid":553},{"bookingid":949},{"bookingid":991},{"bookingid":940}]"
16:53:25 [main] DEBUG org.apache.http.impl.conn.BasicClientConnectionManager - Releasing connection org.apache.http.impl.conn.ManagedClientConnectionImpl@6604f246
16:53:25 [main] DEBUG org.apache.http.impl.conn.BasicClientConnectionManager - Connection can be kept alive indefinitely
16:53:25 [Finalizer] DEBUG org.apache.http.impl.conn.DefaultClientConnection - Connection 0.0.0.0:57511<->23.22.130.173:443 closed
16:53:25 [Finalizer] DEBUG org.apache.http.impl.conn.DefaultClientConnection - Connection 0.0.0.0:57510<->23.22.130.173:443 closed
16:53:25 [Finalizer] DEBUG org.apache.http.impl.conn.DefaultClientConnection - Connection 0.0.0.0:57509<->23.22.130.173:443 closed
16:53:25 [Finalizer] DEBUG org.apache.http.impl.conn.DefaultClientConnection - Connection 0.0.0.0:57508<->23.22.130.173:443 closed
16:53:25 [Finalizer] DEBUG org.apache.http.impl.conn.DefaultClientConnection - Connection 0.0.0.0:57507<->23.22.130.173:443 closed
16:53:25 [Finalizer] DEBUG org.apache.http.impl.conn.DefaultClientConnection - Connection 0.0.0.0:57514<->23.22.130.173:443 closed
16:53:25 [Finalizer] DEBUG org.apache.http.impl.conn.DefaultClientConnection - Connection 0.0.0.0:57513<->23.22.130.173:443 closed
16:53:25 [Finalizer] DEBUG org.apache.http.impl.conn.DefaultClientConnection - Connection 0.0.0.0:57512<->23.22.130.173:443 closed
Full API Response:
[
    {
        "bookingid": 179
    },
    {
        "bookingid": 842
    },
    {
        "bookingid": 368
    },
    {
        "bookingid": 121
    },
    {
        "bookingid": 423
    },
    {
        "bookingid": 523
    },
    {
        "bookingid": 157
    },
    {
        "bookingid": 986
    },
    {
        "bookingid": 558
    },
    {
        "bookingid": 977
    },
    {
        "bookingid": 990
    },
    {
        "bookingid": 912
    },
    {
        "bookingid": 685
    },
    {
        "bookingid": 225
    },
    {
        "bookingid": 707
    },
    {
        "bookingid": 229
    },
    {
        "bookingid": 1280
    },
    {
        "bookingid": 219
    },
    {
        "bookingid": 1277
    },
    {
        "bookingid": 509
    },
    {
        "bookingid": 813
    },
    {
        "bookingid": 1019
    },
    {
        "bookingid": 1032
    },
    {
        "bookingid": 258
    },
    {
        "bookingid": 231
    },
    {
        "bookingid": 441
    },
    {
        "bookingid": 355
    },
    {
        "bookingid": 978
    },
    {
        "bookingid": 206
    },
    {
        "bookingid": 1257
    },
    {
        "bookingid": 260
    },
    {
        "bookingid": 313
    },
    {
        "bookingid": 173
    },
    {
        "bookingid": 535
    },
    {
        "bookingid": 1136
    },
    {
        "bookingid": 846
    },
    {
        "bookingid": 656
    },
    {
        "bookingid": 386
    },
    {
        "bookingid": 356
    },
    {
        "bookingid": 409
    },
    {
        "bookingid": 251
    },
    {
        "bookingid": 71
    },
    {
        "bookingid": 1165
    },
    {
        "bookingid": 700
    },
    {
        "bookingid": 820
    },
    {
        "bookingid": 712
    },
    {
        "bookingid": 392
    },
    {
        "bookingid": 691
    },
    {
        "bookingid": 1299
    },
    {
        "bookingid": 81
    },
    {
        "bookingid": 684
    },
    {
        "bookingid": 350
    },
    {
        "bookingid": 127
    },
    {
        "bookingid": 528
    },
    {
        "bookingid": 811
    },
    {
        "bookingid": 1073
    },
    {
        "bookingid": 966
    },
    {
        "bookingid": 1007
    },
    {
        "bookingid": 47
    },
    {
        "bookingid": 70
    },
    {
        "bookingid": 967
    },
    {
        "bookingid": 1143
    },
    {
        "bookingid": 114
    },
    {
        "bookingid": 636
    },
    {
        "bookingid": 30
    },
    {
        "bookingid": 256
    },
    {
        "bookingid": 1075
    },
    {
        "bookingid": 751
    },
    {
        "bookingid": 2
    },
    {
        "bookingid": 73
    },
    {
        "bookingid": 433
    },
    {
        "bookingid": 821
    },
    {
        "bookingid": 944
    },
    {
        "bookingid": 242
    },
    {
        "bookingid": 858
    },
    {
        "bookingid": 1016
    },
    {
        "bookingid": 787
    },
    {
        "bookingid": 792
    },
    {
        "bookingid": 1186
    },
    {
        "bookingid": 745
    },
    {
        "bookingid": 434
    },
    {
        "bookingid": 405
    },
    {
        "bookingid": 902
    },
    {
        "bookingid": 357
    },
    {
        "bookingid": 592
    },
    {
        "bookingid": 761
    },
    {
        "bookingid": 1273
    },
    {
        "bookingid": 970
    },
    {
        "bookingid": 425
    },
    {
        "bookingid": 193
    },
    {
        "bookingid": 829
    },
    {
        "bookingid": 1229
    },
    {
        "bookingid": 1014
    },
    {
        "bookingid": 1145
    },
    {
        "bookingid": 1295
    },
    {
        "bookingid": 1207
    },
    {
        "bookingid": 64
    },
    {
        "bookingid": 68
    },
    {
        "bookingid": 872
    },
    {
        "bookingid": 687
    },
    {
        "bookingid": 1237
    },
    {
        "bookingid": 321
    },
    {
        "bookingid": 1101
    },
    {
        "bookingid": 485
    },
    {
        "bookingid": 160
    },
    {
        "bookingid": 137
    },
    {
        "bookingid": 884
    },
    {
        "bookingid": 564
    },
    {
        "bookingid": 97
    },
    {
        "bookingid": 86
    },
    {
        "bookingid": 1266
    },
    {
        "bookingid": 560
    },
    {
        "bookingid": 1163
    },
    {
        "bookingid": 938
    },
    {
        "bookingid": 694
    },
    {
        "bookingid": 723
    },
    {
        "bookingid": 650
    },
    {
        "bookingid": 209
    },
    {
        "bookingid": 17
    },
    {
        "bookingid": 1182
    },
    {
        "bookingid": 148
    },
    {
        "bookingid": 551
    },
    {
        "bookingid": 21
    },
    {
        "bookingid": 309
    },
    {
        "bookingid": 597
    },
    {
        "bookingid": 91
    },
    {
        "bookingid": 546
    },
    {
        "bookingid": 222
    },
    {
        "bookingid": 804
    },
    {
        "bookingid": 631
    },
    {
        "bookingid": 336
    },
    {
        "bookingid": 438
    },
    {
        "bookingid": 311
    },
    {
        "bookingid": 673
    },
    {
        "bookingid": 192
    },
    {
        "bookingid": 1224
    },
    {
        "bookingid": 316
    },
    {
        "bookingid": 777
    },
    {
        "bookingid": 861
    },
    {
        "bookingid": 1044
    },
    {
        "bookingid": 101
    },
    {
        "bookingid": 322
    },
    {
        "bookingid": 223
    },
    {
        "bookingid": 1176
    },
    {
        "bookingid": 756
    },
    {
        "bookingid": 475
    },
    {
        "bookingid": 56
    },
    {
        "bookingid": 469
    },
    {
        "bookingid": 525
    },
    {
        "bookingid": 78
    },
    {
        "bookingid": 95
    },
    {
        "bookingid": 484
    },
    {
        "bookingid": 80
    },
    {
        "bookingid": 828
    },
    {
        "bookingid": 334
    },
    {
        "bookingid": 974
    },
    {
        "bookingid": 1050
    },
    {
        "bookingid": 542
    },
    {
        "bookingid": 1024
    },
    {
        "bookingid": 261
    },
    {
        "bookingid": 1264
    },
    {
        "bookingid": 1000
    },
    {
        "bookingid": 1294
    },
    {
        "bookingid": 539
    },
    {
        "bookingid": 1203
    },
    {
        "bookingid": 520
    },
    {
        "bookingid": 574
    },
    {
        "bookingid": 472
    },
    {
        "bookingid": 515
    },
    {
        "bookingid": 533
    },
    {
        "bookingid": 281
    },
    {
        "bookingid": 1196
    },
    {
        "bookingid": 325
    },
    {
        "bookingid": 736
    },
    {
        "bookingid": 53
    },
    {
        "bookingid": 132
    },
    {
        "bookingid": 1070
    },
    {
        "bookingid": 627
    },
    {
        "bookingid": 408
    },
    {
        "bookingid": 341
    },
    {
        "bookingid": 363
    },
    {
        "bookingid": 502
    },
    {
        "bookingid": 329
    },
    {
        "bookingid": 470
    },
    {
        "bookingid": 1150
    },
    {
        "bookingid": 297
    },
    {
        "bookingid": 579
    },
    {
        "bookingid": 989
    },
    {
        "bookingid": 1055
    },
    {
        "bookingid": 205
    },
    {
        "bookingid": 1239
    },
    {
        "bookingid": 49
    },
    {
        "bookingid": 541
    },
    {
        "bookingid": 615
    },
    {
        "bookingid": 195
    },
    {
        "bookingid": 1179
    },
    {
        "bookingid": 351
    },
    {
        "bookingid": 748
    },
    {
        "bookingid": 500
    },
    {
        "bookingid": 133
    },
    {
        "bookingid": 646
    },
    {
        "bookingid": 1130
    },
    {
        "bookingid": 10
    },
    {
        "bookingid": 376
    },
    {
        "bookingid": 556
    },
    {
        "bookingid": 134
    },
    {
        "bookingid": 458
    },
    {
        "bookingid": 568
    },
    {
        "bookingid": 845
    },
    {
        "bookingid": 1042
    },
    {
        "bookingid": 98
    },
    {
        "bookingid": 709
    },
    {
        "bookingid": 99
    },
    {
        "bookingid": 1211
    },
    {
        "bookingid": 964
    },
    {
        "bookingid": 1265
    },
    {
        "bookingid": 232
    },
    {
        "bookingid": 1189
    },
    {
        "bookingid": 697
    },
    {
        "bookingid": 1012
    },
    {
        "bookingid": 1102
    },
    {
        "bookingid": 1082
    },
    {
        "bookingid": 479
    },
    {
        "bookingid": 927
    },
    {
        "bookingid": 274
    },
    {
        "bookingid": 806
    },
    {
        "bookingid": 1029
    },
    {
        "bookingid": 476
    },
    {
        "bookingid": 128
    },
    {
        "bookingid": 16
    },
    {
        "bookingid": 775
    },
    {
        "bookingid": 1287
    },
    {
        "bookingid": 589
    },
    {
        "bookingid": 565
    },
    {
        "bookingid": 11
    },
    {
        "bookingid": 526
    },
    {
        "bookingid": 1052
    },
    {
        "bookingid": 1115
    },
    {
        "bookingid": 52
    },
    {
        "bookingid": 905
    },
    {
        "bookingid": 517
    },
    {
        "bookingid": 1119
    },
    {
        "bookingid": 1281
    },
    {
        "bookingid": 1121
    },
    {
        "bookingid": 973
    },
    {
        "bookingid": 661
    },
    {
        "bookingid": 124
    },
    {
        "bookingid": 1302
    },
    {
        "bookingid": 366
    },
    {
        "bookingid": 664
    },
    {
        "bookingid": 1254
    },
    {
        "bookingid": 1049
    },
    {
        "bookingid": 1234
    },
    {
        "bookingid": 233
    },
    {
        "bookingid": 569
    },
    {
        "bookingid": 586
    },
    {
        "bookingid": 979
    },
    {
        "bookingid": 530
    },
    {
        "bookingid": 587
    },
    {
        "bookingid": 730
    },
    {
        "bookingid": 1144
    },
    {
        "bookingid": 773
    },
    {
        "bookingid": 1133
    },
    {
        "bookingid": 727
    },
    {
        "bookingid": 669
    },
    {
        "bookingid": 279
    },
    {
        "bookingid": 391
    },
    {
        "bookingid": 483
    },
    {
        "bookingid": 262
    },
    {
        "bookingid": 939
    },
    {
        "bookingid": 1223
    },
    {
        "bookingid": 161
    },
    {
        "bookingid": 686
    },
    {
        "bookingid": 24
    },
    {
        "bookingid": 446
    },
    {
        "bookingid": 301
    },
    {
        "bookingid": 739
    },
    {
        "bookingid": 856
    },
    {
        "bookingid": 175
    },
    {
        "bookingid": 138
    },
    {
        "bookingid": 1185
    },
    {
        "bookingid": 628
    },
    {
        "bookingid": 361
    },
    {
        "bookingid": 849
    },
    {
        "bookingid": 798
    },
    {
        "bookingid": 720
    },
    {
        "bookingid": 607
    },
    {
        "bookingid": 1151
    },
    {
        "bookingid": 111
    },
    {
        "bookingid": 743
    },
    {
        "bookingid": 880
    },
    {
        "bookingid": 561
    },
    {
        "bookingid": 997
    },
    {
        "bookingid": 641
    },
    {
        "bookingid": 1139
    },
    {
        "bookingid": 1116
    },
    {
        "bookingid": 1004
    },
    {
        "bookingid": 145
    },
    {
        "bookingid": 1152
    },
    {
        "bookingid": 1090
    },
    {
        "bookingid": 706
    },
    {
        "bookingid": 444
    },
    {
        "bookingid": 1298
    },
    {
        "bookingid": 1015
    },
    {
        "bookingid": 583
    },
    {
        "bookingid": 916
    },
    {
        "bookingid": 1071
    },
    {
        "bookingid": 999
    },
    {
        "bookingid": 324
    },
    {
        "bookingid": 516
    },
    {
        "bookingid": 993
    },
    {
        "bookingid": 20
    },
    {
        "bookingid": 961
    },
    {
        "bookingid": 914
    },
    {
        "bookingid": 208
    },
    {
        "bookingid": 672
    },
    {
        "bookingid": 547
    },
    {
        "bookingid": 836
    },
    {
        "bookingid": 457
    },
    {
        "bookingid": 418
    },
    {
        "bookingid": 1057
    },
    {
        "bookingid": 362
    },
    {
        "bookingid": 1172
    },
    {
        "bookingid": 217
    },
    {
        "bookingid": 599
    },
    {
        "bookingid": 521
    },
    {
        "bookingid": 285
    },
    {
        "bookingid": 394
    },
    {
        "bookingid": 603
    },
    {
        "bookingid": 290
    },
    {
        "bookingid": 616
    },
    {
        "bookingid": 863
    },
    {
        "bookingid": 186
    },
    {
        "bookingid": 118
    },
    {
        "bookingid": 929
    },
    {
        "bookingid": 606
    },
    {
        "bookingid": 920
    },
    {
        "bookingid": 544
    },
    {
        "bookingid": 156
    },
    {
        "bookingid": 1132
    },
    {
        "bookingid": 304
    },
    {
        "bookingid": 35
    },
    {
        "bookingid": 140
    },
    {
        "bookingid": 893
    },
    {
        "bookingid": 307
    },
    {
        "bookingid": 122
    },
    {
        "bookingid": 746
    },
    {
        "bookingid": 228
    },
    {
        "bookingid": 1256
    },
    {
        "bookingid": 951
    },
    {
        "bookingid": 612
    },
    {
        "bookingid": 1275
    },
    {
        "bookingid": 648
    },
    {
        "bookingid": 55
    },
    {
        "bookingid": 1214
    },
    {
        "bookingid": 245
    },
    {
        "bookingid": 1188
    },
    {
        "bookingid": 59
    },
    {
        "bookingid": 680
    },
    {
        "bookingid": 113
    },
    {
        "bookingid": 1260
    },
    {
        "bookingid": 802
    },
    {
        "bookingid": 937
    },
    {
        "bookingid": 236
    },
    {
        "bookingid": 625
    },
    {
        "bookingid": 1173
    },
    {
        "bookingid": 868
    },
    {
        "bookingid": 578
    },
    {
        "bookingid": 492
    },
    {
        "bookingid": 42
    },
    {
        "bookingid": 456
    },
    {
        "bookingid": 46
    },
    {
        "bookingid": 109
    },
    {
        "bookingid": 663
    },
    {
        "bookingid": 40
    },
    {
        "bookingid": 57
    },
    {
        "bookingid": 9
    },
    {
        "bookingid": 865
    },
    {
        "bookingid": 1122
    },
    {
        "bookingid": 238
    },
    {
        "bookingid": 660
    },
    {
        "bookingid": 149
    },
    {
        "bookingid": 1170
    },
    {
        "bookingid": 295
    },
    {
        "bookingid": 188
    },
    {
        "bookingid": 972
    },
    {
        "bookingid": 791
    },
    {
        "bookingid": 754
    },
    {
        "bookingid": 511
    },
    {
        "bookingid": 107
    },
    {
        "bookingid": 1194
    },
    {
        "bookingid": 1066
    },
    {
        "bookingid": 817
    },
    {
        "bookingid": 1129
    },
    {
        "bookingid": 675
    },
    {
        "bookingid": 1083
    },
    {
        "bookingid": 344
    },
    {
        "bookingid": 771
    },
    {
        "bookingid": 1278
    },
    {
        "bookingid": 1059
    },
    {
        "bookingid": 508
    },
    {
        "bookingid": 716
    },
    {
        "bookingid": 608
    },
    {
        "bookingid": 4
    },
    {
        "bookingid": 1242
    },
    {
        "bookingid": 985
    },
    {
        "bookingid": 763
    },
    {
        "bookingid": 797
    },
    {
        "bookingid": 1155
    },
    {
        "bookingid": 1021
    },
    {
        "bookingid": 117
    },
    {
        "bookingid": 27
    },
    {
        "bookingid": 871
    },
    {
        "bookingid": 199
    },
    {
        "bookingid": 419
    },
    {
        "bookingid": 512
    },
    {
        "bookingid": 424
    },
    {
        "bookingid": 839
    },
    {
        "bookingid": 735
    },
    {
        "bookingid": 450
    },
    {
        "bookingid": 388
    },
    {
        "bookingid": 76
    },
    {
        "bookingid": 1184
    },
    {
        "bookingid": 319
    },
    {
        "bookingid": 958
    },
    {
        "bookingid": 879
    },
    {
        "bookingid": 638
    },
    {
        "bookingid": 907
    },
    {
        "bookingid": 348
    },
    {
        "bookingid": 1202
    },
    {
        "bookingid": 1208
    },
    {
        "bookingid": 31
    },
    {
        "bookingid": 103
    },
    {
        "bookingid": 342
    },
    {
        "bookingid": 67
    },
    {
        "bookingid": 733
    },
    {
        "bookingid": 981
    },
    {
        "bookingid": 43
    },
    {
        "bookingid": 770
    },
    {
        "bookingid": 567
    },
    {
        "bookingid": 447
    },
    {
        "bookingid": 645
    },
    {
        "bookingid": 1304
    },
    {
        "bookingid": 126
    },
    {
        "bookingid": 932
    },
    {
        "bookingid": 741
    },
    {
        "bookingid": 531
    },
    {
        "bookingid": 1217
    },
    {
        "bookingid": 296
    },
    {
        "bookingid": 844
    },
    {
        "bookingid": 1091
    },
    {
        "bookingid": 144
    },
    {
        "bookingid": 581
    },
    {
        "bookingid": 375
    },
    {
        "bookingid": 270
    },
    {
        "bookingid": 1215
    },
    {
        "bookingid": 749
    },
    {
        "bookingid": 1227
    },
    {
        "bookingid": 698
    },
    {
        "bookingid": 459
    },
    {
        "bookingid": 1270
    },
    {
        "bookingid": 1252
    },
    {
        "bookingid": 125
    },
    {
        "bookingid": 1030
    },
    {
        "bookingid": 63
    },
    {
        "bookingid": 695
    },
    {
        "bookingid": 742
    },
    {
        "bookingid": 996
    },
    {
        "bookingid": 783
    },
    {
        "bookingid": 182
    },
    {
        "bookingid": 759
    },
    {
        "bookingid": 445
    },
    {
        "bookingid": 1283
    },
    {
        "bookingid": 317
    },
    {
        "bookingid": 384
    },
    {
        "bookingid": 37
    },
    {
        "bookingid": 85
    },
    {
        "bookingid": 692
    },
    {
        "bookingid": 1100
    },
    {
        "bookingid": 250
    },
    {
        "bookingid": 1286
    },
    {
        "bookingid": 158
    },
    {
        "bookingid": 994
    },
    {
        "bookingid": 1114
    },
    {
        "bookingid": 665
    },
    {
        "bookingid": 926
    },
    {
        "bookingid": 769
    },
    {
        "bookingid": 1031
    },
    {
        "bookingid": 481
    },
    {
        "bookingid": 286
    },
    {
        "bookingid": 1261
    },
    {
        "bookingid": 1210
    },
    {
        "bookingid": 305
    },
    {
        "bookingid": 381
    },
    {
        "bookingid": 1235
    },
    {
        "bookingid": 235
    },
    {
        "bookingid": 901
    },
    {
        "bookingid": 837
    },
    {
        "bookingid": 428
    },
    {
        "bookingid": 883
    },
    {
        "bookingid": 1046
    },
    {
        "bookingid": 1290
    },
    {
        "bookingid": 982
    },
    {
        "bookingid": 738
    },
    {
        "bookingid": 653
    },
    {
        "bookingid": 32
    },
    {
        "bookingid": 809
    },
    {
        "bookingid": 1216
    },
    {
        "bookingid": 946
    },
    {
        "bookingid": 1169
    },
    {
        "bookingid": 1221
    },
    {
        "bookingid": 29
    },
    {
        "bookingid": 715
    },
    {
        "bookingid": 1062
    },
    {
        "bookingid": 840
    },
    {
        "bookingid": 218
    },
    {
        "bookingid": 266
    },
    {
        "bookingid": 1291
    },
    {
        "bookingid": 1013
    },
    {
        "bookingid": 921
    },
    {
        "bookingid": 965
    },
    {
        "bookingid": 1251
    },
    {
        "bookingid": 1138
    },
    {
        "bookingid": 654
    },
    {
        "bookingid": 377
    },
    {
        "bookingid": 92
    },
    {
        "bookingid": 432
    },
    {
        "bookingid": 166
    },
    {
        "bookingid": 1036
    },
    {
        "bookingid": 1
    },
    {
        "bookingid": 790
    },
    {
        "bookingid": 904
    },
    {
        "bookingid": 183
    },
    {
        "bookingid": 33
    },
    {
        "bookingid": 576
    },
    {
        "bookingid": 354
    },
    {
        "bookingid": 782
    },
    {
        "bookingid": 864
    },
    {
        "bookingid": 731
    },
    {
        "bookingid": 1131
    },
    {
        "bookingid": 367
    },
    {
        "bookingid": 614
    },
    {
        "bookingid": 54
    },
    {
        "bookingid": 1039
    },
    {
        "bookingid": 1245
    },
    {
        "bookingid": 477
    },
    {
        "bookingid": 463
    },
    {
        "bookingid": 1246
    },
    {
        "bookingid": 385
    },
    {
        "bookingid": 1158
    },
    {
        "bookingid": 259
    },
    {
        "bookingid": 96
    },
    {
        "bookingid": 14
    },
    {
        "bookingid": 102
    },
    {
        "bookingid": 240
    },
    {
        "bookingid": 410
    },
    {
        "bookingid": 412
    },
    {
        "bookingid": 1271
    },
    {
        "bookingid": 1180
    },
    {
        "bookingid": 1162
    },
    {
        "bookingid": 601
    },
    {
        "bookingid": 1027
    },
    {
        "bookingid": 247
    },
    {
        "bookingid": 764
    },
    {
        "bookingid": 123
    },
    {
        "bookingid": 15
    },
    {
        "bookingid": 23
    },
    {
        "bookingid": 372
    },
    {
        "bookingid": 1269
    },
    {
        "bookingid": 194
    },
    {
        "bookingid": 637
    },
    {
        "bookingid": 722
    },
    {
        "bookingid": 760
    },
    {
        "bookingid": 1175
    },
    {
        "bookingid": 1107
    },
    {
        "bookingid": 931
    },
    {
        "bookingid": 335
    },
    {
        "bookingid": 954
    },
    {
        "bookingid": 1078
    },
    {
        "bookingid": 1200
    },
    {
        "bookingid": 609
    },
    {
        "bookingid": 899
    },
    {
        "bookingid": 41
    },
    {
        "bookingid": 830
    },
    {
        "bookingid": 1206
    },
    {
        "bookingid": 159
    },
    {
        "bookingid": 621
    },
    {
        "bookingid": 850
    },
    {
        "bookingid": 1253
    },
    {
        "bookingid": 753
    },
    {
        "bookingid": 622
    },
    {
        "bookingid": 600
    },
    {
        "bookingid": 827
    },
    {
        "bookingid": 72
    },
    {
        "bookingid": 1113
    },
    {
        "bookingid": 280
    },
    {
        "bookingid": 83
    },
    {
        "bookingid": 1067
    },
    {
        "bookingid": 452
    },
    {
        "bookingid": 451
    },
    {
        "bookingid": 105
    },
    {
        "bookingid": 688
    },
    {
        "bookingid": 584
    },
    {
        "bookingid": 267
    },
    {
        "bookingid": 657
    },
    {
        "bookingid": 504
    },
    {
        "bookingid": 399
    },
    {
        "bookingid": 226
    },
    {
        "bookingid": 810
    },
    {
        "bookingid": 494
    },
    {
        "bookingid": 426
    },
    {
        "bookingid": 471
    },
    {
        "bookingid": 66
    },
    {
        "bookingid": 1126
    },
    {
        "bookingid": 534
    },
    {
        "bookingid": 269
    },
    {
        "bookingid": 874
    },
    {
        "bookingid": 19
    },
    {
        "bookingid": 713
    },
    {
        "bookingid": 88
    },
    {
        "bookingid": 823
    },
    {
        "bookingid": 276
    },
    {
        "bookingid": 732
    },
    {
        "bookingid": 793
    },
    {
        "bookingid": 93
    },
    {
        "bookingid": 987
    },
    {
        "bookingid": 666
    },
    {
        "bookingid": 651
    },
    {
        "bookingid": 465
    },
    {
        "bookingid": 413
    },
    {
        "bookingid": 895
    },
    {
        "bookingid": 503
    },
    {
        "bookingid": 1023
    },
    {
        "bookingid": 670
    },
    {
        "bookingid": 1037
    },
    {
        "bookingid": 729
    },
    {
        "bookingid": 822
    },
    {
        "bookingid": 1249
    },
    {
        "bookingid": 389
    },
    {
        "bookingid": 187
    },
    {
        "bookingid": 701
    },
    {
        "bookingid": 254
    },
    {
        "bookingid": 852
    },
    {
        "bookingid": 139
    },
    {
        "bookingid": 1084
    },
    {
        "bookingid": 369
    },
    {
        "bookingid": 1177
    },
    {
        "bookingid": 440
    },
    {
        "bookingid": 478
    },
    {
        "bookingid": 58
    },
    {
        "bookingid": 214
    },
    {
        "bookingid": 489
    },
    {
        "bookingid": 1123
    },
    {
        "bookingid": 1117
    },
    {
        "bookingid": 302
    },
    {
        "bookingid": 953
    },
    {
        "bookingid": 1038
    },
    {
        "bookingid": 1108
    },
    {
        "bookingid": 785
    },
    {
        "bookingid": 1076
    },
    {
        "bookingid": 1028
    },
    {
        "bookingid": 310
    },
    {
        "bookingid": 998
    },
    {
        "bookingid": 704
    },
    {
        "bookingid": 406
    },
    {
        "bookingid": 360
    },
    {
        "bookingid": 327
    },
    {
        "bookingid": 298
    },
    {
        "bookingid": 8
    },
    {
        "bookingid": 818
    },
    {
        "bookingid": 417
    },
    {
        "bookingid": 106
    },
    {
        "bookingid": 1148
    },
    {
        "bookingid": 1098
    },
    {
        "bookingid": 116
    },
    {
        "bookingid": 877
    },
    {
        "bookingid": 343
    },
    {
        "bookingid": 1240
    },
    {
        "bookingid": 490
    },
    {
        "bookingid": 246
    },
    {
        "bookingid": 1168
    },
    {
        "bookingid": 439
    },
    {
        "bookingid": 1255
    },
    {
        "bookingid": 1142
    },
    {
        "bookingid": 1077
    },
    {
        "bookingid": 549
    },
    {
        "bookingid": 165
    },
    {
        "bookingid": 154
    },
    {
        "bookingid": 496
    },
    {
        "bookingid": 1063
    },
    {
        "bookingid": 1064
    },
    {
        "bookingid": 808
    },
    {
        "bookingid": 1056
    },
    {
        "bookingid": 896
    },
    {
        "bookingid": 61
    },
    {
        "bookingid": 395
    },
    {
        "bookingid": 51
    },
    {
        "bookingid": 174
    },
    {
        "bookingid": 913
    },
    {
        "bookingid": 65
    },
    {
        "bookingid": 943
    },
    {
        "bookingid": 786
    },
    {
        "bookingid": 1003
    },
    {
        "bookingid": 835
    },
    {
        "bookingid": 917
    },
    {
        "bookingid": 831
    },
    {
        "bookingid": 167
    },
    {
        "bookingid": 1099
    },
    {
        "bookingid": 889
    },
    {
        "bookingid": 1149
    },
    {
        "bookingid": 1187
    },
    {
        "bookingid": 573
    },
    {
        "bookingid": 1125
    },
    {
        "bookingid": 74
    },
    {
        "bookingid": 604
    },
    {
        "bookingid": 374
    },
    {
        "bookingid": 629
    },
    {
        "bookingid": 1096
    },
    {
        "bookingid": 595
    },
    {
        "bookingid": 655
    },
    {
        "bookingid": 1088
    },
    {
        "bookingid": 671
    },
    {
        "bookingid": 1103
    },
    {
        "bookingid": 643
    },
    {
        "bookingid": 171
    },
    {
        "bookingid": 420
    },
    {
        "bookingid": 859
    },
    {
        "bookingid": 315
    },
    {
        "bookingid": 26
    },
    {
        "bookingid": 832
    },
    {
        "bookingid": 640
    },
    {
        "bookingid": 1285
    },
    {
        "bookingid": 1195
    },
    {
        "bookingid": 911
    },
    {
        "bookingid": 1293
    },
    {
        "bookingid": 396
    },
    {
        "bookingid": 854
    },
    {
        "bookingid": 971
    },
    {
        "bookingid": 211
    },
    {
        "bookingid": 453
    },
    {
        "bookingid": 885
    },
    {
        "bookingid": 339
    },
    {
        "bookingid": 487
    },
    {
        "bookingid": 923
    },
    {
        "bookingid": 328
    },
    {
        "bookingid": 718
    },
    {
        "bookingid": 90
    },
    {
        "bookingid": 947
    },
    {
        "bookingid": 181
    },
    {
        "bookingid": 89
    },
    {
        "bookingid": 1247
    },
    {
        "bookingid": 892
    },
    {
        "bookingid": 393
    },
    {
        "bookingid": 894
    },
    {
        "bookingid": 25
    },
    {
        "bookingid": 273
    },
    {
        "bookingid": 747
    },
    {
        "bookingid": 824
    },
    {
        "bookingid": 890
    },
    {
        "bookingid": 562
    },
    {
        "bookingid": 34
    },
    {
        "bookingid": 119
    },
    {
        "bookingid": 168
    },
    {
        "bookingid": 1074
    },
    {
        "bookingid": 554
    },
    {
        "bookingid": 288
    },
    {
        "bookingid": 411
    },
    {
        "bookingid": 536
    },
    {
        "bookingid": 172
    },
    {
        "bookingid": 44
    },
    {
        "bookingid": 3
    },
    {
        "bookingid": 633
    },
    {
        "bookingid": 13
    },
    {
        "bookingid": 306
    },
    {
        "bookingid": 12
    },
    {
        "bookingid": 1137
    },
    {
        "bookingid": 548
    },
    {
        "bookingid": 135
    },
    {
        "bookingid": 848
    },
    {
        "bookingid": 201
    },
    {
        "bookingid": 282
    },
    {
        "bookingid": 524
    },
    {
        "bookingid": 619
    },
    {
        "bookingid": 623
    },
    {
        "bookingid": 1110
    },
    {
        "bookingid": 243
    },
    {
        "bookingid": 136
    },
    {
        "bookingid": 1228
    },
    {
        "bookingid": 925
    },
    {
        "bookingid": 570
    },
    {
        "bookingid": 866
    },
    {
        "bookingid": 333
    },
    {
        "bookingid": 1156
    },
    {
        "bookingid": 776
    },
    {
        "bookingid": 1058
    },
    {
        "bookingid": 647
    },
    {
        "bookingid": 498
    },
    {
        "bookingid": 6
    },
    {
        "bookingid": 460
    },
    {
        "bookingid": 779
    },
    {
        "bookingid": 1166
    },
    {
        "bookingid": 1081
    },
    {
        "bookingid": 213
    },
    {
        "bookingid": 857
    },
    {
        "bookingid": 585
    },
    {
        "bookingid": 529
    },
    {
        "bookingid": 945
    },
    {
        "bookingid": 241
    },
    {
        "bookingid": 682
    },
    {
        "bookingid": 495
    },
    {
        "bookingid": 719
    },
    {
        "bookingid": 1109
    },
    {
        "bookingid": 403
    },
    {
        "bookingid": 726
    },
    {
        "bookingid": 5
    },
    {
        "bookingid": 1086
    },
    {
        "bookingid": 294
    },
    {
        "bookingid": 1241
    },
    {
        "bookingid": 466
    },
    {
        "bookingid": 630
    },
    {
        "bookingid": 930
    },
    {
        "bookingid": 264
    },
    {
        "bookingid": 1222
    },
    {
        "bookingid": 82
    },
    {
        "bookingid": 401
    },
    {
        "bookingid": 147
    },
    {
        "bookingid": 538
    },
    {
        "bookingid": 591
    },
    {
        "bookingid": 1161
    },
    {
        "bookingid": 514
    },
    {
        "bookingid": 908
    },
    {
        "bookingid": 1230
    },
    {
        "bookingid": 1160
    },
    {
        "bookingid": 710
    },
    {
        "bookingid": 45
    },
    {
        "bookingid": 435
    },
    {
        "bookingid": 28
    },
    {
        "bookingid": 129
    },
    {
        "bookingid": 873
    },
    {
        "bookingid": 762
    },
    {
        "bookingid": 1051
    },
    {
        "bookingid": 1289
    },
    {
        "bookingid": 1201
    },
    {
        "bookingid": 326
    },
    {
        "bookingid": 216
    },
    {
        "bookingid": 1089
    },
    {
        "bookingid": 757
    },
    {
        "bookingid": 959
    },
    {
        "bookingid": 803
    },
    {
        "bookingid": 292
    },
    {
        "bookingid": 349
    },
    {
        "bookingid": 1231
    },
    {
        "bookingid": 617
    },
    {
        "bookingid": 178
    },
    {
        "bookingid": 7
    },
    {
        "bookingid": 1199
    },
    {
        "bookingid": 253
    },
    {
        "bookingid": 1272
    },
    {
        "bookingid": 960
    },
    {
        "bookingid": 1301
    },
    {
        "bookingid": 933
    },
    {
        "bookingid": 1005
    },
    {
        "bookingid": 755
    },
    {
        "bookingid": 878
    },
    {
        "bookingid": 189
    },
    {
        "bookingid": 1045
    },
    {
        "bookingid": 1043
    },
    {
        "bookingid": 151
    },
    {
        "bookingid": 1010
    },
    {
        "bookingid": 1022
    },
    {
        "bookingid": 289
    },
    {
        "bookingid": 48
    },
    {
        "bookingid": 955
    },
    {
        "bookingid": 766
    },
    {
        "bookingid": 678
    },
    {
        "bookingid": 146
    },
    {
        "bookingid": 275
    },
    {
        "bookingid": 468
    },
    {
        "bookingid": 200
    },
    {
        "bookingid": 340
    },
    {
        "bookingid": 38
    },
    {
        "bookingid": 594
    },
    {
        "bookingid": 778
    },
    {
        "bookingid": 796
    },
    {
        "bookingid": 507
    },
    {
        "bookingid": 153
    },
    {
        "bookingid": 1263
    },
    {
        "bookingid": 679
    },
    {
        "bookingid": 1095
    },
    {
        "bookingid": 493
    },
    {
        "bookingid": 202
    },
    {
        "bookingid": 906
    },
    {
        "bookingid": 373
    },
    {
        "bookingid": 427
    },
    {
        "bookingid": 141
    },
    {
        "bookingid": 919
    },
    {
        "bookingid": 400
    },
    {
        "bookingid": 110
    },
    {
        "bookingid": 224
    },
    {
        "bookingid": 799
    },
    {
        "bookingid": 382
    },
    {
        "bookingid": 198
    },
    {
        "bookingid": 559
    },
    {
        "bookingid": 812
    },
    {
        "bookingid": 1009
    },
    {
        "bookingid": 77
    },
    {
        "bookingid": 886
    },
    {
        "bookingid": 1193
    },
    {
        "bookingid": 703
    },
    {
        "bookingid": 553
    },
    {
        "bookingid": 949
    },
    {
        "bookingid": 991
    },
    {
        "bookingid": 940
    }
]
  &amp#27;[32mAnd &amp#27;[0m&amp#27;[32mResponse should contain list of booking IDs&amp#27;[0m    &amp#27;[90m# stepdefs.GetBookingStepDefs.response_should_contain_list_of_booking_ids()&amp#27;[0m
]]></system-out>
  </testcase>
  <testcase name="runScenario[&quot;Retrieve bookings with individual filter &quot;firstname&quot;=&quot;Sally&quot;&quot;, &quot;GET API Tests&quot;](5)" classname="runners.TestRunner" time="1.949">
    <system-out><![CDATA[
Scenario Outline: Retrieve bookings with individual filter "firstname"="Sally" &amp#27;[90m# src/test/resources/features/GetBooking.feature:19&amp#27;[0m
16:53:26 [main] DEBUG org.apache.http.impl.conn.BasicClientConnectionManager - Get connection for route {s}->https://restful-booker.herokuapp.com:443
16:53:26 [main] DEBUG org.apache.http.impl.conn.DefaultClientConnectionOperator - Connecting to restful-booker.herokuapp.com:443
16:53:27 [main] DEBUG org.apache.http.client.protocol.RequestAddCookies - CookieSpec selected: ignoreCookies
16:53:27 [main] DEBUG org.apache.http.client.protocol.RequestAuthCache - Auth cache not set in the context
16:53:27 [main] DEBUG org.apache.http.client.protocol.RequestTargetAuthentication - Target auth state: UNCHALLENGED
16:53:27 [main] DEBUG org.apache.http.client.protocol.RequestProxyAuthentication - Proxy auth state: UNCHALLENGED
16:53:27 [main] DEBUG org.apache.http.impl.client.DefaultHttpClient - Attempt 1 to execute request
16:53:27 [main] DEBUG org.apache.http.impl.conn.DefaultClientConnection - Sending request: POST /auth HTTP/1.1
16:53:27 [main] DEBUG org.apache.http.wire -  >> "POST /auth HTTP/1.1[\r][\n]"
16:53:27 [main] DEBUG org.apache.http.wire -  >> "Accept: */*[\r][\n]"
16:53:27 [main] DEBUG org.apache.http.wire -  >> "Content-Type: application/json[\r][\n]"
16:53:27 [main] DEBUG org.apache.http.wire -  >> "Content-Length: 45[\r][\n]"
16:53:27 [main] DEBUG org.apache.http.wire -  >> "Host: restful-booker.herokuapp.com[\r][\n]"
16:53:27 [main] DEBUG org.apache.http.wire -  >> "Connection: Keep-Alive[\r][\n]"
16:53:27 [main] DEBUG org.apache.http.wire -  >> "User-Agent: Apache-HttpClient/4.5.13 (Java/17.0.11)[\r][\n]"
16:53:27 [main] DEBUG org.apache.http.wire -  >> "Accept-Encoding: gzip,deflate[\r][\n]"
16:53:27 [main] DEBUG org.apache.http.wire -  >> "[\r][\n]"
16:53:27 [main] DEBUG org.apache.http.headers - >> POST /auth HTTP/1.1
16:53:27 [main] DEBUG org.apache.http.headers - >> Accept: */*
16:53:27 [main] DEBUG org.apache.http.headers - >> Content-Type: application/json
16:53:27 [main] DEBUG org.apache.http.headers - >> Content-Length: 45
16:53:27 [main] DEBUG org.apache.http.headers - >> Host: restful-booker.herokuapp.com
16:53:27 [main] DEBUG org.apache.http.headers - >> Connection: Keep-Alive
16:53:27 [main] DEBUG org.apache.http.headers - >> User-Agent: Apache-HttpClient/4.5.13 (Java/17.0.11)
16:53:27 [main] DEBUG org.apache.http.headers - >> Accept-Encoding: gzip,deflate
16:53:27 [main] DEBUG org.apache.http.wire -  >> "{"username":"admin","password":"password123"}"
16:53:27 [main] DEBUG org.apache.http.wire -  << "HTTP/1.1 200 OK[\r][\n]"
16:53:27 [main] DEBUG org.apache.http.wire -  << "Content-Length: 27[\r][\n]"
16:53:27 [main] DEBUG org.apache.http.wire -  << "Content-Type: application/json; charset=utf-8[\r][\n]"
16:53:27 [main] DEBUG org.apache.http.wire -  << "Date: Wed, 06 Aug 2025 14:53:27 GMT[\r][\n]"
16:53:27 [main] DEBUG org.apache.http.wire -  << "Etag: W/"1b-RDVKKqJu5/4Hzcagas3cCLBRpNE"[\r][\n]"
16:53:27 [main] DEBUG org.apache.http.wire -  << "Nel: {"report_to":"heroku-nel","response_headers":["Via"],"max_age":3600,"success_fraction":0.01,"failure_fraction":0.1}[\r][\n]"
16:53:27 [main] DEBUG org.apache.http.wire -  << "Report-To: {"group":"heroku-nel","endpoints":[{"url":"https://nel.heroku.com/reports?s=8pC8jQNNM6XSwJXpfEvHNQTjIjj5XENkJGXL%2BwPa3Ho%3D\u0026sid=c46efe9b-d3d2-4a0c-8c76-bfafa16c5add\u0026ts=1754492007"}],"max_age":3600}[\r][\n]"
16:53:27 [main] DEBUG org.apache.http.wire -  << "Reporting-Endpoints: heroku-nel="https://nel.heroku.com/reports?s=8pC8jQNNM6XSwJXpfEvHNQTjIjj5XENkJGXL%2BwPa3Ho%3D&sid=c46efe9b-d3d2-4a0c-8c76-bfafa16c5add&ts=1754492007"[\r][\n]"
16:53:27 [main] DEBUG org.apache.http.wire -  << "Server: Heroku[\r][\n]"
16:53:27 [main] DEBUG org.apache.http.wire -  << "Via: 1.1 heroku-router[\r][\n]"
16:53:27 [main] DEBUG org.apache.http.wire -  << "X-Powered-By: Express[\r][\n]"
16:53:27 [main] DEBUG org.apache.http.wire -  << "[\r][\n]"
16:53:27 [main] DEBUG org.apache.http.impl.conn.DefaultClientConnection - Receiving response: HTTP/1.1 200 OK
16:53:27 [main] DEBUG org.apache.http.headers - << HTTP/1.1 200 OK
16:53:27 [main] DEBUG org.apache.http.headers - << Content-Length: 27
16:53:27 [main] DEBUG org.apache.http.headers - << Content-Type: application/json; charset=utf-8
16:53:27 [main] DEBUG org.apache.http.headers - << Date: Wed, 06 Aug 2025 14:53:27 GMT
16:53:27 [main] DEBUG org.apache.http.headers - << Etag: W/"1b-RDVKKqJu5/4Hzcagas3cCLBRpNE"
16:53:27 [main] DEBUG org.apache.http.headers - << Nel: {"report_to":"heroku-nel","response_headers":["Via"],"max_age":3600,"success_fraction":0.01,"failure_fraction":0.1}
16:53:27 [main] DEBUG org.apache.http.headers - << Report-To: {"group":"heroku-nel","endpoints":[{"url":"https://nel.heroku.com/reports?s=8pC8jQNNM6XSwJXpfEvHNQTjIjj5XENkJGXL%2BwPa3Ho%3D\u0026sid=c46efe9b-d3d2-4a0c-8c76-bfafa16c5add\u0026ts=1754492007"}],"max_age":3600}
16:53:27 [main] DEBUG org.apache.http.headers - << Reporting-Endpoints: heroku-nel="https://nel.heroku.com/reports?s=8pC8jQNNM6XSwJXpfEvHNQTjIjj5XENkJGXL%2BwPa3Ho%3D&sid=c46efe9b-d3d2-4a0c-8c76-bfafa16c5add&ts=1754492007"
16:53:27 [main] DEBUG org.apache.http.headers - << Server: Heroku
16:53:27 [main] DEBUG org.apache.http.headers - << Via: 1.1 heroku-router
16:53:27 [main] DEBUG org.apache.http.headers - << X-Powered-By: Express
16:53:27 [main] DEBUG org.apache.http.impl.client.DefaultHttpClient - Connection can be kept alive indefinitely
16:53:27 [main] DEBUG io.restassured.internal.RestAssuredHttpBuilder - Parsing response as: application/json; charset=utf-8
16:53:27 [main] DEBUG io.restassured.internal.RestAssuredHttpBuilder - Parsed data to instance of: class org.apache.http.conn.EofSensorInputStream
16:53:27 [main] DEBUG org.apache.http.wire -  << "{"token":"8b5ce4c82010b5f"}"
16:53:27 [main] DEBUG org.apache.http.impl.conn.BasicClientConnectionManager - Releasing connection org.apache.http.impl.conn.ManagedClientConnectionImpl@c7673ae
16:53:27 [main] DEBUG org.apache.http.impl.conn.BasicClientConnectionManager - Connection can be kept alive indefinitely
Generated Token: 8b5ce4c82010b5f
  &amp#27;[32mGiven &amp#27;[0m&amp#27;[32mUser has valid auth token&amp#27;[0m                                              &amp#27;[90m# stepdefs.AuthenticationSteps.user_has_valid_auth_token()&amp#27;[0m
16:53:27 [main] DEBUG org.apache.http.impl.conn.BasicClientConnectionManager - Get connection for route {s}->https://restful-booker.herokuapp.com:443
16:53:27 [main] DEBUG org.apache.http.impl.conn.DefaultClientConnectionOperator - Connecting to restful-booker.herokuapp.com:443
16:53:28 [main] DEBUG org.apache.http.client.protocol.RequestAddCookies - CookieSpec selected: ignoreCookies
16:53:28 [main] DEBUG org.apache.http.client.protocol.RequestAuthCache - Auth cache not set in the context
16:53:28 [main] DEBUG org.apache.http.client.protocol.RequestTargetAuthentication - Target auth state: UNCHALLENGED
16:53:28 [main] DEBUG org.apache.http.client.protocol.RequestProxyAuthentication - Proxy auth state: UNCHALLENGED
16:53:28 [main] DEBUG org.apache.http.impl.client.DefaultHttpClient - Attempt 1 to execute request
16:53:28 [main] DEBUG org.apache.http.impl.conn.DefaultClientConnection - Sending request: GET /booking?firstname=Sally HTTP/1.1
16:53:28 [main] DEBUG org.apache.http.wire -  >> "GET /booking?firstname=Sally HTTP/1.1[\r][\n]"
16:53:28 [main] DEBUG org.apache.http.wire -  >> "Content-Type: application/json[\r][\n]"
16:53:28 [main] DEBUG org.apache.http.wire -  >> "Accept: */*[\r][\n]"
16:53:28 [main] DEBUG org.apache.http.wire -  >> "Host: restful-booker.herokuapp.com[\r][\n]"
16:53:28 [main] DEBUG org.apache.http.wire -  >> "Connection: Keep-Alive[\r][\n]"
16:53:28 [main] DEBUG org.apache.http.wire -  >> "User-Agent: Apache-HttpClient/4.5.13 (Java/17.0.11)[\r][\n]"
16:53:28 [main] DEBUG org.apache.http.wire -  >> "Accept-Encoding: gzip,deflate[\r][\n]"
16:53:28 [main] DEBUG org.apache.http.wire -  >> "[\r][\n]"
16:53:28 [main] DEBUG org.apache.http.headers - >> GET /booking?firstname=Sally HTTP/1.1
16:53:28 [main] DEBUG org.apache.http.headers - >> Content-Type: application/json
16:53:28 [main] DEBUG org.apache.http.headers - >> Accept: */*
16:53:28 [main] DEBUG org.apache.http.headers - >> Host: restful-booker.herokuapp.com
16:53:28 [main] DEBUG org.apache.http.headers - >> Connection: Keep-Alive
16:53:28 [main] DEBUG org.apache.http.headers - >> User-Agent: Apache-HttpClient/4.5.13 (Java/17.0.11)
16:53:28 [main] DEBUG org.apache.http.headers - >> Accept-Encoding: gzip,deflate
16:53:28 [main] DEBUG org.apache.http.wire -  << "HTTP/1.1 200 OK[\r][\n]"
16:53:28 [main] DEBUG org.apache.http.wire -  << "Content-Length: 17[\r][\n]"
16:53:28 [main] DEBUG org.apache.http.wire -  << "Content-Type: application/json; charset=utf-8[\r][\n]"
16:53:28 [main] DEBUG org.apache.http.wire -  << "Date: Wed, 06 Aug 2025 14:53:27 GMT[\r][\n]"
16:53:28 [main] DEBUG org.apache.http.wire -  << "Etag: W/"11-b1nR+PkJIu/KG1r5b0QqFtjnmw4"[\r][\n]"
16:53:28 [main] DEBUG org.apache.http.wire -  << "Nel: {"report_to":"heroku-nel","response_headers":["Via"],"max_age":3600,"success_fraction":0.01,"failure_fraction":0.1}[\r][\n]"
16:53:28 [main] DEBUG org.apache.http.wire -  << "Report-To: {"group":"heroku-nel","endpoints":[{"url":"https://nel.heroku.com/reports?s=8pC8jQNNM6XSwJXpfEvHNQTjIjj5XENkJGXL%2BwPa3Ho%3D\u0026sid=c46efe9b-d3d2-4a0c-8c76-bfafa16c5add\u0026ts=1754492007"}],"max_age":3600}[\r][\n]"
16:53:28 [main] DEBUG org.apache.http.wire -  << "Reporting-Endpoints: heroku-nel="https://nel.heroku.com/reports?s=8pC8jQNNM6XSwJXpfEvHNQTjIjj5XENkJGXL%2BwPa3Ho%3D&sid=c46efe9b-d3d2-4a0c-8c76-bfafa16c5add&ts=1754492007"[\r][\n]"
16:53:28 [main] DEBUG org.apache.http.wire -  << "Server: Heroku[\r][\n]"
16:53:28 [main] DEBUG org.apache.http.wire -  << "Via: 1.1 heroku-router[\r][\n]"
16:53:28 [main] DEBUG org.apache.http.wire -  << "X-Powered-By: Express[\r][\n]"
16:53:28 [main] DEBUG org.apache.http.wire -  << "[\r][\n]"
16:53:28 [main] DEBUG org.apache.http.impl.conn.DefaultClientConnection - Receiving response: HTTP/1.1 200 OK
16:53:28 [main] DEBUG org.apache.http.headers - << HTTP/1.1 200 OK
16:53:28 [main] DEBUG org.apache.http.headers - << Content-Length: 17
16:53:28 [main] DEBUG org.apache.http.headers - << Content-Type: application/json; charset=utf-8
16:53:28 [main] DEBUG org.apache.http.headers - << Date: Wed, 06 Aug 2025 14:53:27 GMT
16:53:28 [main] DEBUG org.apache.http.headers - << Etag: W/"11-b1nR+PkJIu/KG1r5b0QqFtjnmw4"
16:53:28 [main] DEBUG org.apache.http.headers - << Nel: {"report_to":"heroku-nel","response_headers":["Via"],"max_age":3600,"success_fraction":0.01,"failure_fraction":0.1}
16:53:28 [main] DEBUG org.apache.http.headers - << Report-To: {"group":"heroku-nel","endpoints":[{"url":"https://nel.heroku.com/reports?s=8pC8jQNNM6XSwJXpfEvHNQTjIjj5XENkJGXL%2BwPa3Ho%3D\u0026sid=c46efe9b-d3d2-4a0c-8c76-bfafa16c5add\u0026ts=1754492007"}],"max_age":3600}
16:53:28 [main] DEBUG org.apache.http.headers - << Reporting-Endpoints: heroku-nel="https://nel.heroku.com/reports?s=8pC8jQNNM6XSwJXpfEvHNQTjIjj5XENkJGXL%2BwPa3Ho%3D&sid=c46efe9b-d3d2-4a0c-8c76-bfafa16c5add&ts=1754492007"
16:53:28 [main] DEBUG org.apache.http.headers - << Server: Heroku
16:53:28 [main] DEBUG org.apache.http.headers - << Via: 1.1 heroku-router
16:53:28 [main] DEBUG org.apache.http.headers - << X-Powered-By: Express
16:53:28 [main] DEBUG org.apache.http.impl.client.DefaultHttpClient - Connection can be kept alive indefinitely
16:53:28 [main] DEBUG io.restassured.internal.RestAssuredHttpBuilder - Parsing response as: application/json; charset=utf-8
16:53:28 [main] DEBUG io.restassured.internal.RestAssuredHttpBuilder - Parsed data to instance of: class org.apache.http.conn.EofSensorInputStream
  &amp#27;[32mWhen &amp#27;[0m&amp#27;[32mUser requests bookings with filter &amp#27;[0m&amp#27;[32m&amp#27;[1m"firstname"&amp#27;[0m&amp#27;[32m=&amp#27;[0m&amp#27;[32m&amp#27;[1m"Sally"&amp#27;[0m                  &amp#27;[90m# stepdefs.GetBookingStepDefs.user_requests_bookings_with_individual_filter(java.lang.String,java.lang.String)&amp#27;[0m
  &amp#27;[32mThen &amp#27;[0m&amp#27;[32mBooking response status should be &amp#27;[0m&amp#27;[32m&amp#27;[1m200&amp#27;[0m                                   &amp#27;[90m# stepdefs.GetBookingStepDefs.booking_response_status_should_be(int)&amp#27;[0m
16:53:28 [main] DEBUG org.apache.http.wire -  << "[{"bookingid":4}]"
16:53:28 [main] DEBUG org.apache.http.impl.conn.BasicClientConnectionManager - Releasing connection org.apache.http.impl.conn.ManagedClientConnectionImpl@6ec2d990
16:53:28 [main] DEBUG org.apache.http.impl.conn.BasicClientConnectionManager - Connection can be kept alive indefinitely
Full API Response:
[
    {
        "bookingid": 4
    }
]
  &amp#27;[32mAnd &amp#27;[0m&amp#27;[32mResponse should contain list of booking IDs&amp#27;[0m                              &amp#27;[90m# stepdefs.GetBookingStepDefs.response_should_contain_list_of_booking_ids()&amp#27;[0m
]]></system-out>
  </testcase>
  <testcase name="runScenario[&quot;Retrieve bookings with individual filter &quot;lastname&quot;=&quot;Brown&quot;&quot;, &quot;GET API Tests&quot;](6)" classname="runners.TestRunner" time="1.668">
    <system-out><![CDATA[
Scenario Outline: Retrieve bookings with individual filter "lastname"="Brown" &amp#27;[90m# src/test/resources/features/GetBooking.feature:20&amp#27;[0m
16:53:28 [main] DEBUG org.apache.http.impl.conn.BasicClientConnectionManager - Get connection for route {s}->https://restful-booker.herokuapp.com:443
16:53:28 [main] DEBUG org.apache.http.impl.conn.DefaultClientConnectionOperator - Connecting to restful-booker.herokuapp.com:443
16:53:28 [main] DEBUG org.apache.http.client.protocol.RequestAddCookies - CookieSpec selected: ignoreCookies
16:53:28 [main] DEBUG org.apache.http.client.protocol.RequestAuthCache - Auth cache not set in the context
16:53:28 [main] DEBUG org.apache.http.client.protocol.RequestTargetAuthentication - Target auth state: UNCHALLENGED
16:53:28 [main] DEBUG org.apache.http.client.protocol.RequestProxyAuthentication - Proxy auth state: UNCHALLENGED
16:53:28 [main] DEBUG org.apache.http.impl.client.DefaultHttpClient - Attempt 1 to execute request
16:53:28 [main] DEBUG org.apache.http.impl.conn.DefaultClientConnection - Sending request: POST /auth HTTP/1.1
16:53:28 [main] DEBUG org.apache.http.wire -  >> "POST /auth HTTP/1.1[\r][\n]"
16:53:28 [main] DEBUG org.apache.http.wire -  >> "Accept: */*[\r][\n]"
16:53:28 [main] DEBUG org.apache.http.wire -  >> "Content-Type: application/json[\r][\n]"
16:53:28 [main] DEBUG org.apache.http.wire -  >> "Content-Length: 45[\r][\n]"
16:53:28 [main] DEBUG org.apache.http.wire -  >> "Host: restful-booker.herokuapp.com[\r][\n]"
16:53:28 [main] DEBUG org.apache.http.wire -  >> "Connection: Keep-Alive[\r][\n]"
16:53:28 [main] DEBUG org.apache.http.wire -  >> "User-Agent: Apache-HttpClient/4.5.13 (Java/17.0.11)[\r][\n]"
16:53:28 [main] DEBUG org.apache.http.wire -  >> "Accept-Encoding: gzip,deflate[\r][\n]"
16:53:28 [main] DEBUG org.apache.http.wire -  >> "[\r][\n]"
16:53:28 [main] DEBUG org.apache.http.headers - >> POST /auth HTTP/1.1
16:53:28 [main] DEBUG org.apache.http.headers - >> Accept: */*
16:53:28 [main] DEBUG org.apache.http.headers - >> Content-Type: application/json
16:53:28 [main] DEBUG org.apache.http.headers - >> Content-Length: 45
16:53:28 [main] DEBUG org.apache.http.headers - >> Host: restful-booker.herokuapp.com
16:53:28 [main] DEBUG org.apache.http.headers - >> Connection: Keep-Alive
16:53:28 [main] DEBUG org.apache.http.headers - >> User-Agent: Apache-HttpClient/4.5.13 (Java/17.0.11)
16:53:28 [main] DEBUG org.apache.http.headers - >> Accept-Encoding: gzip,deflate
16:53:28 [main] DEBUG org.apache.http.wire -  >> "{"username":"admin","password":"password123"}"
16:53:29 [main] DEBUG org.apache.http.wire -  << "HTTP/1.1 200 OK[\r][\n]"
16:53:29 [main] DEBUG org.apache.http.wire -  << "Content-Length: 27[\r][\n]"
16:53:29 [main] DEBUG org.apache.http.wire -  << "Content-Type: application/json; charset=utf-8[\r][\n]"
16:53:29 [main] DEBUG org.apache.http.wire -  << "Date: Wed, 06 Aug 2025 14:53:28 GMT[\r][\n]"
16:53:29 [main] DEBUG org.apache.http.wire -  << "Etag: W/"1b-25iflzEvf1cC1uCJhPgZ/PZ8Cxo"[\r][\n]"
16:53:29 [main] DEBUG org.apache.http.wire -  << "Nel: {"report_to":"heroku-nel","response_headers":["Via"],"max_age":3600,"success_fraction":0.01,"failure_fraction":0.1}[\r][\n]"
16:53:29 [main] DEBUG org.apache.http.wire -  << "Report-To: {"group":"heroku-nel","endpoints":[{"url":"https://nel.heroku.com/reports?s=3lCSIf1jaFTez8R0M0lo5yk7hw7SpQfqO%2FiFVv1Yl%2FA%3D\u0026sid=c46efe9b-d3d2-4a0c-8c76-bfafa16c5add\u0026ts=1754492008"}],"max_age":3600}[\r][\n]"
16:53:29 [main] DEBUG org.apache.http.wire -  << "Reporting-Endpoints: heroku-nel="https://nel.heroku.com/reports?s=3lCSIf1jaFTez8R0M0lo5yk7hw7SpQfqO%2FiFVv1Yl%2FA%3D&sid=c46efe9b-d3d2-4a0c-8c76-bfafa16c5add&ts=1754492008"[\r][\n]"
16:53:29 [main] DEBUG org.apache.http.wire -  << "Server: Heroku[\r][\n]"
16:53:29 [main] DEBUG org.apache.http.wire -  << "Via: 1.1 heroku-router[\r][\n]"
16:53:29 [main] DEBUG org.apache.http.wire -  << "X-Powered-By: Express[\r][\n]"
16:53:29 [main] DEBUG org.apache.http.wire -  << "[\r][\n]"
16:53:29 [main] DEBUG org.apache.http.impl.conn.DefaultClientConnection - Receiving response: HTTP/1.1 200 OK
16:53:29 [main] DEBUG org.apache.http.headers - << HTTP/1.1 200 OK
16:53:29 [main] DEBUG org.apache.http.headers - << Content-Length: 27
16:53:29 [main] DEBUG org.apache.http.headers - << Content-Type: application/json; charset=utf-8
16:53:29 [main] DEBUG org.apache.http.headers - << Date: Wed, 06 Aug 2025 14:53:28 GMT
16:53:29 [main] DEBUG org.apache.http.headers - << Etag: W/"1b-25iflzEvf1cC1uCJhPgZ/PZ8Cxo"
16:53:29 [main] DEBUG org.apache.http.headers - << Nel: {"report_to":"heroku-nel","response_headers":["Via"],"max_age":3600,"success_fraction":0.01,"failure_fraction":0.1}
16:53:29 [main] DEBUG org.apache.http.headers - << Report-To: {"group":"heroku-nel","endpoints":[{"url":"https://nel.heroku.com/reports?s=3lCSIf1jaFTez8R0M0lo5yk7hw7SpQfqO%2FiFVv1Yl%2FA%3D\u0026sid=c46efe9b-d3d2-4a0c-8c76-bfafa16c5add\u0026ts=1754492008"}],"max_age":3600}
16:53:29 [main] DEBUG org.apache.http.headers - << Reporting-Endpoints: heroku-nel="https://nel.heroku.com/reports?s=3lCSIf1jaFTez8R0M0lo5yk7hw7SpQfqO%2FiFVv1Yl%2FA%3D&sid=c46efe9b-d3d2-4a0c-8c76-bfafa16c5add&ts=1754492008"
16:53:29 [main] DEBUG org.apache.http.headers - << Server: Heroku
16:53:29 [main] DEBUG org.apache.http.headers - << Via: 1.1 heroku-router
16:53:29 [main] DEBUG org.apache.http.headers - << X-Powered-By: Express
16:53:29 [main] DEBUG org.apache.http.impl.client.DefaultHttpClient - Connection can be kept alive indefinitely
16:53:29 [main] DEBUG io.restassured.internal.RestAssuredHttpBuilder - Parsing response as: application/json; charset=utf-8
16:53:29 [main] DEBUG io.restassured.internal.RestAssuredHttpBuilder - Parsed data to instance of: class org.apache.http.conn.EofSensorInputStream
16:53:29 [main] DEBUG org.apache.http.wire -  << "{"token":"6051f81915bb38a"}"
16:53:29 [main] DEBUG org.apache.http.impl.conn.BasicClientConnectionManager - Releasing connection org.apache.http.impl.conn.ManagedClientConnectionImpl@3211cc84
16:53:29 [main] DEBUG org.apache.http.impl.conn.BasicClientConnectionManager - Connection can be kept alive indefinitely
Generated Token: 6051f81915bb38a
  &amp#27;[32mGiven &amp#27;[0m&amp#27;[32mUser has valid auth token&amp#27;[0m                                             &amp#27;[90m# stepdefs.AuthenticationSteps.user_has_valid_auth_token()&amp#27;[0m
16:53:29 [main] DEBUG org.apache.http.impl.conn.BasicClientConnectionManager - Get connection for route {s}->https://restful-booker.herokuapp.com:443
16:53:29 [main] DEBUG org.apache.http.impl.conn.DefaultClientConnectionOperator - Connecting to restful-booker.herokuapp.com:443
16:53:29 [main] DEBUG org.apache.http.client.protocol.RequestAddCookies - CookieSpec selected: ignoreCookies
16:53:29 [main] DEBUG org.apache.http.client.protocol.RequestAuthCache - Auth cache not set in the context
16:53:29 [main] DEBUG org.apache.http.client.protocol.RequestTargetAuthentication - Target auth state: UNCHALLENGED
16:53:29 [main] DEBUG org.apache.http.client.protocol.RequestProxyAuthentication - Proxy auth state: UNCHALLENGED
16:53:29 [main] DEBUG org.apache.http.impl.client.DefaultHttpClient - Attempt 1 to execute request
16:53:29 [main] DEBUG org.apache.http.impl.conn.DefaultClientConnection - Sending request: GET /booking?lastname=Brown HTTP/1.1
16:53:29 [main] DEBUG org.apache.http.wire -  >> "GET /booking?lastname=Brown HTTP/1.1[\r][\n]"
16:53:29 [main] DEBUG org.apache.http.wire -  >> "Content-Type: application/json[\r][\n]"
16:53:29 [main] DEBUG org.apache.http.wire -  >> "Accept: */*[\r][\n]"
16:53:29 [main] DEBUG org.apache.http.wire -  >> "Host: restful-booker.herokuapp.com[\r][\n]"
16:53:29 [main] DEBUG org.apache.http.wire -  >> "Connection: Keep-Alive[\r][\n]"
16:53:29 [main] DEBUG org.apache.http.wire -  >> "User-Agent: Apache-HttpClient/4.5.13 (Java/17.0.11)[\r][\n]"
16:53:29 [main] DEBUG org.apache.http.wire -  >> "Accept-Encoding: gzip,deflate[\r][\n]"
16:53:29 [main] DEBUG org.apache.http.wire -  >> "[\r][\n]"
16:53:29 [main] DEBUG org.apache.http.headers - >> GET /booking?lastname=Brown HTTP/1.1
16:53:29 [main] DEBUG org.apache.http.headers - >> Content-Type: application/json
16:53:29 [main] DEBUG org.apache.http.headers - >> Accept: */*
16:53:29 [main] DEBUG org.apache.http.headers - >> Host: restful-booker.herokuapp.com
16:53:29 [main] DEBUG org.apache.http.headers - >> Connection: Keep-Alive
16:53:29 [main] DEBUG org.apache.http.headers - >> User-Agent: Apache-HttpClient/4.5.13 (Java/17.0.11)
16:53:29 [main] DEBUG org.apache.http.headers - >> Accept-Encoding: gzip,deflate
16:53:29 [main] DEBUG org.apache.http.wire -  << "HTTP/1.1 200 OK[\r][\n]"
16:53:29 [main] DEBUG org.apache.http.wire -  << "Content-Length: 35[\r][\n]"
16:53:29 [main] DEBUG org.apache.http.wire -  << "Content-Type: application/json; charset=utf-8[\r][\n]"
16:53:29 [main] DEBUG org.apache.http.wire -  << "Date: Wed, 06 Aug 2025 14:53:29 GMT[\r][\n]"
16:53:29 [main] DEBUG org.apache.http.wire -  << "Etag: W/"23-On/fpHxAvGdDwj/51V+uBDzKcLU"[\r][\n]"
16:53:29 [main] DEBUG org.apache.http.wire -  << "Nel: {"report_to":"heroku-nel","response_headers":["Via"],"max_age":3600,"success_fraction":0.01,"failure_fraction":0.1}[\r][\n]"
16:53:29 [main] DEBUG org.apache.http.wire -  << "Report-To: {"group":"heroku-nel","endpoints":[{"url":"https://nel.heroku.com/reports?s=xY125i08nI9ekY%2B84i%2B6ADNYiFHvqOtp42MLBcK%2F%2Beg%3D\u0026sid=c46efe9b-d3d2-4a0c-8c76-bfafa16c5add\u0026ts=1754492009"}],"max_age":3600}[\r][\n]"
16:53:29 [main] DEBUG org.apache.http.wire -  << "Reporting-Endpoints: heroku-nel="https://nel.heroku.com/reports?s=xY125i08nI9ekY%2B84i%2B6ADNYiFHvqOtp42MLBcK%2F%2Beg%3D&sid=c46efe9b-d3d2-4a0c-8c76-bfafa16c5add&ts=1754492009"[\r][\n]"
16:53:29 [main] DEBUG org.apache.http.wire -  << "Server: Heroku[\r][\n]"
16:53:29 [main] DEBUG org.apache.http.wire -  << "Via: 1.1 heroku-router[\r][\n]"
16:53:29 [main] DEBUG org.apache.http.wire -  << "X-Powered-By: Express[\r][\n]"
16:53:29 [main] DEBUG org.apache.http.wire -  << "[\r][\n]"
16:53:29 [main] DEBUG org.apache.http.impl.conn.DefaultClientConnection - Receiving response: HTTP/1.1 200 OK
16:53:29 [main] DEBUG org.apache.http.headers - << HTTP/1.1 200 OK
16:53:29 [main] DEBUG org.apache.http.headers - << Content-Length: 35
16:53:29 [main] DEBUG org.apache.http.headers - << Content-Type: application/json; charset=utf-8
16:53:29 [main] DEBUG org.apache.http.headers - << Date: Wed, 06 Aug 2025 14:53:29 GMT
16:53:29 [main] DEBUG org.apache.http.headers - << Etag: W/"23-On/fpHxAvGdDwj/51V+uBDzKcLU"
16:53:29 [main] DEBUG org.apache.http.headers - << Nel: {"report_to":"heroku-nel","response_headers":["Via"],"max_age":3600,"success_fraction":0.01,"failure_fraction":0.1}
16:53:29 [main] DEBUG org.apache.http.headers - << Report-To: {"group":"heroku-nel","endpoints":[{"url":"https://nel.heroku.com/reports?s=xY125i08nI9ekY%2B84i%2B6ADNYiFHvqOtp42MLBcK%2F%2Beg%3D\u0026sid=c46efe9b-d3d2-4a0c-8c76-bfafa16c5add\u0026ts=1754492009"}],"max_age":3600}
16:53:29 [main] DEBUG org.apache.http.headers - << Reporting-Endpoints: heroku-nel="https://nel.heroku.com/reports?s=xY125i08nI9ekY%2B84i%2B6ADNYiFHvqOtp42MLBcK%2F%2Beg%3D&sid=c46efe9b-d3d2-4a0c-8c76-bfafa16c5add&ts=1754492009"
16:53:29 [main] DEBUG org.apache.http.headers - << Server: Heroku
16:53:29 [main] DEBUG org.apache.http.headers - << Via: 1.1 heroku-router
16:53:29 [main] DEBUG org.apache.http.headers - << X-Powered-By: Express
16:53:29 [main] DEBUG org.apache.http.impl.client.DefaultHttpClient - Connection can be kept alive indefinitely
16:53:29 [main] DEBUG io.restassured.internal.RestAssuredHttpBuilder - Parsing response as: application/json; charset=utf-8
16:53:29 [main] DEBUG io.restassured.internal.RestAssuredHttpBuilder - Parsed data to instance of: class org.apache.http.conn.EofSensorInputStream
  &amp#27;[32mWhen &amp#27;[0m&amp#27;[32mUser requests bookings with filter &amp#27;[0m&amp#27;[32m&amp#27;[1m"lastname"&amp#27;[0m&amp#27;[32m=&amp#27;[0m&amp#27;[32m&amp#27;[1m"Brown"&amp#27;[0m                  &amp#27;[90m# stepdefs.GetBookingStepDefs.user_requests_bookings_with_individual_filter(java.lang.String,java.lang.String)&amp#27;[0m
  &amp#27;[32mThen &amp#27;[0m&amp#27;[32mBooking response status should be &amp#27;[0m&amp#27;[32m&amp#27;[1m200&amp#27;[0m                                  &amp#27;[90m# stepdefs.GetBookingStepDefs.booking_response_status_should_be(int)&amp#27;[0m
16:53:29 [main] DEBUG org.apache.http.wire -  << "[{"bookingid":107},{"bookingid":3}]"
16:53:29 [main] DEBUG org.apache.http.impl.conn.BasicClientConnectionManager - Releasing connection org.apache.http.impl.conn.ManagedClientConnectionImpl@59a3eaf7
16:53:29 [main] DEBUG org.apache.http.impl.conn.BasicClientConnectionManager - Connection can be kept alive indefinitely
Full API Response:
[
    {
        "bookingid": 107
    },
    {
        "bookingid": 3
    }
]
  &amp#27;[32mAnd &amp#27;[0m&amp#27;[32mResponse should contain list of booking IDs&amp#27;[0m                             &amp#27;[90m# stepdefs.GetBookingStepDefs.response_should_contain_list_of_booking_ids()&amp#27;[0m
]]></system-out>
  </testcase>
  <testcase name="runScenario[&quot;Retrieve bookings with individual filter &quot;checkin&quot;=&quot;2024-01-01&quot;&quot;, &quot;GET API Tests&quot;](7)" classname="runners.TestRunner" time="2.118">
    <system-out><![CDATA[
Scenario Outline: Retrieve bookings with individual filter "checkin"="2024-01-01" &amp#27;[90m# src/test/resources/features/GetBooking.feature:21&amp#27;[0m
16:53:30 [main] DEBUG org.apache.http.impl.conn.BasicClientConnectionManager - Get connection for route {s}->https://restful-booker.herokuapp.com:443
16:53:30 [main] DEBUG org.apache.http.impl.conn.DefaultClientConnectionOperator - Connecting to restful-booker.herokuapp.com:443
16:53:30 [main] DEBUG org.apache.http.client.protocol.RequestAddCookies - CookieSpec selected: ignoreCookies
16:53:30 [main] DEBUG org.apache.http.client.protocol.RequestAuthCache - Auth cache not set in the context
16:53:30 [main] DEBUG org.apache.http.client.protocol.RequestTargetAuthentication - Target auth state: UNCHALLENGED
16:53:30 [main] DEBUG org.apache.http.client.protocol.RequestProxyAuthentication - Proxy auth state: UNCHALLENGED
16:53:30 [main] DEBUG org.apache.http.impl.client.DefaultHttpClient - Attempt 1 to execute request
16:53:30 [main] DEBUG org.apache.http.impl.conn.DefaultClientConnection - Sending request: POST /auth HTTP/1.1
16:53:30 [main] DEBUG org.apache.http.wire -  >> "POST /auth HTTP/1.1[\r][\n]"
16:53:30 [main] DEBUG org.apache.http.wire -  >> "Accept: */*[\r][\n]"
16:53:30 [main] DEBUG org.apache.http.wire -  >> "Content-Type: application/json[\r][\n]"
16:53:30 [main] DEBUG org.apache.http.wire -  >> "Content-Length: 45[\r][\n]"
16:53:30 [main] DEBUG org.apache.http.wire -  >> "Host: restful-booker.herokuapp.com[\r][\n]"
16:53:30 [main] DEBUG org.apache.http.wire -  >> "Connection: Keep-Alive[\r][\n]"
16:53:30 [main] DEBUG org.apache.http.wire -  >> "User-Agent: Apache-HttpClient/4.5.13 (Java/17.0.11)[\r][\n]"
16:53:30 [main] DEBUG org.apache.http.wire -  >> "Accept-Encoding: gzip,deflate[\r][\n]"
16:53:30 [main] DEBUG org.apache.http.wire -  >> "[\r][\n]"
16:53:30 [main] DEBUG org.apache.http.headers - >> POST /auth HTTP/1.1
16:53:30 [main] DEBUG org.apache.http.headers - >> Accept: */*
16:53:30 [main] DEBUG org.apache.http.headers - >> Content-Type: application/json
16:53:30 [main] DEBUG org.apache.http.headers - >> Content-Length: 45
16:53:30 [main] DEBUG org.apache.http.headers - >> Host: restful-booker.herokuapp.com
16:53:30 [main] DEBUG org.apache.http.headers - >> Connection: Keep-Alive
16:53:30 [main] DEBUG org.apache.http.headers - >> User-Agent: Apache-HttpClient/4.5.13 (Java/17.0.11)
16:53:30 [main] DEBUG org.apache.http.headers - >> Accept-Encoding: gzip,deflate
16:53:30 [main] DEBUG org.apache.http.wire -  >> "{"username":"admin","password":"password123"}"
16:53:31 [main] DEBUG org.apache.http.wire -  << "HTTP/1.1 200 OK[\r][\n]"
16:53:31 [main] DEBUG org.apache.http.wire -  << "Content-Length: 27[\r][\n]"
16:53:31 [main] DEBUG org.apache.http.wire -  << "Content-Type: application/json; charset=utf-8[\r][\n]"
16:53:31 [main] DEBUG org.apache.http.wire -  << "Date: Wed, 06 Aug 2025 14:53:30 GMT[\r][\n]"
16:53:31 [main] DEBUG org.apache.http.wire -  << "Etag: W/"1b-I9sCODPfiqCwB3m4z48hv90i8xM"[\r][\n]"
16:53:31 [main] DEBUG org.apache.http.wire -  << "Nel: {"report_to":"heroku-nel","response_headers":["Via"],"max_age":3600,"success_fraction":0.01,"failure_fraction":0.1}[\r][\n]"
16:53:31 [main] DEBUG org.apache.http.wire -  << "Report-To: {"group":"heroku-nel","endpoints":[{"url":"https://nel.heroku.com/reports?s=385huLPm%2Fpo6mcyEol3fwsZwR3j8eu63d6mJiEdQUZ8%3D\u0026sid=c46efe9b-d3d2-4a0c-8c76-bfafa16c5add\u0026ts=1754492010"}],"max_age":3600}[\r][\n]"
16:53:31 [main] DEBUG org.apache.http.wire -  << "Reporting-Endpoints: heroku-nel="https://nel.heroku.com/reports?s=385huLPm%2Fpo6mcyEol3fwsZwR3j8eu63d6mJiEdQUZ8%3D&sid=c46efe9b-d3d2-4a0c-8c76-bfafa16c5add&ts=1754492010"[\r][\n]"
16:53:31 [main] DEBUG org.apache.http.wire -  << "Server: Heroku[\r][\n]"
16:53:31 [main] DEBUG org.apache.http.wire -  << "Via: 1.1 heroku-router[\r][\n]"
16:53:31 [main] DEBUG org.apache.http.wire -  << "X-Powered-By: Express[\r][\n]"
16:53:31 [main] DEBUG org.apache.http.wire -  << "[\r][\n]"
16:53:31 [main] DEBUG org.apache.http.impl.conn.DefaultClientConnection - Receiving response: HTTP/1.1 200 OK
16:53:31 [main] DEBUG org.apache.http.headers - << HTTP/1.1 200 OK
16:53:31 [main] DEBUG org.apache.http.headers - << Content-Length: 27
16:53:31 [main] DEBUG org.apache.http.headers - << Content-Type: application/json; charset=utf-8
16:53:31 [main] DEBUG org.apache.http.headers - << Date: Wed, 06 Aug 2025 14:53:30 GMT
16:53:31 [main] DEBUG org.apache.http.headers - << Etag: W/"1b-I9sCODPfiqCwB3m4z48hv90i8xM"
16:53:31 [main] DEBUG org.apache.http.headers - << Nel: {"report_to":"heroku-nel","response_headers":["Via"],"max_age":3600,"success_fraction":0.01,"failure_fraction":0.1}
16:53:31 [main] DEBUG org.apache.http.headers - << Report-To: {"group":"heroku-nel","endpoints":[{"url":"https://nel.heroku.com/reports?s=385huLPm%2Fpo6mcyEol3fwsZwR3j8eu63d6mJiEdQUZ8%3D\u0026sid=c46efe9b-d3d2-4a0c-8c76-bfafa16c5add\u0026ts=1754492010"}],"max_age":3600}
16:53:31 [main] DEBUG org.apache.http.headers - << Reporting-Endpoints: heroku-nel="https://nel.heroku.com/reports?s=385huLPm%2Fpo6mcyEol3fwsZwR3j8eu63d6mJiEdQUZ8%3D&sid=c46efe9b-d3d2-4a0c-8c76-bfafa16c5add&ts=1754492010"
16:53:31 [main] DEBUG org.apache.http.headers - << Server: Heroku
16:53:31 [main] DEBUG org.apache.http.headers - << Via: 1.1 heroku-router
16:53:31 [main] DEBUG org.apache.http.headers - << X-Powered-By: Express
16:53:31 [main] DEBUG org.apache.http.impl.client.DefaultHttpClient - Connection can be kept alive indefinitely
16:53:31 [main] DEBUG io.restassured.internal.RestAssuredHttpBuilder - Parsing response as: application/json; charset=utf-8
16:53:31 [main] DEBUG io.restassured.internal.RestAssuredHttpBuilder - Parsed data to instance of: class org.apache.http.conn.EofSensorInputStream
16:53:31 [main] DEBUG org.apache.http.wire -  << "{"token":"0bc6f9b4f751323"}"
16:53:31 [main] DEBUG org.apache.http.impl.conn.BasicClientConnectionManager - Releasing connection org.apache.http.impl.conn.ManagedClientConnectionImpl@6705b763
16:53:31 [main] DEBUG org.apache.http.impl.conn.BasicClientConnectionManager - Connection can be kept alive indefinitely
Generated Token: 0bc6f9b4f751323
  &amp#27;[32mGiven &amp#27;[0m&amp#27;[32mUser has valid auth token&amp#27;[0m                                                 &amp#27;[90m# stepdefs.AuthenticationSteps.user_has_valid_auth_token()&amp#27;[0m
16:53:31 [main] DEBUG org.apache.http.impl.conn.BasicClientConnectionManager - Get connection for route {s}->https://restful-booker.herokuapp.com:443
16:53:31 [main] DEBUG org.apache.http.impl.conn.DefaultClientConnectionOperator - Connecting to restful-booker.herokuapp.com:443
16:53:31 [main] DEBUG org.apache.http.client.protocol.RequestAddCookies - CookieSpec selected: ignoreCookies
16:53:31 [main] DEBUG org.apache.http.client.protocol.RequestAuthCache - Auth cache not set in the context
16:53:31 [main] DEBUG org.apache.http.client.protocol.RequestTargetAuthentication - Target auth state: UNCHALLENGED
16:53:31 [main] DEBUG org.apache.http.client.protocol.RequestProxyAuthentication - Proxy auth state: UNCHALLENGED
16:53:31 [main] DEBUG org.apache.http.impl.client.DefaultHttpClient - Attempt 1 to execute request
16:53:31 [main] DEBUG org.apache.http.impl.conn.DefaultClientConnection - Sending request: GET /booking?checkin=2024-01-01 HTTP/1.1
16:53:31 [main] DEBUG org.apache.http.wire -  >> "GET /booking?checkin=2024-01-01 HTTP/1.1[\r][\n]"
16:53:31 [main] DEBUG org.apache.http.wire -  >> "Content-Type: application/json[\r][\n]"
16:53:31 [main] DEBUG org.apache.http.wire -  >> "Accept: */*[\r][\n]"
16:53:31 [main] DEBUG org.apache.http.wire -  >> "Host: restful-booker.herokuapp.com[\r][\n]"
16:53:31 [main] DEBUG org.apache.http.wire -  >> "Connection: Keep-Alive[\r][\n]"
16:53:31 [main] DEBUG org.apache.http.wire -  >> "User-Agent: Apache-HttpClient/4.5.13 (Java/17.0.11)[\r][\n]"
16:53:31 [main] DEBUG org.apache.http.wire -  >> "Accept-Encoding: gzip,deflate[\r][\n]"
16:53:31 [main] DEBUG org.apache.http.wire -  >> "[\r][\n]"
16:53:31 [main] DEBUG org.apache.http.headers - >> GET /booking?checkin=2024-01-01 HTTP/1.1
16:53:31 [main] DEBUG org.apache.http.headers - >> Content-Type: application/json
16:53:31 [main] DEBUG org.apache.http.headers - >> Accept: */*
16:53:31 [main] DEBUG org.apache.http.headers - >> Host: restful-booker.herokuapp.com
16:53:31 [main] DEBUG org.apache.http.headers - >> Connection: Keep-Alive
16:53:31 [main] DEBUG org.apache.http.headers - >> User-Agent: Apache-HttpClient/4.5.13 (Java/17.0.11)
16:53:31 [main] DEBUG org.apache.http.headers - >> Accept-Encoding: gzip,deflate
16:53:32 [main] DEBUG org.apache.http.wire -  << "HTTP/1.1 200 OK[\r][\n]"
16:53:32 [main] DEBUG org.apache.http.wire -  << "Content-Length: 414[\r][\n]"
16:53:32 [main] DEBUG org.apache.http.wire -  << "Content-Type: application/json; charset=utf-8[\r][\n]"
16:53:32 [main] DEBUG org.apache.http.wire -  << "Date: Wed, 06 Aug 2025 14:53:31 GMT[\r][\n]"
16:53:32 [main] DEBUG org.apache.http.wire -  << "Etag: W/"19e-BXwCAWKrQeqHT5qLI9+p10wyx/I"[\r][\n]"
16:53:32 [main] DEBUG org.apache.http.wire -  << "Nel: {"report_to":"heroku-nel","response_headers":["Via"],"max_age":3600,"success_fraction":0.01,"failure_fraction":0.1}[\r][\n]"
16:53:32 [main] DEBUG org.apache.http.wire -  << "Report-To: {"group":"heroku-nel","endpoints":[{"url":"https://nel.heroku.com/reports?s=6U6zju30pE6zKKF%2FZhzsuW0flf5j5RvcMBWNTYfFR8Y%3D\u0026sid=c46efe9b-d3d2-4a0c-8c76-bfafa16c5add\u0026ts=1754492011"}],"max_age":3600}[\r][\n]"
16:53:32 [main] DEBUG org.apache.http.wire -  << "Reporting-Endpoints: heroku-nel="https://nel.heroku.com/reports?s=6U6zju30pE6zKKF%2FZhzsuW0flf5j5RvcMBWNTYfFR8Y%3D&sid=c46efe9b-d3d2-4a0c-8c76-bfafa16c5add&ts=1754492011"[\r][\n]"
16:53:32 [main] DEBUG org.apache.http.wire -  << "Server: Heroku[\r][\n]"
16:53:32 [main] DEBUG org.apache.http.wire -  << "Via: 1.1 heroku-router[\r][\n]"
16:53:32 [main] DEBUG org.apache.http.wire -  << "X-Powered-By: Express[\r][\n]"
16:53:32 [main] DEBUG org.apache.http.wire -  << "[\r][\n]"
16:53:32 [main] DEBUG org.apache.http.impl.conn.DefaultClientConnection - Receiving response: HTTP/1.1 200 OK
16:53:32 [main] DEBUG org.apache.http.headers - << HTTP/1.1 200 OK
16:53:32 [main] DEBUG org.apache.http.headers - << Content-Length: 414
16:53:32 [main] DEBUG org.apache.http.headers - << Content-Type: application/json; charset=utf-8
16:53:32 [main] DEBUG org.apache.http.headers - << Date: Wed, 06 Aug 2025 14:53:31 GMT
16:53:32 [main] DEBUG org.apache.http.headers - << Etag: W/"19e-BXwCAWKrQeqHT5qLI9+p10wyx/I"
16:53:32 [main] DEBUG org.apache.http.headers - << Nel: {"report_to":"heroku-nel","response_headers":["Via"],"max_age":3600,"success_fraction":0.01,"failure_fraction":0.1}
16:53:32 [main] DEBUG org.apache.http.headers - << Report-To: {"group":"heroku-nel","endpoints":[{"url":"https://nel.heroku.com/reports?s=6U6zju30pE6zKKF%2FZhzsuW0flf5j5RvcMBWNTYfFR8Y%3D\u0026sid=c46efe9b-d3d2-4a0c-8c76-bfafa16c5add\u0026ts=1754492011"}],"max_age":3600}
16:53:32 [main] DEBUG org.apache.http.headers - << Reporting-Endpoints: heroku-nel="https://nel.heroku.com/reports?s=6U6zju30pE6zKKF%2FZhzsuW0flf5j5RvcMBWNTYfFR8Y%3D&sid=c46efe9b-d3d2-4a0c-8c76-bfafa16c5add&ts=1754492011"
16:53:32 [main] DEBUG org.apache.http.headers - << Server: Heroku
16:53:32 [main] DEBUG org.apache.http.headers - << Via: 1.1 heroku-router
16:53:32 [main] DEBUG org.apache.http.headers - << X-Powered-By: Express
16:53:32 [main] DEBUG org.apache.http.impl.client.DefaultHttpClient - Connection can be kept alive indefinitely
16:53:32 [main] DEBUG io.restassured.internal.RestAssuredHttpBuilder - Parsing response as: application/json; charset=utf-8
16:53:32 [main] DEBUG io.restassured.internal.RestAssuredHttpBuilder - Parsed data to instance of: class org.apache.http.conn.EofSensorInputStream
  &amp#27;[32mWhen &amp#27;[0m&amp#27;[32mUser requests bookings with filter &amp#27;[0m&amp#27;[32m&amp#27;[1m"checkin"&amp#27;[0m&amp#27;[32m=&amp#27;[0m&amp#27;[32m&amp#27;[1m"2024-01-01"&amp#27;[0m                  &amp#27;[90m# stepdefs.GetBookingStepDefs.user_requests_bookings_with_individual_filter(java.lang.String,java.lang.String)&amp#27;[0m
  &amp#27;[32mThen &amp#27;[0m&amp#27;[32mBooking response status should be &amp#27;[0m&amp#27;[32m&amp#27;[1m200&amp#27;[0m                                      &amp#27;[90m# stepdefs.GetBookingStepDefs.booking_response_status_should_be(int)&amp#27;[0m
16:53:32 [main] DEBUG org.apache.http.wire -  << "[{"bookingid":523},{"bookingid":535},{"bookingid":528},{"bookingid":751},{"bookingid":597},{"bookingid":525},{"bookingid":533},{"bookingid":615},{"bookingid":530},{"bookingid":1132},{"bookingid":9},{"bookingid":1278},{"bookingid":63},{"bookingid":1344},{"bookingid":1114},{"bookingid":1046},{"bookingid":760},{"bookingid":753},{"bookingid":747},{"bookingid":6},{"bookingid":757},{"bookingid":755},{"bookingid":77}]"
16:53:32 [main] DEBUG org.apache.http.impl.conn.BasicClientConnectionManager - Releasing connection org.apache.http.impl.conn.ManagedClientConnectionImpl@2fb70301
16:53:32 [main] DEBUG org.apache.http.impl.conn.BasicClientConnectionManager - Connection can be kept alive indefinitely
Full API Response:
[
    {
        "bookingid": 523
    },
    {
        "bookingid": 535
    },
    {
        "bookingid": 528
    },
    {
        "bookingid": 751
    },
    {
        "bookingid": 597
    },
    {
        "bookingid": 525
    },
    {
        "bookingid": 533
    },
    {
        "bookingid": 615
    },
    {
        "bookingid": 530
    },
    {
        "bookingid": 1132
    },
    {
        "bookingid": 9
    },
    {
        "bookingid": 1278
    },
    {
        "bookingid": 63
    },
    {
        "bookingid": 1344
    },
    {
        "bookingid": 1114
    },
    {
        "bookingid": 1046
    },
    {
        "bookingid": 760
    },
    {
        "bookingid": 753
    },
    {
        "bookingid": 747
    },
    {
        "bookingid": 6
    },
    {
        "bookingid": 757
    },
    {
        "bookingid": 755
    },
    {
        "bookingid": 77
    }
]
  &amp#27;[32mAnd &amp#27;[0m&amp#27;[32mResponse should contain list of booking IDs&amp#27;[0m                                 &amp#27;[90m# stepdefs.GetBookingStepDefs.response_should_contain_list_of_booking_ids()&amp#27;[0m
]]></system-out>
  </testcase>
  <testcase name="runScenario[&quot;Retrieve bookings with individual filter &quot;checkout&quot;=&quot;2024-12-31&quot;&quot;, &quot;GET API Tests&quot;](8)" classname="runners.TestRunner" time="2.278">
    <system-out><![CDATA[
Scenario Outline: Retrieve bookings with individual filter "checkout"="2024-12-31" &amp#27;[90m# src/test/resources/features/GetBooking.feature:22&amp#27;[0m
16:53:32 [Finalizer] DEBUG org.apache.http.impl.conn.DefaultClientConnection - Connection 0.0.0.0:57516<->23.22.130.173:443 closed
16:53:32 [Finalizer] DEBUG org.apache.http.impl.conn.DefaultClientConnection - Connection 0.0.0.0:57517<->23.22.130.173:443 closed
16:53:32 [Finalizer] DEBUG org.apache.http.impl.conn.DefaultClientConnection - Connection 0.0.0.0:57518<->23.22.130.173:443 closed
16:53:32 [Finalizer] DEBUG org.apache.http.impl.conn.DefaultClientConnection - Connection 0.0.0.0:57519<->23.22.130.173:443 closed
16:53:32 [Finalizer] DEBUG org.apache.http.impl.conn.DefaultClientConnection - Connection 0.0.0.0:57520<->23.22.130.173:443 closed
16:53:32 [main] DEBUG org.apache.http.impl.conn.BasicClientConnectionManager - Get connection for route {s}->https://restful-booker.herokuapp.com:443
16:53:32 [main] DEBUG org.apache.http.impl.conn.DefaultClientConnectionOperator - Connecting to restful-booker.herokuapp.com:443
16:53:32 [main] DEBUG org.apache.http.client.protocol.RequestAddCookies - CookieSpec selected: ignoreCookies
16:53:32 [main] DEBUG org.apache.http.client.protocol.RequestAuthCache - Auth cache not set in the context
16:53:32 [main] DEBUG org.apache.http.client.protocol.RequestTargetAuthentication - Target auth state: UNCHALLENGED
16:53:32 [main] DEBUG org.apache.http.client.protocol.RequestProxyAuthentication - Proxy auth state: UNCHALLENGED
16:53:32 [main] DEBUG org.apache.http.impl.client.DefaultHttpClient - Attempt 1 to execute request
16:53:32 [main] DEBUG org.apache.http.impl.conn.DefaultClientConnection - Sending request: POST /auth HTTP/1.1
16:53:32 [main] DEBUG org.apache.http.wire -  >> "POST /auth HTTP/1.1[\r][\n]"
16:53:32 [main] DEBUG org.apache.http.wire -  >> "Accept: */*[\r][\n]"
16:53:32 [main] DEBUG org.apache.http.wire -  >> "Content-Type: application/json[\r][\n]"
16:53:32 [main] DEBUG org.apache.http.wire -  >> "Content-Length: 45[\r][\n]"
16:53:32 [main] DEBUG org.apache.http.wire -  >> "Host: restful-booker.herokuapp.com[\r][\n]"
16:53:32 [main] DEBUG org.apache.http.wire -  >> "Connection: Keep-Alive[\r][\n]"
16:53:32 [main] DEBUG org.apache.http.wire -  >> "User-Agent: Apache-HttpClient/4.5.13 (Java/17.0.11)[\r][\n]"
16:53:32 [main] DEBUG org.apache.http.wire -  >> "Accept-Encoding: gzip,deflate[\r][\n]"
16:53:32 [main] DEBUG org.apache.http.wire -  >> "[\r][\n]"
16:53:32 [main] DEBUG org.apache.http.headers - >> POST /auth HTTP/1.1
16:53:32 [main] DEBUG org.apache.http.headers - >> Accept: */*
16:53:32 [main] DEBUG org.apache.http.headers - >> Content-Type: application/json
16:53:32 [main] DEBUG org.apache.http.headers - >> Content-Length: 45
16:53:32 [main] DEBUG org.apache.http.headers - >> Host: restful-booker.herokuapp.com
16:53:32 [main] DEBUG org.apache.http.headers - >> Connection: Keep-Alive
16:53:32 [main] DEBUG org.apache.http.headers - >> User-Agent: Apache-HttpClient/4.5.13 (Java/17.0.11)
16:53:32 [main] DEBUG org.apache.http.headers - >> Accept-Encoding: gzip,deflate
16:53:32 [main] DEBUG org.apache.http.wire -  >> "{"username":"admin","password":"password123"}"
16:53:33 [main] DEBUG org.apache.http.wire -  << "HTTP/1.1 200 OK[\r][\n]"
16:53:33 [main] DEBUG org.apache.http.wire -  << "Content-Length: 27[\r][\n]"
16:53:33 [main] DEBUG org.apache.http.wire -  << "Content-Type: application/json; charset=utf-8[\r][\n]"
16:53:33 [main] DEBUG org.apache.http.wire -  << "Date: Wed, 06 Aug 2025 14:53:32 GMT[\r][\n]"
16:53:33 [main] DEBUG org.apache.http.wire -  << "Etag: W/"1b-z2sUJXwVgOMip1cnR1BCKfQdOPo"[\r][\n]"
16:53:33 [main] DEBUG org.apache.http.wire -  << "Nel: {"report_to":"heroku-nel","response_headers":["Via"],"max_age":3600,"success_fraction":0.01,"failure_fraction":0.1}[\r][\n]"
16:53:33 [main] DEBUG org.apache.http.wire -  << "Report-To: {"group":"heroku-nel","endpoints":[{"url":"https://nel.heroku.com/reports?s=nWK9hLpyyJ5DONjbAdx0pykkLRYm2mUjCCEfDASE5zE%3D\u0026sid=c46efe9b-d3d2-4a0c-8c76-bfafa16c5add\u0026ts=1754492012"}],"max_age":3600}[\r][\n]"
16:53:33 [main] DEBUG org.apache.http.wire -  << "Reporting-Endpoints: heroku-nel="https://nel.heroku.com/reports?s=nWK9hLpyyJ5DONjbAdx0pykkLRYm2mUjCCEfDASE5zE%3D&sid=c46efe9b-d3d2-4a0c-8c76-bfafa16c5add&ts=1754492012"[\r][\n]"
16:53:33 [main] DEBUG org.apache.http.wire -  << "Server: Heroku[\r][\n]"
16:53:33 [main] DEBUG org.apache.http.wire -  << "Via: 1.1 heroku-router[\r][\n]"
16:53:33 [main] DEBUG org.apache.http.wire -  << "X-Powered-By: Express[\r][\n]"
16:53:33 [main] DEBUG org.apache.http.wire -  << "[\r][\n]"
16:53:33 [main] DEBUG org.apache.http.impl.conn.DefaultClientConnection - Receiving response: HTTP/1.1 200 OK
16:53:33 [main] DEBUG org.apache.http.headers - << HTTP/1.1 200 OK
16:53:33 [main] DEBUG org.apache.http.headers - << Content-Length: 27
16:53:33 [main] DEBUG org.apache.http.headers - << Content-Type: application/json; charset=utf-8
16:53:33 [main] DEBUG org.apache.http.headers - << Date: Wed, 06 Aug 2025 14:53:32 GMT
16:53:33 [main] DEBUG org.apache.http.headers - << Etag: W/"1b-z2sUJXwVgOMip1cnR1BCKfQdOPo"
16:53:33 [main] DEBUG org.apache.http.headers - << Nel: {"report_to":"heroku-nel","response_headers":["Via"],"max_age":3600,"success_fraction":0.01,"failure_fraction":0.1}
16:53:33 [main] DEBUG org.apache.http.headers - << Report-To: {"group":"heroku-nel","endpoints":[{"url":"https://nel.heroku.com/reports?s=nWK9hLpyyJ5DONjbAdx0pykkLRYm2mUjCCEfDASE5zE%3D\u0026sid=c46efe9b-d3d2-4a0c-8c76-bfafa16c5add\u0026ts=1754492012"}],"max_age":3600}
16:53:33 [main] DEBUG org.apache.http.headers - << Reporting-Endpoints: heroku-nel="https://nel.heroku.com/reports?s=nWK9hLpyyJ5DONjbAdx0pykkLRYm2mUjCCEfDASE5zE%3D&sid=c46efe9b-d3d2-4a0c-8c76-bfafa16c5add&ts=1754492012"
16:53:33 [main] DEBUG org.apache.http.headers - << Server: Heroku
16:53:33 [main] DEBUG org.apache.http.headers - << Via: 1.1 heroku-router
16:53:33 [main] DEBUG org.apache.http.headers - << X-Powered-By: Express
16:53:33 [main] DEBUG org.apache.http.impl.client.DefaultHttpClient - Connection can be kept alive indefinitely
16:53:33 [main] DEBUG io.restassured.internal.RestAssuredHttpBuilder - Parsing response as: application/json; charset=utf-8
16:53:33 [main] DEBUG io.restassured.internal.RestAssuredHttpBuilder - Parsed data to instance of: class org.apache.http.conn.EofSensorInputStream
16:53:33 [main] DEBUG org.apache.http.wire -  << "{"token":"44619b78ec14c4c"}"
16:53:33 [main] DEBUG org.apache.http.impl.conn.BasicClientConnectionManager - Releasing connection org.apache.http.impl.conn.ManagedClientConnectionImpl@4687366b
16:53:33 [main] DEBUG org.apache.http.impl.conn.BasicClientConnectionManager - Connection can be kept alive indefinitely
Generated Token: 44619b78ec14c4c
  &amp#27;[32mGiven &amp#27;[0m&amp#27;[32mUser has valid auth token&amp#27;[0m                                                  &amp#27;[90m# stepdefs.AuthenticationSteps.user_has_valid_auth_token()&amp#27;[0m
16:53:33 [main] DEBUG org.apache.http.impl.conn.BasicClientConnectionManager - Get connection for route {s}->https://restful-booker.herokuapp.com:443
16:53:33 [main] DEBUG org.apache.http.impl.conn.DefaultClientConnectionOperator - Connecting to restful-booker.herokuapp.com:443
16:53:34 [main] DEBUG org.apache.http.client.protocol.RequestAddCookies - CookieSpec selected: ignoreCookies
16:53:34 [main] DEBUG org.apache.http.client.protocol.RequestAuthCache - Auth cache not set in the context
16:53:34 [main] DEBUG org.apache.http.client.protocol.RequestTargetAuthentication - Target auth state: UNCHALLENGED
16:53:34 [main] DEBUG org.apache.http.client.protocol.RequestProxyAuthentication - Proxy auth state: UNCHALLENGED
16:53:34 [main] DEBUG org.apache.http.impl.client.DefaultHttpClient - Attempt 1 to execute request
16:53:34 [main] DEBUG org.apache.http.impl.conn.DefaultClientConnection - Sending request: GET /booking?checkout=2024-12-31 HTTP/1.1
16:53:34 [main] DEBUG org.apache.http.wire -  >> "GET /booking?checkout=2024-12-31 HTTP/1.1[\r][\n]"
16:53:34 [main] DEBUG org.apache.http.wire -  >> "Content-Type: application/json[\r][\n]"
16:53:34 [main] DEBUG org.apache.http.wire -  >> "Accept: */*[\r][\n]"
16:53:34 [main] DEBUG org.apache.http.wire -  >> "Host: restful-booker.herokuapp.com[\r][\n]"
16:53:34 [main] DEBUG org.apache.http.wire -  >> "Connection: Keep-Alive[\r][\n]"
16:53:34 [main] DEBUG org.apache.http.wire -  >> "User-Agent: Apache-HttpClient/4.5.13 (Java/17.0.11)[\r][\n]"
16:53:34 [main] DEBUG org.apache.http.wire -  >> "Accept-Encoding: gzip,deflate[\r][\n]"
16:53:34 [main] DEBUG org.apache.http.wire -  >> "[\r][\n]"
16:53:34 [main] DEBUG org.apache.http.headers - >> GET /booking?checkout=2024-12-31 HTTP/1.1
16:53:34 [main] DEBUG org.apache.http.headers - >> Content-Type: application/json
16:53:34 [main] DEBUG org.apache.http.headers - >> Accept: */*
16:53:34 [main] DEBUG org.apache.http.headers - >> Host: restful-booker.herokuapp.com
16:53:34 [main] DEBUG org.apache.http.headers - >> Connection: Keep-Alive
16:53:34 [main] DEBUG org.apache.http.headers - >> User-Agent: Apache-HttpClient/4.5.13 (Java/17.0.11)
16:53:34 [main] DEBUG org.apache.http.headers - >> Accept-Encoding: gzip,deflate
16:53:34 [main] DEBUG org.apache.http.wire -  << "HTTP/1.1 200 OK[\r][\n]"
16:53:34 [main] DEBUG org.apache.http.wire -  << "Content-Length: 17136[\r][\n]"
16:53:34 [main] DEBUG org.apache.http.wire -  << "Content-Type: application/json; charset=utf-8[\r][\n]"
16:53:34 [main] DEBUG org.apache.http.wire -  << "Date: Wed, 06 Aug 2025 14:53:33 GMT[\r][\n]"
16:53:34 [main] DEBUG org.apache.http.wire -  << "Etag: W/"42f0-YpZRAB9xCEMElRnLDAImANaRSzI"[\r][\n]"
16:53:34 [main] DEBUG org.apache.http.wire -  << "Nel: {"report_to":"heroku-nel","response_headers":["Via"],"max_age":3600,"success_fraction":0.01,"failure_fraction":0.1}[\r][\n]"
16:53:34 [main] DEBUG org.apache.http.wire -  << "Report-To: {"group":"heroku-nel","endpoints":[{"url":"https://nel.heroku.com/reports?s=3WoliG7dbswmJa7qvZb1ONULU41Bigylxc7bFloOgrA%3D\u0026sid=c46efe9b-d3d2-4a0c-8c76-bfafa16c5add\u0026ts=1754492013"}],"max_age":3600}[\r][\n]"
16:53:34 [main] DEBUG org.apache.http.wire -  << "Reporting-Endpoints: heroku-nel="https://nel.heroku.com/reports?s=3WoliG7dbswmJa7qvZb1ONULU41Bigylxc7bFloOgrA%3D&sid=c46efe9b-d3d2-4a0c-8c76-bfafa16c5add&ts=1754492013"[\r][\n]"
16:53:34 [main] DEBUG org.apache.http.wire -  << "Server: Heroku[\r][\n]"
16:53:34 [main] DEBUG org.apache.http.wire -  << "Via: 1.1 heroku-router[\r][\n]"
16:53:34 [main] DEBUG org.apache.http.wire -  << "X-Powered-By: Express[\r][\n]"
16:53:34 [main] DEBUG org.apache.http.wire -  << "[\r][\n]"
16:53:34 [main] DEBUG org.apache.http.impl.conn.DefaultClientConnection - Receiving response: HTTP/1.1 200 OK
16:53:34 [main] DEBUG org.apache.http.headers - << HTTP/1.1 200 OK
16:53:34 [main] DEBUG org.apache.http.headers - << Content-Length: 17136
16:53:34 [main] DEBUG org.apache.http.headers - << Content-Type: application/json; charset=utf-8
16:53:34 [main] DEBUG org.apache.http.headers - << Date: Wed, 06 Aug 2025 14:53:33 GMT
16:53:34 [main] DEBUG org.apache.http.headers - << Etag: W/"42f0-YpZRAB9xCEMElRnLDAImANaRSzI"
16:53:34 [main] DEBUG org.apache.http.headers - << Nel: {"report_to":"heroku-nel","response_headers":["Via"],"max_age":3600,"success_fraction":0.01,"failure_fraction":0.1}
16:53:34 [main] DEBUG org.apache.http.headers - << Report-To: {"group":"heroku-nel","endpoints":[{"url":"https://nel.heroku.com/reports?s=3WoliG7dbswmJa7qvZb1ONULU41Bigylxc7bFloOgrA%3D\u0026sid=c46efe9b-d3d2-4a0c-8c76-bfafa16c5add\u0026ts=1754492013"}],"max_age":3600}
16:53:34 [main] DEBUG org.apache.http.headers - << Reporting-Endpoints: heroku-nel="https://nel.heroku.com/reports?s=3WoliG7dbswmJa7qvZb1ONULU41Bigylxc7bFloOgrA%3D&sid=c46efe9b-d3d2-4a0c-8c76-bfafa16c5add&ts=1754492013"
16:53:34 [main] DEBUG org.apache.http.headers - << Server: Heroku
16:53:34 [main] DEBUG org.apache.http.headers - << Via: 1.1 heroku-router
16:53:34 [main] DEBUG org.apache.http.headers - << X-Powered-By: Express
16:53:34 [main] DEBUG org.apache.http.impl.client.DefaultHttpClient - Connection can be kept alive indefinitely
16:53:34 [main] DEBUG io.restassured.internal.RestAssuredHttpBuilder - Parsing response as: application/json; charset=utf-8
16:53:34 [main] DEBUG io.restassured.internal.RestAssuredHttpBuilder - Parsed data to instance of: class org.apache.http.conn.EofSensorInputStream
  &amp#27;[32mWhen &amp#27;[0m&amp#27;[32mUser requests bookings with filter &amp#27;[0m&amp#27;[32m&amp#27;[1m"checkout"&amp#27;[0m&amp#27;[32m=&amp#27;[0m&amp#27;[32m&amp#27;[1m"2024-12-31"&amp#27;[0m                  &amp#27;[90m# stepdefs.GetBookingStepDefs.user_requests_bookings_with_individual_filter(java.lang.String,java.lang.String)&amp#27;[0m
  &amp#27;[32mThen &amp#27;[0m&amp#27;[32mBooking response status should be &amp#27;[0m&amp#27;[32m&amp#27;[1m200&amp#27;[0m                                       &amp#27;[90m# stepdefs.GetBookingStepDefs.booking_response_status_should_be(int)&amp#27;[0m
16:53:34 [main] DEBUG org.apache.http.wire -  << "[{"bookingid":179},{"bookingid":842},{"bookingid":368},{"bookingid":121},{"bookingid":423},{"bookingid":157},{"bookingid":986},{"bookingid":558},{"bookingid":977},{"bookingid":990},{"bookingid":912},{"bookingid":685},{"bookingid":225},{"bookingid":707},{"bookingid":1330},{"bookingid":229},{"bookingid":1280},{"bookingid":219},{"bookingid":1277},{"bookingid":509},{"bookingid":1335},{"bookingid":813},{"bookingid":1019},{"bookingid":1032},{"bookingid":258},{"bookingid":231},{"bookingid":441},{"bookingid":355},{"bookingid":978},{"bookingid":206},{"bookingid":1257},{"bookingid":260},{"bookingid":313},{"bookingid":173},{"bookingid":1136},{"bookingid":846},{"bookingid":656},{"bookingid":386},{"bookingid":356},{"bookingid":409},{"bookingid":251},{"bookingid":71},{"bookingid":1165},{"bookingid":700},{"bookingid":820},{"bookingid":712},{"bookingid":392},{"bookingid":691},{"bookingid":1299},{"bookingid":81},{"bookingid":684},{"bookingid":350},{"bookingid":127},{"bookingid":811},{"bookingid":1360},{"bookingid":1073},{"bookingid":966},{"bookingid":1007},{"bookingid":47},{"bookingid":70},{"bookingid":1305},{"bookingid":967},{"bookingid":1143},{"bookingid":114},{"bookingid":636},{"bookingid":30},{"bookingid":256},{"bookingid":1075},{"bookingid":2},{"bookingid":73},{"bookingid":433},{"bookingid":821},{"bookingid":944},{"bookingid":1327},{"bookingid":242},{"bookingid":858},{"bookingid":1016},{"bookingid":787},{"bookingid":792},{"bookingid":1186},{"bookingid":745},{"bookingid":434},{"bookingid":405},{"bookingid":902},{"bookingid":357},{"bookingid":592},{"bookingid":761},{"bookingid":1273},{"bookingid":970},{"bookingid":425},{"bookingid":193},{"bookingid":829},{"bookingid":1229},{"bookingid":1014},{"bookingid":1145},{"bookingid":1295},{"bookingid":1207},{"bookingid":64},{"bookingid":68},{"bookingid":872},{"bookingid":687},{"bookingid":1237},{"bookingid":321},{"bookingid":1101},{"bookingid":485},{"bookingid":160},{"bookingid":137},{"bookingid":884},{"bookingid":564},{"bookingid":97},{"bookingid":86},{"bookingid":1266},{"bookingid":560},{"bookingid":1163},{"bookingid":938},{"bookingid":694},{"bookingid":723},{"bookingid":650},{"bookingid":209},{"bookingid":17},{"bookingid":1182},{"bookingid":148},{"bookingid":551},{"bookingid":21},{"bookingid":309},{"bookingid":597},{"bookingid":91},{"bookingid":546},{"bookingid":222},{"bookingid":804},{"bookingid":631},{"bookingid":336},{"bookingid":438},{"bookingid":311},{"bookingid":673},{"bookingid":192},{"bookingid":1224},{"bookingid":316},{"bookingid":777},{"bookingid":861},{"bookingid":1044},{"bookingid":101},{"bookingid":322},{"bookingid":223},{"bookingid":1176},{"bookingid":756},{"bookingid":475},{"bookingid":56},{"bookingid":469},{"bookingid":78},{"bookingid":95},{"bookingid":484},{"bookingid":80},{"bookingid":828},{"bookingid":334},{"bookingid":974},{"bookingid":1050},{"bookingid":542},{"bookingid":1024},{"bookingid":261},{"bookingid":1264},{"bookingid":1000},{"bookingid":1294},{"bookingid":539},{"bookingid":1203},{"bookingid":520},{"bookingid":574},{"bookingid":472},{"bookingid":515},{"bookingid":281},{"bookingid":1196},{"bookingid":325},{"bookingid":736},{"bookingid":53},{"bookingid":132},{"bookingid":1070},{"bookingid":627},{"bookingid":408},{"bookingid":341},{"bookingid":363},{"bookingid":502},{"bookingid":329},{"bookingid":470},{"bookingid":1150},{"bookingid":297},{"bookingid":579},{"bookingid":989},{"bookingid":1055},{"bookingid":205},{"bookingid":1239},{"bookingid":49},{"bookingid":541},{"bookingid":615},{"bookingid":195},{"bookingid":1179},{"bookingid":351},{"bookingid":748},{"bookingid":500},{"bookingid":133},{"bookingid":646},{"bookingid":1130},{"bookingid":376},{"bookingid":556},{"bookingid":134},{"bookingid":458},{"bookingid":568},{"bookingid":845},{"bookingid":1042},{"bookingid":98},{"bookingid":709},{"bookingid":99},{"bookingid":1211},{"bookingid":964},{"bookingid":1265},{"bookingid":232},{"bookingid":1189},{"bookingid":697},{"bookingid":1356},{"bookingid":1012},{"bookingid":1102},{"bookingid":1082},{"bookingid":1371},{"bookingid":1372},{"bookingid":479},{"bookingid":927},{"bookingid":274},{"bookingid":806},{"bookingid":1029},{"bookingid":476},{"bookingid":128},{"bookingid":16},{"bookingid":775},{"bookingid":1287},{"bookingid":589},{"bookingid":565},{"bookingid":11},{"bookingid":526},{"bookingid":1052},{"bookingid":1115},{"bookingid":52},{"bookingid":905},{"bookingid":517},{"bookingid":1119},{"bookingid":1281},{"bookingid":1121},{"bookingid":973},{"bookingid":661},{"bookingid":124},{"bookingid":1302},{"bookingid":366},{"bookingid":664},{"bookingid":1254},{"bookingid":1049},{"bookingid":1234},{"bookingid":233},{"bookingid":569},{"bookingid":586},{"bookingid":979},{"bookingid":587},{"bookingid":730},{"bookingid":1144},{"bookingid":773},{"bookingid":1133},{"bookingid":727},{"bookingid":669},{"bookingid":279},{"bookingid":391},{"bookingid":483},{"bookingid":262},{"bookingid":939},{"bookingid":1223},{"bookingid":161},{"bookingid":686},{"bookingid":24},{"bookingid":446},{"bookingid":301},{"bookingid":739},{"bookingid":856},{"bookingid":175},{"bookingid":138},{"bookingid":1185},{"bookingid":628},{"bookingid":361},{"bookingid":849},{"bookingid":798},{"bookingid":720},{"bookingid":607},{"bookingid":1151},{"bookingid":111},{"bookingid":743},{"bookingid":1358},{"bookingid":880},{"bookingid":561},{"bookingid":997},{"bookingid":641},{"bookingid":1139},{"bookingid":1116},{"bookingid":1004},{"bookingid":145},{"bookingid":1152},{"bookingid":1090},{"bookingid":706},{"bookingid":444},{"bookingid":1298},{"bookingid":1313},{"bookingid":1015},{"bookingid":583},{"bookingid":916},{"bookingid":1071},{"bookingid":1337},{"bookingid":999},{"bookingid":324},{"bookingid":1349},{"bookingid":516},{"bookingid":993},{"bookingid":20},{"bookingid":961},{"bookingid":914},{"bookingid":1321},{"bookingid":1340},{"bookingid":208},{"bookingid":672},{"bookingid":547},{"bookingid":1359},{"bookingid":836},{"bookingid":1357},{"bookingid":457},{"bookingid":418},{"bookingid":1057},{"bookingid":362},{"bookingid":1172},{"bookingid":217},{"bookingid":599},{"bookingid":521},{"bookingid":285},{"bookingid":394},{"bookingid":603},{"bookingid":290},{"bookingid":616},{"bookingid":863},{"bookingid":186},{"bookingid":118},{"bookingid":929},{"bookingid":606},{"bookingid":920},{"bookingid":544},{"bookingid":156},{"bookingid":1132},{"bookingid":304},{"bookingid":35},{"bookingid":140},{"bookingid":893},{"bookingid":307},{"bookingid":122},{"bookingid":746},{"bookingid":228},{"bookingid":1256},{"bookingid":951},{"bookingid":612},{"bookingid":1275},{"bookingid":648},{"bookingid":55},{"bookingid":1214},{"bookingid":245},{"bookingid":1188},{"bookingid":1308},{"bookingid":59},{"bookingid":680},{"bookingid":113},{"bookingid":1260},{"bookingid":802},{"bookingid":937},{"bookingid":236},{"bookingid":625},{"bookingid":1173},{"bookingid":868},{"bookingid":578},{"bookingid":492},{"bookingid":42},{"bookingid":456},{"bookingid":46},{"bookingid":109},{"bookingid":663},{"bookingid":40},{"bookingid":57},{"bookingid":865},{"bookingid":1122},{"bookingid":238},{"bookingid":660},{"bookingid":149},{"bookingid":1170},{"bookingid":295},{"bookingid":188},{"bookingid":972},{"bookingid":791},{"bookingid":754},{"bookingid":511},{"bookingid":107},{"bookingid":1194},{"bookingid":1066},{"bookingid":817},{"bookingid":1129},{"bookingid":675},{"bookingid":1083},{"bookingid":344},{"bookingid":771},{"bookingid":1278},{"bookingid":1059},{"bookingid":508},{"bookingid":7"
16:53:34 [main] DEBUG org.apache.http.wire -  << "16},{"bookingid":608},{"bookingid":4},{"bookingid":1242},{"bookingid":985},{"bookingid":763},{"bookingid":797},{"bookingid":1155},{"bookingid":1021},{"bookingid":117},{"bookingid":27},{"bookingid":871},{"bookingid":199},{"bookingid":419},{"bookingid":512},{"bookingid":424},{"bookingid":839},{"bookingid":735},{"bookingid":450},{"bookingid":388},{"bookingid":76},{"bookingid":1184},{"bookingid":319},{"bookingid":958},{"bookingid":879},{"bookingid":638},{"bookingid":907},{"bookingid":348},{"bookingid":1202},{"bookingid":1208},{"bookingid":31},{"bookingid":103},{"bookingid":342},{"bookingid":67},{"bookingid":733},{"bookingid":981},{"bookingid":43},{"bookingid":770},{"bookingid":567},{"bookingid":447},{"bookingid":645},{"bookingid":1304},{"bookingid":126},{"bookingid":932},{"bookingid":741},{"bookingid":531},{"bookingid":1217},{"bookingid":296},{"bookingid":844},{"bookingid":1091},{"bookingid":144},{"bookingid":581},{"bookingid":375},{"bookingid":270},{"bookingid":1215},{"bookingid":749},{"bookingid":1227},{"bookingid":698},{"bookingid":459},{"bookingid":1270},{"bookingid":1252},{"bookingid":125},{"bookingid":1030},{"bookingid":1318},{"bookingid":63},{"bookingid":695},{"bookingid":742},{"bookingid":996},{"bookingid":783},{"bookingid":182},{"bookingid":759},{"bookingid":1355},{"bookingid":445},{"bookingid":1283},{"bookingid":317},{"bookingid":384},{"bookingid":37},{"bookingid":85},{"bookingid":692},{"bookingid":1100},{"bookingid":250},{"bookingid":1286},{"bookingid":158},{"bookingid":994},{"bookingid":1114},{"bookingid":665},{"bookingid":926},{"bookingid":769},{"bookingid":1031},{"bookingid":481},{"bookingid":286},{"bookingid":1261},{"bookingid":1328},{"bookingid":1210},{"bookingid":305},{"bookingid":381},{"bookingid":1235},{"bookingid":235},{"bookingid":901},{"bookingid":1307},{"bookingid":837},{"bookingid":428},{"bookingid":883},{"bookingid":1290},{"bookingid":982},{"bookingid":738},{"bookingid":653},{"bookingid":32},{"bookingid":809},{"bookingid":1216},{"bookingid":946},{"bookingid":1169},{"bookingid":1221},{"bookingid":29},{"bookingid":715},{"bookingid":1062},{"bookingid":840},{"bookingid":218},{"bookingid":266},{"bookingid":1291},{"bookingid":1013},{"bookingid":921},{"bookingid":965},{"bookingid":1251},{"bookingid":1346},{"bookingid":1138},{"bookingid":654},{"bookingid":377},{"bookingid":92},{"bookingid":432},{"bookingid":166},{"bookingid":1036},{"bookingid":1},{"bookingid":790},{"bookingid":904},{"bookingid":183},{"bookingid":33},{"bookingid":576},{"bookingid":354},{"bookingid":782},{"bookingid":864},{"bookingid":731},{"bookingid":1131},{"bookingid":367},{"bookingid":614},{"bookingid":54},{"bookingid":1039},{"bookingid":1323},{"bookingid":1245},{"bookingid":477},{"bookingid":463},{"bookingid":1246},{"bookingid":385},{"bookingid":1158},{"bookingid":259},{"bookingid":96},{"bookingid":14},{"bookingid":102},{"bookingid":240},{"bookingid":410},{"bookingid":412},{"bookingid":1271},{"bookingid":1180},{"bookingid":1162},{"bookingid":601},{"bookingid":1027},{"bookingid":247},{"bookingid":764},{"bookingid":123},{"bookingid":15},{"bookingid":23},{"bookingid":372},{"bookingid":1269},{"bookingid":194},{"bookingid":637},{"bookingid":722},{"bookingid":1175},{"bookingid":1107},{"bookingid":931},{"bookingid":335},{"bookingid":954},{"bookingid":1078},{"bookingid":1200},{"bookingid":609},{"bookingid":899},{"bookingid":41},{"bookingid":830},{"bookingid":1206},{"bookingid":159},{"bookingid":621},{"bookingid":850},{"bookingid":1253},{"bookingid":622},{"bookingid":600},{"bookingid":827},{"bookingid":72},{"bookingid":1113},{"bookingid":280},{"bookingid":83},{"bookingid":1067},{"bookingid":1353},{"bookingid":452},{"bookingid":451},{"bookingid":105},{"bookingid":688},{"bookingid":584},{"bookingid":1333},{"bookingid":267},{"bookingid":657},{"bookingid":504},{"bookingid":399},{"bookingid":226},{"bookingid":1364},{"bookingid":810},{"bookingid":494},{"bookingid":426},{"bookingid":471},{"bookingid":66},{"bookingid":1126},{"bookingid":534},{"bookingid":269},{"bookingid":874},{"bookingid":1314},{"bookingid":19},{"bookingid":713},{"bookingid":88},{"bookingid":823},{"bookingid":276},{"bookingid":732},{"bookingid":793},{"bookingid":93},{"bookingid":987},{"bookingid":666},{"bookingid":651},{"bookingid":465},{"bookingid":413},{"bookingid":895},{"bookingid":1366},{"bookingid":503},{"bookingid":1320},{"bookingid":1023},{"bookingid":670},{"bookingid":1037},{"bookingid":729},{"bookingid":822},{"bookingid":1249},{"bookingid":389},{"bookingid":187},{"bookingid":701},{"bookingid":254},{"bookingid":852},{"bookingid":139},{"bookingid":1084},{"bookingid":369},{"bookingid":1177},{"bookingid":440},{"bookingid":478},{"bookingid":58},{"bookingid":214},{"bookingid":489},{"bookingid":1123},{"bookingid":1117},{"bookingid":302},{"bookingid":953},{"bookingid":1038},{"bookingid":1108},{"bookingid":785},{"bookingid":1076},{"bookingid":1028},{"bookingid":1341},{"bookingid":310},{"bookingid":998},{"bookingid":1365},{"bookingid":704},{"bookingid":406},{"bookingid":360},{"bookingid":327},{"bookingid":298},{"bookingid":8},{"bookingid":1352},{"bookingid":818},{"bookingid":417},{"bookingid":106},{"bookingid":1148},{"bookingid":1098},{"bookingid":1316},{"bookingid":116},{"bookingid":877},{"bookingid":1332},{"bookingid":343},{"bookingid":1240},{"bookingid":490},{"bookingid":246},{"bookingid":1168},{"bookingid":439},{"bookingid":1255},{"bookingid":1142},{"bookingid":1077},{"bookingid":1370},{"bookingid":549},{"bookingid":165},{"bookingid":154},{"bookingid":496},{"bookingid":1063},{"bookingid":1064},{"bookingid":808},{"bookingid":1056},{"bookingid":896},{"bookingid":1342},{"bookingid":61},{"bookingid":395},{"bookingid":51},{"bookingid":174},{"bookingid":913},{"bookingid":65},{"bookingid":943},{"bookingid":786},{"bookingid":1003},{"bookingid":835},{"bookingid":1322},{"bookingid":917},{"bookingid":831},{"bookingid":167},{"bookingid":1099},{"bookingid":889},{"bookingid":1149},{"bookingid":1187},{"bookingid":573},{"bookingid":1125},{"bookingid":74},{"bookingid":604},{"bookingid":374},{"bookingid":629},{"bookingid":1096},{"bookingid":595},{"bookingid":655},{"bookingid":1088},{"bookingid":671},{"bookingid":1103},{"bookingid":643},{"bookingid":171},{"bookingid":420},{"bookingid":859},{"bookingid":315},{"bookingid":26},{"bookingid":832},{"bookingid":640},{"bookingid":1285},{"bookingid":1195},{"bookingid":911},{"bookingid":1293},{"bookingid":396},{"bookingid":854},{"bookingid":971},{"bookingid":211},{"bookingid":453},{"bookingid":1311},{"bookingid":885},{"bookingid":339},{"bookingid":487},{"bookingid":923},{"bookingid":328},{"bookingid":718},{"bookingid":90},{"bookingid":947},{"bookingid":181},{"bookingid":89},{"bookingid":1247},{"bookingid":892},{"bookingid":393},{"bookingid":894},{"bookingid":25},{"bookingid":273},{"bookingid":1338},{"booki"
16:53:34 [main] DEBUG org.apache.http.wire -  << "ngid":824},{"bookingid":890},{"bookingid":562},{"bookingid":34},{"bookingid":119},{"bookingid":168},{"bookingid":1074},{"bookingid":554},{"bookingid":288},{"bookingid":411},{"bookingid":536},{"bookingid":172},{"bookingid":44},{"bookingid":3},{"bookingid":633},{"bookingid":13},{"bookingid":306},{"bookingid":12},{"bookingid":1137},{"bookingid":548},{"bookingid":135},{"bookingid":848},{"bookingid":201},{"bookingid":282},{"bookingid":524},{"bookingid":619},{"bookingid":623},{"bookingid":1110},{"bookingid":243},{"bookingid":1348},{"bookingid":136},{"bookingid":1331},{"bookingid":1228},{"bookingid":925},{"bookingid":570},{"bookingid":866},{"bookingid":333},{"bookingid":1156},{"bookingid":776},{"bookingid":1058},{"bookingid":647},{"bookingid":498},{"bookingid":460},{"bookingid":779},{"bookingid":1166},{"bookingid":1081},{"bookingid":1367},{"bookingid":213},{"bookingid":857},{"bookingid":585},{"bookingid":529},{"bookingid":945},{"bookingid":241},{"bookingid":682},{"bookingid":495},{"bookingid":719},{"bookingid":1109},{"bookingid":403},{"bookingid":726},{"bookingid":5},{"bookingid":1086},{"bookingid":294},{"bookingid":1241},{"bookingid":466},{"bookingid":630},{"bookingid":930},{"bookingid":264},{"bookingid":1222},{"bookingid":82},{"bookingid":401},{"bookingid":147},{"bookingid":538},{"bookingid":591},{"bookingid":1161},{"bookingid":514},{"bookingid":908},{"bookingid":1230},{"bookingid":1160},{"bookingid":710},{"bookingid":45},{"bookingid":435},{"bookingid":28},{"bookingid":129},{"bookingid":873},{"bookingid":762},{"bookingid":1051},{"bookingid":1289},{"bookingid":1201},{"bookingid":326},{"bookingid":216},{"bookingid":1089},{"bookingid":959},{"bookingid":803},{"bookingid":292},{"bookingid":349},{"bookingid":1231},{"bookingid":617},{"bookingid":178},{"bookingid":7},{"bookingid":1199},{"bookingid":253},{"bookingid":1272},{"bookingid":960},{"bookingid":1301},{"bookingid":933},{"bookingid":1005},{"bookingid":878},{"bookingid":189},{"bookingid":1045},{"bookingid":1043},{"bookingid":151},{"bookingid":1010},{"bookingid":1022},{"bookingid":289},{"bookingid":48},{"bookingid":955},{"bookingid":766},{"bookingid":678},{"bookingid":146},{"bookingid":275},{"bookingid":468},{"bookingid":200},{"bookingid":340},{"bookingid":38},{"bookingid":594},{"bookingid":778},{"bookingid":796},{"bookingid":507},{"bookingid":1319},{"bookingid":153},{"bookingid":1263},{"bookingid":679},{"bookingid":1095},{"bookingid":493},{"bookingid":202},{"bookingid":906},{"bookingid":1339},{"bookingid":373},{"bookingid":427},{"bookingid":141},{"bookingid":919},{"bookingid":400},{"bookingid":110},{"bookingid":224},{"bookingid":1310},{"bookingid":799},{"bookingid":382},{"bookingid":198},{"bookingid":559},{"bookingid":1347},{"bookingid":812},{"bookingid":1009},{"bookingid":77},{"bookingid":886},{"bookingid":1193},{"bookingid":703},{"bookingid":553},{"bookingid":949},{"bookingid":991},{"bookingid":940}]"
16:53:34 [main] DEBUG org.apache.http.impl.conn.BasicClientConnectionManager - Releasing connection org.apache.http.impl.conn.ManagedClientConnectionImpl@2626aa35
16:53:34 [main] DEBUG org.apache.http.impl.conn.BasicClientConnectionManager - Connection can be kept alive indefinitely
Full API Response:
[
    {
        "bookingid": 179
    },
    {
        "bookingid": 842
    },
    {
        "bookingid": 368
    },
    {
        "bookingid": 121
    },
    {
        "bookingid": 423
    },
    {
        "bookingid": 157
    },
    {
        "bookingid": 986
    },
    {
        "bookingid": 558
    },
    {
        "bookingid": 977
    },
    {
        "bookingid": 990
    },
    {
        "bookingid": 912
    },
    {
        "bookingid": 685
    },
    {
        "bookingid": 225
    },
    {
        "bookingid": 707
    },
    {
        "bookingid": 1330
    },
    {
        "bookingid": 229
    },
    {
        "bookingid": 1280
    },
    {
        "bookingid": 219
    },
    {
        "bookingid": 1277
    },
    {
        "bookingid": 509
    },
    {
        "bookingid": 1335
    },
    {
        "bookingid": 813
    },
    {
        "bookingid": 1019
    },
    {
        "bookingid": 1032
    },
    {
        "bookingid": 258
    },
    {
        "bookingid": 231
    },
    {
        "bookingid": 441
    },
    {
        "bookingid": 355
    },
    {
        "bookingid": 978
    },
    {
        "bookingid": 206
    },
    {
        "bookingid": 1257
    },
    {
        "bookingid": 260
    },
    {
        "bookingid": 313
    },
    {
        "bookingid": 173
    },
    {
        "bookingid": 1136
    },
    {
        "bookingid": 846
    },
    {
        "bookingid": 656
    },
    {
        "bookingid": 386
    },
    {
        "bookingid": 356
    },
    {
        "bookingid": 409
    },
    {
        "bookingid": 251
    },
    {
        "bookingid": 71
    },
    {
        "bookingid": 1165
    },
    {
        "bookingid": 700
    },
    {
        "bookingid": 820
    },
    {
        "bookingid": 712
    },
    {
        "bookingid": 392
    },
    {
        "bookingid": 691
    },
    {
        "bookingid": 1299
    },
    {
        "bookingid": 81
    },
    {
        "bookingid": 684
    },
    {
        "bookingid": 350
    },
    {
        "bookingid": 127
    },
    {
        "bookingid": 811
    },
    {
        "bookingid": 1360
    },
    {
        "bookingid": 1073
    },
    {
        "bookingid": 966
    },
    {
        "bookingid": 1007
    },
    {
        "bookingid": 47
    },
    {
        "bookingid": 70
    },
    {
        "bookingid": 1305
    },
    {
        "bookingid": 967
    },
    {
        "bookingid": 1143
    },
    {
        "bookingid": 114
    },
    {
        "bookingid": 636
    },
    {
        "bookingid": 30
    },
    {
        "bookingid": 256
    },
    {
        "bookingid": 1075
    },
    {
        "bookingid": 2
    },
    {
        "bookingid": 73
    },
    {
        "bookingid": 433
    },
    {
        "bookingid": 821
    },
    {
        "bookingid": 944
    },
    {
        "bookingid": 1327
    },
    {
        "bookingid": 242
    },
    {
        "bookingid": 858
    },
    {
        "bookingid": 1016
    },
    {
        "bookingid": 787
    },
    {
        "bookingid": 792
    },
    {
        "bookingid": 1186
    },
    {
        "bookingid": 745
    },
    {
        "bookingid": 434
    },
    {
        "bookingid": 405
    },
    {
        "bookingid": 902
    },
    {
        "bookingid": 357
    },
    {
        "bookingid": 592
    },
    {
        "bookingid": 761
    },
    {
        "bookingid": 1273
    },
    {
        "bookingid": 970
    },
    {
        "bookingid": 425
    },
    {
        "bookingid": 193
    },
    {
        "bookingid": 829
    },
    {
        "bookingid": 1229
    },
    {
        "bookingid": 1014
    },
    {
        "bookingid": 1145
    },
    {
        "bookingid": 1295
    },
    {
        "bookingid": 1207
    },
    {
        "bookingid": 64
    },
    {
        "bookingid": 68
    },
    {
        "bookingid": 872
    },
    {
        "bookingid": 687
    },
    {
        "bookingid": 1237
    },
    {
        "bookingid": 321
    },
    {
        "bookingid": 1101
    },
    {
        "bookingid": 485
    },
    {
        "bookingid": 160
    },
    {
        "bookingid": 137
    },
    {
        "bookingid": 884
    },
    {
        "bookingid": 564
    },
    {
        "bookingid": 97
    },
    {
        "bookingid": 86
    },
    {
        "bookingid": 1266
    },
    {
        "bookingid": 560
    },
    {
        "bookingid": 1163
    },
    {
        "bookingid": 938
    },
    {
        "bookingid": 694
    },
    {
        "bookingid": 723
    },
    {
        "bookingid": 650
    },
    {
        "bookingid": 209
    },
    {
        "bookingid": 17
    },
    {
        "bookingid": 1182
    },
    {
        "bookingid": 148
    },
    {
        "bookingid": 551
    },
    {
        "bookingid": 21
    },
    {
        "bookingid": 309
    },
    {
        "bookingid": 597
    },
    {
        "bookingid": 91
    },
    {
        "bookingid": 546
    },
    {
        "bookingid": 222
    },
    {
        "bookingid": 804
    },
    {
        "bookingid": 631
    },
    {
        "bookingid": 336
    },
    {
        "bookingid": 438
    },
    {
        "bookingid": 311
    },
    {
        "bookingid": 673
    },
    {
        "bookingid": 192
    },
    {
        "bookingid": 1224
    },
    {
        "bookingid": 316
    },
    {
        "bookingid": 777
    },
    {
        "bookingid": 861
    },
    {
        "bookingid": 1044
    },
    {
        "bookingid": 101
    },
    {
        "bookingid": 322
    },
    {
        "bookingid": 223
    },
    {
        "bookingid": 1176
    },
    {
        "bookingid": 756
    },
    {
        "bookingid": 475
    },
    {
        "bookingid": 56
    },
    {
        "bookingid": 469
    },
    {
        "bookingid": 78
    },
    {
        "bookingid": 95
    },
    {
        "bookingid": 484
    },
    {
        "bookingid": 80
    },
    {
        "bookingid": 828
    },
    {
        "bookingid": 334
    },
    {
        "bookingid": 974
    },
    {
        "bookingid": 1050
    },
    {
        "bookingid": 542
    },
    {
        "bookingid": 1024
    },
    {
        "bookingid": 261
    },
    {
        "bookingid": 1264
    },
    {
        "bookingid": 1000
    },
    {
        "bookingid": 1294
    },
    {
        "bookingid": 539
    },
    {
        "bookingid": 1203
    },
    {
        "bookingid": 520
    },
    {
        "bookingid": 574
    },
    {
        "bookingid": 472
    },
    {
        "bookingid": 515
    },
    {
        "bookingid": 281
    },
    {
        "bookingid": 1196
    },
    {
        "bookingid": 325
    },
    {
        "bookingid": 736
    },
    {
        "bookingid": 53
    },
    {
        "bookingid": 132
    },
    {
        "bookingid": 1070
    },
    {
        "bookingid": 627
    },
    {
        "bookingid": 408
    },
    {
        "bookingid": 341
    },
    {
        "bookingid": 363
    },
    {
        "bookingid": 502
    },
    {
        "bookingid": 329
    },
    {
        "bookingid": 470
    },
    {
        "bookingid": 1150
    },
    {
        "bookingid": 297
    },
    {
        "bookingid": 579
    },
    {
        "bookingid": 989
    },
    {
        "bookingid": 1055
    },
    {
        "bookingid": 205
    },
    {
        "bookingid": 1239
    },
    {
        "bookingid": 49
    },
    {
        "bookingid": 541
    },
    {
        "bookingid": 615
    },
    {
        "bookingid": 195
    },
    {
        "bookingid": 1179
    },
    {
        "bookingid": 351
    },
    {
        "bookingid": 748
    },
    {
        "bookingid": 500
    },
    {
        "bookingid": 133
    },
    {
        "bookingid": 646
    },
    {
        "bookingid": 1130
    },
    {
        "bookingid": 376
    },
    {
        "bookingid": 556
    },
    {
        "bookingid": 134
    },
    {
        "bookingid": 458
    },
    {
        "bookingid": 568
    },
    {
        "bookingid": 845
    },
    {
        "bookingid": 1042
    },
    {
        "bookingid": 98
    },
    {
        "bookingid": 709
    },
    {
        "bookingid": 99
    },
    {
        "bookingid": 1211
    },
    {
        "bookingid": 964
    },
    {
        "bookingid": 1265
    },
    {
        "bookingid": 232
    },
    {
        "bookingid": 1189
    },
    {
        "bookingid": 697
    },
    {
        "bookingid": 1356
    },
    {
        "bookingid": 1012
    },
    {
        "bookingid": 1102
    },
    {
        "bookingid": 1082
    },
    {
        "bookingid": 1371
    },
    {
        "bookingid": 1372
    },
    {
        "bookingid": 479
    },
    {
        "bookingid": 927
    },
    {
        "bookingid": 274
    },
    {
        "bookingid": 806
    },
    {
        "bookingid": 1029
    },
    {
        "bookingid": 476
    },
    {
        "bookingid": 128
    },
    {
        "bookingid": 16
    },
    {
        "bookingid": 775
    },
    {
        "bookingid": 1287
    },
    {
        "bookingid": 589
    },
    {
        "bookingid": 565
    },
    {
        "bookingid": 11
    },
    {
        "bookingid": 526
    },
    {
        "bookingid": 1052
    },
    {
        "bookingid": 1115
    },
    {
        "bookingid": 52
    },
    {
        "bookingid": 905
    },
    {
        "bookingid": 517
    },
    {
        "bookingid": 1119
    },
    {
        "bookingid": 1281
    },
    {
        "bookingid": 1121
    },
    {
        "bookingid": 973
    },
    {
        "bookingid": 661
    },
    {
        "bookingid": 124
    },
    {
        "bookingid": 1302
    },
    {
        "bookingid": 366
    },
    {
        "bookingid": 664
    },
    {
        "bookingid": 1254
    },
    {
        "bookingid": 1049
    },
    {
        "bookingid": 1234
    },
    {
        "bookingid": 233
    },
    {
        "bookingid": 569
    },
    {
        "bookingid": 586
    },
    {
        "bookingid": 979
    },
    {
        "bookingid": 587
    },
    {
        "bookingid": 730
    },
    {
        "bookingid": 1144
    },
    {
        "bookingid": 773
    },
    {
        "bookingid": 1133
    },
    {
        "bookingid": 727
    },
    {
        "bookingid": 669
    },
    {
        "bookingid": 279
    },
    {
        "bookingid": 391
    },
    {
        "bookingid": 483
    },
    {
        "bookingid": 262
    },
    {
        "bookingid": 939
    },
    {
        "bookingid": 1223
    },
    {
        "bookingid": 161
    },
    {
        "bookingid": 686
    },
    {
        "bookingid": 24
    },
    {
        "bookingid": 446
    },
    {
        "bookingid": 301
    },
    {
        "bookingid": 739
    },
    {
        "bookingid": 856
    },
    {
        "bookingid": 175
    },
    {
        "bookingid": 138
    },
    {
        "bookingid": 1185
    },
    {
        "bookingid": 628
    },
    {
        "bookingid": 361
    },
    {
        "bookingid": 849
    },
    {
        "bookingid": 798
    },
    {
        "bookingid": 720
    },
    {
        "bookingid": 607
    },
    {
        "bookingid": 1151
    },
    {
        "bookingid": 111
    },
    {
        "bookingid": 743
    },
    {
        "bookingid": 1358
    },
    {
        "bookingid": 880
    },
    {
        "bookingid": 561
    },
    {
        "bookingid": 997
    },
    {
        "bookingid": 641
    },
    {
        "bookingid": 1139
    },
    {
        "bookingid": 1116
    },
    {
        "bookingid": 1004
    },
    {
        "bookingid": 145
    },
    {
        "bookingid": 1152
    },
    {
        "bookingid": 1090
    },
    {
        "bookingid": 706
    },
    {
        "bookingid": 444
    },
    {
        "bookingid": 1298
    },
    {
        "bookingid": 1313
    },
    {
        "bookingid": 1015
    },
    {
        "bookingid": 583
    },
    {
        "bookingid": 916
    },
    {
        "bookingid": 1071
    },
    {
        "bookingid": 1337
    },
    {
        "bookingid": 999
    },
    {
        "bookingid": 324
    },
    {
        "bookingid": 1349
    },
    {
        "bookingid": 516
    },
    {
        "bookingid": 993
    },
    {
        "bookingid": 20
    },
    {
        "bookingid": 961
    },
    {
        "bookingid": 914
    },
    {
        "bookingid": 1321
    },
    {
        "bookingid": 1340
    },
    {
        "bookingid": 208
    },
    {
        "bookingid": 672
    },
    {
        "bookingid": 547
    },
    {
        "bookingid": 1359
    },
    {
        "bookingid": 836
    },
    {
        "bookingid": 1357
    },
    {
        "bookingid": 457
    },
    {
        "bookingid": 418
    },
    {
        "bookingid": 1057
    },
    {
        "bookingid": 362
    },
    {
        "bookingid": 1172
    },
    {
        "bookingid": 217
    },
    {
        "bookingid": 599
    },
    {
        "bookingid": 521
    },
    {
        "bookingid": 285
    },
    {
        "bookingid": 394
    },
    {
        "bookingid": 603
    },
    {
        "bookingid": 290
    },
    {
        "bookingid": 616
    },
    {
        "bookingid": 863
    },
    {
        "bookingid": 186
    },
    {
        "bookingid": 118
    },
    {
        "bookingid": 929
    },
    {
        "bookingid": 606
    },
    {
        "bookingid": 920
    },
    {
        "bookingid": 544
    },
    {
        "bookingid": 156
    },
    {
        "bookingid": 1132
    },
    {
        "bookingid": 304
    },
    {
        "bookingid": 35
    },
    {
        "bookingid": 140
    },
    {
        "bookingid": 893
    },
    {
        "bookingid": 307
    },
    {
        "bookingid": 122
    },
    {
        "bookingid": 746
    },
    {
        "bookingid": 228
    },
    {
        "bookingid": 1256
    },
    {
        "bookingid": 951
    },
    {
        "bookingid": 612
    },
    {
        "bookingid": 1275
    },
    {
        "bookingid": 648
    },
    {
        "bookingid": 55
    },
    {
        "bookingid": 1214
    },
    {
        "bookingid": 245
    },
    {
        "bookingid": 1188
    },
    {
        "bookingid": 1308
    },
    {
        "bookingid": 59
    },
    {
        "bookingid": 680
    },
    {
        "bookingid": 113
    },
    {
        "bookingid": 1260
    },
    {
        "bookingid": 802
    },
    {
        "bookingid": 937
    },
    {
        "bookingid": 236
    },
    {
        "bookingid": 625
    },
    {
        "bookingid": 1173
    },
    {
        "bookingid": 868
    },
    {
        "bookingid": 578
    },
    {
        "bookingid": 492
    },
    {
        "bookingid": 42
    },
    {
        "bookingid": 456
    },
    {
        "bookingid": 46
    },
    {
        "bookingid": 109
    },
    {
        "bookingid": 663
    },
    {
        "bookingid": 40
    },
    {
        "bookingid": 57
    },
    {
        "bookingid": 865
    },
    {
        "bookingid": 1122
    },
    {
        "bookingid": 238
    },
    {
        "bookingid": 660
    },
    {
        "bookingid": 149
    },
    {
        "bookingid": 1170
    },
    {
        "bookingid": 295
    },
    {
        "bookingid": 188
    },
    {
        "bookingid": 972
    },
    {
        "bookingid": 791
    },
    {
        "bookingid": 754
    },
    {
        "bookingid": 511
    },
    {
        "bookingid": 107
    },
    {
        "bookingid": 1194
    },
    {
        "bookingid": 1066
    },
    {
        "bookingid": 817
    },
    {
        "bookingid": 1129
    },
    {
        "bookingid": 675
    },
    {
        "bookingid": 1083
    },
    {
        "bookingid": 344
    },
    {
        "bookingid": 771
    },
    {
        "bookingid": 1278
    },
    {
        "bookingid": 1059
    },
    {
        "bookingid": 508
    },
    {
        "bookingid": 716
    },
    {
        "bookingid": 608
    },
    {
        "bookingid": 4
    },
    {
        "bookingid": 1242
    },
    {
        "bookingid": 985
    },
    {
        "bookingid": 763
    },
    {
        "bookingid": 797
    },
    {
        "bookingid": 1155
    },
    {
        "bookingid": 1021
    },
    {
        "bookingid": 117
    },
    {
        "bookingid": 27
    },
    {
        "bookingid": 871
    },
    {
        "bookingid": 199
    },
    {
        "bookingid": 419
    },
    {
        "bookingid": 512
    },
    {
        "bookingid": 424
    },
    {
        "bookingid": 839
    },
    {
        "bookingid": 735
    },
    {
        "bookingid": 450
    },
    {
        "bookingid": 388
    },
    {
        "bookingid": 76
    },
    {
        "bookingid": 1184
    },
    {
        "bookingid": 319
    },
    {
        "bookingid": 958
    },
    {
        "bookingid": 879
    },
    {
        "bookingid": 638
    },
    {
        "bookingid": 907
    },
    {
        "bookingid": 348
    },
    {
        "bookingid": 1202
    },
    {
        "bookingid": 1208
    },
    {
        "bookingid": 31
    },
    {
        "bookingid": 103
    },
    {
        "bookingid": 342
    },
    {
        "bookingid": 67
    },
    {
        "bookingid": 733
    },
    {
        "bookingid": 981
    },
    {
        "bookingid": 43
    },
    {
        "bookingid": 770
    },
    {
        "bookingid": 567
    },
    {
        "bookingid": 447
    },
    {
        "bookingid": 645
    },
    {
        "bookingid": 1304
    },
    {
        "bookingid": 126
    },
    {
        "bookingid": 932
    },
    {
        "bookingid": 741
    },
    {
        "bookingid": 531
    },
    {
        "bookingid": 1217
    },
    {
        "bookingid": 296
    },
    {
        "bookingid": 844
    },
    {
        "bookingid": 1091
    },
    {
        "bookingid": 144
    },
    {
        "bookingid": 581
    },
    {
        "bookingid": 375
    },
    {
        "bookingid": 270
    },
    {
        "bookingid": 1215
    },
    {
        "bookingid": 749
    },
    {
        "bookingid": 1227
    },
    {
        "bookingid": 698
    },
    {
        "bookingid": 459
    },
    {
        "bookingid": 1270
    },
    {
        "bookingid": 1252
    },
    {
        "bookingid": 125
    },
    {
        "bookingid": 1030
    },
    {
        "bookingid": 1318
    },
    {
        "bookingid": 63
    },
    {
        "bookingid": 695
    },
    {
        "bookingid": 742
    },
    {
        "bookingid": 996
    },
    {
        "bookingid": 783
    },
    {
        "bookingid": 182
    },
    {
        "bookingid": 759
    },
    {
        "bookingid": 1355
    },
    {
        "bookingid": 445
    },
    {
        "bookingid": 1283
    },
    {
        "bookingid": 317
    },
    {
        "bookingid": 384
    },
    {
        "bookingid": 37
    },
    {
        "bookingid": 85
    },
    {
        "bookingid": 692
    },
    {
        "bookingid": 1100
    },
    {
        "bookingid": 250
    },
    {
        "bookingid": 1286
    },
    {
        "bookingid": 158
    },
    {
        "bookingid": 994
    },
    {
        "bookingid": 1114
    },
    {
        "bookingid": 665
    },
    {
        "bookingid": 926
    },
    {
        "bookingid": 769
    },
    {
        "bookingid": 1031
    },
    {
        "bookingid": 481
    },
    {
        "bookingid": 286
    },
    {
        "bookingid": 1261
    },
    {
        "bookingid": 1328
    },
    {
        "bookingid": 1210
    },
    {
        "bookingid": 305
    },
    {
        "bookingid": 381
    },
    {
        "bookingid": 1235
    },
    {
        "bookingid": 235
    },
    {
        "bookingid": 901
    },
    {
        "bookingid": 1307
    },
    {
        "bookingid": 837
    },
    {
        "bookingid": 428
    },
    {
        "bookingid": 883
    },
    {
        "bookingid": 1290
    },
    {
        "bookingid": 982
    },
    {
        "bookingid": 738
    },
    {
        "bookingid": 653
    },
    {
        "bookingid": 32
    },
    {
        "bookingid": 809
    },
    {
        "bookingid": 1216
    },
    {
        "bookingid": 946
    },
    {
        "bookingid": 1169
    },
    {
        "bookingid": 1221
    },
    {
        "bookingid": 29
    },
    {
        "bookingid": 715
    },
    {
        "bookingid": 1062
    },
    {
        "bookingid": 840
    },
    {
        "bookingid": 218
    },
    {
        "bookingid": 266
    },
    {
        "bookingid": 1291
    },
    {
        "bookingid": 1013
    },
    {
        "bookingid": 921
    },
    {
        "bookingid": 965
    },
    {
        "bookingid": 1251
    },
    {
        "bookingid": 1346
    },
    {
        "bookingid": 1138
    },
    {
        "bookingid": 654
    },
    {
        "bookingid": 377
    },
    {
        "bookingid": 92
    },
    {
        "bookingid": 432
    },
    {
        "bookingid": 166
    },
    {
        "bookingid": 1036
    },
    {
        "bookingid": 1
    },
    {
        "bookingid": 790
    },
    {
        "bookingid": 904
    },
    {
        "bookingid": 183
    },
    {
        "bookingid": 33
    },
    {
        "bookingid": 576
    },
    {
        "bookingid": 354
    },
    {
        "bookingid": 782
    },
    {
        "bookingid": 864
    },
    {
        "bookingid": 731
    },
    {
        "bookingid": 1131
    },
    {
        "bookingid": 367
    },
    {
        "bookingid": 614
    },
    {
        "bookingid": 54
    },
    {
        "bookingid": 1039
    },
    {
        "bookingid": 1323
    },
    {
        "bookingid": 1245
    },
    {
        "bookingid": 477
    },
    {
        "bookingid": 463
    },
    {
        "bookingid": 1246
    },
    {
        "bookingid": 385
    },
    {
        "bookingid": 1158
    },
    {
        "bookingid": 259
    },
    {
        "bookingid": 96
    },
    {
        "bookingid": 14
    },
    {
        "bookingid": 102
    },
    {
        "bookingid": 240
    },
    {
        "bookingid": 410
    },
    {
        "bookingid": 412
    },
    {
        "bookingid": 1271
    },
    {
        "bookingid": 1180
    },
    {
        "bookingid": 1162
    },
    {
        "bookingid": 601
    },
    {
        "bookingid": 1027
    },
    {
        "bookingid": 247
    },
    {
        "bookingid": 764
    },
    {
        "bookingid": 123
    },
    {
        "bookingid": 15
    },
    {
        "bookingid": 23
    },
    {
        "bookingid": 372
    },
    {
        "bookingid": 1269
    },
    {
        "bookingid": 194
    },
    {
        "bookingid": 637
    },
    {
        "bookingid": 722
    },
    {
        "bookingid": 1175
    },
    {
        "bookingid": 1107
    },
    {
        "bookingid": 931
    },
    {
        "bookingid": 335
    },
    {
        "bookingid": 954
    },
    {
        "bookingid": 1078
    },
    {
        "bookingid": 1200
    },
    {
        "bookingid": 609
    },
    {
        "bookingid": 899
    },
    {
        "bookingid": 41
    },
    {
        "bookingid": 830
    },
    {
        "bookingid": 1206
    },
    {
        "bookingid": 159
    },
    {
        "bookingid": 621
    },
    {
        "bookingid": 850
    },
    {
        "bookingid": 1253
    },
    {
        "bookingid": 622
    },
    {
        "bookingid": 600
    },
    {
        "bookingid": 827
    },
    {
        "bookingid": 72
    },
    {
        "bookingid": 1113
    },
    {
        "bookingid": 280
    },
    {
        "bookingid": 83
    },
    {
        "bookingid": 1067
    },
    {
        "bookingid": 1353
    },
    {
        "bookingid": 452
    },
    {
        "bookingid": 451
    },
    {
        "bookingid": 105
    },
    {
        "bookingid": 688
    },
    {
        "bookingid": 584
    },
    {
        "bookingid": 1333
    },
    {
        "bookingid": 267
    },
    {
        "bookingid": 657
    },
    {
        "bookingid": 504
    },
    {
        "bookingid": 399
    },
    {
        "bookingid": 226
    },
    {
        "bookingid": 1364
    },
    {
        "bookingid": 810
    },
    {
        "bookingid": 494
    },
    {
        "bookingid": 426
    },
    {
        "bookingid": 471
    },
    {
        "bookingid": 66
    },
    {
        "bookingid": 1126
    },
    {
        "bookingid": 534
    },
    {
        "bookingid": 269
    },
    {
        "bookingid": 874
    },
    {
        "bookingid": 1314
    },
    {
        "bookingid": 19
    },
    {
        "bookingid": 713
    },
    {
        "bookingid": 88
    },
    {
        "bookingid": 823
    },
    {
        "bookingid": 276
    },
    {
        "bookingid": 732
    },
    {
        "bookingid": 793
    },
    {
        "bookingid": 93
    },
    {
        "bookingid": 987
    },
    {
        "bookingid": 666
    },
    {
        "bookingid": 651
    },
    {
        "bookingid": 465
    },
    {
        "bookingid": 413
    },
    {
        "bookingid": 895
    },
    {
        "bookingid": 1366
    },
    {
        "bookingid": 503
    },
    {
        "bookingid": 1320
    },
    {
        "bookingid": 1023
    },
    {
        "bookingid": 670
    },
    {
        "bookingid": 1037
    },
    {
        "bookingid": 729
    },
    {
        "bookingid": 822
    },
    {
        "bookingid": 1249
    },
    {
        "bookingid": 389
    },
    {
        "bookingid": 187
    },
    {
        "bookingid": 701
    },
    {
        "bookingid": 254
    },
    {
        "bookingid": 852
    },
    {
        "bookingid": 139
    },
    {
        "bookingid": 1084
    },
    {
        "bookingid": 369
    },
    {
        "bookingid": 1177
    },
    {
        "bookingid": 440
    },
    {
        "bookingid": 478
    },
    {
        "bookingid": 58
    },
    {
        "bookingid": 214
    },
    {
        "bookingid": 489
    },
    {
        "bookingid": 1123
    },
    {
        "bookingid": 1117
    },
    {
        "bookingid": 302
    },
    {
        "bookingid": 953
    },
    {
        "bookingid": 1038
    },
    {
        "bookingid": 1108
    },
    {
        "bookingid": 785
    },
    {
        "bookingid": 1076
    },
    {
        "bookingid": 1028
    },
    {
        "bookingid": 1341
    },
    {
        "bookingid": 310
    },
    {
        "bookingid": 998
    },
    {
        "bookingid": 1365
    },
    {
        "bookingid": 704
    },
    {
        "bookingid": 406
    },
    {
        "bookingid": 360
    },
    {
        "bookingid": 327
    },
    {
        "bookingid": 298
    },
    {
        "bookingid": 8
    },
    {
        "bookingid": 1352
    },
    {
        "bookingid": 818
    },
    {
        "bookingid": 417
    },
    {
        "bookingid": 106
    },
    {
        "bookingid": 1148
    },
    {
        "bookingid": 1098
    },
    {
        "bookingid": 1316
    },
    {
        "bookingid": 116
    },
    {
        "bookingid": 877
    },
    {
        "bookingid": 1332
    },
    {
        "bookingid": 343
    },
    {
        "bookingid": 1240
    },
    {
        "bookingid": 490
    },
    {
        "bookingid": 246
    },
    {
        "bookingid": 1168
    },
    {
        "bookingid": 439
    },
    {
        "bookingid": 1255
    },
    {
        "bookingid": 1142
    },
    {
        "bookingid": 1077
    },
    {
        "bookingid": 1370
    },
    {
        "bookingid": 549
    },
    {
        "bookingid": 165
    },
    {
        "bookingid": 154
    },
    {
        "bookingid": 496
    },
    {
        "bookingid": 1063
    },
    {
        "bookingid": 1064
    },
    {
        "bookingid": 808
    },
    {
        "bookingid": 1056
    },
    {
        "bookingid": 896
    },
    {
        "bookingid": 1342
    },
    {
        "bookingid": 61
    },
    {
        "bookingid": 395
    },
    {
        "bookingid": 51
    },
    {
        "bookingid": 174
    },
    {
        "bookingid": 913
    },
    {
        "bookingid": 65
    },
    {
        "bookingid": 943
    },
    {
        "bookingid": 786
    },
    {
        "bookingid": 1003
    },
    {
        "bookingid": 835
    },
    {
        "bookingid": 1322
    },
    {
        "bookingid": 917
    },
    {
        "bookingid": 831
    },
    {
        "bookingid": 167
    },
    {
        "bookingid": 1099
    },
    {
        "bookingid": 889
    },
    {
        "bookingid": 1149
    },
    {
        "bookingid": 1187
    },
    {
        "bookingid": 573
    },
    {
        "bookingid": 1125
    },
    {
        "bookingid": 74
    },
    {
        "bookingid": 604
    },
    {
        "bookingid": 374
    },
    {
        "bookingid": 629
    },
    {
        "bookingid": 1096
    },
    {
        "bookingid": 595
    },
    {
        "bookingid": 655
    },
    {
        "bookingid": 1088
    },
    {
        "bookingid": 671
    },
    {
        "bookingid": 1103
    },
    {
        "bookingid": 643
    },
    {
        "bookingid": 171
    },
    {
        "bookingid": 420
    },
    {
        "bookingid": 859
    },
    {
        "bookingid": 315
    },
    {
        "bookingid": 26
    },
    {
        "bookingid": 832
    },
    {
        "bookingid": 640
    },
    {
        "bookingid": 1285
    },
    {
        "bookingid": 1195
    },
    {
        "bookingid": 911
    },
    {
        "bookingid": 1293
    },
    {
        "bookingid": 396
    },
    {
        "bookingid": 854
    },
    {
        "bookingid": 971
    },
    {
        "bookingid": 211
    },
    {
        "bookingid": 453
    },
    {
        "bookingid": 1311
    },
    {
        "bookingid": 885
    },
    {
        "bookingid": 339
    },
    {
        "bookingid": 487
    },
    {
        "bookingid": 923
    },
    {
        "bookingid": 328
    },
    {
        "bookingid": 718
    },
    {
        "bookingid": 90
    },
    {
        "bookingid": 947
    },
    {
        "bookingid": 181
    },
    {
        "bookingid": 89
    },
    {
        "bookingid": 1247
    },
    {
        "bookingid": 892
    },
    {
        "bookingid": 393
    },
    {
        "bookingid": 894
    },
    {
        "bookingid": 25
    },
    {
        "bookingid": 273
    },
    {
        "bookingid": 1338
    },
    {
        "bookingid": 824
    },
    {
        "bookingid": 890
    },
    {
        "bookingid": 562
    },
    {
        "bookingid": 34
    },
    {
        "bookingid": 119
    },
    {
        "bookingid": 168
    },
    {
        "bookingid": 1074
    },
    {
        "bookingid": 554
    },
    {
        "bookingid": 288
    },
    {
        "bookingid": 411
    },
    {
        "bookingid": 536
    },
    {
        "bookingid": 172
    },
    {
        "bookingid": 44
    },
    {
        "bookingid": 3
    },
    {
        "bookingid": 633
    },
    {
        "bookingid": 13
    },
    {
        "bookingid": 306
    },
    {
        "bookingid": 12
    },
    {
        "bookingid": 1137
    },
    {
        "bookingid": 548
    },
    {
        "bookingid": 135
    },
    {
        "bookingid": 848
    },
    {
        "bookingid": 201
    },
    {
        "bookingid": 282
    },
    {
        "bookingid": 524
    },
    {
        "bookingid": 619
    },
    {
        "bookingid": 623
    },
    {
        "bookingid": 1110
    },
    {
        "bookingid": 243
    },
    {
        "bookingid": 1348
    },
    {
        "bookingid": 136
    },
    {
        "bookingid": 1331
    },
    {
        "bookingid": 1228
    },
    {
        "bookingid": 925
    },
    {
        "bookingid": 570
    },
    {
        "bookingid": 866
    },
    {
        "bookingid": 333
    },
    {
        "bookingid": 1156
    },
    {
        "bookingid": 776
    },
    {
        "bookingid": 1058
    },
    {
        "bookingid": 647
    },
    {
        "bookingid": 498
    },
    {
        "bookingid": 460
    },
    {
        "bookingid": 779
    },
    {
        "bookingid": 1166
    },
    {
        "bookingid": 1081
    },
    {
        "bookingid": 1367
    },
    {
        "bookingid": 213
    },
    {
        "bookingid": 857
    },
    {
        "bookingid": 585
    },
    {
        "bookingid": 529
    },
    {
        "bookingid": 945
    },
    {
        "bookingid": 241
    },
    {
        "bookingid": 682
    },
    {
        "bookingid": 495
    },
    {
        "bookingid": 719
    },
    {
        "bookingid": 1109
    },
    {
        "bookingid": 403
    },
    {
        "bookingid": 726
    },
    {
        "bookingid": 5
    },
    {
        "bookingid": 1086
    },
    {
        "bookingid": 294
    },
    {
        "bookingid": 1241
    },
    {
        "bookingid": 466
    },
    {
        "bookingid": 630
    },
    {
        "bookingid": 930
    },
    {
        "bookingid": 264
    },
    {
        "bookingid": 1222
    },
    {
        "bookingid": 82
    },
    {
        "bookingid": 401
    },
    {
        "bookingid": 147
    },
    {
        "bookingid": 538
    },
    {
        "bookingid": 591
    },
    {
        "bookingid": 1161
    },
    {
        "bookingid": 514
    },
    {
        "bookingid": 908
    },
    {
        "bookingid": 1230
    },
    {
        "bookingid": 1160
    },
    {
        "bookingid": 710
    },
    {
        "bookingid": 45
    },
    {
        "bookingid": 435
    },
    {
        "bookingid": 28
    },
    {
        "bookingid": 129
    },
    {
        "bookingid": 873
    },
    {
        "bookingid": 762
    },
    {
        "bookingid": 1051
    },
    {
        "bookingid": 1289
    },
    {
        "bookingid": 1201
    },
    {
        "bookingid": 326
    },
    {
        "bookingid": 216
    },
    {
        "bookingid": 1089
    },
    {
        "bookingid": 959
    },
    {
        "bookingid": 803
    },
    {
        "bookingid": 292
    },
    {
        "bookingid": 349
    },
    {
        "bookingid": 1231
    },
    {
        "bookingid": 617
    },
    {
        "bookingid": 178
    },
    {
        "bookingid": 7
    },
    {
        "bookingid": 1199
    },
    {
        "bookingid": 253
    },
    {
        "bookingid": 1272
    },
    {
        "bookingid": 960
    },
    {
        "bookingid": 1301
    },
    {
        "bookingid": 933
    },
    {
        "bookingid": 1005
    },
    {
        "bookingid": 878
    },
    {
        "bookingid": 189
    },
    {
        "bookingid": 1045
    },
    {
        "bookingid": 1043
    },
    {
        "bookingid": 151
    },
    {
        "bookingid": 1010
    },
    {
        "bookingid": 1022
    },
    {
        "bookingid": 289
    },
    {
        "bookingid": 48
    },
    {
        "bookingid": 955
    },
    {
        "bookingid": 766
    },
    {
        "bookingid": 678
    },
    {
        "bookingid": 146
    },
    {
        "bookingid": 275
    },
    {
        "bookingid": 468
    },
    {
        "bookingid": 200
    },
    {
        "bookingid": 340
    },
    {
        "bookingid": 38
    },
    {
        "bookingid": 594
    },
    {
        "bookingid": 778
    },
    {
        "bookingid": 796
    },
    {
        "bookingid": 507
    },
    {
        "bookingid": 1319
    },
    {
        "bookingid": 153
    },
    {
        "bookingid": 1263
    },
    {
        "bookingid": 679
    },
    {
        "bookingid": 1095
    },
    {
        "bookingid": 493
    },
    {
        "bookingid": 202
    },
    {
        "bookingid": 906
    },
    {
        "bookingid": 1339
    },
    {
        "bookingid": 373
    },
    {
        "bookingid": 427
    },
    {
        "bookingid": 141
    },
    {
        "bookingid": 919
    },
    {
        "bookingid": 400
    },
    {
        "bookingid": 110
    },
    {
        "bookingid": 224
    },
    {
        "bookingid": 1310
    },
    {
        "bookingid": 799
    },
    {
        "bookingid": 382
    },
    {
        "bookingid": 198
    },
    {
        "bookingid": 559
    },
    {
        "bookingid": 1347
    },
    {
        "bookingid": 812
    },
    {
        "bookingid": 1009
    },
    {
        "bookingid": 77
    },
    {
        "bookingid": 886
    },
    {
        "bookingid": 1193
    },
    {
        "bookingid": 703
    },
    {
        "bookingid": 553
    },
    {
        "bookingid": 949
    },
    {
        "bookingid": 991
    },
    {
        "bookingid": 940
    }
]
  &amp#27;[32mAnd &amp#27;[0m&amp#27;[32mResponse should contain list of booking IDs&amp#27;[0m                                  &amp#27;[90m# stepdefs.GetBookingStepDefs.response_should_contain_list_of_booking_ids()&amp#27;[0m
]]></system-out>
  </testcase>
  <testcase name="runScenario[&quot;Retrieve bookings with combined filters&quot;, &quot;GET API Tests&quot;](9)" classname="runners.TestRunner" time="2.041">
    <system-out><![CDATA[
Scenario: Retrieve bookings with combined filters &amp#27;[90m# src/test/resources/features/GetBooking.feature:24&amp#27;[0m
16:53:34 [main] DEBUG org.apache.http.impl.conn.BasicClientConnectionManager - Get connection for route {s}->https://restful-booker.herokuapp.com:443
16:53:34 [main] DEBUG org.apache.http.impl.conn.DefaultClientConnectionOperator - Connecting to restful-booker.herokuapp.com:443
16:53:35 [main] DEBUG org.apache.http.client.protocol.RequestAddCookies - CookieSpec selected: ignoreCookies
16:53:35 [main] DEBUG org.apache.http.client.protocol.RequestAuthCache - Auth cache not set in the context
16:53:35 [main] DEBUG org.apache.http.client.protocol.RequestTargetAuthentication - Target auth state: UNCHALLENGED
16:53:35 [main] DEBUG org.apache.http.client.protocol.RequestProxyAuthentication - Proxy auth state: UNCHALLENGED
16:53:35 [main] DEBUG org.apache.http.impl.client.DefaultHttpClient - Attempt 1 to execute request
16:53:35 [main] DEBUG org.apache.http.impl.conn.DefaultClientConnection - Sending request: POST /auth HTTP/1.1
16:53:35 [main] DEBUG org.apache.http.wire -  >> "POST /auth HTTP/1.1[\r][\n]"
16:53:35 [main] DEBUG org.apache.http.wire -  >> "Accept: */*[\r][\n]"
16:53:35 [main] DEBUG org.apache.http.wire -  >> "Content-Type: application/json[\r][\n]"
16:53:35 [main] DEBUG org.apache.http.wire -  >> "Content-Length: 45[\r][\n]"
16:53:35 [main] DEBUG org.apache.http.wire -  >> "Host: restful-booker.herokuapp.com[\r][\n]"
16:53:35 [main] DEBUG org.apache.http.wire -  >> "Connection: Keep-Alive[\r][\n]"
16:53:35 [main] DEBUG org.apache.http.wire -  >> "User-Agent: Apache-HttpClient/4.5.13 (Java/17.0.11)[\r][\n]"
16:53:35 [main] DEBUG org.apache.http.wire -  >> "Accept-Encoding: gzip,deflate[\r][\n]"
16:53:35 [main] DEBUG org.apache.http.wire -  >> "[\r][\n]"
16:53:35 [main] DEBUG org.apache.http.headers - >> POST /auth HTTP/1.1
16:53:35 [main] DEBUG org.apache.http.headers - >> Accept: */*
16:53:35 [main] DEBUG org.apache.http.headers - >> Content-Type: application/json
16:53:35 [main] DEBUG org.apache.http.headers - >> Content-Length: 45
16:53:35 [main] DEBUG org.apache.http.headers - >> Host: restful-booker.herokuapp.com
16:53:35 [main] DEBUG org.apache.http.headers - >> Connection: Keep-Alive
16:53:35 [main] DEBUG org.apache.http.headers - >> User-Agent: Apache-HttpClient/4.5.13 (Java/17.0.11)
16:53:35 [main] DEBUG org.apache.http.headers - >> Accept-Encoding: gzip,deflate
16:53:35 [main] DEBUG org.apache.http.wire -  >> "{"username":"admin","password":"password123"}"
16:53:35 [main] DEBUG org.apache.http.wire -  << "HTTP/1.1 200 OK[\r][\n]"
16:53:35 [main] DEBUG org.apache.http.wire -  << "Content-Length: 27[\r][\n]"
16:53:35 [main] DEBUG org.apache.http.wire -  << "Content-Type: application/json; charset=utf-8[\r][\n]"
16:53:35 [main] DEBUG org.apache.http.wire -  << "Date: Wed, 06 Aug 2025 14:53:35 GMT[\r][\n]"
16:53:35 [main] DEBUG org.apache.http.wire -  << "Etag: W/"1b-o/kTG+6qjK0Qrw74h5IRlbSDkMA"[\r][\n]"
16:53:35 [main] DEBUG org.apache.http.wire -  << "Nel: {"report_to":"heroku-nel","response_headers":["Via"],"max_age":3600,"success_fraction":0.01,"failure_fraction":0.1}[\r][\n]"
16:53:35 [main] DEBUG org.apache.http.wire -  << "Report-To: {"group":"heroku-nel","endpoints":[{"url":"https://nel.heroku.com/reports?s=MdjRnxaM%2FOcmI0vfjEuFy26%2BMa%2FsFagH87dGviFjSKk%3D\u0026sid=c46efe9b-d3d2-4a0c-8c76-bfafa16c5add\u0026ts=1754492015"}],"max_age":3600}[\r][\n]"
16:53:35 [main] DEBUG org.apache.http.wire -  << "Reporting-Endpoints: heroku-nel="https://nel.heroku.com/reports?s=MdjRnxaM%2FOcmI0vfjEuFy26%2BMa%2FsFagH87dGviFjSKk%3D&sid=c46efe9b-d3d2-4a0c-8c76-bfafa16c5add&ts=1754492015"[\r][\n]"
16:53:35 [main] DEBUG org.apache.http.wire -  << "Server: Heroku[\r][\n]"
16:53:35 [main] DEBUG org.apache.http.wire -  << "Via: 1.1 heroku-router[\r][\n]"
16:53:35 [main] DEBUG org.apache.http.wire -  << "X-Powered-By: Express[\r][\n]"
16:53:35 [main] DEBUG org.apache.http.wire -  << "[\r][\n]"
16:53:35 [main] DEBUG org.apache.http.impl.conn.DefaultClientConnection - Receiving response: HTTP/1.1 200 OK
16:53:35 [main] DEBUG org.apache.http.headers - << HTTP/1.1 200 OK
16:53:35 [main] DEBUG org.apache.http.headers - << Content-Length: 27
16:53:35 [main] DEBUG org.apache.http.headers - << Content-Type: application/json; charset=utf-8
16:53:35 [main] DEBUG org.apache.http.headers - << Date: Wed, 06 Aug 2025 14:53:35 GMT
16:53:35 [main] DEBUG org.apache.http.headers - << Etag: W/"1b-o/kTG+6qjK0Qrw74h5IRlbSDkMA"
16:53:35 [main] DEBUG org.apache.http.headers - << Nel: {"report_to":"heroku-nel","response_headers":["Via"],"max_age":3600,"success_fraction":0.01,"failure_fraction":0.1}
16:53:35 [main] DEBUG org.apache.http.headers - << Report-To: {"group":"heroku-nel","endpoints":[{"url":"https://nel.heroku.com/reports?s=MdjRnxaM%2FOcmI0vfjEuFy26%2BMa%2FsFagH87dGviFjSKk%3D\u0026sid=c46efe9b-d3d2-4a0c-8c76-bfafa16c5add\u0026ts=1754492015"}],"max_age":3600}
16:53:35 [main] DEBUG org.apache.http.headers - << Reporting-Endpoints: heroku-nel="https://nel.heroku.com/reports?s=MdjRnxaM%2FOcmI0vfjEuFy26%2BMa%2FsFagH87dGviFjSKk%3D&sid=c46efe9b-d3d2-4a0c-8c76-bfafa16c5add&ts=1754492015"
16:53:35 [main] DEBUG org.apache.http.headers - << Server: Heroku
16:53:35 [main] DEBUG org.apache.http.headers - << Via: 1.1 heroku-router
16:53:35 [main] DEBUG org.apache.http.headers - << X-Powered-By: Express
16:53:35 [main] DEBUG org.apache.http.impl.client.DefaultHttpClient - Connection can be kept alive indefinitely
16:53:35 [main] DEBUG io.restassured.internal.RestAssuredHttpBuilder - Parsing response as: application/json; charset=utf-8
16:53:35 [main] DEBUG io.restassured.internal.RestAssuredHttpBuilder - Parsed data to instance of: class org.apache.http.conn.EofSensorInputStream
16:53:35 [main] DEBUG org.apache.http.wire -  << "{"token":"2857fe294c1df00"}"
16:53:35 [main] DEBUG org.apache.http.impl.conn.BasicClientConnectionManager - Releasing connection org.apache.http.impl.conn.ManagedClientConnectionImpl@723c5f86
16:53:35 [main] DEBUG org.apache.http.impl.conn.BasicClientConnectionManager - Connection can be kept alive indefinitely
Generated Token: 2857fe294c1df00
  &amp#27;[32mGiven &amp#27;[0m&amp#27;[32mUser has valid auth token&amp#27;[0m                 &amp#27;[90m# stepdefs.AuthenticationSteps.user_has_valid_auth_token()&amp#27;[0m
16:53:35 [main] DEBUG org.apache.http.impl.conn.BasicClientConnectionManager - Get connection for route {s}->https://restful-booker.herokuapp.com:443
16:53:35 [main] DEBUG org.apache.http.impl.conn.DefaultClientConnectionOperator - Connecting to restful-booker.herokuapp.com:443
16:53:36 [main] DEBUG org.apache.http.client.protocol.RequestAddCookies - CookieSpec selected: ignoreCookies
16:53:36 [main] DEBUG org.apache.http.client.protocol.RequestAuthCache - Auth cache not set in the context
16:53:36 [main] DEBUG org.apache.http.client.protocol.RequestTargetAuthentication - Target auth state: UNCHALLENGED
16:53:36 [main] DEBUG org.apache.http.client.protocol.RequestProxyAuthentication - Proxy auth state: UNCHALLENGED
16:53:36 [main] DEBUG org.apache.http.impl.client.DefaultHttpClient - Attempt 1 to execute request
16:53:36 [main] DEBUG org.apache.http.impl.conn.DefaultClientConnection - Sending request: GET /booking?firstname=Jim&lastname=Brown HTTP/1.1
16:53:36 [main] DEBUG org.apache.http.wire -  >> "GET /booking?firstname=Jim&lastname=Brown HTTP/1.1[\r][\n]"
16:53:36 [main] DEBUG org.apache.http.wire -  >> "Content-Type: application/json[\r][\n]"
16:53:36 [main] DEBUG org.apache.http.wire -  >> "Accept: */*[\r][\n]"
16:53:36 [main] DEBUG org.apache.http.wire -  >> "Host: restful-booker.herokuapp.com[\r][\n]"
16:53:36 [main] DEBUG org.apache.http.wire -  >> "Connection: Keep-Alive[\r][\n]"
16:53:36 [main] DEBUG org.apache.http.wire -  >> "User-Agent: Apache-HttpClient/4.5.13 (Java/17.0.11)[\r][\n]"
16:53:36 [main] DEBUG org.apache.http.wire -  >> "Accept-Encoding: gzip,deflate[\r][\n]"
16:53:36 [main] DEBUG org.apache.http.wire -  >> "[\r][\n]"
16:53:36 [main] DEBUG org.apache.http.headers - >> GET /booking?firstname=Jim&lastname=Brown HTTP/1.1
16:53:36 [main] DEBUG org.apache.http.headers - >> Content-Type: application/json
16:53:36 [main] DEBUG org.apache.http.headers - >> Accept: */*
16:53:36 [main] DEBUG org.apache.http.headers - >> Host: restful-booker.herokuapp.com
16:53:36 [main] DEBUG org.apache.http.headers - >> Connection: Keep-Alive
16:53:36 [main] DEBUG org.apache.http.headers - >> User-Agent: Apache-HttpClient/4.5.13 (Java/17.0.11)
16:53:36 [main] DEBUG org.apache.http.headers - >> Accept-Encoding: gzip,deflate
16:53:36 [main] DEBUG org.apache.http.wire -  << "HTTP/1.1 200 OK[\r][\n]"
16:53:36 [main] DEBUG org.apache.http.wire -  << "Content-Length: 19[\r][\n]"
16:53:36 [main] DEBUG org.apache.http.wire -  << "Content-Type: application/json; charset=utf-8[\r][\n]"
16:53:36 [main] DEBUG org.apache.http.wire -  << "Date: Wed, 06 Aug 2025 14:53:36 GMT[\r][\n]"
16:53:36 [main] DEBUG org.apache.http.wire -  << "Etag: W/"13-9e1d5zrjtNOzgQTnWNZa+1FrWnQ"[\r][\n]"
16:53:36 [main] DEBUG org.apache.http.wire -  << "Nel: {"report_to":"heroku-nel","response_headers":["Via"],"max_age":3600,"success_fraction":0.01,"failure_fraction":0.1}[\r][\n]"
16:53:36 [main] DEBUG org.apache.http.wire -  << "Report-To: {"group":"heroku-nel","endpoints":[{"url":"https://nel.heroku.com/reports?s=iWSh%2Br3Nb8JE44UtBW5l9Ony0DFWm%2Fvs%2B0RRW3fxeTc%3D\u0026sid=c46efe9b-d3d2-4a0c-8c76-bfafa16c5add\u0026ts=1754492016"}],"max_age":3600}[\r][\n]"
16:53:36 [main] DEBUG org.apache.http.wire -  << "Reporting-Endpoints: heroku-nel="https://nel.heroku.com/reports?s=iWSh%2Br3Nb8JE44UtBW5l9Ony0DFWm%2Fvs%2B0RRW3fxeTc%3D&sid=c46efe9b-d3d2-4a0c-8c76-bfafa16c5add&ts=1754492016"[\r][\n]"
16:53:36 [main] DEBUG org.apache.http.wire -  << "Server: Heroku[\r][\n]"
16:53:36 [main] DEBUG org.apache.http.wire -  << "Via: 1.1 heroku-router[\r][\n]"
16:53:36 [main] DEBUG org.apache.http.wire -  << "X-Powered-By: Express[\r][\n]"
16:53:36 [main] DEBUG org.apache.http.wire -  << "[\r][\n]"
16:53:36 [main] DEBUG org.apache.http.impl.conn.DefaultClientConnection - Receiving response: HTTP/1.1 200 OK
16:53:36 [main] DEBUG org.apache.http.headers - << HTTP/1.1 200 OK
16:53:36 [main] DEBUG org.apache.http.headers - << Content-Length: 19
16:53:36 [main] DEBUG org.apache.http.headers - << Content-Type: application/json; charset=utf-8
16:53:36 [main] DEBUG org.apache.http.headers - << Date: Wed, 06 Aug 2025 14:53:36 GMT
16:53:36 [main] DEBUG org.apache.http.headers - << Etag: W/"13-9e1d5zrjtNOzgQTnWNZa+1FrWnQ"
16:53:36 [main] DEBUG org.apache.http.headers - << Nel: {"report_to":"heroku-nel","response_headers":["Via"],"max_age":3600,"success_fraction":0.01,"failure_fraction":0.1}
16:53:36 [main] DEBUG org.apache.http.headers - << Report-To: {"group":"heroku-nel","endpoints":[{"url":"https://nel.heroku.com/reports?s=iWSh%2Br3Nb8JE44UtBW5l9Ony0DFWm%2Fvs%2B0RRW3fxeTc%3D\u0026sid=c46efe9b-d3d2-4a0c-8c76-bfafa16c5add\u0026ts=1754492016"}],"max_age":3600}
16:53:36 [main] DEBUG org.apache.http.headers - << Reporting-Endpoints: heroku-nel="https://nel.heroku.com/reports?s=iWSh%2Br3Nb8JE44UtBW5l9Ony0DFWm%2Fvs%2B0RRW3fxeTc%3D&sid=c46efe9b-d3d2-4a0c-8c76-bfafa16c5add&ts=1754492016"
16:53:36 [main] DEBUG org.apache.http.headers - << Server: Heroku
16:53:36 [main] DEBUG org.apache.http.headers - << Via: 1.1 heroku-router
16:53:36 [main] DEBUG org.apache.http.headers - << X-Powered-By: Express
16:53:36 [main] DEBUG org.apache.http.impl.client.DefaultHttpClient - Connection can be kept alive indefinitely
16:53:36 [main] DEBUG io.restassured.internal.RestAssuredHttpBuilder - Parsing response as: application/json; charset=utf-8
16:53:36 [main] DEBUG io.restassured.internal.RestAssuredHttpBuilder - Parsed data to instance of: class org.apache.http.conn.EofSensorInputStream
  &amp#27;[32mWhen &amp#27;[0m&amp#27;[32mUser requests bookings with filters:&amp#27;[0m       &amp#27;[90m# stepdefs.GetBookingStepDefs.user_requests_bookings_with_multiple_filters(io.cucumber.datatable.DataTable)&amp#27;[0m
    | firstname | Jim   |
    | lastname  | Brown |
  &amp#27;[32mThen &amp#27;[0m&amp#27;[32mBooking response status should be &amp#27;[0m&amp#27;[32m&amp#27;[1m200&amp#27;[0m      &amp#27;[90m# stepdefs.GetBookingStepDefs.booking_response_status_should_be(int)&amp#27;[0m
16:53:36 [main] DEBUG org.apache.http.wire -  << "[{"bookingid":107}]"
16:53:36 [main] DEBUG org.apache.http.impl.conn.BasicClientConnectionManager - Releasing connection org.apache.http.impl.conn.ManagedClientConnectionImpl@3d5f08d4
16:53:36 [main] DEBUG org.apache.http.impl.conn.BasicClientConnectionManager - Connection can be kept alive indefinitely
Full API Response:
[
    {
        "bookingid": 107
    }
]
  &amp#27;[32mAnd &amp#27;[0m&amp#27;[32mResponse should contain list of booking IDs&amp#27;[0m &amp#27;[90m# stepdefs.GetBookingStepDefs.response_should_contain_list_of_booking_ids()&amp#27;[0m
]]></system-out>
  </testcase>
  <testcase name="runScenario[&quot;Validate error handling for invalid date format&quot;, &quot;GET API Tests&quot;](10)" classname="runners.TestRunner" time="2.217">
    <system-out><![CDATA[
Scenario: Validate error handling for invalid date format          &amp#27;[90m# src/test/resources/features/GetBooking.feature:31&amp#27;[0m
16:53:36 [main] DEBUG org.apache.http.impl.conn.BasicClientConnectionManager - Get connection for route {s}->https://restful-booker.herokuapp.com:443
16:53:36 [main] DEBUG org.apache.http.impl.conn.DefaultClientConnectionOperator - Connecting to restful-booker.herokuapp.com:443
16:53:37 [main] DEBUG org.apache.http.client.protocol.RequestAddCookies - CookieSpec selected: ignoreCookies
16:53:37 [main] DEBUG org.apache.http.client.protocol.RequestAuthCache - Auth cache not set in the context
16:53:37 [main] DEBUG org.apache.http.client.protocol.RequestTargetAuthentication - Target auth state: UNCHALLENGED
16:53:37 [main] DEBUG org.apache.http.client.protocol.RequestProxyAuthentication - Proxy auth state: UNCHALLENGED
16:53:37 [main] DEBUG org.apache.http.impl.client.DefaultHttpClient - Attempt 1 to execute request
16:53:37 [main] DEBUG org.apache.http.impl.conn.DefaultClientConnection - Sending request: POST /auth HTTP/1.1
16:53:37 [main] DEBUG org.apache.http.wire -  >> "POST /auth HTTP/1.1[\r][\n]"
16:53:37 [main] DEBUG org.apache.http.wire -  >> "Accept: */*[\r][\n]"
16:53:37 [main] DEBUG org.apache.http.wire -  >> "Content-Type: application/json[\r][\n]"
16:53:37 [main] DEBUG org.apache.http.wire -  >> "Content-Length: 45[\r][\n]"
16:53:37 [main] DEBUG org.apache.http.wire -  >> "Host: restful-booker.herokuapp.com[\r][\n]"
16:53:37 [main] DEBUG org.apache.http.wire -  >> "Connection: Keep-Alive[\r][\n]"
16:53:37 [main] DEBUG org.apache.http.wire -  >> "User-Agent: Apache-HttpClient/4.5.13 (Java/17.0.11)[\r][\n]"
16:53:37 [main] DEBUG org.apache.http.wire -  >> "Accept-Encoding: gzip,deflate[\r][\n]"
16:53:37 [main] DEBUG org.apache.http.wire -  >> "[\r][\n]"
16:53:37 [main] DEBUG org.apache.http.headers - >> POST /auth HTTP/1.1
16:53:37 [main] DEBUG org.apache.http.headers - >> Accept: */*
16:53:37 [main] DEBUG org.apache.http.headers - >> Content-Type: application/json
16:53:37 [main] DEBUG org.apache.http.headers - >> Content-Length: 45
16:53:37 [main] DEBUG org.apache.http.headers - >> Host: restful-booker.herokuapp.com
16:53:37 [main] DEBUG org.apache.http.headers - >> Connection: Keep-Alive
16:53:37 [main] DEBUG org.apache.http.headers - >> User-Agent: Apache-HttpClient/4.5.13 (Java/17.0.11)
16:53:37 [main] DEBUG org.apache.http.headers - >> Accept-Encoding: gzip,deflate
16:53:37 [main] DEBUG org.apache.http.wire -  >> "{"username":"admin","password":"password123"}"
16:53:37 [main] DEBUG org.apache.http.wire -  << "HTTP/1.1 200 OK[\r][\n]"
16:53:37 [main] DEBUG org.apache.http.wire -  << "Content-Length: 27[\r][\n]"
16:53:37 [main] DEBUG org.apache.http.wire -  << "Content-Type: application/json; charset=utf-8[\r][\n]"
16:53:37 [main] DEBUG org.apache.http.wire -  << "Date: Wed, 06 Aug 2025 14:53:37 GMT[\r][\n]"
16:53:37 [main] DEBUG org.apache.http.wire -  << "Etag: W/"1b-0bLmtXvwM0cMP+2vaL0zre92Y6U"[\r][\n]"
16:53:37 [main] DEBUG org.apache.http.wire -  << "Nel: {"report_to":"heroku-nel","response_headers":["Via"],"max_age":3600,"success_fraction":0.01,"failure_fraction":0.1}[\r][\n]"
16:53:37 [main] DEBUG org.apache.http.wire -  << "Report-To: {"group":"heroku-nel","endpoints":[{"url":"https://nel.heroku.com/reports?s=fEGOuCWtBggn%2BOX4KPDq4TctnGZ6vO6AFKiM9FtvltE%3D\u0026sid=c46efe9b-d3d2-4a0c-8c76-bfafa16c5add\u0026ts=1754492017"}],"max_age":3600}[\r][\n]"
16:53:37 [main] DEBUG org.apache.http.wire -  << "Reporting-Endpoints: heroku-nel="https://nel.heroku.com/reports?s=fEGOuCWtBggn%2BOX4KPDq4TctnGZ6vO6AFKiM9FtvltE%3D&sid=c46efe9b-d3d2-4a0c-8c76-bfafa16c5add&ts=1754492017"[\r][\n]"
16:53:37 [main] DEBUG org.apache.http.wire -  << "Server: Heroku[\r][\n]"
16:53:37 [main] DEBUG org.apache.http.wire -  << "Via: 1.1 heroku-router[\r][\n]"
16:53:37 [main] DEBUG org.apache.http.wire -  << "X-Powered-By: Express[\r][\n]"
16:53:37 [main] DEBUG org.apache.http.wire -  << "[\r][\n]"
16:53:37 [main] DEBUG org.apache.http.impl.conn.DefaultClientConnection - Receiving response: HTTP/1.1 200 OK
16:53:37 [main] DEBUG org.apache.http.headers - << HTTP/1.1 200 OK
16:53:37 [main] DEBUG org.apache.http.headers - << Content-Length: 27
16:53:37 [main] DEBUG org.apache.http.headers - << Content-Type: application/json; charset=utf-8
16:53:37 [main] DEBUG org.apache.http.headers - << Date: Wed, 06 Aug 2025 14:53:37 GMT
16:53:37 [main] DEBUG org.apache.http.headers - << Etag: W/"1b-0bLmtXvwM0cMP+2vaL0zre92Y6U"
16:53:37 [main] DEBUG org.apache.http.headers - << Nel: {"report_to":"heroku-nel","response_headers":["Via"],"max_age":3600,"success_fraction":0.01,"failure_fraction":0.1}
16:53:37 [main] DEBUG org.apache.http.headers - << Report-To: {"group":"heroku-nel","endpoints":[{"url":"https://nel.heroku.com/reports?s=fEGOuCWtBggn%2BOX4KPDq4TctnGZ6vO6AFKiM9FtvltE%3D\u0026sid=c46efe9b-d3d2-4a0c-8c76-bfafa16c5add\u0026ts=1754492017"}],"max_age":3600}
16:53:37 [main] DEBUG org.apache.http.headers - << Reporting-Endpoints: heroku-nel="https://nel.heroku.com/reports?s=fEGOuCWtBggn%2BOX4KPDq4TctnGZ6vO6AFKiM9FtvltE%3D&sid=c46efe9b-d3d2-4a0c-8c76-bfafa16c5add&ts=1754492017"
16:53:37 [main] DEBUG org.apache.http.headers - << Server: Heroku
16:53:37 [main] DEBUG org.apache.http.headers - << Via: 1.1 heroku-router
16:53:37 [main] DEBUG org.apache.http.headers - << X-Powered-By: Express
16:53:37 [main] DEBUG org.apache.http.impl.client.DefaultHttpClient - Connection can be kept alive indefinitely
16:53:37 [main] DEBUG io.restassured.internal.RestAssuredHttpBuilder - Parsing response as: application/json; charset=utf-8
16:53:37 [main] DEBUG io.restassured.internal.RestAssuredHttpBuilder - Parsed data to instance of: class org.apache.http.conn.EofSensorInputStream
16:53:37 [main] DEBUG org.apache.http.wire -  << "{"token":"62b4d1db24f2316"}"
16:53:37 [main] DEBUG org.apache.http.impl.conn.BasicClientConnectionManager - Releasing connection org.apache.http.impl.conn.ManagedClientConnectionImpl@4866e0a7
16:53:37 [main] DEBUG org.apache.http.impl.conn.BasicClientConnectionManager - Connection can be kept alive indefinitely
Generated Token: 62b4d1db24f2316
  &amp#27;[32mGiven &amp#27;[0m&amp#27;[32mUser has valid auth token&amp#27;[0m                                  &amp#27;[90m# stepdefs.AuthenticationSteps.user_has_valid_auth_token()&amp#27;[0m
16:53:37 [main] DEBUG org.apache.http.impl.conn.BasicClientConnectionManager - Get connection for route {s}->https://restful-booker.herokuapp.com:443
16:53:37 [main] DEBUG org.apache.http.impl.conn.DefaultClientConnectionOperator - Connecting to restful-booker.herokuapp.com:443
16:53:38 [main] DEBUG org.apache.http.client.protocol.RequestAddCookies - CookieSpec selected: ignoreCookies
16:53:38 [main] DEBUG org.apache.http.client.protocol.RequestAuthCache - Auth cache not set in the context
16:53:38 [main] DEBUG org.apache.http.client.protocol.RequestTargetAuthentication - Target auth state: UNCHALLENGED
16:53:38 [main] DEBUG org.apache.http.client.protocol.RequestProxyAuthentication - Proxy auth state: UNCHALLENGED
16:53:38 [main] DEBUG org.apache.http.impl.client.DefaultHttpClient - Attempt 1 to execute request
16:53:38 [main] DEBUG org.apache.http.impl.conn.DefaultClientConnection - Sending request: GET /booking?checkin=invalid-date HTTP/1.1
16:53:38 [main] DEBUG org.apache.http.wire -  >> "GET /booking?checkin=invalid-date HTTP/1.1[\r][\n]"
16:53:38 [main] DEBUG org.apache.http.wire -  >> "Content-Type: application/json[\r][\n]"
16:53:38 [main] DEBUG org.apache.http.wire -  >> "Accept: */*[\r][\n]"
16:53:38 [main] DEBUG org.apache.http.wire -  >> "Host: restful-booker.herokuapp.com[\r][\n]"
16:53:38 [main] DEBUG org.apache.http.wire -  >> "Connection: Keep-Alive[\r][\n]"
16:53:38 [main] DEBUG org.apache.http.wire -  >> "User-Agent: Apache-HttpClient/4.5.13 (Java/17.0.11)[\r][\n]"
16:53:38 [main] DEBUG org.apache.http.wire -  >> "Accept-Encoding: gzip,deflate[\r][\n]"
16:53:38 [main] DEBUG org.apache.http.wire -  >> "[\r][\n]"
16:53:38 [main] DEBUG org.apache.http.headers - >> GET /booking?checkin=invalid-date HTTP/1.1
16:53:38 [main] DEBUG org.apache.http.headers - >> Content-Type: application/json
16:53:38 [main] DEBUG org.apache.http.headers - >> Accept: */*
16:53:38 [main] DEBUG org.apache.http.headers - >> Host: restful-booker.herokuapp.com
16:53:38 [main] DEBUG org.apache.http.headers - >> Connection: Keep-Alive
16:53:38 [main] DEBUG org.apache.http.headers - >> User-Agent: Apache-HttpClient/4.5.13 (Java/17.0.11)
16:53:38 [main] DEBUG org.apache.http.headers - >> Accept-Encoding: gzip,deflate
16:53:38 [main] DEBUG org.apache.http.wire -  << "HTTP/1.1 500 Internal Server Error[\r][\n]"
16:53:38 [main] DEBUG org.apache.http.wire -  << "Content-Length: 21[\r][\n]"
16:53:38 [main] DEBUG org.apache.http.wire -  << "Content-Type: text/plain; charset=utf-8[\r][\n]"
16:53:38 [main] DEBUG org.apache.http.wire -  << "Date: Wed, 06 Aug 2025 14:53:38 GMT[\r][\n]"
16:53:38 [main] DEBUG org.apache.http.wire -  << "Etag: W/"15-/6VXivhc2MKdLfIkLcUE47K6aH0"[\r][\n]"
16:53:38 [main] DEBUG org.apache.http.wire -  << "Nel: {"report_to":"heroku-nel","response_headers":["Via"],"max_age":3600,"success_fraction":0.01,"failure_fraction":0.1}[\r][\n]"
16:53:38 [main] DEBUG org.apache.http.wire -  << "Report-To: {"group":"heroku-nel","endpoints":[{"url":"https://nel.heroku.com/reports?s=8IY9uH0BQ2NJNPRBdWI%2FJMWpqZZvelGN2F%2F5xOL4On8%3D\u0026sid=c46efe9b-d3d2-4a0c-8c76-bfafa16c5add\u0026ts=1754492018"}],"max_age":3600}[\r][\n]"
16:53:38 [main] DEBUG org.apache.http.wire -  << "Reporting-Endpoints: heroku-nel="https://nel.heroku.com/reports?s=8IY9uH0BQ2NJNPRBdWI%2FJMWpqZZvelGN2F%2F5xOL4On8%3D&sid=c46efe9b-d3d2-4a0c-8c76-bfafa16c5add&ts=1754492018"[\r][\n]"
16:53:38 [main] DEBUG org.apache.http.wire -  << "Server: Heroku[\r][\n]"
16:53:38 [main] DEBUG org.apache.http.wire -  << "Via: 1.1 heroku-router[\r][\n]"
16:53:38 [main] DEBUG org.apache.http.wire -  << "X-Powered-By: Express[\r][\n]"
16:53:38 [main] DEBUG org.apache.http.wire -  << "[\r][\n]"
16:53:38 [main] DEBUG org.apache.http.impl.conn.DefaultClientConnection - Receiving response: HTTP/1.1 500 Internal Server Error
16:53:38 [main] DEBUG org.apache.http.headers - << HTTP/1.1 500 Internal Server Error
16:53:38 [main] DEBUG org.apache.http.headers - << Content-Length: 21
16:53:38 [main] DEBUG org.apache.http.headers - << Content-Type: text/plain; charset=utf-8
16:53:38 [main] DEBUG org.apache.http.headers - << Date: Wed, 06 Aug 2025 14:53:38 GMT
16:53:38 [main] DEBUG org.apache.http.headers - << Etag: W/"15-/6VXivhc2MKdLfIkLcUE47K6aH0"
16:53:38 [main] DEBUG org.apache.http.headers - << Nel: {"report_to":"heroku-nel","response_headers":["Via"],"max_age":3600,"success_fraction":0.01,"failure_fraction":0.1}
16:53:38 [main] DEBUG org.apache.http.headers - << Report-To: {"group":"heroku-nel","endpoints":[{"url":"https://nel.heroku.com/reports?s=8IY9uH0BQ2NJNPRBdWI%2FJMWpqZZvelGN2F%2F5xOL4On8%3D\u0026sid=c46efe9b-d3d2-4a0c-8c76-bfafa16c5add\u0026ts=1754492018"}],"max_age":3600}
16:53:38 [main] DEBUG org.apache.http.headers - << Reporting-Endpoints: heroku-nel="https://nel.heroku.com/reports?s=8IY9uH0BQ2NJNPRBdWI%2FJMWpqZZvelGN2F%2F5xOL4On8%3D&sid=c46efe9b-d3d2-4a0c-8c76-bfafa16c5add&ts=1754492018"
16:53:38 [main] DEBUG org.apache.http.headers - << Server: Heroku
16:53:38 [main] DEBUG org.apache.http.headers - << Via: 1.1 heroku-router
16:53:38 [main] DEBUG org.apache.http.headers - << X-Powered-By: Express
16:53:38 [main] DEBUG org.apache.http.impl.client.DefaultHttpClient - Connection can be kept alive indefinitely
16:53:38 [main] DEBUG io.restassured.internal.RestAssuredHttpBuilder - Parsing response as: text/plain; charset=utf-8
16:53:38 [main] DEBUG io.restassured.internal.RestAssuredHttpBuilder - Parsed data to instance of: class org.apache.http.conn.EofSensorInputStream
  &amp#27;[32mWhen &amp#27;[0m&amp#27;[32mUser requests bookings with filter &amp#27;[0m&amp#27;[32m&amp#27;[1m"checkin"&amp#27;[0m&amp#27;[32m=&amp#27;[0m&amp#27;[32m&amp#27;[1m"invalid-date"&amp#27;[0m &amp#27;[90m# stepdefs.GetBookingStepDefs.user_requests_bookings_with_individual_filter(java.lang.String,java.lang.String)&amp#27;[0m
  &amp#27;[32mThen &amp#27;[0m&amp#27;[32mBooking response status should be &amp#27;[0m&amp#27;[32m&amp#27;[1m400&amp#27;[0m&amp#27;[32m or &amp#27;[0m&amp#27;[32m&amp#27;[1m500&amp#27;[0m                &amp#27;[90m# stepdefs.GetBookingStepDefs.booking_response_status_should_be_one_of(int,int)&amp#27;[0m
]]></system-out>
  </testcase>
  <testcase name="runScenario[&quot;Validate error handling for invalid parameter value&quot;, &quot;GET API Tests&quot;](11)" classname="runners.TestRunner" time="2.32">
    <failure message="1 expectation failed.&#10;Expected status code (&lt;400&gt; or &lt;500&gt;) but was &lt;200&gt;.&#10;" type="java.lang.AssertionError"><![CDATA[java.lang.AssertionError: 
1 expectation failed.
Expected status code (<400> or <500>) but was <200>.

	at java.base/jdk.internal.reflect.NativeConstructorAccessorImpl.newInstance0(Native Method)
	at java.base/jdk.internal.reflect.NativeConstructorAccessorImpl.newInstance(NativeConstructorAccessorImpl.java:77)
	at java.base/jdk.internal.reflect.DelegatingConstructorAccessorImpl.newInstance(DelegatingConstructorAccessorImpl.java:45)
	at java.base/java.lang.reflect.Constructor.newInstanceWithCaller(Constructor.java:499)
	at java.base/java.lang.reflect.Constructor.newInstance(Constructor.java:480)
	at org.codehaus.groovy.reflection.CachedConstructor.invoke(CachedConstructor.java:73)
	at org.codehaus.groovy.runtime.callsite.ConstructorSite$ConstructorSiteNoUnwrapNoCoerce.callConstructor(ConstructorSite.java:108)
	at org.codehaus.groovy.runtime.callsite.CallSiteArray.defaultCallConstructor(CallSiteArray.java:57)
	at org.codehaus.groovy.runtime.callsite.AbstractCallSite.callConstructor(AbstractCallSite.java:263)
	at org.codehaus.groovy.runtime.callsite.AbstractCallSite.callConstructor(AbstractCallSite.java:277)
	at io.restassured.internal.ResponseSpecificationImpl$HamcrestAssertionClosure.validate(ResponseSpecificationImpl.groovy:512)
	at io.restassured.internal.ResponseSpecificationImpl$HamcrestAssertionClosure$validate$1.call(Unknown Source)
	at io.restassured.internal.ResponseSpecificationImpl.validateResponseIfRequired(ResponseSpecificationImpl.groovy:696)
	at io.restassured.internal.ResponseSpecificationImpl.this$2$validateResponseIfRequired(ResponseSpecificationImpl.groovy)
	at jdk.internal.reflect.GeneratedMethodAccessor246.invoke(Unknown Source)
	at java.base/jdk.internal.reflect.DelegatingMethodAccessorImpl.invoke(DelegatingMethodAccessorImpl.java:43)
	at java.base/java.lang.reflect.Method.invoke(Method.java:568)
	at org.codehaus.groovy.runtime.callsite.PlainObjectMetaMethodSite.doInvoke(PlainObjectMetaMethodSite.java:43)
	at org.codehaus.groovy.runtime.callsite.PogoMetaMethodSite$PogoCachedMethodSiteNoUnwrapNoCoerce.invoke(PogoMetaMethodSite.java:198)
	at org.codehaus.groovy.runtime.callsite.PogoMetaMethodSite.callCurrent(PogoMetaMethodSite.java:62)
	at org.codehaus.groovy.runtime.callsite.AbstractCallSite.callCurrent(AbstractCallSite.java:185)
	at io.restassured.internal.ResponseSpecificationImpl.statusCode(ResponseSpecificationImpl.groovy:135)
	at io.restassured.internal.ValidatableResponseOptionsImpl.statusCode(ValidatableResponseOptionsImpl.java:84)
	at stepdefs.GetBookingStepDefs.booking_response_status_should_be_one_of(GetBookingStepDefs.java:60)
	at ✽.Booking response status should be 400 or 500(file:///E:/Manasa/Interview/Selenium_Java_Automation/Eneco_API_Automation/project-root/src/test/resources/features/GetBooking.feature:37)
]]></failure>
    <system-out><![CDATA[
Scenario: Validate error handling for invalid parameter value          &amp#27;[90m# src/test/resources/features/GetBooking.feature:35&amp#27;[0m
16:53:38 [main] DEBUG org.apache.http.impl.conn.BasicClientConnectionManager - Get connection for route {s}->https://restful-booker.herokuapp.com:443
16:53:38 [main] DEBUG org.apache.http.impl.conn.DefaultClientConnectionOperator - Connecting to restful-booker.herokuapp.com:443
16:53:39 [main] DEBUG org.apache.http.client.protocol.RequestAddCookies - CookieSpec selected: ignoreCookies
16:53:39 [main] DEBUG org.apache.http.client.protocol.RequestAuthCache - Auth cache not set in the context
16:53:39 [main] DEBUG org.apache.http.client.protocol.RequestTargetAuthentication - Target auth state: UNCHALLENGED
16:53:39 [main] DEBUG org.apache.http.client.protocol.RequestProxyAuthentication - Proxy auth state: UNCHALLENGED
16:53:39 [main] DEBUG org.apache.http.impl.client.DefaultHttpClient - Attempt 1 to execute request
16:53:39 [main] DEBUG org.apache.http.impl.conn.DefaultClientConnection - Sending request: POST /auth HTTP/1.1
16:53:39 [main] DEBUG org.apache.http.wire -  >> "POST /auth HTTP/1.1[\r][\n]"
16:53:39 [main] DEBUG org.apache.http.wire -  >> "Accept: */*[\r][\n]"
16:53:39 [main] DEBUG org.apache.http.wire -  >> "Content-Type: application/json[\r][\n]"
16:53:39 [main] DEBUG org.apache.http.wire -  >> "Content-Length: 45[\r][\n]"
16:53:39 [main] DEBUG org.apache.http.wire -  >> "Host: restful-booker.herokuapp.com[\r][\n]"
16:53:39 [main] DEBUG org.apache.http.wire -  >> "Connection: Keep-Alive[\r][\n]"
16:53:39 [main] DEBUG org.apache.http.wire -  >> "User-Agent: Apache-HttpClient/4.5.13 (Java/17.0.11)[\r][\n]"
16:53:39 [main] DEBUG org.apache.http.wire -  >> "Accept-Encoding: gzip,deflate[\r][\n]"
16:53:39 [main] DEBUG org.apache.http.wire -  >> "[\r][\n]"
16:53:39 [main] DEBUG org.apache.http.headers - >> POST /auth HTTP/1.1
16:53:39 [main] DEBUG org.apache.http.headers - >> Accept: */*
16:53:39 [main] DEBUG org.apache.http.headers - >> Content-Type: application/json
16:53:39 [main] DEBUG org.apache.http.headers - >> Content-Length: 45
16:53:39 [main] DEBUG org.apache.http.headers - >> Host: restful-booker.herokuapp.com
16:53:39 [main] DEBUG org.apache.http.headers - >> Connection: Keep-Alive
16:53:39 [main] DEBUG org.apache.http.headers - >> User-Agent: Apache-HttpClient/4.5.13 (Java/17.0.11)
16:53:39 [main] DEBUG org.apache.http.headers - >> Accept-Encoding: gzip,deflate
16:53:39 [main] DEBUG org.apache.http.wire -  >> "{"username":"admin","password":"password123"}"
16:53:39 [main] DEBUG org.apache.http.wire -  << "HTTP/1.1 200 OK[\r][\n]"
16:53:39 [main] DEBUG org.apache.http.wire -  << "Content-Length: 27[\r][\n]"
16:53:39 [main] DEBUG org.apache.http.wire -  << "Content-Type: application/json; charset=utf-8[\r][\n]"
16:53:39 [main] DEBUG org.apache.http.wire -  << "Date: Wed, 06 Aug 2025 14:53:39 GMT[\r][\n]"
16:53:39 [main] DEBUG org.apache.http.wire -  << "Etag: W/"1b-fvDmDrFVmf2n6/+5ldTamWj3CL4"[\r][\n]"
16:53:39 [main] DEBUG org.apache.http.wire -  << "Nel: {"report_to":"heroku-nel","response_headers":["Via"],"max_age":3600,"success_fraction":0.01,"failure_fraction":0.1}[\r][\n]"
16:53:39 [main] DEBUG org.apache.http.wire -  << "Report-To: {"group":"heroku-nel","endpoints":[{"url":"https://nel.heroku.com/reports?s=e2sSrLYNjEkt1DkOcoce4Q9UeqbzEWXm%2F2MuxGvlqMQ%3D\u0026sid=c46efe9b-d3d2-4a0c-8c76-bfafa16c5add\u0026ts=1754492019"}],"max_age":3600}[\r][\n]"
16:53:39 [main] DEBUG org.apache.http.wire -  << "Reporting-Endpoints: heroku-nel="https://nel.heroku.com/reports?s=e2sSrLYNjEkt1DkOcoce4Q9UeqbzEWXm%2F2MuxGvlqMQ%3D&sid=c46efe9b-d3d2-4a0c-8c76-bfafa16c5add&ts=1754492019"[\r][\n]"
16:53:39 [main] DEBUG org.apache.http.wire -  << "Server: Heroku[\r][\n]"
16:53:39 [main] DEBUG org.apache.http.wire -  << "Via: 1.1 heroku-router[\r][\n]"
16:53:39 [main] DEBUG org.apache.http.wire -  << "X-Powered-By: Express[\r][\n]"
16:53:39 [main] DEBUG org.apache.http.wire -  << "[\r][\n]"
16:53:39 [main] DEBUG org.apache.http.impl.conn.DefaultClientConnection - Receiving response: HTTP/1.1 200 OK
16:53:39 [main] DEBUG org.apache.http.headers - << HTTP/1.1 200 OK
16:53:39 [main] DEBUG org.apache.http.headers - << Content-Length: 27
16:53:39 [main] DEBUG org.apache.http.headers - << Content-Type: application/json; charset=utf-8
16:53:39 [main] DEBUG org.apache.http.headers - << Date: Wed, 06 Aug 2025 14:53:39 GMT
16:53:39 [main] DEBUG org.apache.http.headers - << Etag: W/"1b-fvDmDrFVmf2n6/+5ldTamWj3CL4"
16:53:39 [main] DEBUG org.apache.http.headers - << Nel: {"report_to":"heroku-nel","response_headers":["Via"],"max_age":3600,"success_fraction":0.01,"failure_fraction":0.1}
16:53:39 [main] DEBUG org.apache.http.headers - << Report-To: {"group":"heroku-nel","endpoints":[{"url":"https://nel.heroku.com/reports?s=e2sSrLYNjEkt1DkOcoce4Q9UeqbzEWXm%2F2MuxGvlqMQ%3D\u0026sid=c46efe9b-d3d2-4a0c-8c76-bfafa16c5add\u0026ts=1754492019"}],"max_age":3600}
16:53:39 [main] DEBUG org.apache.http.headers - << Reporting-Endpoints: heroku-nel="https://nel.heroku.com/reports?s=e2sSrLYNjEkt1DkOcoce4Q9UeqbzEWXm%2F2MuxGvlqMQ%3D&sid=c46efe9b-d3d2-4a0c-8c76-bfafa16c5add&ts=1754492019"
16:53:39 [main] DEBUG org.apache.http.headers - << Server: Heroku
16:53:39 [main] DEBUG org.apache.http.headers - << Via: 1.1 heroku-router
16:53:39 [main] DEBUG org.apache.http.headers - << X-Powered-By: Express
16:53:39 [main] DEBUG org.apache.http.impl.client.DefaultHttpClient - Connection can be kept alive indefinitely
16:53:39 [main] DEBUG io.restassured.internal.RestAssuredHttpBuilder - Parsing response as: application/json; charset=utf-8
16:53:39 [main] DEBUG io.restassured.internal.RestAssuredHttpBuilder - Parsed data to instance of: class org.apache.http.conn.EofSensorInputStream
16:53:39 [main] DEBUG org.apache.http.wire -  << "{"token":"0b6c640874bf4cb"}"
16:53:39 [main] DEBUG org.apache.http.impl.conn.BasicClientConnectionManager - Releasing connection org.apache.http.impl.conn.ManagedClientConnectionImpl@6bfdaed7
16:53:39 [main] DEBUG org.apache.http.impl.conn.BasicClientConnectionManager - Connection can be kept alive indefinitely
Generated Token: 0b6c640874bf4cb
  &amp#27;[32mGiven &amp#27;[0m&amp#27;[32mUser has valid auth token&amp#27;[0m                                      &amp#27;[90m# stepdefs.AuthenticationSteps.user_has_valid_auth_token()&amp#27;[0m
16:53:39 [main] DEBUG org.apache.http.impl.conn.BasicClientConnectionManager - Get connection for route {s}->https://restful-booker.herokuapp.com:443
16:53:39 [main] DEBUG org.apache.http.impl.conn.DefaultClientConnectionOperator - Connecting to restful-booker.herokuapp.com:443
16:53:40 [main] DEBUG org.apache.http.client.protocol.RequestAddCookies - CookieSpec selected: ignoreCookies
16:53:40 [main] DEBUG org.apache.http.client.protocol.RequestAuthCache - Auth cache not set in the context
16:53:40 [main] DEBUG org.apache.http.client.protocol.RequestTargetAuthentication - Target auth state: UNCHALLENGED
16:53:40 [main] DEBUG org.apache.http.client.protocol.RequestProxyAuthentication - Proxy auth state: UNCHALLENGED
16:53:40 [main] DEBUG org.apache.http.impl.client.DefaultHttpClient - Attempt 1 to execute request
16:53:40 [main] DEBUG org.apache.http.impl.conn.DefaultClientConnection - Sending request: GET /booking?totalprice=invalid-value HTTP/1.1
16:53:40 [main] DEBUG org.apache.http.wire -  >> "GET /booking?totalprice=invalid-value HTTP/1.1[\r][\n]"
16:53:40 [main] DEBUG org.apache.http.wire -  >> "Content-Type: application/json[\r][\n]"
16:53:40 [main] DEBUG org.apache.http.wire -  >> "Accept: */*[\r][\n]"
16:53:40 [main] DEBUG org.apache.http.wire -  >> "Host: restful-booker.herokuapp.com[\r][\n]"
16:53:40 [main] DEBUG org.apache.http.wire -  >> "Connection: Keep-Alive[\r][\n]"
16:53:40 [main] DEBUG org.apache.http.wire -  >> "User-Agent: Apache-HttpClient/4.5.13 (Java/17.0.11)[\r][\n]"
16:53:40 [main] DEBUG org.apache.http.wire -  >> "Accept-Encoding: gzip,deflate[\r][\n]"
16:53:40 [main] DEBUG org.apache.http.wire -  >> "[\r][\n]"
16:53:40 [main] DEBUG org.apache.http.headers - >> GET /booking?totalprice=invalid-value HTTP/1.1
16:53:40 [main] DEBUG org.apache.http.headers - >> Content-Type: application/json
16:53:40 [main] DEBUG org.apache.http.headers - >> Accept: */*
16:53:40 [main] DEBUG org.apache.http.headers - >> Host: restful-booker.herokuapp.com
16:53:40 [main] DEBUG org.apache.http.headers - >> Connection: Keep-Alive
16:53:40 [main] DEBUG org.apache.http.headers - >> User-Agent: Apache-HttpClient/4.5.13 (Java/17.0.11)
16:53:40 [main] DEBUG org.apache.http.headers - >> Accept-Encoding: gzip,deflate
16:53:40 [main] DEBUG org.apache.http.wire -  << "HTTP/1.1 200 OK[\r][\n]"
16:53:40 [main] DEBUG org.apache.http.wire -  << "Content-Length: 18161[\r][\n]"
16:53:40 [main] DEBUG org.apache.http.wire -  << "Content-Type: application/json; charset=utf-8[\r][\n]"
16:53:40 [main] DEBUG org.apache.http.wire -  << "Date: Wed, 06 Aug 2025 14:53:40 GMT[\r][\n]"
16:53:40 [main] DEBUG org.apache.http.wire -  << "Etag: W/"46f1-Co/IQYBsPUHvqRsOZ6E0OwpIbuw"[\r][\n]"
16:53:40 [main] DEBUG org.apache.http.wire -  << "Nel: {"report_to":"heroku-nel","response_headers":["Via"],"max_age":3600,"success_fraction":0.01,"failure_fraction":0.1}[\r][\n]"
16:53:40 [main] DEBUG org.apache.http.wire -  << "Report-To: {"group":"heroku-nel","endpoints":[{"url":"https://nel.heroku.com/reports?s=UZ7%2Fgzpdx5NS%2BkCVziB%2Bi4E8CcB67oJkQn7gAyrMqYY%3D\u0026sid=c46efe9b-d3d2-4a0c-8c76-bfafa16c5add\u0026ts=1754492020"}],"max_age":3600}[\r][\n]"
16:53:40 [main] DEBUG org.apache.http.wire -  << "Reporting-Endpoints: heroku-nel="https://nel.heroku.com/reports?s=UZ7%2Fgzpdx5NS%2BkCVziB%2Bi4E8CcB67oJkQn7gAyrMqYY%3D&sid=c46efe9b-d3d2-4a0c-8c76-bfafa16c5add&ts=1754492020"[\r][\n]"
16:53:40 [main] DEBUG org.apache.http.wire -  << "Server: Heroku[\r][\n]"
16:53:40 [main] DEBUG org.apache.http.wire -  << "Via: 1.1 heroku-router[\r][\n]"
16:53:40 [main] DEBUG org.apache.http.wire -  << "X-Powered-By: Express[\r][\n]"
16:53:40 [main] DEBUG org.apache.http.wire -  << "[\r][\n]"
16:53:40 [main] DEBUG org.apache.http.impl.conn.DefaultClientConnection - Receiving response: HTTP/1.1 200 OK
16:53:40 [main] DEBUG org.apache.http.headers - << HTTP/1.1 200 OK
16:53:40 [main] DEBUG org.apache.http.headers - << Content-Length: 18161
16:53:40 [main] DEBUG org.apache.http.headers - << Content-Type: application/json; charset=utf-8
16:53:40 [main] DEBUG org.apache.http.headers - << Date: Wed, 06 Aug 2025 14:53:40 GMT
16:53:40 [main] DEBUG org.apache.http.headers - << Etag: W/"46f1-Co/IQYBsPUHvqRsOZ6E0OwpIbuw"
16:53:40 [main] DEBUG org.apache.http.headers - << Nel: {"report_to":"heroku-nel","response_headers":["Via"],"max_age":3600,"success_fraction":0.01,"failure_fraction":0.1}
16:53:40 [main] DEBUG org.apache.http.headers - << Report-To: {"group":"heroku-nel","endpoints":[{"url":"https://nel.heroku.com/reports?s=UZ7%2Fgzpdx5NS%2BkCVziB%2Bi4E8CcB67oJkQn7gAyrMqYY%3D\u0026sid=c46efe9b-d3d2-4a0c-8c76-bfafa16c5add\u0026ts=1754492020"}],"max_age":3600}
16:53:40 [main] DEBUG org.apache.http.headers - << Reporting-Endpoints: heroku-nel="https://nel.heroku.com/reports?s=UZ7%2Fgzpdx5NS%2BkCVziB%2Bi4E8CcB67oJkQn7gAyrMqYY%3D&sid=c46efe9b-d3d2-4a0c-8c76-bfafa16c5add&ts=1754492020"
16:53:40 [main] DEBUG org.apache.http.headers - << Server: Heroku
16:53:40 [main] DEBUG org.apache.http.headers - << Via: 1.1 heroku-router
16:53:40 [main] DEBUG org.apache.http.headers - << X-Powered-By: Express
16:53:40 [main] DEBUG org.apache.http.impl.client.DefaultHttpClient - Connection can be kept alive indefinitely
16:53:40 [main] DEBUG io.restassured.internal.RestAssuredHttpBuilder - Parsing response as: application/json; charset=utf-8
16:53:40 [main] DEBUG io.restassured.internal.RestAssuredHttpBuilder - Parsed data to instance of: class org.apache.http.conn.EofSensorInputStream
  &amp#27;[32mWhen &amp#27;[0m&amp#27;[32mUser requests bookings with filter &amp#27;[0m&amp#27;[32m&amp#27;[1m"totalprice"&amp#27;[0m&amp#27;[32m=&amp#27;[0m&amp#27;[32m&amp#27;[1m"invalid-value"&amp#27;[0m &amp#27;[90m# stepdefs.GetBookingStepDefs.user_requests_bookings_with_individual_filter(java.lang.String,java.lang.String)&amp#27;[0m
16:53:40 [main] DEBUG org.apache.http.wire -  << "[{"bookingid":179},{"bookingid":842},{"bookingid":368},{"bookingid":121},{"bookingid":423},{"bookingid":523},{"bookingid":157},{"bookingid":986},{"bookingid":558},{"bookingid":977},{"bookingid":990},{"bookingid":912},{"bookingid":685},{"bookingid":225},{"bookingid":707},{"bookingid":1330},{"bookingid":229},{"bookingid":1280},{"bookingid":219},{"bookingid":1277},{"bookingid":509},{"bookingid":1335},{"bookingid":813},{"bookingid":1019},{"bookingid":1032},{"bookingid":258},{"bookingid":231},{"bookingid":441},{"bookingid":355},{"bookingid":978},{"bookingid":1427},{"bookingid":206},{"bookingid":1404},{"bookingid":1257},{"bookingid":260},{"bookingid":313},{"bookingid":173},{"bookingid":535},{"bookingid":1136},{"bookingid":846},{"bookingid":656},{"bookingid":386},{"bookingid":356},{"bookingid":409},{"bookingid":251},{"bookingid":71},{"bookingid":1165},{"bookingid":700},{"bookingid":820},{"bookingid":712},{"bookingid":392},{"bookingid":691},{"bookingid":1299},{"bookingid":81},{"bookingid":1420},{"bookingid":684},{"bookingid":1380},{"bookingid":1402},{"bookingid":350},{"bookingid":127},{"bookingid":528},{"bookingid":811},{"bookingid":1360},{"bookingid":1073},{"bookingid":966},{"bookingid":1007},{"bookingid":47},{"bookingid":70},{"bookingid":1305},{"bookingid":967},{"bookingid":1143},{"bookingid":114},{"bookingid":636},{"bookingid":30},{"bookingid":256},{"bookingid":1075},{"bookingid":751},{"bookingid":2},{"bookingid":73},{"bookingid":433},{"bookingid":821},{"bookingid":944},{"bookingid":1327},{"bookingid":242},{"bookingid":858},{"bookingid":1016},{"bookingid":787},{"bookingid":792},{"bookingid":1186},{"bookingid":745},{"bookingid":434},{"bookingid":405},{"bookingid":902},{"bookingid":357},{"bookingid":592},{"bookingid":761},{"bookingid":1273},{"bookingid":970},{"bookingid":425},{"bookingid":193},{"bookingid":829},{"bookingid":1229},{"bookingid":1014},{"bookingid":1145},{"bookingid":1295},{"bookingid":1207},{"bookingid":64},{"bookingid":68},{"bookingid":872},{"bookingid":687},{"bookingid":1237},{"bookingid":321},{"bookingid":1101},{"bookingid":485},{"bookingid":160},{"bookingid":137},{"bookingid":884},{"bookingid":564},{"bookingid":97},{"bookingid":86},{"bookingid":1266},{"bookingid":560},{"bookingid":1163},{"bookingid":938},{"bookingid":694},{"bookingid":1374},{"bookingid":723},{"bookingid":650},{"bookingid":209},{"bookingid":17},{"bookingid":1182},{"bookingid":148},{"bookingid":551},{"bookingid":21},{"bookingid":309},{"bookingid":597},{"bookingid":91},{"bookingid":546},{"bookingid":222},{"bookingid":804},{"bookingid":631},{"bookingid":336},{"bookingid":438},{"bookingid":1426},{"bookingid":311},{"bookingid":673},{"bookingid":192},{"bookingid":1224},{"bookingid":316},{"bookingid":777},{"bookingid":861},{"bookingid":1044},{"bookingid":101},{"bookingid":322},{"bookingid":223},{"bookingid":1176},{"bookingid":756},{"bookingid":475},{"bookingid":56},{"bookingid":469},{"bookingid":525},{"bookingid":78},{"bookingid":95},{"bookingid":484},{"bookingid":80},{"bookingid":828},{"bookingid":334},{"bookingid":974},{"bookingid":1050},{"bookingid":542},{"bookingid":1024},{"bookingid":261},{"bookingid":1264},{"bookingid":1000},{"bookingid":1294},{"bookingid":1398},{"bookingid":539},{"bookingid":1203},{"bookingid":520},{"bookingid":574},{"bookingid":472},{"bookingid":1377},{"bookingid":515},{"bookingid":533"
16:53:40 [main] DEBUG org.apache.http.wire -  << "},{"bookingid":281},{"bookingid":1196},{"bookingid":1413},{"bookingid":325},{"bookingid":736},{"bookingid":53},{"bookingid":132},{"bookingid":1070},{"bookingid":627},{"bookingid":408},{"bookingid":341},{"bookingid":363},{"bookingid":502},{"bookingid":329},{"bookingid":470},{"bookingid":1150},{"bookingid":297},{"bookingid":579},{"bookingid":989},{"bookingid":1055},{"bookingid":205},{"bookingid":1239},{"bookingid":49},{"bookingid":541},{"bookingid":615},{"bookingid":195},{"bookingid":1179},{"bookingid":351},{"bookingid":748},{"bookingid":500},{"bookingid":133},{"bookingid":646},{"bookingid":1130},{"bookingid":10},{"bookingid":376},{"bookingid":556},{"bookingid":134},{"bookingid":458},{"bookingid":568},{"bookingid":845},{"bookingid":1412},{"bookingid":1042},{"bookingid":98},{"bookingid":709},{"bookingid":99},{"bookingid":1211},{"bookingid":964},{"bookingid":1265},{"bookingid":232},{"bookingid":1189},{"bookingid":697},{"bookingid":1356},{"bookingid":1012},{"bookingid":1102},{"bookingid":1082},{"bookingid":1371},{"bookingid":1372},{"bookingid":479},{"bookingid":927},{"bookingid":274},{"bookingid":806},{"bookingid":1029},{"bookingid":1409},{"bookingid":476},{"bookingid":128},{"bookingid":16},{"bookingid":775},{"bookingid":1287},{"bookingid":589},{"bookingid":565},{"bookingid":11},{"bookingid":526},{"bookingid":1052},{"bookingid":1115},{"bookingid":52},{"bookingid":905},{"bookingid":517},{"bookingid":1119},{"bookingid":1281},{"bookingid":1121},{"bookingid":973},{"bookingid":661},{"bookingid":124},{"bookingid":1302},{"bookingid":366},{"bookingid":664},{"bookingid":1254},{"bookingid":1049},{"bookingid":1234},{"bookingid":1428},{"bookingid":233},{"bookingid":569},{"bookingid":1399},{"bookingid":586},{"bookingid":979},{"bookingid":530},{"bookingid":587},{"bookingid":730},{"bookingid":1144},{"bookingid":773},{"bookingid":1133},{"bookingid":727},{"bookingid":669},{"bookingid":279},{"bookingid":391},{"bookingid":483},{"bookingid":262},{"bookingid":939},{"bookingid":1223},{"bookingid":161},{"bookingid":686},{"bookingid":24},{"bookingid":446},{"bookingid":301},{"bookingid":739},{"bookingid":856},{"bookingid":175},{"bookingid":138},{"bookingid":1185},{"bookingid":628},{"bookingid":361},{"bookingid":849},{"bookingid":798},{"bookingid":720},{"bookingid":607},{"bookingid":1151},{"bookingid":111},{"bookingid":743},{"bookingid":1358},{"bookingid":1385},{"bookingid":880},{"bookingid":561},{"bookingid":997},{"bookingid":641},{"bookingid":1392},{"bookingid":1139},{"bookingid":1116},{"bookingid":1004},{"bookingid":145},{"bookingid":1152},{"bookingid":1090},{"bookingid":706},{"bookingid":444},{"bookingid":1298},{"bookingid":1313},{"bookingid":1015},{"bookingid":583},{"bookingid":916},{"bookingid":1071},{"bookingid":1337},{"bookingid":999},{"bookingid":324},{"bookingid":1389},{"bookingid":1349},{"bookingid":516},{"bookingid":1387},{"bookingid":993},{"bookingid":20},{"bookingid":961},{"bookingid":914},{"bookingid":1321},{"bookingid":1340},{"bookingid":1418},{"bookingid":208},{"bookingid":672},{"bookingid":547},{"bookingid":1359},{"bookingid":836},{"bookingid":1357},{"bookingid":457},{"bookingid":418},{"bookingid":1057},{"bookingid":362},{"bookingid":1172},{"bookingid":217},{"bookingid":599},{"bookingid":521},{"bookingid":285},{"bookingid":394},{"bookingid":603},{"bookingid":290},{"bookingid":616},{"bookingid":863},{"bookingid":186},{"bookingid":118},{"bookingid":929},{"bookingid":606},{"bookingid":920},{"bookingid":544},{"bookingid":156},{"bookingid":1132},{"bookingid":304},{"bookingid":35},{"bookingid":140},{"bookingid":1422},{"bookingid":893},{"bookingid":307},{"bookingid":122},{"bookingid":746},{"bookingid":228},{"bookingid":1256},{"bookingid":951},{"bookingid":612},{"bookingid":1275},{"bookingid":648},{"bookingid":55},{"bookingid":1214},{"bookingid":1397},{"bookingid":1400},{"bookingid":245},{"bookingid":1188},{"bookingid":1308},{"bookingid":59},{"bookingid":680},{"bookingid":113},{"bookingid":1260},{"bookingid":802},{"bookingid":937},{"bookingid":236},{"bookingid":625},{"bookingid":1173},{"bookingid":868},{"bookingid":578},{"bookingid":492},{"bookingid":42},{"bookingid":456},{"bookingid":46},{"bookingid":109},{"bookingid":663},{"bookingid":40},{"bookingid":57},{"bookingid":9},{"bookingid":865},{"bookingid":1122},{"bookingid":1379},{"bookingid":238},{"bookingid":660},{"bookingid":149},{"bookingid":1170},{"bookingid":295},{"bookingid":188},{"bookingid":972},{"bookingid":791},{"bookingid":754},{"bookingid":511},{"bookingid":107},{"bookingid":1373},{"bookingid":1194},{"bookingid":1066},{"bookingid":817},{"bookingid":1129},{"bookingid":675},{"bookingid":1083},{"bookingid":344},{"bookingid":771},{"bookingid":1278},{"bookingid":1059},{"bookingid":508},{"bookingid":716},{"bookingid":608},{"bookingid":4},{"bookingid":1242},{"bookingid":985},{"bookingid":763},{"bookingid":797},{"bookingid":1155},{"bookingid":1021},{"bookingid":1419},{"bookingid":117},{"bookingid":27},{"bookingid":871},{"bookingid":199},{"bookingid":419},{"bookingid":512},{"bookingid":424},{"bookingid":839},{"bookingid":735},{"bookingid":450},{"bookingid":388},{"bookingid":76},{"bookingid":1184},{"bookingid":319},{"bookingid":958},{"bookingid":879},{"bookingid":638},{"bookingid":907},{"bookingid":348},{"bookingid":1202},{"bookingid":1208},{"bookingid":31},{"bookingid":103},{"bookingid":342},{"bookingid":67},{"bookingid":733},{"bookingid":981},{"bookingid":43},{"bookingid":770},{"bookingid":567},{"bookingid":447},{"bookingid":645},{"bookingid":1304},{"bookingid":126},{"bookingid":932},{"bookingid":741},{"bookingid":531},{"bookingid":1217},{"bookingid":296},{"bookingid":844},{"bookingid":1091},{"bookingid":144},{"bookingid":581},{"bookingid":1393},{"bookingid":375},{"bookingid":270},{"bookingid":1215},{"bookingid":749},{"bookingid":1227},{"bookingid":698},{"bookingid":459},{"bookingid":1270},{"bookingid":1252},{"bookingid":125},{"bookingid":1030},{"bookingid":1318},{"bookingid":63},{"bookingid":695},{"bookingid":742},{"bookingid":996},{"bookingid":783},{"bookingid":182},{"bookingid":759},{"bookingid":1355},{"bookingid":445},{"bookingid":1283},{"bookingid":317},{"bookingid":384},{"bookingid":37},{"bookingid":85},{"bookingid":692},{"bookingid":1100},{"bookingid":250},{"bookingid":1286},{"bookingid":1405},{"bookingid":158},{"bookingid":1344},{"bookingid":994},{"bookingid":1114},{"bookingid":665},{"bookingid":926},{"bookingid":769},{"bookingid":1031},{"bookingid":481},{"bookingid":286},{"bookingid":1261},{"bookingid":1328},{"bookingid":1210},{"bookingid":305},{"bookingid":381},{"bookingid":1235},{"bookingid":235},{"bookingid":901},{"bookingid":1307},{"bookingid":837},{"bookingid":428},{"bookingid":883},{"bookingid":1046},{"bookingid":1290},{"bookingid":982},{"bookingid":1424},{"bookingid":738},{"bookingid":653},{"bookingid":32},{"bookingid":809},{"bookingid":1216},{"bookingid":946},{"bookingid":1169},{"bookingid":1221},{"bookingid":29},{"bookingid":715},{"bookingid":1062},{"bookingid":840},{"bookingid":1395},{"bookingid":218},{"bookingid":266},{"bookingid":1291},{"bookingid":1013},{"bookingid":921},{"bookingid":965},{"bookingid":1251},{"bookingid":1346},{"bookingid":1138},{"bookingid":654},{"bookingid":377},{"bookingid":92},{"bookingid":432},{"bookingid":166},{"bookingid":1036},{"bookingid":1},{"bookingid":790},{"bookingid":904},{"bookingid":183},{"bookingid":33},{"bookingid":576},{"bookingid":354},{"bookingid":782},{"bookingid":864},{"bookingid":731},{"bookingid":1131},{"bookingid":367},{"bookingid":614},{"bookingid":54},{"bookingid":1039},{"bookingid":1323},{"bookingid":1245},{"bookingid":477},{"bookingid":463},{"bookingid":1246},{"bookingid":385},{"bookingid":1383},{"bookingid":1158},{"bookingid":259},{"bookingid":96},{"bookingid":14},{"bookingid":102},{"bookingid":240},{"bookingid":410},{"bookingid":412},{"bookingid":1271},{"bookingid":1180},{"bookingid":1162},{"bookingid":601},{"bookingid":1027},{"bookingid":247},{"bookingid":764},{"bookingid":123},{"bookingid":15},{"bookingid":23},{"bookingid":372},{"bookingid":1269},{"bookingid":194},{"bookingid":637},{"bookingid":722},{"bookingid":760},{"bookingid":1175},{"bookingid":1107},{"bookingid":931},{"bookingid":335},{"bookingid":954},{"bookingid":1078},{"bookingid":1200},{"bookingid":609},{"bookingid":899},{"bookingid":41},{"bookingid":830},{"bookingid":1206},{"bookingid":159},{"bookingid":621},{"bookingid":850},{"bookingid":1253},{"bookingid":753},{"bookingid":622},{"bookingid":600},{"bookingid":827},{"bookingid":72},{"bookingid":1113},{"bookingid":280},{"bookingid":83},{"bookingid":1067},{"bookingid":1353},{"bookingid":452},{"bookingid":451},{"bookingid":105},{"bookingid":688},{"bookingid":584},{"bookingid":1333},{"bookingid":267},{"bookingid":657},{"bookingid":504},{"bookingid":399},{"bookingid":226},{"bookingid":1364},{"bookingid":810},{"bookingid":494},{"bookingid":426},{"bookingid":471},{"bookingid":66},{"bookingid":1126},{"bookingid":534},{"bookingid":269},{"bookingid":874},{"bookingid":1314},{"bookingid":19},{"bookingid":713},{"bookingid":88},{"bookingid":823},{"bookingid":276},{"bookingid":732},{"bookingid":793},{"bookingid":93},{"bookingid":987},{"bookingid":666},{"bookingid":651},{"bookingid":465},{"bookingid":413},{"bookingid":895},{"bookingid":1366},{"bookingid":503},{"bookingid":1320},{"bookingid":1023},{"bookingid":670},{"bookingid":1037},{"bookingid":729},{"bookingid":822},{"bookingid":1249},{"bookingid":389},{"bookingid":187},{"bookingid":701},{"bookingid":1408},{"bookingid":254},{"bookingid":852},{"bookingid":139},{"bookingid":1084},{"bookingid":369},{"bookingid":1177},{"bookingid":440},{"bookingid":478},{"bookingid":58},{"bookingid":214},{"bookingid":489},{"bookingid":1123},{"bookingid":1117},{"bookingid":302},{"bookingid":953},{"bookingid":1038},{"bookingid":1108},{"bookingid":785},{"bookingid":1076},{"bookingid":1028},{"bookingid":1341},{"bookingid":310},{"bookingid":998},{"bookingid":1365},{"bookingid":704},{"bookingid":406},{"bookingid":360},{"bookingid":327},{"bookingid":298},{"bookingid":8},{"bookingid":1352},{"bookingid":1381},{"bookingid":818},{"bookingid":417},{"bookingid":106},{"bookingid":1148},{"bookingid":1098},{"bookingid":1316},{"bookingid":116},{"bookingid":877},{"bookingid":1332},{"bookingid":343},{"bookingid":1240},{"bookingid":490},{"bookingid":246},{"bookingid":1168},{"bookingid":439},{"bookingid":1255},{"bookingid":1142},{"bookingid":1077},{"bookingid":1370},{"bookingid":549},{"bookingid":165},{"bookingid":154},{"bookingid":496},{"bookingid":1063},{"bookingid":1064},{"bookingid":808},{"bookingid":1056},{"bookingid":896},{"bookingid":1342},{"bookingid":61},{"bookingid":395},{"bookingid":51},{"bookingid":174},{"bookingid":913},{"bookingid":65},{"bookingid":943},{"bookingid":786},{"bookingid":1003},{"bookingid":835},{"bookingid":1322},{"bookingid":917},{"bookingid":831},{"bookingid":167},{"bookingid":1099},{"bookingid":889},{"bookingid":1149},{"bookingid":1187},{"bookingid":573},{"bookingid":1125},{"bookingid":74},{"bookingid":604},{"bookingid":374},{"bookingid":629},{"bookingid":1096},{"bookingid":595},{"bookingid":655},{"bookingid":1386},{"bookingid":1088},{"bookingid":671},{"bookingid":1103},{"bookingid":643},{"bookingid":1416},{"bookingid":171},{"bookingid":420},{"bookingid":859},{"bookingid":315},{"bookingid":26},{"bookingid":832},{"bookingid":640},{"bookingid":1285},{"bookingid":1195},{"bookingid":911},{"bookingid":1293},{"bookingid":1407},{"bookingid":1391},{"bookingid":396},{"bookingid":854},{"bookingid":971},{"bookingid":211},{"bookingid":453},{"bookingid":1311},{"bookingid":885},{"bookingid":339},{"bookingid":487},{"bookingid":923},{"bookingid":328},{"bookingid":718},{"bookingid":90},{"bookingid":947},{"bookingid":181},{"bookingid":89},{"bookingid":1247},{"bookingid":892},{"bookingid":393},{"bookingid":894},{"bookingid":25},{"bookingid":273},{"bookingid":1338},{"bookingid":747},{"bookingid":824},{"bookingid":890},{"bookingid":562},{"bookingid":34},{"bookingid":119},{"bookingid":168},{"bookingid":1074},{"bookingid":554},{"bookingid":288},{"bookingid":411},{"bookingid":536},{"bookingid":172},{"bookingid":44},{"bookingid":3},{"bookingid":633},{"bookingid":13},{"bookingid":306},{"bookingid":12},{"bookingid":1137},{"bookingid":548},{"bookingid":135},{"bookingid":848},{"bookingid":201},{"bookingid":282},{"bookingid":524},{"bookingid":619},{"bookingid":623},{"bookingid":1110},{"bookingid":243},{"bookingid":1348},{"bookingid":136},{"bookingid":1331},{"bookingid":1228},{"bookingid":925},{"bookingid":570},{"bookingid":866},{"bookingid":333},{"bookingid":1156},{"bookingid":776},{"bookingid":1058},{"bookingid":647},{"bookingid":498},{"bookingid":6},{"bookingid":460},{"bookingid":779},{"bookingid":1166},{"bookingid":1081},{"bookingid":1367},{"bookingid":213},{"bookingid":857},{"bookingid":585},{"bookingid":529},{"bookingid":945},{"bookingid":241},{"bookingid":682},{"bookingid":495},{"bookingid":719},{"bookingid":1109},{"bookingid":403},{"bookingid":726},{"bookingid":5},{"bookingid":1086},{"bookingid":294},{"bookingid":1241},{"bookingid":466},{"bookingid":630},{"bookingid":930},{"bookingid":264},{"bookingid":1222},{"bookingid":82},{"bookingid":401},{"bookingid":147},{"bookingid":538},{"bookingid":591},{"bookingid":1161},{"bookingid":514},{"bookingid":908},{"bookingid":1230},{"bookingid":1160},{"bookingid":710},{"bookingid":45},{"bookingid":435},{"bookingid":28},{"bookingid":129},{"bookingid":873},{"bookingid":762},{"bookingid":1051},{"bookingid":1289},{"bookingid":1201},{"bookingid":326},{"bookingid":216},{"bookingid":1089},{"bookingid":757},{"bookingid":959},{"bookingid":803},{"bookingid":292},{"bookingid":349},{"bookingid":1231},{"bookingid":617},{"bookingid":178},{"bookingid":7},{"bookingid":1199},{"bookingid":253},{"bookingid":1272},{"bookingid":960},{"bookingid":1301},{"bookingid":933},{"bookingid":1005},{"bookingid":755},{"bookingid":878},{"bookingid":189},{"bookingid":1045},{"bookingid":1043},{"bookingid":151},{"bookingid":1010},{"bookingid":1022},{"bookingid":289},{"bookingid":48},{"bookingid":955},{"bookingid":766},{"bookingid":678},{"bookingid":1421},{"bookingid":146},{"bookingid":275},{"bookingid":468},{"bookingid":200},{"bookingid":340},{"bookingid":38},{"bookingid":594},{"bookingid":778},{"bookingid":796},{"bookingid":507},{"bookingid":1319},{"bookingid":153},{"bookingid":1263},{"bookingid":679},{"bookingid":1095},{"bookingid":493},{"bookingid":202},{"bookingid":906},{"bookingid":1339},{"bookingid":373},{"bookingid":427},{"bookingid":141},{"bookingid":919},{"bookingid":1414},{"bookingid":400},{"bookingid":110},{"bookingid":224},{"bookingid":1310},{"bookingid":799},{"bookingid":382},{"bookingid":198},{"bookingid":559},{"bookingid":1347},{"bookingid":812},{"bookingid":1009},{"bookingid":77},{"bookingid":886},{"bookingid":1193},{"bookingid":703},{"bookingid":553},{"bookingid":949},{"bookingid":991},{"bookingid":940}]"
16:53:40 [main] DEBUG org.apache.http.impl.conn.BasicClientConnectionManager - Releasing connection org.apache.http.impl.conn.ManagedClientConnectionImpl@4769537a
16:53:40 [main] DEBUG org.apache.http.impl.conn.BasicClientConnectionManager - Connection can be kept alive indefinitely
16:53:40 [Finalizer] DEBUG org.apache.http.impl.conn.DefaultClientConnection - Connection 0.0.0.0:57525<->23.22.130.173:443 closed
16:53:40 [Finalizer] DEBUG org.apache.http.impl.conn.DefaultClientConnection - Connection 0.0.0.0:57524<->23.22.130.173:443 closed
16:53:40 [Finalizer] DEBUG org.apache.http.impl.conn.DefaultClientConnection - Connection 0.0.0.0:57523<->23.22.130.173:443 closed
16:53:40 [Finalizer] DEBUG org.apache.http.impl.conn.DefaultClientConnection - Connection 0.0.0.0:57522<->23.22.130.173:443 closed
16:53:40 [Finalizer] DEBUG org.apache.http.impl.conn.DefaultClientConnection - Connection 0.0.0.0:57521<->23.22.130.173:443 closed
16:53:40 [Finalizer] DEBUG org.apache.http.impl.conn.DefaultClientConnection - Connection 0.0.0.0:57528<->23.22.130.173:443 closed
16:53:40 [Finalizer] DEBUG org.apache.http.impl.conn.DefaultClientConnection - Connection 0.0.0.0:57527<->23.22.130.173:443 closed
16:53:40 [Finalizer] DEBUG org.apache.http.impl.conn.DefaultClientConnection - Connection 0.0.0.0:57526<->23.22.130.173:443 closed
  &amp#27;[31mThen &amp#27;[0m&amp#27;[31mBooking response status should be &amp#27;[0m&amp#27;[31m&amp#27;[1m400&amp#27;[0m&amp#27;[31m or &amp#27;[0m&amp#27;[31m&amp#27;[1m500&amp#27;[0m                    &amp#27;[90m# stepdefs.GetBookingStepDefs.booking_response_status_should_be_one_of(int,int)&amp#27;[0m
      &amp#27;[31mjava.lang.AssertionError: 1 expectation failed.
Expected status code (<400> or <500>) but was <200>.

	at java.base/jdk.internal.reflect.NativeConstructorAccessorImpl.newInstance0(Native Method)
	at java.base/jdk.internal.reflect.NativeConstructorAccessorImpl.newInstance(NativeConstructorAccessorImpl.java:77)
	at java.base/jdk.internal.reflect.DelegatingConstructorAccessorImpl.newInstance(DelegatingConstructorAccessorImpl.java:45)
	at java.base/java.lang.reflect.Constructor.newInstanceWithCaller(Constructor.java:499)
	at java.base/java.lang.reflect.Constructor.newInstance(Constructor.java:480)
	at org.codehaus.groovy.reflection.CachedConstructor.invoke(CachedConstructor.java:73)
	at org.codehaus.groovy.runtime.callsite.ConstructorSite$ConstructorSiteNoUnwrapNoCoerce.callConstructor(ConstructorSite.java:108)
	at org.codehaus.groovy.runtime.callsite.CallSiteArray.defaultCallConstructor(CallSiteArray.java:57)
	at org.codehaus.groovy.runtime.callsite.AbstractCallSite.callConstructor(AbstractCallSite.java:263)
	at org.codehaus.groovy.runtime.callsite.AbstractCallSite.callConstructor(AbstractCallSite.java:277)
	at io.restassured.internal.ResponseSpecificationImpl$HamcrestAssertionClosure.validate(ResponseSpecificationImpl.groovy:512)
	at io.restassured.internal.ResponseSpecificationImpl$HamcrestAssertionClosure$validate$1.call(Unknown Source)
	at io.restassured.internal.ResponseSpecificationImpl.validateResponseIfRequired(ResponseSpecificationImpl.groovy:696)
	at io.restassured.internal.ResponseSpecificationImpl.this$2$validateResponseIfRequired(ResponseSpecificationImpl.groovy)
	at jdk.internal.reflect.GeneratedMethodAccessor246.invoke(Unknown Source)
	at java.base/jdk.internal.reflect.DelegatingMethodAccessorImpl.invoke(DelegatingMethodAccessorImpl.java:43)
	at java.base/java.lang.reflect.Method.invoke(Method.java:568)
	at org.codehaus.groovy.runtime.callsite.PlainObjectMetaMethodSite.doInvoke(PlainObjectMetaMethodSite.java:43)
	at org.codehaus.groovy.runtime.callsite.PogoMetaMethodSite$PogoCachedMethodSiteNoUnwrapNoCoerce.invoke(PogoMetaMethodSite.java:198)
	at org.codehaus.groovy.runtime.callsite.PogoMetaMethodSite.callCurrent(PogoMetaMethodSite.java:62)
	at org.codehaus.groovy.runtime.callsite.AbstractCallSite.callCurrent(AbstractCallSite.java:185)
	at io.restassured.internal.ResponseSpecificationImpl.statusCode(ResponseSpecificationImpl.groovy:135)
	at io.restassured.internal.ValidatableResponseOptionsImpl.statusCode(ValidatableResponseOptionsImpl.java:84)
	at stepdefs.GetBookingStepDefs.booking_response_status_should_be_one_of(GetBookingStepDefs.java:60)
	at âœ½.Booking response status should be 400 or 500(file:///E:/Manasa/Interview/Selenium_Java_Automation/Eneco_API_Automation/project-root/src/test/resources/features/GetBooking.feature:37)
&amp#27;[0m
]]></system-out>
  </testcase>
  <testcase name="runScenario[&quot;Verify response time is less than 2 seconds&quot;, &quot;GET API Tests&quot;](12)" classname="runners.TestRunner" time="2.321">
    <system-out><![CDATA[
Scenario: Verify response time is less than 2 seconds              &amp#27;[90m# src/test/resources/features/GetBooking.feature:39&amp#27;[0m
16:53:40 [main] DEBUG org.apache.http.impl.conn.BasicClientConnectionManager - Get connection for route {s}->https://restful-booker.herokuapp.com:443
16:53:40 [main] DEBUG org.apache.http.impl.conn.DefaultClientConnectionOperator - Connecting to restful-booker.herokuapp.com:443
16:53:41 [main] DEBUG org.apache.http.client.protocol.RequestAddCookies - CookieSpec selected: ignoreCookies
16:53:41 [main] DEBUG org.apache.http.client.protocol.RequestAuthCache - Auth cache not set in the context
16:53:41 [main] DEBUG org.apache.http.client.protocol.RequestTargetAuthentication - Target auth state: UNCHALLENGED
16:53:41 [main] DEBUG org.apache.http.client.protocol.RequestProxyAuthentication - Proxy auth state: UNCHALLENGED
16:53:41 [main] DEBUG org.apache.http.impl.client.DefaultHttpClient - Attempt 1 to execute request
16:53:41 [main] DEBUG org.apache.http.impl.conn.DefaultClientConnection - Sending request: POST /auth HTTP/1.1
16:53:41 [main] DEBUG org.apache.http.wire -  >> "POST /auth HTTP/1.1[\r][\n]"
16:53:41 [main] DEBUG org.apache.http.wire -  >> "Accept: */*[\r][\n]"
16:53:41 [main] DEBUG org.apache.http.wire -  >> "Content-Type: application/json[\r][\n]"
16:53:41 [main] DEBUG org.apache.http.wire -  >> "Content-Length: 45[\r][\n]"
16:53:41 [main] DEBUG org.apache.http.wire -  >> "Host: restful-booker.herokuapp.com[\r][\n]"
16:53:41 [main] DEBUG org.apache.http.wire -  >> "Connection: Keep-Alive[\r][\n]"
16:53:41 [main] DEBUG org.apache.http.wire -  >> "User-Agent: Apache-HttpClient/4.5.13 (Java/17.0.11)[\r][\n]"
16:53:41 [main] DEBUG org.apache.http.wire -  >> "Accept-Encoding: gzip,deflate[\r][\n]"
16:53:41 [main] DEBUG org.apache.http.wire -  >> "[\r][\n]"
16:53:41 [main] DEBUG org.apache.http.headers - >> POST /auth HTTP/1.1
16:53:41 [main] DEBUG org.apache.http.headers - >> Accept: */*
16:53:41 [main] DEBUG org.apache.http.headers - >> Content-Type: application/json
16:53:41 [main] DEBUG org.apache.http.headers - >> Content-Length: 45
16:53:41 [main] DEBUG org.apache.http.headers - >> Host: restful-booker.herokuapp.com
16:53:41 [main] DEBUG org.apache.http.headers - >> Connection: Keep-Alive
16:53:41 [main] DEBUG org.apache.http.headers - >> User-Agent: Apache-HttpClient/4.5.13 (Java/17.0.11)
16:53:41 [main] DEBUG org.apache.http.headers - >> Accept-Encoding: gzip,deflate
16:53:41 [main] DEBUG org.apache.http.wire -  >> "{"username":"admin","password":"password123"}"
16:53:41 [main] DEBUG org.apache.http.wire -  << "HTTP/1.1 200 OK[\r][\n]"
16:53:41 [main] DEBUG org.apache.http.wire -  << "Content-Length: 27[\r][\n]"
16:53:41 [main] DEBUG org.apache.http.wire -  << "Content-Type: application/json; charset=utf-8[\r][\n]"
16:53:41 [main] DEBUG org.apache.http.wire -  << "Date: Wed, 06 Aug 2025 14:53:41 GMT[\r][\n]"
16:53:41 [main] DEBUG org.apache.http.wire -  << "Etag: W/"1b-bS6RmXt6SWwkv4AZVNLyDzpY+W4"[\r][\n]"
16:53:41 [main] DEBUG org.apache.http.wire -  << "Nel: {"report_to":"heroku-nel","response_headers":["Via"],"max_age":3600,"success_fraction":0.01,"failure_fraction":0.1}[\r][\n]"
16:53:41 [main] DEBUG org.apache.http.wire -  << "Report-To: {"group":"heroku-nel","endpoints":[{"url":"https://nel.heroku.com/reports?s=cDrH2hRZOVFKLbXgtB81NtrI2Mirm8df48%2BcFxK5jKw%3D\u0026sid=c46efe9b-d3d2-4a0c-8c76-bfafa16c5add\u0026ts=1754492021"}],"max_age":3600}[\r][\n]"
16:53:41 [main] DEBUG org.apache.http.wire -  << "Reporting-Endpoints: heroku-nel="https://nel.heroku.com/reports?s=cDrH2hRZOVFKLbXgtB81NtrI2Mirm8df48%2BcFxK5jKw%3D&sid=c46efe9b-d3d2-4a0c-8c76-bfafa16c5add&ts=1754492021"[\r][\n]"
16:53:41 [main] DEBUG org.apache.http.wire -  << "Server: Heroku[\r][\n]"
16:53:41 [main] DEBUG org.apache.http.wire -  << "Via: 1.1 heroku-router[\r][\n]"
16:53:41 [main] DEBUG org.apache.http.wire -  << "X-Powered-By: Express[\r][\n]"
16:53:41 [main] DEBUG org.apache.http.wire -  << "[\r][\n]"
16:53:41 [main] DEBUG org.apache.http.impl.conn.DefaultClientConnection - Receiving response: HTTP/1.1 200 OK
16:53:41 [main] DEBUG org.apache.http.headers - << HTTP/1.1 200 OK
16:53:41 [main] DEBUG org.apache.http.headers - << Content-Length: 27
16:53:41 [main] DEBUG org.apache.http.headers - << Content-Type: application/json; charset=utf-8
16:53:41 [main] DEBUG org.apache.http.headers - << Date: Wed, 06 Aug 2025 14:53:41 GMT
16:53:41 [main] DEBUG org.apache.http.headers - << Etag: W/"1b-bS6RmXt6SWwkv4AZVNLyDzpY+W4"
16:53:41 [main] DEBUG org.apache.http.headers - << Nel: {"report_to":"heroku-nel","response_headers":["Via"],"max_age":3600,"success_fraction":0.01,"failure_fraction":0.1}
16:53:41 [main] DEBUG org.apache.http.headers - << Report-To: {"group":"heroku-nel","endpoints":[{"url":"https://nel.heroku.com/reports?s=cDrH2hRZOVFKLbXgtB81NtrI2Mirm8df48%2BcFxK5jKw%3D\u0026sid=c46efe9b-d3d2-4a0c-8c76-bfafa16c5add\u0026ts=1754492021"}],"max_age":3600}
16:53:41 [main] DEBUG org.apache.http.headers - << Reporting-Endpoints: heroku-nel="https://nel.heroku.com/reports?s=cDrH2hRZOVFKLbXgtB81NtrI2Mirm8df48%2BcFxK5jKw%3D&sid=c46efe9b-d3d2-4a0c-8c76-bfafa16c5add&ts=1754492021"
16:53:41 [main] DEBUG org.apache.http.headers - << Server: Heroku
16:53:41 [main] DEBUG org.apache.http.headers - << Via: 1.1 heroku-router
16:53:41 [main] DEBUG org.apache.http.headers - << X-Powered-By: Express
16:53:41 [main] DEBUG org.apache.http.impl.client.DefaultHttpClient - Connection can be kept alive indefinitely
16:53:41 [main] DEBUG io.restassured.internal.RestAssuredHttpBuilder - Parsing response as: application/json; charset=utf-8
16:53:41 [main] DEBUG io.restassured.internal.RestAssuredHttpBuilder - Parsed data to instance of: class org.apache.http.conn.EofSensorInputStream
16:53:41 [main] DEBUG org.apache.http.wire -  << "{"token":"76f1941b8e06d19"}"
16:53:41 [main] DEBUG org.apache.http.impl.conn.BasicClientConnectionManager - Releasing connection org.apache.http.impl.conn.ManagedClientConnectionImpl@7bad18f5
16:53:41 [main] DEBUG org.apache.http.impl.conn.BasicClientConnectionManager - Connection can be kept alive indefinitely
Generated Token: 76f1941b8e06d19
  &amp#27;[32mGiven &amp#27;[0m&amp#27;[32mUser has valid auth token&amp#27;[0m                                  &amp#27;[90m# stepdefs.AuthenticationSteps.user_has_valid_auth_token()&amp#27;[0m
16:53:42 [main] DEBUG org.apache.http.impl.conn.BasicClientConnectionManager - Get connection for route {s}->https://restful-booker.herokuapp.com:443
16:53:42 [main] DEBUG org.apache.http.impl.conn.DefaultClientConnectionOperator - Connecting to restful-booker.herokuapp.com:443
16:53:43 [main] DEBUG org.apache.http.client.protocol.RequestAddCookies - CookieSpec selected: ignoreCookies
16:53:43 [main] DEBUG org.apache.http.client.protocol.RequestAuthCache - Auth cache not set in the context
16:53:43 [main] DEBUG org.apache.http.client.protocol.RequestTargetAuthentication - Target auth state: UNCHALLENGED
16:53:43 [main] DEBUG org.apache.http.client.protocol.RequestProxyAuthentication - Proxy auth state: UNCHALLENGED
16:53:43 [main] DEBUG org.apache.http.impl.client.DefaultHttpClient - Attempt 1 to execute request
16:53:43 [main] DEBUG org.apache.http.impl.conn.DefaultClientConnection - Sending request: GET /booking HTTP/1.1
16:53:43 [main] DEBUG org.apache.http.wire -  >> "GET /booking HTTP/1.1[\r][\n]"
16:53:43 [main] DEBUG org.apache.http.wire -  >> "Content-Type: application/json[\r][\n]"
16:53:43 [main] DEBUG org.apache.http.wire -  >> "Accept: */*[\r][\n]"
16:53:43 [main] DEBUG org.apache.http.wire -  >> "Host: restful-booker.herokuapp.com[\r][\n]"
16:53:43 [main] DEBUG org.apache.http.wire -  >> "Connection: Keep-Alive[\r][\n]"
16:53:43 [main] DEBUG org.apache.http.wire -  >> "User-Agent: Apache-HttpClient/4.5.13 (Java/17.0.11)[\r][\n]"
16:53:43 [main] DEBUG org.apache.http.wire -  >> "Accept-Encoding: gzip,deflate[\r][\n]"
16:53:43 [main] DEBUG org.apache.http.wire -  >> "[\r][\n]"
16:53:43 [main] DEBUG org.apache.http.headers - >> GET /booking HTTP/1.1
16:53:43 [main] DEBUG org.apache.http.headers - >> Content-Type: application/json
16:53:43 [main] DEBUG org.apache.http.headers - >> Accept: */*
16:53:43 [main] DEBUG org.apache.http.headers - >> Host: restful-booker.herokuapp.com
16:53:43 [main] DEBUG org.apache.http.headers - >> Connection: Keep-Alive
16:53:43 [main] DEBUG org.apache.http.headers - >> User-Agent: Apache-HttpClient/4.5.13 (Java/17.0.11)
16:53:43 [main] DEBUG org.apache.http.headers - >> Accept-Encoding: gzip,deflate
16:53:43 [main] DEBUG org.apache.http.wire -  << "HTTP/1.1 200 OK[\r][\n]"
16:53:43 [main] DEBUG org.apache.http.wire -  << "Content-Length: 18427[\r][\n]"
16:53:43 [main] DEBUG org.apache.http.wire -  << "Content-Type: application/json; charset=utf-8[\r][\n]"
16:53:43 [main] DEBUG org.apache.http.wire -  << "Date: Wed, 06 Aug 2025 14:53:42 GMT[\r][\n]"
16:53:43 [main] DEBUG org.apache.http.wire -  << "Etag: W/"47fb-t0VaXRVbPIQZfFFtHJVv4SPwMRk"[\r][\n]"
16:53:43 [main] DEBUG org.apache.http.wire -  << "Nel: {"report_to":"heroku-nel","response_headers":["Via"],"max_age":3600,"success_fraction":0.01,"failure_fraction":0.1}[\r][\n]"
16:53:43 [main] DEBUG org.apache.http.wire -  << "Report-To: {"group":"heroku-nel","endpoints":[{"url":"https://nel.heroku.com/reports?s=OP2rYxeNyD5G2QohrO7SpAOjrUDnlHsFTXQgFNylUB4%3D\u0026sid=c46efe9b-d3d2-4a0c-8c76-bfafa16c5add\u0026ts=1754492022"}],"max_age":3600}[\r][\n]"
16:53:43 [main] DEBUG org.apache.http.wire -  << "Reporting-Endpoints: heroku-nel="https://nel.heroku.com/reports?s=OP2rYxeNyD5G2QohrO7SpAOjrUDnlHsFTXQgFNylUB4%3D&sid=c46efe9b-d3d2-4a0c-8c76-bfafa16c5add&ts=1754492022"[\r][\n]"
16:53:43 [main] DEBUG org.apache.http.wire -  << "Server: Heroku[\r][\n]"
16:53:43 [main] DEBUG org.apache.http.wire -  << "Via: 1.1 heroku-router[\r][\n]"
16:53:43 [main] DEBUG org.apache.http.wire -  << "X-Powered-By: Express[\r][\n]"
16:53:43 [main] DEBUG org.apache.http.wire -  << "[\r][\n]"
16:53:43 [main] DEBUG org.apache.http.impl.conn.DefaultClientConnection - Receiving response: HTTP/1.1 200 OK
16:53:43 [main] DEBUG org.apache.http.headers - << HTTP/1.1 200 OK
16:53:43 [main] DEBUG org.apache.http.headers - << Content-Length: 18427
16:53:43 [main] DEBUG org.apache.http.headers - << Content-Type: application/json; charset=utf-8
16:53:43 [main] DEBUG org.apache.http.headers - << Date: Wed, 06 Aug 2025 14:53:42 GMT
16:53:43 [main] DEBUG org.apache.http.headers - << Etag: W/"47fb-t0VaXRVbPIQZfFFtHJVv4SPwMRk"
16:53:43 [main] DEBUG org.apache.http.headers - << Nel: {"report_to":"heroku-nel","response_headers":["Via"],"max_age":3600,"success_fraction":0.01,"failure_fraction":0.1}
16:53:43 [main] DEBUG org.apache.http.headers - << Report-To: {"group":"heroku-nel","endpoints":[{"url":"https://nel.heroku.com/reports?s=OP2rYxeNyD5G2QohrO7SpAOjrUDnlHsFTXQgFNylUB4%3D\u0026sid=c46efe9b-d3d2-4a0c-8c76-bfafa16c5add\u0026ts=1754492022"}],"max_age":3600}
16:53:43 [main] DEBUG org.apache.http.headers - << Reporting-Endpoints: heroku-nel="https://nel.heroku.com/reports?s=OP2rYxeNyD5G2QohrO7SpAOjrUDnlHsFTXQgFNylUB4%3D&sid=c46efe9b-d3d2-4a0c-8c76-bfafa16c5add&ts=1754492022"
16:53:43 [main] DEBUG org.apache.http.headers - << Server: Heroku
16:53:43 [main] DEBUG org.apache.http.headers - << Via: 1.1 heroku-router
16:53:43 [main] DEBUG org.apache.http.headers - << X-Powered-By: Express
16:53:43 [main] DEBUG org.apache.http.impl.client.DefaultHttpClient - Connection can be kept alive indefinitely
16:53:43 [main] DEBUG io.restassured.internal.RestAssuredHttpBuilder - Parsing response as: application/json; charset=utf-8
16:53:43 [main] DEBUG io.restassured.internal.RestAssuredHttpBuilder - Parsed data to instance of: class org.apache.http.conn.EofSensorInputStream
  &amp#27;[32mWhen &amp#27;[0m&amp#27;[32mUser requests all booking IDs without filters&amp#27;[0m               &amp#27;[90m# stepdefs.GetBookingStepDefs.user_requests_all_booking_ids_without_filters()&amp#27;[0m
  &amp#27;[32mThen &amp#27;[0m&amp#27;[32mBooking response time should be less than &amp#27;[0m&amp#27;[32m&amp#27;[1m2000&amp#27;[0m&amp#27;[32m milliseconds&amp#27;[0m &amp#27;[90m# stepdefs.GetBookingStepDefs.booking_response_time_should_be_less_than(int)&amp#27;[0m
]]></system-out>
  </testcase>
  <testcase name="runScenario[&quot;Partial update - single field (firstname)&quot;, &quot;PATCH API Tests&quot;](13)" classname="runners.TestRunner" time="2.656">
    <system-out><![CDATA[
Scenario: Partial update - single field (firstname)                &amp#27;[90m# src/test/resources/features/PatchBooking.feature:8&amp#27;[0m
16:53:43 [main] DEBUG org.apache.http.impl.conn.BasicClientConnectionManager - Get connection for route {s}->https://restful-booker.herokuapp.com:443
16:53:43 [main] DEBUG org.apache.http.impl.conn.DefaultClientConnectionOperator - Connecting to restful-booker.herokuapp.com:443
16:53:43 [main] DEBUG org.apache.http.client.protocol.RequestAddCookies - CookieSpec selected: ignoreCookies
16:53:43 [main] DEBUG org.apache.http.client.protocol.RequestAuthCache - Auth cache not set in the context
16:53:43 [main] DEBUG org.apache.http.client.protocol.RequestTargetAuthentication - Target auth state: UNCHALLENGED
16:53:43 [main] DEBUG org.apache.http.client.protocol.RequestProxyAuthentication - Proxy auth state: UNCHALLENGED
16:53:43 [main] DEBUG org.apache.http.impl.client.DefaultHttpClient - Attempt 1 to execute request
16:53:43 [main] DEBUG org.apache.http.impl.conn.DefaultClientConnection - Sending request: POST /auth HTTP/1.1
16:53:43 [main] DEBUG org.apache.http.wire -  >> "POST /auth HTTP/1.1[\r][\n]"
16:53:43 [main] DEBUG org.apache.http.wire -  >> "Accept: */*[\r][\n]"
16:53:43 [main] DEBUG org.apache.http.wire -  >> "Content-Type: application/json[\r][\n]"
16:53:43 [main] DEBUG org.apache.http.wire -  >> "Content-Length: 45[\r][\n]"
16:53:43 [main] DEBUG org.apache.http.wire -  >> "Host: restful-booker.herokuapp.com[\r][\n]"
16:53:43 [main] DEBUG org.apache.http.wire -  >> "Connection: Keep-Alive[\r][\n]"
16:53:43 [main] DEBUG org.apache.http.wire -  >> "User-Agent: Apache-HttpClient/4.5.13 (Java/17.0.11)[\r][\n]"
16:53:43 [main] DEBUG org.apache.http.wire -  >> "Accept-Encoding: gzip,deflate[\r][\n]"
16:53:43 [main] DEBUG org.apache.http.wire -  >> "[\r][\n]"
16:53:43 [main] DEBUG org.apache.http.headers - >> POST /auth HTTP/1.1
16:53:43 [main] DEBUG org.apache.http.headers - >> Accept: */*
16:53:43 [main] DEBUG org.apache.http.headers - >> Content-Type: application/json
16:53:43 [main] DEBUG org.apache.http.headers - >> Content-Length: 45
16:53:43 [main] DEBUG org.apache.http.headers - >> Host: restful-booker.herokuapp.com
16:53:43 [main] DEBUG org.apache.http.headers - >> Connection: Keep-Alive
16:53:43 [main] DEBUG org.apache.http.headers - >> User-Agent: Apache-HttpClient/4.5.13 (Java/17.0.11)
16:53:43 [main] DEBUG org.apache.http.headers - >> Accept-Encoding: gzip,deflate
16:53:43 [main] DEBUG org.apache.http.wire -  >> "{"username":"admin","password":"password123"}"
16:53:44 [main] DEBUG org.apache.http.wire -  << "HTTP/1.1 200 OK[\r][\n]"
16:53:44 [main] DEBUG org.apache.http.wire -  << "Content-Length: 27[\r][\n]"
16:53:44 [main] DEBUG org.apache.http.wire -  << "Content-Type: application/json; charset=utf-8[\r][\n]"
16:53:44 [main] DEBUG org.apache.http.wire -  << "Date: Wed, 06 Aug 2025 14:53:43 GMT[\r][\n]"
16:53:44 [main] DEBUG org.apache.http.wire -  << "Etag: W/"1b-cv07kYzd21xzLbpwnG34hXMjFss"[\r][\n]"
16:53:44 [main] DEBUG org.apache.http.wire -  << "Nel: {"report_to":"heroku-nel","response_headers":["Via"],"max_age":3600,"success_fraction":0.01,"failure_fraction":0.1}[\r][\n]"
16:53:44 [main] DEBUG org.apache.http.wire -  << "Report-To: {"group":"heroku-nel","endpoints":[{"url":"https://nel.heroku.com/reports?s=usQUVS2DBWT0oxXTKlaH0p73WdsV4BKpuwJQk50VweQ%3D\u0026sid=c46efe9b-d3d2-4a0c-8c76-bfafa16c5add\u0026ts=1754492023"}],"max_age":3600}[\r][\n]"
16:53:44 [main] DEBUG org.apache.http.wire -  << "Reporting-Endpoints: heroku-nel="https://nel.heroku.com/reports?s=usQUVS2DBWT0oxXTKlaH0p73WdsV4BKpuwJQk50VweQ%3D&sid=c46efe9b-d3d2-4a0c-8c76-bfafa16c5add&ts=1754492023"[\r][\n]"
16:53:44 [main] DEBUG org.apache.http.wire -  << "Server: Heroku[\r][\n]"
16:53:44 [main] DEBUG org.apache.http.wire -  << "Via: 1.1 heroku-router[\r][\n]"
16:53:44 [main] DEBUG org.apache.http.wire -  << "X-Powered-By: Express[\r][\n]"
16:53:44 [main] DEBUG org.apache.http.wire -  << "[\r][\n]"
16:53:44 [main] DEBUG org.apache.http.impl.conn.DefaultClientConnection - Receiving response: HTTP/1.1 200 OK
16:53:44 [main] DEBUG org.apache.http.headers - << HTTP/1.1 200 OK
16:53:44 [main] DEBUG org.apache.http.headers - << Content-Length: 27
16:53:44 [main] DEBUG org.apache.http.headers - << Content-Type: application/json; charset=utf-8
16:53:44 [main] DEBUG org.apache.http.headers - << Date: Wed, 06 Aug 2025 14:53:43 GMT
16:53:44 [main] DEBUG org.apache.http.headers - << Etag: W/"1b-cv07kYzd21xzLbpwnG34hXMjFss"
16:53:44 [main] DEBUG org.apache.http.headers - << Nel: {"report_to":"heroku-nel","response_headers":["Via"],"max_age":3600,"success_fraction":0.01,"failure_fraction":0.1}
16:53:44 [main] DEBUG org.apache.http.headers - << Report-To: {"group":"heroku-nel","endpoints":[{"url":"https://nel.heroku.com/reports?s=usQUVS2DBWT0oxXTKlaH0p73WdsV4BKpuwJQk50VweQ%3D\u0026sid=c46efe9b-d3d2-4a0c-8c76-bfafa16c5add\u0026ts=1754492023"}],"max_age":3600}
16:53:44 [main] DEBUG org.apache.http.headers - << Reporting-Endpoints: heroku-nel="https://nel.heroku.com/reports?s=usQUVS2DBWT0oxXTKlaH0p73WdsV4BKpuwJQk50VweQ%3D&sid=c46efe9b-d3d2-4a0c-8c76-bfafa16c5add&ts=1754492023"
16:53:44 [main] DEBUG org.apache.http.headers - << Server: Heroku
16:53:44 [main] DEBUG org.apache.http.headers - << Via: 1.1 heroku-router
16:53:44 [main] DEBUG org.apache.http.headers - << X-Powered-By: Express
16:53:44 [main] DEBUG org.apache.http.impl.client.DefaultHttpClient - Connection can be kept alive indefinitely
16:53:44 [main] DEBUG io.restassured.internal.RestAssuredHttpBuilder - Parsing response as: application/json; charset=utf-8
16:53:44 [main] DEBUG io.restassured.internal.RestAssuredHttpBuilder - Parsed data to instance of: class org.apache.http.conn.EofSensorInputStream
16:53:44 [main] DEBUG org.apache.http.wire -  << "{"token":"f87d59185b62adc"}"
16:53:44 [main] DEBUG org.apache.http.impl.conn.BasicClientConnectionManager - Releasing connection org.apache.http.impl.conn.ManagedClientConnectionImpl@542beecb
16:53:44 [main] DEBUG org.apache.http.impl.conn.BasicClientConnectionManager - Connection can be kept alive indefinitely
Generated Token: f87d59185b62adc
  &amp#27;[32mGiven &amp#27;[0m&amp#27;[32mUser has valid auth token&amp#27;[0m                                  &amp#27;[90m# stepdefs.AuthenticationSteps.user_has_valid_auth_token()&amp#27;[0m
16:53:44 [main] DEBUG org.apache.http.impl.conn.BasicClientConnectionManager - Get connection for route {s}->https://restful-booker.herokuapp.com:443
16:53:44 [main] DEBUG org.apache.http.impl.conn.DefaultClientConnectionOperator - Connecting to restful-booker.herokuapp.com:443
16:53:44 [main] DEBUG org.apache.http.client.protocol.RequestAddCookies - CookieSpec selected: ignoreCookies
16:53:44 [main] DEBUG org.apache.http.client.protocol.RequestAuthCache - Auth cache not set in the context
16:53:44 [main] DEBUG org.apache.http.client.protocol.RequestTargetAuthentication - Target auth state: UNCHALLENGED
16:53:44 [main] DEBUG org.apache.http.client.protocol.RequestProxyAuthentication - Proxy auth state: UNCHALLENGED
16:53:44 [main] DEBUG org.apache.http.impl.client.DefaultHttpClient - Attempt 1 to execute request
16:53:44 [main] DEBUG org.apache.http.impl.conn.DefaultClientConnection - Sending request: POST /booking HTTP/1.1
16:53:44 [main] DEBUG org.apache.http.wire -  >> "POST /booking HTTP/1.1[\r][\n]"
16:53:44 [main] DEBUG org.apache.http.wire -  >> "Accept: */*[\r][\n]"
16:53:44 [main] DEBUG org.apache.http.wire -  >> "Content-Type: application/json[\r][\n]"
16:53:44 [main] DEBUG org.apache.http.wire -  >> "Content-Length: 173[\r][\n]"
16:53:44 [main] DEBUG org.apache.http.wire -  >> "Host: restful-booker.herokuapp.com[\r][\n]"
16:53:44 [main] DEBUG org.apache.http.wire -  >> "Connection: Keep-Alive[\r][\n]"
16:53:44 [main] DEBUG org.apache.http.wire -  >> "User-Agent: Apache-HttpClient/4.5.13 (Java/17.0.11)[\r][\n]"
16:53:44 [main] DEBUG org.apache.http.wire -  >> "Accept-Encoding: gzip,deflate[\r][\n]"
16:53:44 [main] DEBUG org.apache.http.wire -  >> "[\r][\n]"
16:53:44 [main] DEBUG org.apache.http.headers - >> POST /booking HTTP/1.1
16:53:44 [main] DEBUG org.apache.http.headers - >> Accept: */*
16:53:44 [main] DEBUG org.apache.http.headers - >> Content-Type: application/json
16:53:44 [main] DEBUG org.apache.http.headers - >> Content-Length: 173
16:53:44 [main] DEBUG org.apache.http.headers - >> Host: restful-booker.herokuapp.com
16:53:44 [main] DEBUG org.apache.http.headers - >> Connection: Keep-Alive
16:53:44 [main] DEBUG org.apache.http.headers - >> User-Agent: Apache-HttpClient/4.5.13 (Java/17.0.11)
16:53:44 [main] DEBUG org.apache.http.headers - >> Accept-Encoding: gzip,deflate
16:53:44 [main] DEBUG org.apache.http.wire -  >> "{"firstname":"Michael","lastname":"Jordan","totalprice":500,"depositpaid":true,"bookingdates":{"checkin":"2024-08-01","checkout":"2024-08-10"},"additionalneeds":"Breakfast"}"
16:53:44 [main] DEBUG org.apache.http.wire -  << "HTTP/1.1 200 OK[\r][\n]"
16:53:44 [main] DEBUG org.apache.http.wire -  << "Content-Length: 202[\r][\n]"
16:53:44 [main] DEBUG org.apache.http.wire -  << "Content-Type: application/json; charset=utf-8[\r][\n]"
16:53:44 [main] DEBUG org.apache.http.wire -  << "Date: Wed, 06 Aug 2025 14:53:44 GMT[\r][\n]"
16:53:44 [main] DEBUG org.apache.http.wire -  << "Etag: W/"ca-hKu1hCoQoWzblhMaKkqQhE5uwZE"[\r][\n]"
16:53:44 [main] DEBUG org.apache.http.wire -  << "Nel: {"report_to":"heroku-nel","response_headers":["Via"],"max_age":3600,"success_fraction":0.01,"failure_fraction":0.1}[\r][\n]"
16:53:44 [main] DEBUG org.apache.http.wire -  << "Report-To: {"group":"heroku-nel","endpoints":[{"url":"https://nel.heroku.com/reports?s=FPWi4yjoB0u1%2B%2BP05rz63oAWZ56yOtTXLdtZ1k4pjI8%3D\u0026sid=c46efe9b-d3d2-4a0c-8c76-bfafa16c5add\u0026ts=1754492024"}],"max_age":3600}[\r][\n]"
16:53:44 [main] DEBUG org.apache.http.wire -  << "Reporting-Endpoints: heroku-nel="https://nel.heroku.com/reports?s=FPWi4yjoB0u1%2B%2BP05rz63oAWZ56yOtTXLdtZ1k4pjI8%3D&sid=c46efe9b-d3d2-4a0c-8c76-bfafa16c5add&ts=1754492024"[\r][\n]"
16:53:44 [main] DEBUG org.apache.http.wire -  << "Server: Heroku[\r][\n]"
16:53:44 [main] DEBUG org.apache.http.wire -  << "Via: 1.1 heroku-router[\r][\n]"
16:53:44 [main] DEBUG org.apache.http.wire -  << "X-Powered-By: Express[\r][\n]"
16:53:44 [main] DEBUG org.apache.http.wire -  << "[\r][\n]"
16:53:44 [main] DEBUG org.apache.http.impl.conn.DefaultClientConnection - Receiving response: HTTP/1.1 200 OK
16:53:44 [main] DEBUG org.apache.http.headers - << HTTP/1.1 200 OK
16:53:44 [main] DEBUG org.apache.http.headers - << Content-Length: 202
16:53:44 [main] DEBUG org.apache.http.headers - << Content-Type: application/json; charset=utf-8
16:53:44 [main] DEBUG org.apache.http.headers - << Date: Wed, 06 Aug 2025 14:53:44 GMT
16:53:44 [main] DEBUG org.apache.http.headers - << Etag: W/"ca-hKu1hCoQoWzblhMaKkqQhE5uwZE"
16:53:44 [main] DEBUG org.apache.http.headers - << Nel: {"report_to":"heroku-nel","response_headers":["Via"],"max_age":3600,"success_fraction":0.01,"failure_fraction":0.1}
16:53:44 [main] DEBUG org.apache.http.headers - << Report-To: {"group":"heroku-nel","endpoints":[{"url":"https://nel.heroku.com/reports?s=FPWi4yjoB0u1%2B%2BP05rz63oAWZ56yOtTXLdtZ1k4pjI8%3D\u0026sid=c46efe9b-d3d2-4a0c-8c76-bfafa16c5add\u0026ts=1754492024"}],"max_age":3600}
16:53:44 [main] DEBUG org.apache.http.headers - << Reporting-Endpoints: heroku-nel="https://nel.heroku.com/reports?s=FPWi4yjoB0u1%2B%2BP05rz63oAWZ56yOtTXLdtZ1k4pjI8%3D&sid=c46efe9b-d3d2-4a0c-8c76-bfafa16c5add&ts=1754492024"
16:53:44 [main] DEBUG org.apache.http.headers - << Server: Heroku
16:53:44 [main] DEBUG org.apache.http.headers - << Via: 1.1 heroku-router
16:53:44 [main] DEBUG org.apache.http.headers - << X-Powered-By: Express
16:53:44 [main] DEBUG org.apache.http.impl.client.DefaultHttpClient - Connection can be kept alive indefinitely
16:53:44 [main] DEBUG io.restassured.internal.RestAssuredHttpBuilder - Parsing response as: application/json; charset=utf-8
16:53:44 [main] DEBUG io.restassured.internal.RestAssuredHttpBuilder - Parsed data to instance of: class org.apache.http.conn.EofSensorInputStream
16:53:44 [main] DEBUG org.apache.http.wire -  << "{"bookingid":1467,"booking":{"firstname":"Michael","lastname":"Jordan","totalprice":500,"depositpaid":true,"bookingdates":{"checkin":"2024-08-01","checkout":"2024-08-10"},"additionalneeds":"Breakfast"}}"
16:53:44 [main] DEBUG org.apache.http.impl.conn.BasicClientConnectionManager - Releasing connection org.apache.http.impl.conn.ManagedClientConnectionImpl@6c767288
16:53:44 [main] DEBUG org.apache.http.impl.conn.BasicClientConnectionManager - Connection can be kept alive indefinitely
Booking created with ID: 1467
  &amp#27;[32mGiven &amp#27;[0m&amp#27;[32mUser creates a new booking with data &amp#27;[0m&amp#27;[32m&amp#27;[1m"validBooking"&amp#27;[0m        &amp#27;[90m# stepdefs.PatchBookingSteps.userCreatesANewBookingWithData(java.lang.String)&amp#27;[0m
16:53:44 [main] DEBUG org.apache.http.impl.conn.BasicClientConnectionManager - Get connection for route {s}->https://restful-booker.herokuapp.com:443
16:53:44 [main] DEBUG org.apache.http.impl.conn.DefaultClientConnectionOperator - Connecting to restful-booker.herokuapp.com:443
16:53:45 [main] DEBUG org.apache.http.client.protocol.RequestAddCookies - CookieSpec selected: ignoreCookies
16:53:45 [main] DEBUG org.apache.http.client.protocol.RequestAuthCache - Auth cache not set in the context
16:53:45 [main] DEBUG org.apache.http.client.protocol.RequestTargetAuthentication - Target auth state: UNCHALLENGED
16:53:45 [main] DEBUG org.apache.http.client.protocol.RequestProxyAuthentication - Proxy auth state: UNCHALLENGED
16:53:45 [main] DEBUG org.apache.http.impl.client.DefaultHttpClient - Attempt 1 to execute request
16:53:45 [main] DEBUG org.apache.http.impl.conn.DefaultClientConnection - Sending request: PATCH /booking/1467 HTTP/1.1
16:53:45 [main] DEBUG org.apache.http.wire -  >> "PATCH /booking/1467 HTTP/1.1[\r][\n]"
16:53:45 [main] DEBUG org.apache.http.wire -  >> "Cookie: token=f87d59185b62adc[\r][\n]"
16:53:45 [main] DEBUG org.apache.http.wire -  >> "Accept: */*[\r][\n]"
16:53:45 [main] DEBUG org.apache.http.wire -  >> "Content-Type: application/json[\r][\n]"
16:53:45 [main] DEBUG org.apache.http.wire -  >> "Content-Length: 20[\r][\n]"
16:53:45 [main] DEBUG org.apache.http.wire -  >> "Host: restful-booker.herokuapp.com[\r][\n]"
16:53:45 [main] DEBUG org.apache.http.wire -  >> "Connection: Keep-Alive[\r][\n]"
16:53:45 [main] DEBUG org.apache.http.wire -  >> "User-Agent: Apache-HttpClient/4.5.13 (Java/17.0.11)[\r][\n]"
16:53:45 [main] DEBUG org.apache.http.wire -  >> "Accept-Encoding: gzip,deflate[\r][\n]"
16:53:45 [main] DEBUG org.apache.http.wire -  >> "[\r][\n]"
16:53:45 [main] DEBUG org.apache.http.headers - >> PATCH /booking/1467 HTTP/1.1
16:53:45 [main] DEBUG org.apache.http.headers - >> Cookie: token=f87d59185b62adc
16:53:45 [main] DEBUG org.apache.http.headers - >> Accept: */*
16:53:45 [main] DEBUG org.apache.http.headers - >> Content-Type: application/json
16:53:45 [main] DEBUG org.apache.http.headers - >> Content-Length: 20
16:53:45 [main] DEBUG org.apache.http.headers - >> Host: restful-booker.herokuapp.com
16:53:45 [main] DEBUG org.apache.http.headers - >> Connection: Keep-Alive
16:53:45 [main] DEBUG org.apache.http.headers - >> User-Agent: Apache-HttpClient/4.5.13 (Java/17.0.11)
16:53:45 [main] DEBUG org.apache.http.headers - >> Accept-Encoding: gzip,deflate
16:53:45 [main] DEBUG org.apache.http.wire -  >> "{"firstname":"Kobe"}"
16:53:45 [main] DEBUG org.apache.http.wire -  << "HTTP/1.1 200 OK[\r][\n]"
16:53:45 [main] DEBUG org.apache.http.wire -  << "Content-Length: 170[\r][\n]"
16:53:45 [main] DEBUG org.apache.http.wire -  << "Content-Type: application/json; charset=utf-8[\r][\n]"
16:53:45 [main] DEBUG org.apache.http.wire -  << "Date: Wed, 06 Aug 2025 14:53:45 GMT[\r][\n]"
16:53:45 [main] DEBUG org.apache.http.wire -  << "Etag: W/"aa-9yV8ACXh7Yno44rXAGmaOd0Zecs"[\r][\n]"
16:53:45 [main] DEBUG org.apache.http.wire -  << "Nel: {"report_to":"heroku-nel","response_headers":["Via"],"max_age":3600,"success_fraction":0.01,"failure_fraction":0.1}[\r][\n]"
16:53:45 [main] DEBUG org.apache.http.wire -  << "Report-To: {"group":"heroku-nel","endpoints":[{"url":"https://nel.heroku.com/reports?s=qnaA5miTvfB%2B0%2BqC0auKWUtned5ayG4sdBUs%2FyQwMyE%3D\u0026sid=c46efe9b-d3d2-4a0c-8c76-bfafa16c5add\u0026ts=1754492025"}],"max_age":3600}[\r][\n]"
16:53:45 [main] DEBUG org.apache.http.wire -  << "Reporting-Endpoints: heroku-nel="https://nel.heroku.com/reports?s=qnaA5miTvfB%2B0%2BqC0auKWUtned5ayG4sdBUs%2FyQwMyE%3D&sid=c46efe9b-d3d2-4a0c-8c76-bfafa16c5add&ts=1754492025"[\r][\n]"
16:53:45 [main] DEBUG org.apache.http.wire -  << "Server: Heroku[\r][\n]"
16:53:45 [main] DEBUG org.apache.http.wire -  << "Via: 1.1 heroku-router[\r][\n]"
16:53:45 [main] DEBUG org.apache.http.wire -  << "X-Powered-By: Express[\r][\n]"
16:53:45 [main] DEBUG org.apache.http.wire -  << "[\r][\n]"
16:53:45 [main] DEBUG org.apache.http.impl.conn.DefaultClientConnection - Receiving response: HTTP/1.1 200 OK
16:53:45 [main] DEBUG org.apache.http.headers - << HTTP/1.1 200 OK
16:53:45 [main] DEBUG org.apache.http.headers - << Content-Length: 170
16:53:45 [main] DEBUG org.apache.http.headers - << Content-Type: application/json; charset=utf-8
16:53:45 [main] DEBUG org.apache.http.headers - << Date: Wed, 06 Aug 2025 14:53:45 GMT
16:53:45 [main] DEBUG org.apache.http.headers - << Etag: W/"aa-9yV8ACXh7Yno44rXAGmaOd0Zecs"
16:53:45 [main] DEBUG org.apache.http.headers - << Nel: {"report_to":"heroku-nel","response_headers":["Via"],"max_age":3600,"success_fraction":0.01,"failure_fraction":0.1}
16:53:45 [main] DEBUG org.apache.http.headers - << Report-To: {"group":"heroku-nel","endpoints":[{"url":"https://nel.heroku.com/reports?s=qnaA5miTvfB%2B0%2BqC0auKWUtned5ayG4sdBUs%2FyQwMyE%3D\u0026sid=c46efe9b-d3d2-4a0c-8c76-bfafa16c5add\u0026ts=1754492025"}],"max_age":3600}
16:53:45 [main] DEBUG org.apache.http.headers - << Reporting-Endpoints: heroku-nel="https://nel.heroku.com/reports?s=qnaA5miTvfB%2B0%2BqC0auKWUtned5ayG4sdBUs%2FyQwMyE%3D&sid=c46efe9b-d3d2-4a0c-8c76-bfafa16c5add&ts=1754492025"
16:53:45 [main] DEBUG org.apache.http.headers - << Server: Heroku
16:53:45 [main] DEBUG org.apache.http.headers - << Via: 1.1 heroku-router
16:53:45 [main] DEBUG org.apache.http.headers - << X-Powered-By: Express
16:53:45 [main] DEBUG org.apache.http.impl.client.DefaultHttpClient - Connection can be kept alive indefinitely
16:53:45 [main] DEBUG io.restassured.internal.RestAssuredHttpBuilder - Parsing response as: application/json; charset=utf-8
16:53:45 [main] DEBUG io.restassured.internal.RestAssuredHttpBuilder - Parsed data to instance of: class org.apache.http.conn.EofSensorInputStream
  &amp#27;[32mWhen &amp#27;[0m&amp#27;[32mUser partially updates booking with data:&amp#27;[0m                   &amp#27;[90m# stepdefs.PatchBookingSteps.user_partially_updates_booking_map(io.cucumber.datatable.DataTable)&amp#27;[0m
    | firstname | Kobe |
  &amp#27;[32mThen &amp#27;[0m&amp#27;[32mBooking response status should be &amp#27;[0m&amp#27;[32m&amp#27;[1m200&amp#27;[0m                       &amp#27;[90m# stepdefs.GetBookingStepDefs.booking_response_status_should_be(int)&amp#27;[0m
16:53:45 [main] DEBUG org.apache.http.wire -  << "{"firstname":"Kobe","lastname":"Jordan","totalprice":500,"depositpaid":true,"bookingdates":{"checkin":"2024-08-01","checkout":"2024-08-10"},"additionalneeds":"Breakfast"}"
16:53:45 [main] DEBUG org.apache.http.impl.conn.BasicClientConnectionManager - Releasing connection org.apache.http.impl.conn.ManagedClientConnectionImpl@6e5b3642
16:53:45 [main] DEBUG org.apache.http.impl.conn.BasicClientConnectionManager - Connection can be kept alive indefinitely
  &amp#27;[32mAnd &amp#27;[0m&amp#27;[32mBooking field &amp#27;[0m&amp#27;[32m&amp#27;[1m"firstname"&amp#27;[0m&amp#27;[32m should be &amp#27;[0m&amp#27;[32m&amp#27;[1m"Kobe"&amp#27;[0m                   &amp#27;[90m# stepdefs.PatchBookingSteps.verify_field_updated(java.lang.String,java.lang.String)&amp#27;[0m
  &amp#27;[32mAnd &amp#27;[0m&amp#27;[32mBooking field &amp#27;[0m&amp#27;[32m&amp#27;[1m"lastname"&amp#27;[0m&amp#27;[32m should remain unchanged as &amp#27;[0m&amp#27;[32m&amp#27;[1m"Jordan"&amp#27;[0m &amp#27;[90m# stepdefs.PatchBookingSteps.verify_field_unchanged(java.lang.String,java.lang.String)&amp#27;[0m
]]></system-out>
  </testcase>
  <testcase name="runScenario[&quot;Partial update - multiple fields&quot;, &quot;PATCH API Tests&quot;](14)" classname="runners.TestRunner" time="2.966">
    <system-out><![CDATA[
Scenario: Partial update - multiple fields                             &amp#27;[90m# src/test/resources/features/PatchBooking.feature:16&amp#27;[0m
16:53:45 [main] DEBUG org.apache.http.impl.conn.BasicClientConnectionManager - Get connection for route {s}->https://restful-booker.herokuapp.com:443
16:53:45 [main] DEBUG org.apache.http.impl.conn.DefaultClientConnectionOperator - Connecting to restful-booker.herokuapp.com:443
16:53:46 [main] DEBUG org.apache.http.client.protocol.RequestAddCookies - CookieSpec selected: ignoreCookies
16:53:46 [main] DEBUG org.apache.http.client.protocol.RequestAuthCache - Auth cache not set in the context
16:53:46 [main] DEBUG org.apache.http.client.protocol.RequestTargetAuthentication - Target auth state: UNCHALLENGED
16:53:46 [main] DEBUG org.apache.http.client.protocol.RequestProxyAuthentication - Proxy auth state: UNCHALLENGED
16:53:46 [main] DEBUG org.apache.http.impl.client.DefaultHttpClient - Attempt 1 to execute request
16:53:46 [main] DEBUG org.apache.http.impl.conn.DefaultClientConnection - Sending request: POST /auth HTTP/1.1
16:53:46 [main] DEBUG org.apache.http.wire -  >> "POST /auth HTTP/1.1[\r][\n]"
16:53:46 [main] DEBUG org.apache.http.wire -  >> "Accept: */*[\r][\n]"
16:53:46 [main] DEBUG org.apache.http.wire -  >> "Content-Type: application/json[\r][\n]"
16:53:46 [main] DEBUG org.apache.http.wire -  >> "Content-Length: 45[\r][\n]"
16:53:46 [main] DEBUG org.apache.http.wire -  >> "Host: restful-booker.herokuapp.com[\r][\n]"
16:53:46 [main] DEBUG org.apache.http.wire -  >> "Connection: Keep-Alive[\r][\n]"
16:53:46 [main] DEBUG org.apache.http.wire -  >> "User-Agent: Apache-HttpClient/4.5.13 (Java/17.0.11)[\r][\n]"
16:53:46 [main] DEBUG org.apache.http.wire -  >> "Accept-Encoding: gzip,deflate[\r][\n]"
16:53:46 [main] DEBUG org.apache.http.wire -  >> "[\r][\n]"
16:53:46 [main] DEBUG org.apache.http.headers - >> POST /auth HTTP/1.1
16:53:46 [main] DEBUG org.apache.http.headers - >> Accept: */*
16:53:46 [main] DEBUG org.apache.http.headers - >> Content-Type: application/json
16:53:46 [main] DEBUG org.apache.http.headers - >> Content-Length: 45
16:53:46 [main] DEBUG org.apache.http.headers - >> Host: restful-booker.herokuapp.com
16:53:46 [main] DEBUG org.apache.http.headers - >> Connection: Keep-Alive
16:53:46 [main] DEBUG org.apache.http.headers - >> User-Agent: Apache-HttpClient/4.5.13 (Java/17.0.11)
16:53:46 [main] DEBUG org.apache.http.headers - >> Accept-Encoding: gzip,deflate
16:53:46 [main] DEBUG org.apache.http.wire -  >> "{"username":"admin","password":"password123"}"
16:53:46 [main] DEBUG org.apache.http.wire -  << "HTTP/1.1 200 OK[\r][\n]"
16:53:46 [main] DEBUG org.apache.http.wire -  << "Content-Length: 27[\r][\n]"
16:53:46 [main] DEBUG org.apache.http.wire -  << "Content-Type: application/json; charset=utf-8[\r][\n]"
16:53:46 [main] DEBUG org.apache.http.wire -  << "Date: Wed, 06 Aug 2025 14:53:46 GMT[\r][\n]"
16:53:46 [main] DEBUG org.apache.http.wire -  << "Etag: W/"1b-gzJfzJV/vI01syZBFt8Vmle3k18"[\r][\n]"
16:53:46 [main] DEBUG org.apache.http.wire -  << "Nel: {"report_to":"heroku-nel","response_headers":["Via"],"max_age":3600,"success_fraction":0.01,"failure_fraction":0.1}[\r][\n]"
16:53:46 [main] DEBUG org.apache.http.wire -  << "Report-To: {"group":"heroku-nel","endpoints":[{"url":"https://nel.heroku.com/reports?s=E4LUxrvEb0BhIe30t9WrKh%2F5WCqAvGdLaQKsMHmaNGE%3D\u0026sid=c46efe9b-d3d2-4a0c-8c76-bfafa16c5add\u0026ts=1754492026"}],"max_age":3600}[\r][\n]"
16:53:46 [main] DEBUG org.apache.http.wire -  << "Reporting-Endpoints: heroku-nel="https://nel.heroku.com/reports?s=E4LUxrvEb0BhIe30t9WrKh%2F5WCqAvGdLaQKsMHmaNGE%3D&sid=c46efe9b-d3d2-4a0c-8c76-bfafa16c5add&ts=1754492026"[\r][\n]"
16:53:46 [main] DEBUG org.apache.http.wire -  << "Server: Heroku[\r][\n]"
16:53:46 [main] DEBUG org.apache.http.wire -  << "Via: 1.1 heroku-router[\r][\n]"
16:53:46 [main] DEBUG org.apache.http.wire -  << "X-Powered-By: Express[\r][\n]"
16:53:46 [main] DEBUG org.apache.http.wire -  << "[\r][\n]"
16:53:46 [main] DEBUG org.apache.http.impl.conn.DefaultClientConnection - Receiving response: HTTP/1.1 200 OK
16:53:46 [main] DEBUG org.apache.http.headers - << HTTP/1.1 200 OK
16:53:46 [main] DEBUG org.apache.http.headers - << Content-Length: 27
16:53:46 [main] DEBUG org.apache.http.headers - << Content-Type: application/json; charset=utf-8
16:53:46 [main] DEBUG org.apache.http.headers - << Date: Wed, 06 Aug 2025 14:53:46 GMT
16:53:46 [main] DEBUG org.apache.http.headers - << Etag: W/"1b-gzJfzJV/vI01syZBFt8Vmle3k18"
16:53:46 [main] DEBUG org.apache.http.headers - << Nel: {"report_to":"heroku-nel","response_headers":["Via"],"max_age":3600,"success_fraction":0.01,"failure_fraction":0.1}
16:53:46 [main] DEBUG org.apache.http.headers - << Report-To: {"group":"heroku-nel","endpoints":[{"url":"https://nel.heroku.com/reports?s=E4LUxrvEb0BhIe30t9WrKh%2F5WCqAvGdLaQKsMHmaNGE%3D\u0026sid=c46efe9b-d3d2-4a0c-8c76-bfafa16c5add\u0026ts=1754492026"}],"max_age":3600}
16:53:46 [main] DEBUG org.apache.http.headers - << Reporting-Endpoints: heroku-nel="https://nel.heroku.com/reports?s=E4LUxrvEb0BhIe30t9WrKh%2F5WCqAvGdLaQKsMHmaNGE%3D&sid=c46efe9b-d3d2-4a0c-8c76-bfafa16c5add&ts=1754492026"
16:53:46 [main] DEBUG org.apache.http.headers - << Server: Heroku
16:53:46 [main] DEBUG org.apache.http.headers - << Via: 1.1 heroku-router
16:53:46 [main] DEBUG org.apache.http.headers - << X-Powered-By: Express
16:53:46 [main] DEBUG org.apache.http.impl.client.DefaultHttpClient - Connection can be kept alive indefinitely
16:53:46 [main] DEBUG io.restassured.internal.RestAssuredHttpBuilder - Parsing response as: application/json; charset=utf-8
16:53:46 [main] DEBUG io.restassured.internal.RestAssuredHttpBuilder - Parsed data to instance of: class org.apache.http.conn.EofSensorInputStream
16:53:46 [main] DEBUG org.apache.http.wire -  << "{"token":"4b71a580d931387"}"
16:53:46 [main] DEBUG org.apache.http.impl.conn.BasicClientConnectionManager - Releasing connection org.apache.http.impl.conn.ManagedClientConnectionImpl@281963c
16:53:46 [main] DEBUG org.apache.http.impl.conn.BasicClientConnectionManager - Connection can be kept alive indefinitely
Generated Token: 4b71a580d931387
  &amp#27;[32mGiven &amp#27;[0m&amp#27;[32mUser has valid auth token&amp#27;[0m                                      &amp#27;[90m# stepdefs.AuthenticationSteps.user_has_valid_auth_token()&amp#27;[0m
16:53:46 [main] DEBUG org.apache.http.impl.conn.BasicClientConnectionManager - Get connection for route {s}->https://restful-booker.herokuapp.com:443
16:53:46 [main] DEBUG org.apache.http.impl.conn.DefaultClientConnectionOperator - Connecting to restful-booker.herokuapp.com:443
16:53:47 [main] DEBUG org.apache.http.client.protocol.RequestAddCookies - CookieSpec selected: ignoreCookies
16:53:47 [main] DEBUG org.apache.http.client.protocol.RequestAuthCache - Auth cache not set in the context
16:53:47 [main] DEBUG org.apache.http.client.protocol.RequestTargetAuthentication - Target auth state: UNCHALLENGED
16:53:47 [main] DEBUG org.apache.http.client.protocol.RequestProxyAuthentication - Proxy auth state: UNCHALLENGED
16:53:47 [main] DEBUG org.apache.http.impl.client.DefaultHttpClient - Attempt 1 to execute request
16:53:47 [main] DEBUG org.apache.http.impl.conn.DefaultClientConnection - Sending request: POST /booking HTTP/1.1
16:53:47 [main] DEBUG org.apache.http.wire -  >> "POST /booking HTTP/1.1[\r][\n]"
16:53:47 [main] DEBUG org.apache.http.wire -  >> "Accept: */*[\r][\n]"
16:53:47 [main] DEBUG org.apache.http.wire -  >> "Content-Type: application/json[\r][\n]"
16:53:47 [main] DEBUG org.apache.http.wire -  >> "Content-Length: 173[\r][\n]"
16:53:47 [main] DEBUG org.apache.http.wire -  >> "Host: restful-booker.herokuapp.com[\r][\n]"
16:53:47 [main] DEBUG org.apache.http.wire -  >> "Connection: Keep-Alive[\r][\n]"
16:53:47 [main] DEBUG org.apache.http.wire -  >> "User-Agent: Apache-HttpClient/4.5.13 (Java/17.0.11)[\r][\n]"
16:53:47 [main] DEBUG org.apache.http.wire -  >> "Accept-Encoding: gzip,deflate[\r][\n]"
16:53:47 [main] DEBUG org.apache.http.wire -  >> "[\r][\n]"
16:53:47 [main] DEBUG org.apache.http.headers - >> POST /booking HTTP/1.1
16:53:47 [main] DEBUG org.apache.http.headers - >> Accept: */*
16:53:47 [main] DEBUG org.apache.http.headers - >> Content-Type: application/json
16:53:47 [main] DEBUG org.apache.http.headers - >> Content-Length: 173
16:53:47 [main] DEBUG org.apache.http.headers - >> Host: restful-booker.herokuapp.com
16:53:47 [main] DEBUG org.apache.http.headers - >> Connection: Keep-Alive
16:53:47 [main] DEBUG org.apache.http.headers - >> User-Agent: Apache-HttpClient/4.5.13 (Java/17.0.11)
16:53:47 [main] DEBUG org.apache.http.headers - >> Accept-Encoding: gzip,deflate
16:53:47 [main] DEBUG org.apache.http.wire -  >> "{"firstname":"Michael","lastname":"Jordan","totalprice":500,"depositpaid":true,"bookingdates":{"checkin":"2024-08-01","checkout":"2024-08-10"},"additionalneeds":"Breakfast"}"
16:53:47 [main] DEBUG org.apache.http.wire -  << "HTTP/1.1 200 OK[\r][\n]"
16:53:47 [main] DEBUG org.apache.http.wire -  << "Content-Length: 202[\r][\n]"
16:53:47 [main] DEBUG org.apache.http.wire -  << "Content-Type: application/json; charset=utf-8[\r][\n]"
16:53:47 [main] DEBUG org.apache.http.wire -  << "Date: Wed, 06 Aug 2025 14:53:47 GMT[\r][\n]"
16:53:47 [main] DEBUG org.apache.http.wire -  << "Etag: W/"ca-nzi3YMhmviKp9GOg1JzhpIy0bRI"[\r][\n]"
16:53:47 [main] DEBUG org.apache.http.wire -  << "Nel: {"report_to":"heroku-nel","response_headers":["Via"],"max_age":3600,"success_fraction":0.01,"failure_fraction":0.1}[\r][\n]"
16:53:47 [main] DEBUG org.apache.http.wire -  << "Report-To: {"group":"heroku-nel","endpoints":[{"url":"https://nel.heroku.com/reports?s=ZDYbC8bBABExx%2B3wYYrO2%2FHETLooW0%2BQ%2F1CJa2uTIzs%3D\u0026sid=c46efe9b-d3d2-4a0c-8c76-bfafa16c5add\u0026ts=1754492027"}],"max_age":3600}[\r][\n]"
16:53:47 [main] DEBUG org.apache.http.wire -  << "Reporting-Endpoints: heroku-nel="https://nel.heroku.com/reports?s=ZDYbC8bBABExx%2B3wYYrO2%2FHETLooW0%2BQ%2F1CJa2uTIzs%3D&sid=c46efe9b-d3d2-4a0c-8c76-bfafa16c5add&ts=1754492027"[\r][\n]"
16:53:47 [main] DEBUG org.apache.http.wire -  << "Server: Heroku[\r][\n]"
16:53:47 [main] DEBUG org.apache.http.wire -  << "Via: 1.1 heroku-router[\r][\n]"
16:53:47 [main] DEBUG org.apache.http.wire -  << "X-Powered-By: Express[\r][\n]"
16:53:47 [main] DEBUG org.apache.http.wire -  << "[\r][\n]"
16:53:47 [main] DEBUG org.apache.http.impl.conn.DefaultClientConnection - Receiving response: HTTP/1.1 200 OK
16:53:47 [main] DEBUG org.apache.http.headers - << HTTP/1.1 200 OK
16:53:47 [main] DEBUG org.apache.http.headers - << Content-Length: 202
16:53:47 [main] DEBUG org.apache.http.headers - << Content-Type: application/json; charset=utf-8
16:53:47 [main] DEBUG org.apache.http.headers - << Date: Wed, 06 Aug 2025 14:53:47 GMT
16:53:47 [main] DEBUG org.apache.http.headers - << Etag: W/"ca-nzi3YMhmviKp9GOg1JzhpIy0bRI"
16:53:47 [main] DEBUG org.apache.http.headers - << Nel: {"report_to":"heroku-nel","response_headers":["Via"],"max_age":3600,"success_fraction":0.01,"failure_fraction":0.1}
16:53:47 [main] DEBUG org.apache.http.headers - << Report-To: {"group":"heroku-nel","endpoints":[{"url":"https://nel.heroku.com/reports?s=ZDYbC8bBABExx%2B3wYYrO2%2FHETLooW0%2BQ%2F1CJa2uTIzs%3D\u0026sid=c46efe9b-d3d2-4a0c-8c76-bfafa16c5add\u0026ts=1754492027"}],"max_age":3600}
16:53:47 [main] DEBUG org.apache.http.headers - << Reporting-Endpoints: heroku-nel="https://nel.heroku.com/reports?s=ZDYbC8bBABExx%2B3wYYrO2%2FHETLooW0%2BQ%2F1CJa2uTIzs%3D&sid=c46efe9b-d3d2-4a0c-8c76-bfafa16c5add&ts=1754492027"
16:53:47 [main] DEBUG org.apache.http.headers - << Server: Heroku
16:53:47 [main] DEBUG org.apache.http.headers - << Via: 1.1 heroku-router
16:53:47 [main] DEBUG org.apache.http.headers - << X-Powered-By: Express
16:53:47 [main] DEBUG org.apache.http.impl.client.DefaultHttpClient - Connection can be kept alive indefinitely
16:53:47 [main] DEBUG io.restassured.internal.RestAssuredHttpBuilder - Parsing response as: application/json; charset=utf-8
16:53:47 [main] DEBUG io.restassured.internal.RestAssuredHttpBuilder - Parsed data to instance of: class org.apache.http.conn.EofSensorInputStream
16:53:47 [main] DEBUG org.apache.http.wire -  << "{"bookingid":1491,"booking":{"firstname":"Michael","lastname":"Jordan","totalprice":500,"depositpaid":true,"bookingdates":{"checkin":"2024-08-01","checkout":"2024-08-10"},"additionalneeds":"Breakfast"}}"
16:53:47 [main] DEBUG org.apache.http.impl.conn.BasicClientConnectionManager - Releasing connection org.apache.http.impl.conn.ManagedClientConnectionImpl@16c1d11
16:53:47 [main] DEBUG org.apache.http.impl.conn.BasicClientConnectionManager - Connection can be kept alive indefinitely
Booking created with ID: 1491
  &amp#27;[32mGiven &amp#27;[0m&amp#27;[32mUser creates a new booking with data &amp#27;[0m&amp#27;[32m&amp#27;[1m"validBooking"&amp#27;[0m            &amp#27;[90m# stepdefs.PatchBookingSteps.userCreatesANewBookingWithData(java.lang.String)&amp#27;[0m
16:53:47 [main] DEBUG org.apache.http.impl.conn.BasicClientConnectionManager - Get connection for route {s}->https://restful-booker.herokuapp.com:443
16:53:47 [main] DEBUG org.apache.http.impl.conn.DefaultClientConnectionOperator - Connecting to restful-booker.herokuapp.com:443
16:53:48 [main] DEBUG org.apache.http.client.protocol.RequestAddCookies - CookieSpec selected: ignoreCookies
16:53:48 [main] DEBUG org.apache.http.client.protocol.RequestAuthCache - Auth cache not set in the context
16:53:48 [main] DEBUG org.apache.http.client.protocol.RequestTargetAuthentication - Target auth state: UNCHALLENGED
16:53:48 [main] DEBUG org.apache.http.client.protocol.RequestProxyAuthentication - Proxy auth state: UNCHALLENGED
16:53:48 [main] DEBUG org.apache.http.impl.client.DefaultHttpClient - Attempt 1 to execute request
16:53:48 [main] DEBUG org.apache.http.impl.conn.DefaultClientConnection - Sending request: PATCH /booking/1491 HTTP/1.1
16:53:48 [main] DEBUG org.apache.http.wire -  >> "PATCH /booking/1491 HTTP/1.1[\r][\n]"
16:53:48 [main] DEBUG org.apache.http.wire -  >> "Cookie: token=4b71a580d931387[\r][\n]"
16:53:48 [main] DEBUG org.apache.http.wire -  >> "Accept: */*[\r][\n]"
16:53:48 [main] DEBUG org.apache.http.wire -  >> "Content-Type: application/json[\r][\n]"
16:53:48 [main] DEBUG org.apache.http.wire -  >> "Content-Length: 49[\r][\n]"
16:53:48 [main] DEBUG org.apache.http.wire -  >> "Host: restful-booker.herokuapp.com[\r][\n]"
16:53:48 [main] DEBUG org.apache.http.wire -  >> "Connection: Keep-Alive[\r][\n]"
16:53:48 [main] DEBUG org.apache.http.wire -  >> "User-Agent: Apache-HttpClient/4.5.13 (Java/17.0.11)[\r][\n]"
16:53:48 [main] DEBUG org.apache.http.wire -  >> "Accept-Encoding: gzip,deflate[\r][\n]"
16:53:48 [main] DEBUG org.apache.http.wire -  >> "[\r][\n]"
16:53:48 [main] DEBUG org.apache.http.headers - >> PATCH /booking/1491 HTTP/1.1
16:53:48 [main] DEBUG org.apache.http.headers - >> Cookie: token=4b71a580d931387
16:53:48 [main] DEBUG org.apache.http.headers - >> Accept: */*
16:53:48 [main] DEBUG org.apache.http.headers - >> Content-Type: application/json
16:53:48 [main] DEBUG org.apache.http.headers - >> Content-Length: 49
16:53:48 [main] DEBUG org.apache.http.headers - >> Host: restful-booker.herokuapp.com
16:53:48 [main] DEBUG org.apache.http.headers - >> Connection: Keep-Alive
16:53:48 [main] DEBUG org.apache.http.headers - >> User-Agent: Apache-HttpClient/4.5.13 (Java/17.0.11)
16:53:48 [main] DEBUG org.apache.http.headers - >> Accept-Encoding: gzip,deflate
16:53:48 [main] DEBUG org.apache.http.wire -  >> "{"firstname":"Scottie","additionalneeds":"Lunch"}"
16:53:48 [main] DEBUG org.apache.http.wire -  << "HTTP/1.1 200 OK[\r][\n]"
16:53:48 [main] DEBUG org.apache.http.wire -  << "Content-Length: 169[\r][\n]"
16:53:48 [main] DEBUG org.apache.http.wire -  << "Content-Type: application/json; charset=utf-8[\r][\n]"
16:53:48 [main] DEBUG org.apache.http.wire -  << "Date: Wed, 06 Aug 2025 14:53:48 GMT[\r][\n]"
16:53:48 [main] DEBUG org.apache.http.wire -  << "Etag: W/"a9-CeXDvmlA/780349B4pjQt4R7uCU"[\r][\n]"
16:53:48 [main] DEBUG org.apache.http.wire -  << "Nel: {"report_to":"heroku-nel","response_headers":["Via"],"max_age":3600,"success_fraction":0.01,"failure_fraction":0.1}[\r][\n]"
16:53:48 [main] DEBUG org.apache.http.wire -  << "Report-To: {"group":"heroku-nel","endpoints":[{"url":"https://nel.heroku.com/reports?s=ci8YGgwf2F2v%2FyHrdgqi0JktjLV53WntEhH5D9imp9Y%3D\u0026sid=c46efe9b-d3d2-4a0c-8c76-bfafa16c5add\u0026ts=1754492028"}],"max_age":3600}[\r][\n]"
16:53:48 [main] DEBUG org.apache.http.wire -  << "Reporting-Endpoints: heroku-nel="https://nel.heroku.com/reports?s=ci8YGgwf2F2v%2FyHrdgqi0JktjLV53WntEhH5D9imp9Y%3D&sid=c46efe9b-d3d2-4a0c-8c76-bfafa16c5add&ts=1754492028"[\r][\n]"
16:53:48 [main] DEBUG org.apache.http.wire -  << "Server: Heroku[\r][\n]"
16:53:48 [main] DEBUG org.apache.http.wire -  << "Via: 1.1 heroku-router[\r][\n]"
16:53:48 [main] DEBUG org.apache.http.wire -  << "X-Powered-By: Express[\r][\n]"
16:53:48 [main] DEBUG org.apache.http.wire -  << "[\r][\n]"
16:53:48 [main] DEBUG org.apache.http.impl.conn.DefaultClientConnection - Receiving response: HTTP/1.1 200 OK
16:53:48 [main] DEBUG org.apache.http.headers - << HTTP/1.1 200 OK
16:53:48 [main] DEBUG org.apache.http.headers - << Content-Length: 169
16:53:48 [main] DEBUG org.apache.http.headers - << Content-Type: application/json; charset=utf-8
16:53:48 [main] DEBUG org.apache.http.headers - << Date: Wed, 06 Aug 2025 14:53:48 GMT
16:53:48 [main] DEBUG org.apache.http.headers - << Etag: W/"a9-CeXDvmlA/780349B4pjQt4R7uCU"
16:53:48 [main] DEBUG org.apache.http.headers - << Nel: {"report_to":"heroku-nel","response_headers":["Via"],"max_age":3600,"success_fraction":0.01,"failure_fraction":0.1}
16:53:48 [main] DEBUG org.apache.http.headers - << Report-To: {"group":"heroku-nel","endpoints":[{"url":"https://nel.heroku.com/reports?s=ci8YGgwf2F2v%2FyHrdgqi0JktjLV53WntEhH5D9imp9Y%3D\u0026sid=c46efe9b-d3d2-4a0c-8c76-bfafa16c5add\u0026ts=1754492028"}],"max_age":3600}
16:53:48 [main] DEBUG org.apache.http.headers - << Reporting-Endpoints: heroku-nel="https://nel.heroku.com/reports?s=ci8YGgwf2F2v%2FyHrdgqi0JktjLV53WntEhH5D9imp9Y%3D&sid=c46efe9b-d3d2-4a0c-8c76-bfafa16c5add&ts=1754492028"
16:53:48 [main] DEBUG org.apache.http.headers - << Server: Heroku
16:53:48 [main] DEBUG org.apache.http.headers - << Via: 1.1 heroku-router
16:53:48 [main] DEBUG org.apache.http.headers - << X-Powered-By: Express
16:53:48 [main] DEBUG org.apache.http.impl.client.DefaultHttpClient - Connection can be kept alive indefinitely
16:53:48 [main] DEBUG io.restassured.internal.RestAssuredHttpBuilder - Parsing response as: application/json; charset=utf-8
16:53:48 [main] DEBUG io.restassured.internal.RestAssuredHttpBuilder - Parsed data to instance of: class org.apache.http.conn.EofSensorInputStream
  &amp#27;[32mWhen &amp#27;[0m&amp#27;[32mUser partially updates booking with data &amp#27;[0m&amp#27;[32m&amp#27;[1m"partialUpdateBooking"&amp#27;[0m &amp#27;[90m# stepdefs.PatchBookingSteps.user_partially_updates_booking_json(java.lang.String)&amp#27;[0m
  &amp#27;[32mThen &amp#27;[0m&amp#27;[32mBooking response status should be &amp#27;[0m&amp#27;[32m&amp#27;[1m200&amp#27;[0m                           &amp#27;[90m# stepdefs.GetBookingStepDefs.booking_response_status_should_be(int)&amp#27;[0m
16:53:48 [main] DEBUG org.apache.http.wire -  << "{"firstname":"Scottie","lastname":"Jordan","totalprice":500,"depositpaid":true,"bookingdates":{"checkin":"2024-08-01","checkout":"2024-08-10"},"additionalneeds":"Lunch"}"
16:53:48 [main] DEBUG org.apache.http.impl.conn.BasicClientConnectionManager - Releasing connection org.apache.http.impl.conn.ManagedClientConnectionImpl@76219fe
16:53:48 [main] DEBUG org.apache.http.impl.conn.BasicClientConnectionManager - Connection can be kept alive indefinitely
  &amp#27;[32mAnd &amp#27;[0m&amp#27;[32mBooking field &amp#27;[0m&amp#27;[32m&amp#27;[1m"firstname"&amp#27;[0m&amp#27;[32m should be &amp#27;[0m&amp#27;[32m&amp#27;[1m"Scottie"&amp#27;[0m                    &amp#27;[90m# stepdefs.PatchBookingSteps.verify_field_updated(java.lang.String,java.lang.String)&amp#27;[0m
  &amp#27;[32mAnd &amp#27;[0m&amp#27;[32mBooking field &amp#27;[0m&amp#27;[32m&amp#27;[1m"additionalneeds"&amp#27;[0m&amp#27;[32m should be &amp#27;[0m&amp#27;[32m&amp#27;[1m"Lunch"&amp#27;[0m                &amp#27;[90m# stepdefs.PatchBookingSteps.verify_field_updated(java.lang.String,java.lang.String)&amp#27;[0m
]]></system-out>
  </testcase>
  <testcase name="runScenario[&quot;Partial update - nested object (bookingdates)&quot;, &quot;PATCH API Tests&quot;](15)" classname="runners.TestRunner" time="3.583">
    <system-out><![CDATA[
Scenario: Partial update - nested object (bookingdates)     &amp#27;[90m# src/test/resources/features/PatchBooking.feature:23&amp#27;[0m
16:53:48 [main] DEBUG org.apache.http.impl.conn.BasicClientConnectionManager - Get connection for route {s}->https://restful-booker.herokuapp.com:443
16:53:48 [main] DEBUG org.apache.http.impl.conn.DefaultClientConnectionOperator - Connecting to restful-booker.herokuapp.com:443
16:53:49 [main] DEBUG org.apache.http.client.protocol.RequestAddCookies - CookieSpec selected: ignoreCookies
16:53:49 [main] DEBUG org.apache.http.client.protocol.RequestAuthCache - Auth cache not set in the context
16:53:49 [main] DEBUG org.apache.http.client.protocol.RequestTargetAuthentication - Target auth state: UNCHALLENGED
16:53:49 [main] DEBUG org.apache.http.client.protocol.RequestProxyAuthentication - Proxy auth state: UNCHALLENGED
16:53:49 [main] DEBUG org.apache.http.impl.client.DefaultHttpClient - Attempt 1 to execute request
16:53:49 [main] DEBUG org.apache.http.impl.conn.DefaultClientConnection - Sending request: POST /auth HTTP/1.1
16:53:49 [main] DEBUG org.apache.http.wire -  >> "POST /auth HTTP/1.1[\r][\n]"
16:53:49 [main] DEBUG org.apache.http.wire -  >> "Accept: */*[\r][\n]"
16:53:49 [main] DEBUG org.apache.http.wire -  >> "Content-Type: application/json[\r][\n]"
16:53:49 [main] DEBUG org.apache.http.wire -  >> "Content-Length: 45[\r][\n]"
16:53:49 [main] DEBUG org.apache.http.wire -  >> "Host: restful-booker.herokuapp.com[\r][\n]"
16:53:49 [main] DEBUG org.apache.http.wire -  >> "Connection: Keep-Alive[\r][\n]"
16:53:49 [main] DEBUG org.apache.http.wire -  >> "User-Agent: Apache-HttpClient/4.5.13 (Java/17.0.11)[\r][\n]"
16:53:49 [main] DEBUG org.apache.http.wire -  >> "Accept-Encoding: gzip,deflate[\r][\n]"
16:53:49 [main] DEBUG org.apache.http.wire -  >> "[\r][\n]"
16:53:49 [main] DEBUG org.apache.http.headers - >> POST /auth HTTP/1.1
16:53:49 [main] DEBUG org.apache.http.headers - >> Accept: */*
16:53:49 [main] DEBUG org.apache.http.headers - >> Content-Type: application/json
16:53:49 [main] DEBUG org.apache.http.headers - >> Content-Length: 45
16:53:49 [main] DEBUG org.apache.http.headers - >> Host: restful-booker.herokuapp.com
16:53:49 [main] DEBUG org.apache.http.headers - >> Connection: Keep-Alive
16:53:49 [main] DEBUG org.apache.http.headers - >> User-Agent: Apache-HttpClient/4.5.13 (Java/17.0.11)
16:53:49 [main] DEBUG org.apache.http.headers - >> Accept-Encoding: gzip,deflate
16:53:49 [main] DEBUG org.apache.http.wire -  >> "{"username":"admin","password":"password123"}"
16:53:49 [main] DEBUG org.apache.http.wire -  << "HTTP/1.1 200 OK[\r][\n]"
16:53:49 [main] DEBUG org.apache.http.wire -  << "Content-Length: 27[\r][\n]"
16:53:49 [main] DEBUG org.apache.http.wire -  << "Content-Type: application/json; charset=utf-8[\r][\n]"
16:53:49 [main] DEBUG org.apache.http.wire -  << "Date: Wed, 06 Aug 2025 14:53:49 GMT[\r][\n]"
16:53:49 [main] DEBUG org.apache.http.wire -  << "Etag: W/"1b-MHR/HCBtIFudszk+MSJuhE5P10c"[\r][\n]"
16:53:49 [main] DEBUG org.apache.http.wire -  << "Nel: {"report_to":"heroku-nel","response_headers":["Via"],"max_age":3600,"success_fraction":0.01,"failure_fraction":0.1}[\r][\n]"
16:53:49 [main] DEBUG org.apache.http.wire -  << "Report-To: {"group":"heroku-nel","endpoints":[{"url":"https://nel.heroku.com/reports?s=s9wpJHdAHVyqmOv9dQzmuaRKssVjW%2FUKrXHamyW%2B8YE%3D\u0026sid=c46efe9b-d3d2-4a0c-8c76-bfafa16c5add\u0026ts=1754492029"}],"max_age":3600}[\r][\n]"
16:53:49 [main] DEBUG org.apache.http.wire -  << "Reporting-Endpoints: heroku-nel="https://nel.heroku.com/reports?s=s9wpJHdAHVyqmOv9dQzmuaRKssVjW%2FUKrXHamyW%2B8YE%3D&sid=c46efe9b-d3d2-4a0c-8c76-bfafa16c5add&ts=1754492029"[\r][\n]"
16:53:49 [main] DEBUG org.apache.http.wire -  << "Server: Heroku[\r][\n]"
16:53:49 [main] DEBUG org.apache.http.wire -  << "Via: 1.1 heroku-router[\r][\n]"
16:53:49 [main] DEBUG org.apache.http.wire -  << "X-Powered-By: Express[\r][\n]"
16:53:49 [main] DEBUG org.apache.http.wire -  << "[\r][\n]"
16:53:49 [main] DEBUG org.apache.http.impl.conn.DefaultClientConnection - Receiving response: HTTP/1.1 200 OK
16:53:49 [main] DEBUG org.apache.http.headers - << HTTP/1.1 200 OK
16:53:49 [main] DEBUG org.apache.http.headers - << Content-Length: 27
16:53:49 [main] DEBUG org.apache.http.headers - << Content-Type: application/json; charset=utf-8
16:53:49 [main] DEBUG org.apache.http.headers - << Date: Wed, 06 Aug 2025 14:53:49 GMT
16:53:49 [main] DEBUG org.apache.http.headers - << Etag: W/"1b-MHR/HCBtIFudszk+MSJuhE5P10c"
16:53:49 [main] DEBUG org.apache.http.headers - << Nel: {"report_to":"heroku-nel","response_headers":["Via"],"max_age":3600,"success_fraction":0.01,"failure_fraction":0.1}
16:53:49 [main] DEBUG org.apache.http.headers - << Report-To: {"group":"heroku-nel","endpoints":[{"url":"https://nel.heroku.com/reports?s=s9wpJHdAHVyqmOv9dQzmuaRKssVjW%2FUKrXHamyW%2B8YE%3D\u0026sid=c46efe9b-d3d2-4a0c-8c76-bfafa16c5add\u0026ts=1754492029"}],"max_age":3600}
16:53:49 [main] DEBUG org.apache.http.headers - << Reporting-Endpoints: heroku-nel="https://nel.heroku.com/reports?s=s9wpJHdAHVyqmOv9dQzmuaRKssVjW%2FUKrXHamyW%2B8YE%3D&sid=c46efe9b-d3d2-4a0c-8c76-bfafa16c5add&ts=1754492029"
16:53:49 [main] DEBUG org.apache.http.headers - << Server: Heroku
16:53:49 [main] DEBUG org.apache.http.headers - << Via: 1.1 heroku-router
16:53:49 [main] DEBUG org.apache.http.headers - << X-Powered-By: Express
16:53:49 [main] DEBUG org.apache.http.impl.client.DefaultHttpClient - Connection can be kept alive indefinitely
16:53:49 [main] DEBUG io.restassured.internal.RestAssuredHttpBuilder - Parsing response as: application/json; charset=utf-8
16:53:49 [main] DEBUG io.restassured.internal.RestAssuredHttpBuilder - Parsed data to instance of: class org.apache.http.conn.EofSensorInputStream
16:53:49 [main] DEBUG org.apache.http.wire -  << "{"token":"e8029b430038336"}"
16:53:49 [main] DEBUG org.apache.http.impl.conn.BasicClientConnectionManager - Releasing connection org.apache.http.impl.conn.ManagedClientConnectionImpl@6c96346b
16:53:49 [main] DEBUG org.apache.http.impl.conn.BasicClientConnectionManager - Connection can be kept alive indefinitely
Generated Token: e8029b430038336
  &amp#27;[32mGiven &amp#27;[0m&amp#27;[32mUser has valid auth token&amp#27;[0m                           &amp#27;[90m# stepdefs.AuthenticationSteps.user_has_valid_auth_token()&amp#27;[0m
16:53:50 [main] DEBUG org.apache.http.impl.conn.BasicClientConnectionManager - Get connection for route {s}->https://restful-booker.herokuapp.com:443
16:53:50 [main] DEBUG org.apache.http.impl.conn.DefaultClientConnectionOperator - Connecting to restful-booker.herokuapp.com:443
16:53:51 [main] DEBUG org.apache.http.client.protocol.RequestAddCookies - CookieSpec selected: ignoreCookies
16:53:51 [main] DEBUG org.apache.http.client.protocol.RequestAuthCache - Auth cache not set in the context
16:53:51 [main] DEBUG org.apache.http.client.protocol.RequestTargetAuthentication - Target auth state: UNCHALLENGED
16:53:51 [main] DEBUG org.apache.http.client.protocol.RequestProxyAuthentication - Proxy auth state: UNCHALLENGED
16:53:51 [main] DEBUG org.apache.http.impl.client.DefaultHttpClient - Attempt 1 to execute request
16:53:51 [main] DEBUG org.apache.http.impl.conn.DefaultClientConnection - Sending request: POST /booking HTTP/1.1
16:53:51 [main] DEBUG org.apache.http.wire -  >> "POST /booking HTTP/1.1[\r][\n]"
16:53:51 [main] DEBUG org.apache.http.wire -  >> "Accept: */*[\r][\n]"
16:53:51 [main] DEBUG org.apache.http.wire -  >> "Content-Type: application/json[\r][\n]"
16:53:51 [main] DEBUG org.apache.http.wire -  >> "Content-Length: 173[\r][\n]"
16:53:51 [main] DEBUG org.apache.http.wire -  >> "Host: restful-booker.herokuapp.com[\r][\n]"
16:53:51 [main] DEBUG org.apache.http.wire -  >> "Connection: Keep-Alive[\r][\n]"
16:53:51 [main] DEBUG org.apache.http.wire -  >> "User-Agent: Apache-HttpClient/4.5.13 (Java/17.0.11)[\r][\n]"
16:53:51 [main] DEBUG org.apache.http.wire -  >> "Accept-Encoding: gzip,deflate[\r][\n]"
16:53:51 [main] DEBUG org.apache.http.wire -  >> "[\r][\n]"
16:53:51 [main] DEBUG org.apache.http.headers - >> POST /booking HTTP/1.1
16:53:51 [main] DEBUG org.apache.http.headers - >> Accept: */*
16:53:51 [main] DEBUG org.apache.http.headers - >> Content-Type: application/json
16:53:51 [main] DEBUG org.apache.http.headers - >> Content-Length: 173
16:53:51 [main] DEBUG org.apache.http.headers - >> Host: restful-booker.herokuapp.com
16:53:51 [main] DEBUG org.apache.http.headers - >> Connection: Keep-Alive
16:53:51 [main] DEBUG org.apache.http.headers - >> User-Agent: Apache-HttpClient/4.5.13 (Java/17.0.11)
16:53:51 [main] DEBUG org.apache.http.headers - >> Accept-Encoding: gzip,deflate
16:53:51 [main] DEBUG org.apache.http.wire -  >> "{"firstname":"Michael","lastname":"Jordan","totalprice":500,"depositpaid":true,"bookingdates":{"checkin":"2024-08-01","checkout":"2024-08-10"},"additionalneeds":"Breakfast"}"
16:53:51 [main] DEBUG org.apache.http.wire -  << "HTTP/1.1 200 OK[\r][\n]"
16:53:51 [main] DEBUG org.apache.http.wire -  << "Content-Length: 202[\r][\n]"
16:53:51 [main] DEBUG org.apache.http.wire -  << "Content-Type: application/json; charset=utf-8[\r][\n]"
16:53:51 [main] DEBUG org.apache.http.wire -  << "Date: Wed, 06 Aug 2025 14:53:50 GMT[\r][\n]"
16:53:51 [main] DEBUG org.apache.http.wire -  << "Etag: W/"ca-m0D5ovtjSxylmGA5V8L+krpl+TI"[\r][\n]"
16:53:51 [main] DEBUG org.apache.http.wire -  << "Nel: {"report_to":"heroku-nel","response_headers":["Via"],"max_age":3600,"success_fraction":0.01,"failure_fraction":0.1}[\r][\n]"
16:53:51 [main] DEBUG org.apache.http.wire -  << "Report-To: {"group":"heroku-nel","endpoints":[{"url":"https://nel.heroku.com/reports?s=RkSu6ZFVle3UPB%2Bf%2FYASQWE55SVV15nW4BFQRg4RFt4%3D\u0026sid=c46efe9b-d3d2-4a0c-8c76-bfafa16c5add\u0026ts=1754492030"}],"max_age":3600}[\r][\n]"
16:53:51 [main] DEBUG org.apache.http.wire -  << "Reporting-Endpoints: heroku-nel="https://nel.heroku.com/reports?s=RkSu6ZFVle3UPB%2Bf%2FYASQWE55SVV15nW4BFQRg4RFt4%3D&sid=c46efe9b-d3d2-4a0c-8c76-bfafa16c5add&ts=1754492030"[\r][\n]"
16:53:51 [main] DEBUG org.apache.http.wire -  << "Server: Heroku[\r][\n]"
16:53:51 [main] DEBUG org.apache.http.wire -  << "Via: 1.1 heroku-router[\r][\n]"
16:53:51 [main] DEBUG org.apache.http.wire -  << "X-Powered-By: Express[\r][\n]"
16:53:51 [main] DEBUG org.apache.http.wire -  << "[\r][\n]"
16:53:51 [main] DEBUG org.apache.http.impl.conn.DefaultClientConnection - Receiving response: HTTP/1.1 200 OK
16:53:51 [main] DEBUG org.apache.http.headers - << HTTP/1.1 200 OK
16:53:51 [main] DEBUG org.apache.http.headers - << Content-Length: 202
16:53:51 [main] DEBUG org.apache.http.headers - << Content-Type: application/json; charset=utf-8
16:53:51 [main] DEBUG org.apache.http.headers - << Date: Wed, 06 Aug 2025 14:53:50 GMT
16:53:51 [main] DEBUG org.apache.http.headers - << Etag: W/"ca-m0D5ovtjSxylmGA5V8L+krpl+TI"
16:53:51 [main] DEBUG org.apache.http.headers - << Nel: {"report_to":"heroku-nel","response_headers":["Via"],"max_age":3600,"success_fraction":0.01,"failure_fraction":0.1}
16:53:51 [main] DEBUG org.apache.http.headers - << Report-To: {"group":"heroku-nel","endpoints":[{"url":"https://nel.heroku.com/reports?s=RkSu6ZFVle3UPB%2Bf%2FYASQWE55SVV15nW4BFQRg4RFt4%3D\u0026sid=c46efe9b-d3d2-4a0c-8c76-bfafa16c5add\u0026ts=1754492030"}],"max_age":3600}
16:53:51 [main] DEBUG org.apache.http.headers - << Reporting-Endpoints: heroku-nel="https://nel.heroku.com/reports?s=RkSu6ZFVle3UPB%2Bf%2FYASQWE55SVV15nW4BFQRg4RFt4%3D&sid=c46efe9b-d3d2-4a0c-8c76-bfafa16c5add&ts=1754492030"
16:53:51 [main] DEBUG org.apache.http.headers - << Server: Heroku
16:53:51 [main] DEBUG org.apache.http.headers - << Via: 1.1 heroku-router
16:53:51 [main] DEBUG org.apache.http.headers - << X-Powered-By: Express
16:53:51 [main] DEBUG org.apache.http.impl.client.DefaultHttpClient - Connection can be kept alive indefinitely
16:53:51 [main] DEBUG io.restassured.internal.RestAssuredHttpBuilder - Parsing response as: application/json; charset=utf-8
16:53:51 [main] DEBUG io.restassured.internal.RestAssuredHttpBuilder - Parsed data to instance of: class org.apache.http.conn.EofSensorInputStream
16:53:51 [main] DEBUG org.apache.http.wire -  << "{"bookingid":1519,"booking":{"firstname":"Michael","lastname":"Jordan","totalprice":500,"depositpaid":true,"bookingdates":{"checkin":"2024-08-01","checkout":"2024-08-10"},"additionalneeds":"Breakfast"}}"
16:53:51 [main] DEBUG org.apache.http.impl.conn.BasicClientConnectionManager - Releasing connection org.apache.http.impl.conn.ManagedClientConnectionImpl@24558113
16:53:51 [main] DEBUG org.apache.http.impl.conn.BasicClientConnectionManager - Connection can be kept alive indefinitely
Booking created with ID: 1519
  &amp#27;[32mGiven &amp#27;[0m&amp#27;[32mUser creates a new booking with data &amp#27;[0m&amp#27;[32m&amp#27;[1m"validBooking"&amp#27;[0m &amp#27;[90m# stepdefs.PatchBookingSteps.userCreatesANewBookingWithData(java.lang.String)&amp#27;[0m
16:53:51 [main] DEBUG org.apache.http.impl.conn.BasicClientConnectionManager - Get connection for route {s}->https://restful-booker.herokuapp.com:443
16:53:51 [main] DEBUG org.apache.http.impl.conn.DefaultClientConnectionOperator - Connecting to restful-booker.herokuapp.com:443
16:53:52 [main] DEBUG org.apache.http.client.protocol.RequestAddCookies - CookieSpec selected: ignoreCookies
16:53:52 [main] DEBUG org.apache.http.client.protocol.RequestAuthCache - Auth cache not set in the context
16:53:52 [main] DEBUG org.apache.http.client.protocol.RequestTargetAuthentication - Target auth state: UNCHALLENGED
16:53:52 [main] DEBUG org.apache.http.client.protocol.RequestProxyAuthentication - Proxy auth state: UNCHALLENGED
16:53:52 [main] DEBUG org.apache.http.impl.client.DefaultHttpClient - Attempt 1 to execute request
16:53:52 [main] DEBUG org.apache.http.impl.conn.DefaultClientConnection - Sending request: PATCH /booking/1519 HTTP/1.1
16:53:52 [main] DEBUG org.apache.http.wire -  >> "PATCH /booking/1519 HTTP/1.1[\r][\n]"
16:53:52 [main] DEBUG org.apache.http.wire -  >> "Cookie: token=e8029b430038336[\r][\n]"
16:53:52 [main] DEBUG org.apache.http.wire -  >> "Accept: */*[\r][\n]"
16:53:52 [main] DEBUG org.apache.http.wire -  >> "Content-Type: application/json[\r][\n]"
16:53:52 [main] DEBUG org.apache.http.wire -  >> "Content-Length: 65[\r][\n]"
16:53:52 [main] DEBUG org.apache.http.wire -  >> "Host: restful-booker.herokuapp.com[\r][\n]"
16:53:52 [main] DEBUG org.apache.http.wire -  >> "Connection: Keep-Alive[\r][\n]"
16:53:52 [main] DEBUG org.apache.http.wire -  >> "User-Agent: Apache-HttpClient/4.5.13 (Java/17.0.11)[\r][\n]"
16:53:52 [main] DEBUG org.apache.http.wire -  >> "Accept-Encoding: gzip,deflate[\r][\n]"
16:53:52 [main] DEBUG org.apache.http.wire -  >> "[\r][\n]"
16:53:52 [main] DEBUG org.apache.http.headers - >> PATCH /booking/1519 HTTP/1.1
16:53:52 [main] DEBUG org.apache.http.headers - >> Cookie: token=e8029b430038336
16:53:52 [main] DEBUG org.apache.http.headers - >> Accept: */*
16:53:52 [main] DEBUG org.apache.http.headers - >> Content-Type: application/json
16:53:52 [main] DEBUG org.apache.http.headers - >> Content-Length: 65
16:53:52 [main] DEBUG org.apache.http.headers - >> Host: restful-booker.herokuapp.com
16:53:52 [main] DEBUG org.apache.http.headers - >> Connection: Keep-Alive
16:53:52 [main] DEBUG org.apache.http.headers - >> User-Agent: Apache-HttpClient/4.5.13 (Java/17.0.11)
16:53:52 [main] DEBUG org.apache.http.headers - >> Accept-Encoding: gzip,deflate
16:53:52 [main] DEBUG org.apache.http.wire -  >> "{"bookingdates":{"checkin":"2025-01-01","checkout":"2025-01-10"}}"
16:53:52 [main] DEBUG org.apache.http.wire -  << "HTTP/1.1 200 OK[\r][\n]"
16:53:52 [main] DEBUG org.apache.http.wire -  << "Content-Length: 173[\r][\n]"
16:53:52 [main] DEBUG org.apache.http.wire -  << "Content-Type: application/json; charset=utf-8[\r][\n]"
16:53:52 [main] DEBUG org.apache.http.wire -  << "Date: Wed, 06 Aug 2025 14:53:52 GMT[\r][\n]"
16:53:52 [main] DEBUG org.apache.http.wire -  << "Etag: W/"ad-BwNHWFA5xyyoem0lpV/g+HEUzhQ"[\r][\n]"
16:53:52 [main] DEBUG org.apache.http.wire -  << "Nel: {"report_to":"heroku-nel","response_headers":["Via"],"max_age":3600,"success_fraction":0.01,"failure_fraction":0.1}[\r][\n]"
16:53:52 [main] DEBUG org.apache.http.wire -  << "Report-To: {"group":"heroku-nel","endpoints":[{"url":"https://nel.heroku.com/reports?s=TrdsO4sms8Q9fTWGuzDPBrBNkLrefAXgHbqF6LGdVp4%3D\u0026sid=c46efe9b-d3d2-4a0c-8c76-bfafa16c5add\u0026ts=1754492032"}],"max_age":3600}[\r][\n]"
16:53:52 [main] DEBUG org.apache.http.wire -  << "Reporting-Endpoints: heroku-nel="https://nel.heroku.com/reports?s=TrdsO4sms8Q9fTWGuzDPBrBNkLrefAXgHbqF6LGdVp4%3D&sid=c46efe9b-d3d2-4a0c-8c76-bfafa16c5add&ts=1754492032"[\r][\n]"
16:53:52 [main] DEBUG org.apache.http.wire -  << "Server: Heroku[\r][\n]"
16:53:52 [main] DEBUG org.apache.http.wire -  << "Via: 1.1 heroku-router[\r][\n]"
16:53:52 [main] DEBUG org.apache.http.wire -  << "X-Powered-By: Express[\r][\n]"
16:53:52 [main] DEBUG org.apache.http.wire -  << "[\r][\n]"
16:53:52 [main] DEBUG org.apache.http.impl.conn.DefaultClientConnection - Receiving response: HTTP/1.1 200 OK
16:53:52 [main] DEBUG org.apache.http.headers - << HTTP/1.1 200 OK
16:53:52 [main] DEBUG org.apache.http.headers - << Content-Length: 173
16:53:52 [main] DEBUG org.apache.http.headers - << Content-Type: application/json; charset=utf-8
16:53:52 [main] DEBUG org.apache.http.headers - << Date: Wed, 06 Aug 2025 14:53:52 GMT
16:53:52 [main] DEBUG org.apache.http.headers - << Etag: W/"ad-BwNHWFA5xyyoem0lpV/g+HEUzhQ"
16:53:52 [main] DEBUG org.apache.http.headers - << Nel: {"report_to":"heroku-nel","response_headers":["Via"],"max_age":3600,"success_fraction":0.01,"failure_fraction":0.1}
16:53:52 [main] DEBUG org.apache.http.headers - << Report-To: {"group":"heroku-nel","endpoints":[{"url":"https://nel.heroku.com/reports?s=TrdsO4sms8Q9fTWGuzDPBrBNkLrefAXgHbqF6LGdVp4%3D\u0026sid=c46efe9b-d3d2-4a0c-8c76-bfafa16c5add\u0026ts=1754492032"}],"max_age":3600}
16:53:52 [main] DEBUG org.apache.http.headers - << Reporting-Endpoints: heroku-nel="https://nel.heroku.com/reports?s=TrdsO4sms8Q9fTWGuzDPBrBNkLrefAXgHbqF6LGdVp4%3D&sid=c46efe9b-d3d2-4a0c-8c76-bfafa16c5add&ts=1754492032"
16:53:52 [main] DEBUG org.apache.http.headers - << Server: Heroku
16:53:52 [main] DEBUG org.apache.http.headers - << Via: 1.1 heroku-router
16:53:52 [main] DEBUG org.apache.http.headers - << X-Powered-By: Express
16:53:52 [main] DEBUG org.apache.http.impl.client.DefaultHttpClient - Connection can be kept alive indefinitely
16:53:52 [main] DEBUG io.restassured.internal.RestAssuredHttpBuilder - Parsing response as: application/json; charset=utf-8
16:53:52 [main] DEBUG io.restassured.internal.RestAssuredHttpBuilder - Parsed data to instance of: class org.apache.http.conn.EofSensorInputStream
  &amp#27;[32mWhen &amp#27;[0m&amp#27;[32mUser partially updates booking with data:&amp#27;[0m            &amp#27;[90m# stepdefs.PatchBookingSteps.user_partially_updates_booking_map(io.cucumber.datatable.DataTable)&amp#27;[0m
    | bookingdates | {"checkin":"2025-01-01","checkout":"2025-01-10"} |
  &amp#27;[32mThen &amp#27;[0m&amp#27;[32mBooking response status should be &amp#27;[0m&amp#27;[32m&amp#27;[1m200&amp#27;[0m                &amp#27;[90m# stepdefs.GetBookingStepDefs.booking_response_status_should_be(int)&amp#27;[0m
16:53:52 [main] DEBUG org.apache.http.wire -  << "{"firstname":"Michael","lastname":"Jordan","totalprice":500,"depositpaid":true,"bookingdates":{"checkin":"2025-01-01","checkout":"2025-01-10"},"additionalneeds":"Breakfast"}"
16:53:52 [main] DEBUG org.apache.http.impl.conn.BasicClientConnectionManager - Releasing connection org.apache.http.impl.conn.ManagedClientConnectionImpl@53335328
16:53:52 [main] DEBUG org.apache.http.impl.conn.BasicClientConnectionManager - Connection can be kept alive indefinitely
16:53:52 [Finalizer] DEBUG org.apache.http.impl.conn.DefaultClientConnection - Connection 0.0.0.0:57534<->23.22.130.173:443 closed
16:53:52 [Finalizer] DEBUG org.apache.http.impl.conn.DefaultClientConnection - Connection 0.0.0.0:57533<->23.22.130.173:443 closed
16:53:52 [Finalizer] DEBUG org.apache.http.impl.conn.DefaultClientConnection - Connection 0.0.0.0:57532<->23.22.130.173:443 closed
16:53:52 [Finalizer] DEBUG org.apache.http.impl.conn.DefaultClientConnection - Connection 0.0.0.0:57531<->23.22.130.173:443 closed
16:53:52 [Finalizer] DEBUG org.apache.http.impl.conn.DefaultClientConnection - Connection 0.0.0.0:57530<->23.22.130.173:443 closed
16:53:52 [Finalizer] DEBUG org.apache.http.impl.conn.DefaultClientConnection - Connection 0.0.0.0:57529<->23.22.130.173:443 closed
16:53:52 [Finalizer] DEBUG org.apache.http.impl.conn.DefaultClientConnection - Connection 0.0.0.0:57539<->23.22.130.173:443 closed
16:53:52 [Finalizer] DEBUG org.apache.http.impl.conn.DefaultClientConnection - Connection 0.0.0.0:57538<->23.22.130.173:443 closed
16:53:52 [Finalizer] DEBUG org.apache.http.impl.conn.DefaultClientConnection - Connection 0.0.0.0:57537<->23.22.130.173:443 closed
16:53:52 [Finalizer] DEBUG org.apache.http.impl.conn.DefaultClientConnection - Connection 0.0.0.0:57536<->23.22.130.173:443 closed
16:53:52 [Finalizer] DEBUG org.apache.http.impl.conn.DefaultClientConnection - Connection 0.0.0.0:57535<->23.22.130.173:443 closed
  &amp#27;[32mAnd &amp#27;[0m&amp#27;[32mBooking date &amp#27;[0m&amp#27;[32m&amp#27;[1m"checkin"&amp#27;[0m&amp#27;[32m should be &amp#27;[0m&amp#27;[32m&amp#27;[1m"2025-01-01"&amp#27;[0m         &amp#27;[90m# stepdefs.PatchBookingSteps.verify_nested_field(java.lang.String,java.lang.String)&amp#27;[0m
]]></system-out>
  </testcase>
  <testcase name="runScenario[&quot;Invalid booking ID error handling&quot;, &quot;PATCH API Tests&quot;](16)" classname="runners.TestRunner" time="2.037">
    <system-out><![CDATA[
Scenario: Invalid booking ID error handling                                         &amp#27;[90m# src/test/resources/features/PatchBooking.feature:30&amp#27;[0m
16:53:52 [main] DEBUG org.apache.http.impl.conn.BasicClientConnectionManager - Get connection for route {s}->https://restful-booker.herokuapp.com:443
16:53:52 [main] DEBUG org.apache.http.impl.conn.DefaultClientConnectionOperator - Connecting to restful-booker.herokuapp.com:443
16:53:53 [main] DEBUG org.apache.http.client.protocol.RequestAddCookies - CookieSpec selected: ignoreCookies
16:53:53 [main] DEBUG org.apache.http.client.protocol.RequestAuthCache - Auth cache not set in the context
16:53:53 [main] DEBUG org.apache.http.client.protocol.RequestTargetAuthentication - Target auth state: UNCHALLENGED
16:53:53 [main] DEBUG org.apache.http.client.protocol.RequestProxyAuthentication - Proxy auth state: UNCHALLENGED
16:53:53 [main] DEBUG org.apache.http.impl.client.DefaultHttpClient - Attempt 1 to execute request
16:53:53 [main] DEBUG org.apache.http.impl.conn.DefaultClientConnection - Sending request: POST /auth HTTP/1.1
16:53:53 [main] DEBUG org.apache.http.wire -  >> "POST /auth HTTP/1.1[\r][\n]"
16:53:53 [main] DEBUG org.apache.http.wire -  >> "Accept: */*[\r][\n]"
16:53:53 [main] DEBUG org.apache.http.wire -  >> "Content-Type: application/json[\r][\n]"
16:53:53 [main] DEBUG org.apache.http.wire -  >> "Content-Length: 45[\r][\n]"
16:53:53 [main] DEBUG org.apache.http.wire -  >> "Host: restful-booker.herokuapp.com[\r][\n]"
16:53:53 [main] DEBUG org.apache.http.wire -  >> "Connection: Keep-Alive[\r][\n]"
16:53:53 [main] DEBUG org.apache.http.wire -  >> "User-Agent: Apache-HttpClient/4.5.13 (Java/17.0.11)[\r][\n]"
16:53:53 [main] DEBUG org.apache.http.wire -  >> "Accept-Encoding: gzip,deflate[\r][\n]"
16:53:53 [main] DEBUG org.apache.http.wire -  >> "[\r][\n]"
16:53:53 [main] DEBUG org.apache.http.headers - >> POST /auth HTTP/1.1
16:53:53 [main] DEBUG org.apache.http.headers - >> Accept: */*
16:53:53 [main] DEBUG org.apache.http.headers - >> Content-Type: application/json
16:53:53 [main] DEBUG org.apache.http.headers - >> Content-Length: 45
16:53:53 [main] DEBUG org.apache.http.headers - >> Host: restful-booker.herokuapp.com
16:53:53 [main] DEBUG org.apache.http.headers - >> Connection: Keep-Alive
16:53:53 [main] DEBUG org.apache.http.headers - >> User-Agent: Apache-HttpClient/4.5.13 (Java/17.0.11)
16:53:53 [main] DEBUG org.apache.http.headers - >> Accept-Encoding: gzip,deflate
16:53:53 [main] DEBUG org.apache.http.wire -  >> "{"username":"admin","password":"password123"}"
16:53:53 [main] DEBUG org.apache.http.wire -  << "HTTP/1.1 200 OK[\r][\n]"
16:53:53 [main] DEBUG org.apache.http.wire -  << "Content-Length: 27[\r][\n]"
16:53:53 [main] DEBUG org.apache.http.wire -  << "Content-Type: application/json; charset=utf-8[\r][\n]"
16:53:53 [main] DEBUG org.apache.http.wire -  << "Date: Wed, 06 Aug 2025 14:53:53 GMT[\r][\n]"
16:53:53 [main] DEBUG org.apache.http.wire -  << "Etag: W/"1b-N4BdV/5tFvv3KMcm/hZmKOWjcJ8"[\r][\n]"
16:53:53 [main] DEBUG org.apache.http.wire -  << "Nel: {"report_to":"heroku-nel","response_headers":["Via"],"max_age":3600,"success_fraction":0.01,"failure_fraction":0.1}[\r][\n]"
16:53:53 [main] DEBUG org.apache.http.wire -  << "Report-To: {"group":"heroku-nel","endpoints":[{"url":"https://nel.heroku.com/reports?s=f14GyDomBe765PNPHEp1xhwpKtQMZWrYnjkoqSaBBz8%3D\u0026sid=c46efe9b-d3d2-4a0c-8c76-bfafa16c5add\u0026ts=1754492033"}],"max_age":3600}[\r][\n]"
16:53:53 [main] DEBUG org.apache.http.wire -  << "Reporting-Endpoints: heroku-nel="https://nel.heroku.com/reports?s=f14GyDomBe765PNPHEp1xhwpKtQMZWrYnjkoqSaBBz8%3D&sid=c46efe9b-d3d2-4a0c-8c76-bfafa16c5add&ts=1754492033"[\r][\n]"
16:53:53 [main] DEBUG org.apache.http.wire -  << "Server: Heroku[\r][\n]"
16:53:53 [main] DEBUG org.apache.http.wire -  << "Via: 1.1 heroku-router[\r][\n]"
16:53:53 [main] DEBUG org.apache.http.wire -  << "X-Powered-By: Express[\r][\n]"
16:53:53 [main] DEBUG org.apache.http.wire -  << "[\r][\n]"
16:53:53 [main] DEBUG org.apache.http.impl.conn.DefaultClientConnection - Receiving response: HTTP/1.1 200 OK
16:53:53 [main] DEBUG org.apache.http.headers - << HTTP/1.1 200 OK
16:53:53 [main] DEBUG org.apache.http.headers - << Content-Length: 27
16:53:53 [main] DEBUG org.apache.http.headers - << Content-Type: application/json; charset=utf-8
16:53:53 [main] DEBUG org.apache.http.headers - << Date: Wed, 06 Aug 2025 14:53:53 GMT
16:53:53 [main] DEBUG org.apache.http.headers - << Etag: W/"1b-N4BdV/5tFvv3KMcm/hZmKOWjcJ8"
16:53:53 [main] DEBUG org.apache.http.headers - << Nel: {"report_to":"heroku-nel","response_headers":["Via"],"max_age":3600,"success_fraction":0.01,"failure_fraction":0.1}
16:53:53 [main] DEBUG org.apache.http.headers - << Report-To: {"group":"heroku-nel","endpoints":[{"url":"https://nel.heroku.com/reports?s=f14GyDomBe765PNPHEp1xhwpKtQMZWrYnjkoqSaBBz8%3D\u0026sid=c46efe9b-d3d2-4a0c-8c76-bfafa16c5add\u0026ts=1754492033"}],"max_age":3600}
16:53:53 [main] DEBUG org.apache.http.headers - << Reporting-Endpoints: heroku-nel="https://nel.heroku.com/reports?s=f14GyDomBe765PNPHEp1xhwpKtQMZWrYnjkoqSaBBz8%3D&sid=c46efe9b-d3d2-4a0c-8c76-bfafa16c5add&ts=1754492033"
16:53:53 [main] DEBUG org.apache.http.headers - << Server: Heroku
16:53:53 [main] DEBUG org.apache.http.headers - << Via: 1.1 heroku-router
16:53:53 [main] DEBUG org.apache.http.headers - << X-Powered-By: Express
16:53:53 [main] DEBUG org.apache.http.impl.client.DefaultHttpClient - Connection can be kept alive indefinitely
16:53:53 [main] DEBUG io.restassured.internal.RestAssuredHttpBuilder - Parsing response as: application/json; charset=utf-8
16:53:53 [main] DEBUG io.restassured.internal.RestAssuredHttpBuilder - Parsed data to instance of: class org.apache.http.conn.EofSensorInputStream
16:53:53 [main] DEBUG org.apache.http.wire -  << "{"token":"4e55c10b8dfb469"}"
16:53:53 [main] DEBUG org.apache.http.impl.conn.BasicClientConnectionManager - Releasing connection org.apache.http.impl.conn.ManagedClientConnectionImpl@614ae4eb
16:53:53 [main] DEBUG org.apache.http.impl.conn.BasicClientConnectionManager - Connection can be kept alive indefinitely
Generated Token: 4e55c10b8dfb469
  &amp#27;[32mGiven &amp#27;[0m&amp#27;[32mUser has valid auth token&amp#27;[0m                                                   &amp#27;[90m# stepdefs.AuthenticationSteps.user_has_valid_auth_token()&amp#27;[0m
16:53:53 [main] DEBUG org.apache.http.impl.conn.BasicClientConnectionManager - Get connection for route {s}->https://restful-booker.herokuapp.com:443
16:53:53 [main] DEBUG org.apache.http.impl.conn.DefaultClientConnectionOperator - Connecting to restful-booker.herokuapp.com:443
16:53:54 [main] DEBUG org.apache.http.client.protocol.RequestAddCookies - CookieSpec selected: ignoreCookies
16:53:54 [main] DEBUG org.apache.http.client.protocol.RequestAuthCache - Auth cache not set in the context
16:53:54 [main] DEBUG org.apache.http.client.protocol.RequestTargetAuthentication - Target auth state: UNCHALLENGED
16:53:54 [main] DEBUG org.apache.http.client.protocol.RequestProxyAuthentication - Proxy auth state: UNCHALLENGED
16:53:54 [main] DEBUG org.apache.http.impl.client.DefaultHttpClient - Attempt 1 to execute request
16:53:54 [main] DEBUG org.apache.http.impl.conn.DefaultClientConnection - Sending request: PATCH /booking/9999999 HTTP/1.1
16:53:54 [main] DEBUG org.apache.http.wire -  >> "PATCH /booking/9999999 HTTP/1.1[\r][\n]"
16:53:54 [main] DEBUG org.apache.http.wire -  >> "Cookie: token=4e55c10b8dfb469[\r][\n]"
16:53:54 [main] DEBUG org.apache.http.wire -  >> "Accept: */*[\r][\n]"
16:53:54 [main] DEBUG org.apache.http.wire -  >> "Content-Type: application/json[\r][\n]"
16:53:54 [main] DEBUG org.apache.http.wire -  >> "Content-Length: 49[\r][\n]"
16:53:54 [main] DEBUG org.apache.http.wire -  >> "Host: restful-booker.herokuapp.com[\r][\n]"
16:53:54 [main] DEBUG org.apache.http.wire -  >> "Connection: Keep-Alive[\r][\n]"
16:53:54 [main] DEBUG org.apache.http.wire -  >> "User-Agent: Apache-HttpClient/4.5.13 (Java/17.0.11)[\r][\n]"
16:53:54 [main] DEBUG org.apache.http.wire -  >> "Accept-Encoding: gzip,deflate[\r][\n]"
16:53:54 [main] DEBUG org.apache.http.wire -  >> "[\r][\n]"
16:53:54 [main] DEBUG org.apache.http.headers - >> PATCH /booking/9999999 HTTP/1.1
16:53:54 [main] DEBUG org.apache.http.headers - >> Cookie: token=4e55c10b8dfb469
16:53:54 [main] DEBUG org.apache.http.headers - >> Accept: */*
16:53:54 [main] DEBUG org.apache.http.headers - >> Content-Type: application/json
16:53:54 [main] DEBUG org.apache.http.headers - >> Content-Length: 49
16:53:54 [main] DEBUG org.apache.http.headers - >> Host: restful-booker.herokuapp.com
16:53:54 [main] DEBUG org.apache.http.headers - >> Connection: Keep-Alive
16:53:54 [main] DEBUG org.apache.http.headers - >> User-Agent: Apache-HttpClient/4.5.13 (Java/17.0.11)
16:53:54 [main] DEBUG org.apache.http.headers - >> Accept-Encoding: gzip,deflate
16:53:54 [main] DEBUG org.apache.http.wire -  >> "{"firstname":"Scottie","additionalneeds":"Lunch"}"
16:53:54 [main] DEBUG org.apache.http.wire -  << "HTTP/1.1 405 Method Not Allowed[\r][\n]"
16:53:54 [main] DEBUG org.apache.http.wire -  << "Content-Length: 18[\r][\n]"
16:53:54 [main] DEBUG org.apache.http.wire -  << "Content-Type: text/plain; charset=utf-8[\r][\n]"
16:53:54 [main] DEBUG org.apache.http.wire -  << "Date: Wed, 06 Aug 2025 14:53:54 GMT[\r][\n]"
16:53:54 [main] DEBUG org.apache.http.wire -  << "Etag: W/"12-UGJMK66P4abaBlq0vKHJaCKuGCA"[\r][\n]"
16:53:54 [main] DEBUG org.apache.http.wire -  << "Nel: {"report_to":"heroku-nel","response_headers":["Via"],"max_age":3600,"success_fraction":0.01,"failure_fraction":0.1}[\r][\n]"
16:53:54 [main] DEBUG org.apache.http.wire -  << "Report-To: {"group":"heroku-nel","endpoints":[{"url":"https://nel.heroku.com/reports?s=QtMg5gwtQLMXMKd4MJBSoJzHlqvsQQYVQDy%2FjJ7hEdo%3D\u0026sid=c46efe9b-d3d2-4a0c-8c76-bfafa16c5add\u0026ts=1754492034"}],"max_age":3600}[\r][\n]"
16:53:54 [main] DEBUG org.apache.http.wire -  << "Reporting-Endpoints: heroku-nel="https://nel.heroku.com/reports?s=QtMg5gwtQLMXMKd4MJBSoJzHlqvsQQYVQDy%2FjJ7hEdo%3D&sid=c46efe9b-d3d2-4a0c-8c76-bfafa16c5add&ts=1754492034"[\r][\n]"
16:53:54 [main] DEBUG org.apache.http.wire -  << "Server: Heroku[\r][\n]"
16:53:54 [main] DEBUG org.apache.http.wire -  << "Via: 1.1 heroku-router[\r][\n]"
16:53:54 [main] DEBUG org.apache.http.wire -  << "X-Powered-By: Express[\r][\n]"
16:53:54 [main] DEBUG org.apache.http.wire -  << "[\r][\n]"
16:53:54 [main] DEBUG org.apache.http.impl.conn.DefaultClientConnection - Receiving response: HTTP/1.1 405 Method Not Allowed
16:53:54 [main] DEBUG org.apache.http.headers - << HTTP/1.1 405 Method Not Allowed
16:53:54 [main] DEBUG org.apache.http.headers - << Content-Length: 18
16:53:54 [main] DEBUG org.apache.http.headers - << Content-Type: text/plain; charset=utf-8
16:53:54 [main] DEBUG org.apache.http.headers - << Date: Wed, 06 Aug 2025 14:53:54 GMT
16:53:54 [main] DEBUG org.apache.http.headers - << Etag: W/"12-UGJMK66P4abaBlq0vKHJaCKuGCA"
16:53:54 [main] DEBUG org.apache.http.headers - << Nel: {"report_to":"heroku-nel","response_headers":["Via"],"max_age":3600,"success_fraction":0.01,"failure_fraction":0.1}
16:53:54 [main] DEBUG org.apache.http.headers - << Report-To: {"group":"heroku-nel","endpoints":[{"url":"https://nel.heroku.com/reports?s=QtMg5gwtQLMXMKd4MJBSoJzHlqvsQQYVQDy%2FjJ7hEdo%3D\u0026sid=c46efe9b-d3d2-4a0c-8c76-bfafa16c5add\u0026ts=1754492034"}],"max_age":3600}
16:53:54 [main] DEBUG org.apache.http.headers - << Reporting-Endpoints: heroku-nel="https://nel.heroku.com/reports?s=QtMg5gwtQLMXMKd4MJBSoJzHlqvsQQYVQDy%2FjJ7hEdo%3D&sid=c46efe9b-d3d2-4a0c-8c76-bfafa16c5add&ts=1754492034"
16:53:54 [main] DEBUG org.apache.http.headers - << Server: Heroku
16:53:54 [main] DEBUG org.apache.http.headers - << Via: 1.1 heroku-router
16:53:54 [main] DEBUG org.apache.http.headers - << X-Powered-By: Express
16:53:54 [main] DEBUG org.apache.http.impl.client.DefaultHttpClient - Connection can be kept alive indefinitely
16:53:54 [main] DEBUG io.restassured.internal.RestAssuredHttpBuilder - Parsing response as: text/plain; charset=utf-8
16:53:54 [main] DEBUG io.restassured.internal.RestAssuredHttpBuilder - Parsed data to instance of: class org.apache.http.conn.EofSensorInputStream
  &amp#27;[32mWhen &amp#27;[0m&amp#27;[32mUser partially updates booking id &amp#27;[0m&amp#27;[32m&amp#27;[1m"9999999"&amp#27;[0m&amp#27;[32m with data &amp#27;[0m&amp#27;[32m&amp#27;[1m"partialUpdateBooking"&amp#27;[0m &amp#27;[90m# stepdefs.PatchBookingSteps.user_updates_invalid_booking(java.lang.String,java.lang.String)&amp#27;[0m
  &amp#27;[32mThen &amp#27;[0m&amp#27;[32mBooking response status should be &amp#27;[0m&amp#27;[32m&amp#27;[1m405&amp#27;[0m                                        &amp#27;[90m# stepdefs.GetBookingStepDefs.booking_response_status_should_be(int)&amp#27;[0m
]]></system-out>
  </testcase>
  <testcase name="runScenario[&quot;Invalid data type error handling&quot;, &quot;PATCH API Tests&quot;](17)" classname="runners.TestRunner" time="2.855">
    <failure message="1 expectation failed.&#10;Expected status code (&lt;400&gt; or &lt;500&gt;) but was &lt;200&gt;.&#10;" type="java.lang.AssertionError"><![CDATA[java.lang.AssertionError: 
1 expectation failed.
Expected status code (<400> or <500>) but was <200>.

	at java.base/jdk.internal.reflect.NativeConstructorAccessorImpl.newInstance0(Native Method)
	at java.base/jdk.internal.reflect.NativeConstructorAccessorImpl.newInstance(NativeConstructorAccessorImpl.java:77)
	at java.base/jdk.internal.reflect.DelegatingConstructorAccessorImpl.newInstance(DelegatingConstructorAccessorImpl.java:45)
	at java.base/java.lang.reflect.Constructor.newInstanceWithCaller(Constructor.java:499)
	at java.base/java.lang.reflect.Constructor.newInstance(Constructor.java:480)
	at org.codehaus.groovy.reflection.CachedConstructor.invoke(CachedConstructor.java:73)
	at org.codehaus.groovy.runtime.callsite.ConstructorSite$ConstructorSiteNoUnwrapNoCoerce.callConstructor(ConstructorSite.java:108)
	at org.codehaus.groovy.runtime.callsite.AbstractCallSite.callConstructor(AbstractCallSite.java:277)
	at io.restassured.internal.ResponseSpecificationImpl$HamcrestAssertionClosure.validate(ResponseSpecificationImpl.groovy:512)
	at io.restassured.internal.ResponseSpecificationImpl$HamcrestAssertionClosure$validate$1.call(Unknown Source)
	at io.restassured.internal.ResponseSpecificationImpl.validateResponseIfRequired(ResponseSpecificationImpl.groovy:696)
	at io.restassured.internal.ResponseSpecificationImpl.this$2$validateResponseIfRequired(ResponseSpecificationImpl.groovy)
	at jdk.internal.reflect.GeneratedMethodAccessor246.invoke(Unknown Source)
	at java.base/jdk.internal.reflect.DelegatingMethodAccessorImpl.invoke(DelegatingMethodAccessorImpl.java:43)
	at java.base/java.lang.reflect.Method.invoke(Method.java:568)
	at org.codehaus.groovy.runtime.callsite.PlainObjectMetaMethodSite.doInvoke(PlainObjectMetaMethodSite.java:43)
	at org.codehaus.groovy.runtime.callsite.PogoMetaMethodSite$PogoCachedMethodSiteNoUnwrapNoCoerce.invoke(PogoMetaMethodSite.java:198)
	at org.codehaus.groovy.runtime.callsite.PogoMetaMethodSite.callCurrent(PogoMetaMethodSite.java:62)
	at org.codehaus.groovy.runtime.callsite.AbstractCallSite.callCurrent(AbstractCallSite.java:185)
	at io.restassured.internal.ResponseSpecificationImpl.statusCode(ResponseSpecificationImpl.groovy:135)
	at io.restassured.internal.ValidatableResponseOptionsImpl.statusCode(ValidatableResponseOptionsImpl.java:84)
	at stepdefs.GetBookingStepDefs.booking_response_status_should_be_one_of(GetBookingStepDefs.java:60)
	at ✽.Booking response status should be 400 or 500(file:///E:/Manasa/Interview/Selenium_Java_Automation/Eneco_API_Automation/project-root/src/test/resources/features/PatchBooking.feature:38)
]]></failure>
    <system-out><![CDATA[
Scenario: Invalid data type error handling                  &amp#27;[90m# src/test/resources/features/PatchBooking.feature:34&amp#27;[0m
16:53:54 [main] DEBUG org.apache.http.impl.conn.BasicClientConnectionManager - Get connection for route {s}->https://restful-booker.herokuapp.com:443
16:53:54 [main] DEBUG org.apache.http.impl.conn.DefaultClientConnectionOperator - Connecting to restful-booker.herokuapp.com:443
16:53:55 [main] DEBUG org.apache.http.client.protocol.RequestAddCookies - CookieSpec selected: ignoreCookies
16:53:55 [main] DEBUG org.apache.http.client.protocol.RequestAuthCache - Auth cache not set in the context
16:53:55 [main] DEBUG org.apache.http.client.protocol.RequestTargetAuthentication - Target auth state: UNCHALLENGED
16:53:55 [main] DEBUG org.apache.http.client.protocol.RequestProxyAuthentication - Proxy auth state: UNCHALLENGED
16:53:55 [main] DEBUG org.apache.http.impl.client.DefaultHttpClient - Attempt 1 to execute request
16:53:55 [main] DEBUG org.apache.http.impl.conn.DefaultClientConnection - Sending request: POST /auth HTTP/1.1
16:53:55 [main] DEBUG org.apache.http.wire -  >> "POST /auth HTTP/1.1[\r][\n]"
16:53:55 [main] DEBUG org.apache.http.wire -  >> "Accept: */*[\r][\n]"
16:53:55 [main] DEBUG org.apache.http.wire -  >> "Content-Type: application/json[\r][\n]"
16:53:55 [main] DEBUG org.apache.http.wire -  >> "Content-Length: 45[\r][\n]"
16:53:55 [main] DEBUG org.apache.http.wire -  >> "Host: restful-booker.herokuapp.com[\r][\n]"
16:53:55 [main] DEBUG org.apache.http.wire -  >> "Connection: Keep-Alive[\r][\n]"
16:53:55 [main] DEBUG org.apache.http.wire -  >> "User-Agent: Apache-HttpClient/4.5.13 (Java/17.0.11)[\r][\n]"
16:53:55 [main] DEBUG org.apache.http.wire -  >> "Accept-Encoding: gzip,deflate[\r][\n]"
16:53:55 [main] DEBUG org.apache.http.wire -  >> "[\r][\n]"
16:53:55 [main] DEBUG org.apache.http.headers - >> POST /auth HTTP/1.1
16:53:55 [main] DEBUG org.apache.http.headers - >> Accept: */*
16:53:55 [main] DEBUG org.apache.http.headers - >> Content-Type: application/json
16:53:55 [main] DEBUG org.apache.http.headers - >> Content-Length: 45
16:53:55 [main] DEBUG org.apache.http.headers - >> Host: restful-booker.herokuapp.com
16:53:55 [main] DEBUG org.apache.http.headers - >> Connection: Keep-Alive
16:53:55 [main] DEBUG org.apache.http.headers - >> User-Agent: Apache-HttpClient/4.5.13 (Java/17.0.11)
16:53:55 [main] DEBUG org.apache.http.headers - >> Accept-Encoding: gzip,deflate
16:53:55 [main] DEBUG org.apache.http.wire -  >> "{"username":"admin","password":"password123"}"
16:53:55 [main] DEBUG org.apache.http.wire -  << "HTTP/1.1 200 OK[\r][\n]"
16:53:55 [main] DEBUG org.apache.http.wire -  << "Content-Length: 27[\r][\n]"
16:53:55 [main] DEBUG org.apache.http.wire -  << "Content-Type: application/json; charset=utf-8[\r][\n]"
16:53:55 [main] DEBUG org.apache.http.wire -  << "Date: Wed, 06 Aug 2025 14:53:55 GMT[\r][\n]"
16:53:55 [main] DEBUG org.apache.http.wire -  << "Etag: W/"1b-4PAMhOKMXn0lEfqao3emyK7hEEE"[\r][\n]"
16:53:55 [main] DEBUG org.apache.http.wire -  << "Nel: {"report_to":"heroku-nel","response_headers":["Via"],"max_age":3600,"success_fraction":0.01,"failure_fraction":0.1}[\r][\n]"
16:53:55 [main] DEBUG org.apache.http.wire -  << "Report-To: {"group":"heroku-nel","endpoints":[{"url":"https://nel.heroku.com/reports?s=Lql6wEtW%2BBj1Tas0aTcQn5HtGHa2nKuxVwdnpng1KNI%3D\u0026sid=c46efe9b-d3d2-4a0c-8c76-bfafa16c5add\u0026ts=1754492035"}],"max_age":3600}[\r][\n]"
16:53:55 [main] DEBUG org.apache.http.wire -  << "Reporting-Endpoints: heroku-nel="https://nel.heroku.com/reports?s=Lql6wEtW%2BBj1Tas0aTcQn5HtGHa2nKuxVwdnpng1KNI%3D&sid=c46efe9b-d3d2-4a0c-8c76-bfafa16c5add&ts=1754492035"[\r][\n]"
16:53:55 [main] DEBUG org.apache.http.wire -  << "Server: Heroku[\r][\n]"
16:53:55 [main] DEBUG org.apache.http.wire -  << "Via: 1.1 heroku-router[\r][\n]"
16:53:55 [main] DEBUG org.apache.http.wire -  << "X-Powered-By: Express[\r][\n]"
16:53:55 [main] DEBUG org.apache.http.wire -  << "[\r][\n]"
16:53:55 [main] DEBUG org.apache.http.impl.conn.DefaultClientConnection - Receiving response: HTTP/1.1 200 OK
16:53:55 [main] DEBUG org.apache.http.headers - << HTTP/1.1 200 OK
16:53:55 [main] DEBUG org.apache.http.headers - << Content-Length: 27
16:53:55 [main] DEBUG org.apache.http.headers - << Content-Type: application/json; charset=utf-8
16:53:55 [main] DEBUG org.apache.http.headers - << Date: Wed, 06 Aug 2025 14:53:55 GMT
16:53:55 [main] DEBUG org.apache.http.headers - << Etag: W/"1b-4PAMhOKMXn0lEfqao3emyK7hEEE"
16:53:55 [main] DEBUG org.apache.http.headers - << Nel: {"report_to":"heroku-nel","response_headers":["Via"],"max_age":3600,"success_fraction":0.01,"failure_fraction":0.1}
16:53:55 [main] DEBUG org.apache.http.headers - << Report-To: {"group":"heroku-nel","endpoints":[{"url":"https://nel.heroku.com/reports?s=Lql6wEtW%2BBj1Tas0aTcQn5HtGHa2nKuxVwdnpng1KNI%3D\u0026sid=c46efe9b-d3d2-4a0c-8c76-bfafa16c5add\u0026ts=1754492035"}],"max_age":3600}
16:53:55 [main] DEBUG org.apache.http.headers - << Reporting-Endpoints: heroku-nel="https://nel.heroku.com/reports?s=Lql6wEtW%2BBj1Tas0aTcQn5HtGHa2nKuxVwdnpng1KNI%3D&sid=c46efe9b-d3d2-4a0c-8c76-bfafa16c5add&ts=1754492035"
16:53:55 [main] DEBUG org.apache.http.headers - << Server: Heroku
16:53:55 [main] DEBUG org.apache.http.headers - << Via: 1.1 heroku-router
16:53:55 [main] DEBUG org.apache.http.headers - << X-Powered-By: Express
16:53:55 [main] DEBUG org.apache.http.impl.client.DefaultHttpClient - Connection can be kept alive indefinitely
16:53:55 [main] DEBUG io.restassured.internal.RestAssuredHttpBuilder - Parsing response as: application/json; charset=utf-8
16:53:55 [main] DEBUG io.restassured.internal.RestAssuredHttpBuilder - Parsed data to instance of: class org.apache.http.conn.EofSensorInputStream
16:53:55 [main] DEBUG org.apache.http.wire -  << "{"token":"3d8326d454b1af5"}"
16:53:55 [main] DEBUG org.apache.http.impl.conn.BasicClientConnectionManager - Releasing connection org.apache.http.impl.conn.ManagedClientConnectionImpl@21f94fe3
16:53:55 [main] DEBUG org.apache.http.impl.conn.BasicClientConnectionManager - Connection can be kept alive indefinitely
Generated Token: 3d8326d454b1af5
  &amp#27;[32mGiven &amp#27;[0m&amp#27;[32mUser has valid auth token&amp#27;[0m                           &amp#27;[90m# stepdefs.AuthenticationSteps.user_has_valid_auth_token()&amp#27;[0m
16:53:55 [main] DEBUG org.apache.http.impl.conn.BasicClientConnectionManager - Get connection for route {s}->https://restful-booker.herokuapp.com:443
16:53:55 [main] DEBUG org.apache.http.impl.conn.DefaultClientConnectionOperator - Connecting to restful-booker.herokuapp.com:443
16:53:56 [main] DEBUG org.apache.http.client.protocol.RequestAddCookies - CookieSpec selected: ignoreCookies
16:53:56 [main] DEBUG org.apache.http.client.protocol.RequestAuthCache - Auth cache not set in the context
16:53:56 [main] DEBUG org.apache.http.client.protocol.RequestTargetAuthentication - Target auth state: UNCHALLENGED
16:53:56 [main] DEBUG org.apache.http.client.protocol.RequestProxyAuthentication - Proxy auth state: UNCHALLENGED
16:53:56 [main] DEBUG org.apache.http.impl.client.DefaultHttpClient - Attempt 1 to execute request
16:53:56 [main] DEBUG org.apache.http.impl.conn.DefaultClientConnection - Sending request: POST /booking HTTP/1.1
16:53:56 [main] DEBUG org.apache.http.wire -  >> "POST /booking HTTP/1.1[\r][\n]"
16:53:56 [main] DEBUG org.apache.http.wire -  >> "Accept: */*[\r][\n]"
16:53:56 [main] DEBUG org.apache.http.wire -  >> "Content-Type: application/json[\r][\n]"
16:53:56 [main] DEBUG org.apache.http.wire -  >> "Content-Length: 173[\r][\n]"
16:53:56 [main] DEBUG org.apache.http.wire -  >> "Host: restful-booker.herokuapp.com[\r][\n]"
16:53:56 [main] DEBUG org.apache.http.wire -  >> "Connection: Keep-Alive[\r][\n]"
16:53:56 [main] DEBUG org.apache.http.wire -  >> "User-Agent: Apache-HttpClient/4.5.13 (Java/17.0.11)[\r][\n]"
16:53:56 [main] DEBUG org.apache.http.wire -  >> "Accept-Encoding: gzip,deflate[\r][\n]"
16:53:56 [main] DEBUG org.apache.http.wire -  >> "[\r][\n]"
16:53:56 [main] DEBUG org.apache.http.headers - >> POST /booking HTTP/1.1
16:53:56 [main] DEBUG org.apache.http.headers - >> Accept: */*
16:53:56 [main] DEBUG org.apache.http.headers - >> Content-Type: application/json
16:53:56 [main] DEBUG org.apache.http.headers - >> Content-Length: 173
16:53:56 [main] DEBUG org.apache.http.headers - >> Host: restful-booker.herokuapp.com
16:53:56 [main] DEBUG org.apache.http.headers - >> Connection: Keep-Alive
16:53:56 [main] DEBUG org.apache.http.headers - >> User-Agent: Apache-HttpClient/4.5.13 (Java/17.0.11)
16:53:56 [main] DEBUG org.apache.http.headers - >> Accept-Encoding: gzip,deflate
16:53:56 [main] DEBUG org.apache.http.wire -  >> "{"firstname":"Michael","lastname":"Jordan","totalprice":500,"depositpaid":true,"bookingdates":{"checkin":"2024-08-01","checkout":"2024-08-10"},"additionalneeds":"Breakfast"}"
16:53:56 [main] DEBUG org.apache.http.wire -  << "HTTP/1.1 200 OK[\r][\n]"
16:53:56 [main] DEBUG org.apache.http.wire -  << "Content-Length: 202[\r][\n]"
16:53:56 [main] DEBUG org.apache.http.wire -  << "Content-Type: application/json; charset=utf-8[\r][\n]"
16:53:56 [main] DEBUG org.apache.http.wire -  << "Date: Wed, 06 Aug 2025 14:53:56 GMT[\r][\n]"
16:53:56 [main] DEBUG org.apache.http.wire -  << "Etag: W/"ca-GuaGqbEn7outHRwDLfJA/3/9xY4"[\r][\n]"
16:53:56 [main] DEBUG org.apache.http.wire -  << "Nel: {"report_to":"heroku-nel","response_headers":["Via"],"max_age":3600,"success_fraction":0.01,"failure_fraction":0.1}[\r][\n]"
16:53:56 [main] DEBUG org.apache.http.wire -  << "Report-To: {"group":"heroku-nel","endpoints":[{"url":"https://nel.heroku.com/reports?s=6qHEU1c3djAutYv%2Bd9YaJpLV1845O6ej8JLVbOCPlIE%3D\u0026sid=c46efe9b-d3d2-4a0c-8c76-bfafa16c5add\u0026ts=1754492036"}],"max_age":3600}[\r][\n]"
16:53:56 [main] DEBUG org.apache.http.wire -  << "Reporting-Endpoints: heroku-nel="https://nel.heroku.com/reports?s=6qHEU1c3djAutYv%2Bd9YaJpLV1845O6ej8JLVbOCPlIE%3D&sid=c46efe9b-d3d2-4a0c-8c76-bfafa16c5add&ts=1754492036"[\r][\n]"
16:53:56 [main] DEBUG org.apache.http.wire -  << "Server: Heroku[\r][\n]"
16:53:56 [main] DEBUG org.apache.http.wire -  << "Via: 1.1 heroku-router[\r][\n]"
16:53:56 [main] DEBUG org.apache.http.wire -  << "X-Powered-By: Express[\r][\n]"
16:53:56 [main] DEBUG org.apache.http.wire -  << "[\r][\n]"
16:53:56 [main] DEBUG org.apache.http.impl.conn.DefaultClientConnection - Receiving response: HTTP/1.1 200 OK
16:53:56 [main] DEBUG org.apache.http.headers - << HTTP/1.1 200 OK
16:53:56 [main] DEBUG org.apache.http.headers - << Content-Length: 202
16:53:56 [main] DEBUG org.apache.http.headers - << Content-Type: application/json; charset=utf-8
16:53:56 [main] DEBUG org.apache.http.headers - << Date: Wed, 06 Aug 2025 14:53:56 GMT
16:53:56 [main] DEBUG org.apache.http.headers - << Etag: W/"ca-GuaGqbEn7outHRwDLfJA/3/9xY4"
16:53:56 [main] DEBUG org.apache.http.headers - << Nel: {"report_to":"heroku-nel","response_headers":["Via"],"max_age":3600,"success_fraction":0.01,"failure_fraction":0.1}
16:53:56 [main] DEBUG org.apache.http.headers - << Report-To: {"group":"heroku-nel","endpoints":[{"url":"https://nel.heroku.com/reports?s=6qHEU1c3djAutYv%2Bd9YaJpLV1845O6ej8JLVbOCPlIE%3D\u0026sid=c46efe9b-d3d2-4a0c-8c76-bfafa16c5add\u0026ts=1754492036"}],"max_age":3600}
16:53:56 [main] DEBUG org.apache.http.headers - << Reporting-Endpoints: heroku-nel="https://nel.heroku.com/reports?s=6qHEU1c3djAutYv%2Bd9YaJpLV1845O6ej8JLVbOCPlIE%3D&sid=c46efe9b-d3d2-4a0c-8c76-bfafa16c5add&ts=1754492036"
16:53:56 [main] DEBUG org.apache.http.headers - << Server: Heroku
16:53:56 [main] DEBUG org.apache.http.headers - << Via: 1.1 heroku-router
16:53:56 [main] DEBUG org.apache.http.headers - << X-Powered-By: Express
16:53:56 [main] DEBUG org.apache.http.impl.client.DefaultHttpClient - Connection can be kept alive indefinitely
16:53:56 [main] DEBUG io.restassured.internal.RestAssuredHttpBuilder - Parsing response as: application/json; charset=utf-8
16:53:56 [main] DEBUG io.restassured.internal.RestAssuredHttpBuilder - Parsed data to instance of: class org.apache.http.conn.EofSensorInputStream
16:53:56 [main] DEBUG org.apache.http.wire -  << "{"bookingid":1566,"booking":{"firstname":"Michael","lastname":"Jordan","totalprice":500,"depositpaid":true,"bookingdates":{"checkin":"2024-08-01","checkout":"2024-08-10"},"additionalneeds":"Breakfast"}}"
16:53:56 [main] DEBUG org.apache.http.impl.conn.BasicClientConnectionManager - Releasing connection org.apache.http.impl.conn.ManagedClientConnectionImpl@4626f584
16:53:56 [main] DEBUG org.apache.http.impl.conn.BasicClientConnectionManager - Connection can be kept alive indefinitely
Booking created with ID: 1566
  &amp#27;[32mGiven &amp#27;[0m&amp#27;[32mUser creates a new booking with data &amp#27;[0m&amp#27;[32m&amp#27;[1m"validBooking"&amp#27;[0m &amp#27;[90m# stepdefs.PatchBookingSteps.userCreatesANewBookingWithData(java.lang.String)&amp#27;[0m
16:53:56 [main] DEBUG org.apache.http.impl.conn.BasicClientConnectionManager - Get connection for route {s}->https://restful-booker.herokuapp.com:443
16:53:56 [main] DEBUG org.apache.http.impl.conn.DefaultClientConnectionOperator - Connecting to restful-booker.herokuapp.com:443
16:53:57 [main] DEBUG org.apache.http.client.protocol.RequestAddCookies - CookieSpec selected: ignoreCookies
16:53:57 [main] DEBUG org.apache.http.client.protocol.RequestAuthCache - Auth cache not set in the context
16:53:57 [main] DEBUG org.apache.http.client.protocol.RequestTargetAuthentication - Target auth state: UNCHALLENGED
16:53:57 [main] DEBUG org.apache.http.client.protocol.RequestProxyAuthentication - Proxy auth state: UNCHALLENGED
16:53:57 [main] DEBUG org.apache.http.impl.client.DefaultHttpClient - Attempt 1 to execute request
16:53:57 [main] DEBUG org.apache.http.impl.conn.DefaultClientConnection - Sending request: PATCH /booking/1566 HTTP/1.1
16:53:57 [main] DEBUG org.apache.http.wire -  >> "PATCH /booking/1566 HTTP/1.1[\r][\n]"
16:53:57 [main] DEBUG org.apache.http.wire -  >> "Cookie: token=3d8326d454b1af5[\r][\n]"
16:53:57 [main] DEBUG org.apache.http.wire -  >> "Accept: */*[\r][\n]"
16:53:57 [main] DEBUG org.apache.http.wire -  >> "Content-Type: application/json[\r][\n]"
16:53:57 [main] DEBUG org.apache.http.wire -  >> "Content-Length: 34[\r][\n]"
16:53:57 [main] DEBUG org.apache.http.wire -  >> "Host: restful-booker.herokuapp.com[\r][\n]"
16:53:57 [main] DEBUG org.apache.http.wire -  >> "Connection: Keep-Alive[\r][\n]"
16:53:57 [main] DEBUG org.apache.http.wire -  >> "User-Agent: Apache-HttpClient/4.5.13 (Java/17.0.11)[\r][\n]"
16:53:57 [main] DEBUG org.apache.http.wire -  >> "Accept-Encoding: gzip,deflate[\r][\n]"
16:53:57 [main] DEBUG org.apache.http.wire -  >> "[\r][\n]"
16:53:57 [main] DEBUG org.apache.http.headers - >> PATCH /booking/1566 HTTP/1.1
16:53:57 [main] DEBUG org.apache.http.headers - >> Cookie: token=3d8326d454b1af5
16:53:57 [main] DEBUG org.apache.http.headers - >> Accept: */*
16:53:57 [main] DEBUG org.apache.http.headers - >> Content-Type: application/json
16:53:57 [main] DEBUG org.apache.http.headers - >> Content-Length: 34
16:53:57 [main] DEBUG org.apache.http.headers - >> Host: restful-booker.herokuapp.com
16:53:57 [main] DEBUG org.apache.http.headers - >> Connection: Keep-Alive
16:53:57 [main] DEBUG org.apache.http.headers - >> User-Agent: Apache-HttpClient/4.5.13 (Java/17.0.11)
16:53:57 [main] DEBUG org.apache.http.headers - >> Accept-Encoding: gzip,deflate
16:53:57 [main] DEBUG org.apache.http.wire -  >> "{"totalprice":"\"invalid-price\""}"
16:53:57 [main] DEBUG org.apache.http.wire -  << "HTTP/1.1 200 OK[\r][\n]"
16:53:57 [main] DEBUG org.apache.http.wire -  << "Content-Length: 174[\r][\n]"
16:53:57 [main] DEBUG org.apache.http.wire -  << "Content-Type: application/json; charset=utf-8[\r][\n]"
16:53:57 [main] DEBUG org.apache.http.wire -  << "Date: Wed, 06 Aug 2025 14:53:57 GMT[\r][\n]"
16:53:57 [main] DEBUG org.apache.http.wire -  << "Etag: W/"ae-kku/thkKttS8t7QIKs8eQx5FE/k"[\r][\n]"
16:53:57 [main] DEBUG org.apache.http.wire -  << "Nel: {"report_to":"heroku-nel","response_headers":["Via"],"max_age":3600,"success_fraction":0.01,"failure_fraction":0.1}[\r][\n]"
16:53:57 [main] DEBUG org.apache.http.wire -  << "Report-To: {"group":"heroku-nel","endpoints":[{"url":"https://nel.heroku.com/reports?s=VuoSOL8KruuH8q3nD9%2FUkCNLV3Uw%2BWNySiwAfgynS%2Fs%3D\u0026sid=c46efe9b-d3d2-4a0c-8c76-bfafa16c5add\u0026ts=1754492037"}],"max_age":3600}[\r][\n]"
16:53:57 [main] DEBUG org.apache.http.wire -  << "Reporting-Endpoints: heroku-nel="https://nel.heroku.com/reports?s=VuoSOL8KruuH8q3nD9%2FUkCNLV3Uw%2BWNySiwAfgynS%2Fs%3D&sid=c46efe9b-d3d2-4a0c-8c76-bfafa16c5add&ts=1754492037"[\r][\n]"
16:53:57 [main] DEBUG org.apache.http.wire -  << "Server: Heroku[\r][\n]"
16:53:57 [main] DEBUG org.apache.http.wire -  << "Via: 1.1 heroku-router[\r][\n]"
16:53:57 [main] DEBUG org.apache.http.wire -  << "X-Powered-By: Express[\r][\n]"
16:53:57 [main] DEBUG org.apache.http.wire -  << "[\r][\n]"
16:53:57 [main] DEBUG org.apache.http.impl.conn.DefaultClientConnection - Receiving response: HTTP/1.1 200 OK
16:53:57 [main] DEBUG org.apache.http.headers - << HTTP/1.1 200 OK
16:53:57 [main] DEBUG org.apache.http.headers - << Content-Length: 174
16:53:57 [main] DEBUG org.apache.http.headers - << Content-Type: application/json; charset=utf-8
16:53:57 [main] DEBUG org.apache.http.headers - << Date: Wed, 06 Aug 2025 14:53:57 GMT
16:53:57 [main] DEBUG org.apache.http.headers - << Etag: W/"ae-kku/thkKttS8t7QIKs8eQx5FE/k"
16:53:57 [main] DEBUG org.apache.http.headers - << Nel: {"report_to":"heroku-nel","response_headers":["Via"],"max_age":3600,"success_fraction":0.01,"failure_fraction":0.1}
16:53:57 [main] DEBUG org.apache.http.headers - << Report-To: {"group":"heroku-nel","endpoints":[{"url":"https://nel.heroku.com/reports?s=VuoSOL8KruuH8q3nD9%2FUkCNLV3Uw%2BWNySiwAfgynS%2Fs%3D\u0026sid=c46efe9b-d3d2-4a0c-8c76-bfafa16c5add\u0026ts=1754492037"}],"max_age":3600}
16:53:57 [main] DEBUG org.apache.http.headers - << Reporting-Endpoints: heroku-nel="https://nel.heroku.com/reports?s=VuoSOL8KruuH8q3nD9%2FUkCNLV3Uw%2BWNySiwAfgynS%2Fs%3D&sid=c46efe9b-d3d2-4a0c-8c76-bfafa16c5add&ts=1754492037"
16:53:57 [main] DEBUG org.apache.http.headers - << Server: Heroku
16:53:57 [main] DEBUG org.apache.http.headers - << Via: 1.1 heroku-router
16:53:57 [main] DEBUG org.apache.http.headers - << X-Powered-By: Express
16:53:57 [main] DEBUG org.apache.http.impl.client.DefaultHttpClient - Connection can be kept alive indefinitely
16:53:57 [main] DEBUG io.restassured.internal.RestAssuredHttpBuilder - Parsing response as: application/json; charset=utf-8
16:53:57 [main] DEBUG io.restassured.internal.RestAssuredHttpBuilder - Parsed data to instance of: class org.apache.http.conn.EofSensorInputStream
  &amp#27;[32mWhen &amp#27;[0m&amp#27;[32mUser partially updates booking with invalid data:&amp#27;[0m    &amp#27;[90m# stepdefs.PatchBookingSteps.user_updates_booking_invalid_data(io.cucumber.datatable.DataTable)&amp#27;[0m
    | totalprice | "invalid-price" |
16:53:57 [main] DEBUG org.apache.http.wire -  << "{"firstname":"Michael","lastname":"Jordan","totalprice":null,"depositpaid":true,"bookingdates":{"checkin":"2024-08-01","checkout":"2024-08-10"},"additionalneeds":"Breakfast"}"
16:53:57 [main] DEBUG org.apache.http.impl.conn.BasicClientConnectionManager - Releasing connection org.apache.http.impl.conn.ManagedClientConnectionImpl@3cd89c72
16:53:57 [main] DEBUG org.apache.http.impl.conn.BasicClientConnectionManager - Connection can be kept alive indefinitely
  &amp#27;[31mThen &amp#27;[0m&amp#27;[31mBooking response status should be &amp#27;[0m&amp#27;[31m&amp#27;[1m400&amp#27;[0m&amp#27;[31m or &amp#27;[0m&amp#27;[31m&amp#27;[1m500&amp#27;[0m         &amp#27;[90m# stepdefs.GetBookingStepDefs.booking_response_status_should_be_one_of(int,int)&amp#27;[0m
      &amp#27;[31mjava.lang.AssertionError: 1 expectation failed.
Expected status code (<400> or <500>) but was <200>.

	at java.base/jdk.internal.reflect.NativeConstructorAccessorImpl.newInstance0(Native Method)
	at java.base/jdk.internal.reflect.NativeConstructorAccessorImpl.newInstance(NativeConstructorAccessorImpl.java:77)
	at java.base/jdk.internal.reflect.DelegatingConstructorAccessorImpl.newInstance(DelegatingConstructorAccessorImpl.java:45)
	at java.base/java.lang.reflect.Constructor.newInstanceWithCaller(Constructor.java:499)
	at java.base/java.lang.reflect.Constructor.newInstance(Constructor.java:480)
	at org.codehaus.groovy.reflection.CachedConstructor.invoke(CachedConstructor.java:73)
	at org.codehaus.groovy.runtime.callsite.ConstructorSite$ConstructorSiteNoUnwrapNoCoerce.callConstructor(ConstructorSite.java:108)
	at org.codehaus.groovy.runtime.callsite.AbstractCallSite.callConstructor(AbstractCallSite.java:277)
	at io.restassured.internal.ResponseSpecificationImpl$HamcrestAssertionClosure.validate(ResponseSpecificationImpl.groovy:512)
	at io.restassured.internal.ResponseSpecificationImpl$HamcrestAssertionClosure$validate$1.call(Unknown Source)
	at io.restassured.internal.ResponseSpecificationImpl.validateResponseIfRequired(ResponseSpecificationImpl.groovy:696)
	at io.restassured.internal.ResponseSpecificationImpl.this$2$validateResponseIfRequired(ResponseSpecificationImpl.groovy)
	at jdk.internal.reflect.GeneratedMethodAccessor246.invoke(Unknown Source)
	at java.base/jdk.internal.reflect.DelegatingMethodAccessorImpl.invoke(DelegatingMethodAccessorImpl.java:43)
	at java.base/java.lang.reflect.Method.invoke(Method.java:568)
	at org.codehaus.groovy.runtime.callsite.PlainObjectMetaMethodSite.doInvoke(PlainObjectMetaMethodSite.java:43)
	at org.codehaus.groovy.runtime.callsite.PogoMetaMethodSite$PogoCachedMethodSiteNoUnwrapNoCoerce.invoke(PogoMetaMethodSite.java:198)
	at org.codehaus.groovy.runtime.callsite.PogoMetaMethodSite.callCurrent(PogoMetaMethodSite.java:62)
	at org.codehaus.groovy.runtime.callsite.AbstractCallSite.callCurrent(AbstractCallSite.java:185)
	at io.restassured.internal.ResponseSpecificationImpl.statusCode(ResponseSpecificationImpl.groovy:135)
	at io.restassured.internal.ValidatableResponseOptionsImpl.statusCode(ValidatableResponseOptionsImpl.java:84)
	at stepdefs.GetBookingStepDefs.booking_response_status_should_be_one_of(GetBookingStepDefs.java:60)
	at âœ½.Booking response status should be 400 or 500(file:///E:/Manasa/Interview/Selenium_Java_Automation/Eneco_API_Automation/project-root/src/test/resources/features/PatchBooking.feature:38)
&amp#27;[0m
]]></system-out>
  </testcase>
  <testcase name="runScenario[&quot;Missing authentication&quot;, &quot;PATCH API Tests&quot;](18)" classname="runners.TestRunner" time="3.166">
    <system-out><![CDATA[
Scenario: Missing authentication                                                              &amp#27;[90m# src/test/resources/features/PatchBooking.feature:40&amp#27;[0m
16:53:57 [main] DEBUG org.apache.http.impl.conn.BasicClientConnectionManager - Get connection for route {s}->https://restful-booker.herokuapp.com:443
16:53:57 [main] DEBUG org.apache.http.impl.conn.DefaultClientConnectionOperator - Connecting to restful-booker.herokuapp.com:443
16:53:58 [main] DEBUG org.apache.http.client.protocol.RequestAddCookies - CookieSpec selected: ignoreCookies
16:53:58 [main] DEBUG org.apache.http.client.protocol.RequestAuthCache - Auth cache not set in the context
16:53:58 [main] DEBUG org.apache.http.client.protocol.RequestTargetAuthentication - Target auth state: UNCHALLENGED
16:53:58 [main] DEBUG org.apache.http.client.protocol.RequestProxyAuthentication - Proxy auth state: UNCHALLENGED
16:53:58 [main] DEBUG org.apache.http.impl.client.DefaultHttpClient - Attempt 1 to execute request
16:53:58 [main] DEBUG org.apache.http.impl.conn.DefaultClientConnection - Sending request: POST /auth HTTP/1.1
16:53:58 [main] DEBUG org.apache.http.wire -  >> "POST /auth HTTP/1.1[\r][\n]"
16:53:58 [main] DEBUG org.apache.http.wire -  >> "Accept: */*[\r][\n]"
16:53:58 [main] DEBUG org.apache.http.wire -  >> "Content-Type: application/json[\r][\n]"
16:53:58 [main] DEBUG org.apache.http.wire -  >> "Content-Length: 45[\r][\n]"
16:53:58 [main] DEBUG org.apache.http.wire -  >> "Host: restful-booker.herokuapp.com[\r][\n]"
16:53:58 [main] DEBUG org.apache.http.wire -  >> "Connection: Keep-Alive[\r][\n]"
16:53:58 [main] DEBUG org.apache.http.wire -  >> "User-Agent: Apache-HttpClient/4.5.13 (Java/17.0.11)[\r][\n]"
16:53:58 [main] DEBUG org.apache.http.wire -  >> "Accept-Encoding: gzip,deflate[\r][\n]"
16:53:58 [main] DEBUG org.apache.http.wire -  >> "[\r][\n]"
16:53:58 [main] DEBUG org.apache.http.headers - >> POST /auth HTTP/1.1
16:53:58 [main] DEBUG org.apache.http.headers - >> Accept: */*
16:53:58 [main] DEBUG org.apache.http.headers - >> Content-Type: application/json
16:53:58 [main] DEBUG org.apache.http.headers - >> Content-Length: 45
16:53:58 [main] DEBUG org.apache.http.headers - >> Host: restful-booker.herokuapp.com
16:53:58 [main] DEBUG org.apache.http.headers - >> Connection: Keep-Alive
16:53:58 [main] DEBUG org.apache.http.headers - >> User-Agent: Apache-HttpClient/4.5.13 (Java/17.0.11)
16:53:58 [main] DEBUG org.apache.http.headers - >> Accept-Encoding: gzip,deflate
16:53:58 [main] DEBUG org.apache.http.wire -  >> "{"username":"admin","password":"password123"}"
16:53:58 [main] DEBUG org.apache.http.wire -  << "HTTP/1.1 200 OK[\r][\n]"
16:53:58 [main] DEBUG org.apache.http.wire -  << "Content-Length: 27[\r][\n]"
16:53:58 [main] DEBUG org.apache.http.wire -  << "Content-Type: application/json; charset=utf-8[\r][\n]"
16:53:58 [main] DEBUG org.apache.http.wire -  << "Date: Wed, 06 Aug 2025 14:53:58 GMT[\r][\n]"
16:53:58 [main] DEBUG org.apache.http.wire -  << "Etag: W/"1b-rlLk/h6dKnXDE/pJVMFofMdzj4Q"[\r][\n]"
16:53:58 [main] DEBUG org.apache.http.wire -  << "Nel: {"report_to":"heroku-nel","response_headers":["Via"],"max_age":3600,"success_fraction":0.01,"failure_fraction":0.1}[\r][\n]"
16:53:58 [main] DEBUG org.apache.http.wire -  << "Report-To: {"group":"heroku-nel","endpoints":[{"url":"https://nel.heroku.com/reports?s=rtM7PtpkvLdmH7fUvtth%2FguEE%2FbUxcXmdZ78Zm8nHMM%3D\u0026sid=c46efe9b-d3d2-4a0c-8c76-bfafa16c5add\u0026ts=1754492038"}],"max_age":3600}[\r][\n]"
16:53:58 [main] DEBUG org.apache.http.wire -  << "Reporting-Endpoints: heroku-nel="https://nel.heroku.com/reports?s=rtM7PtpkvLdmH7fUvtth%2FguEE%2FbUxcXmdZ78Zm8nHMM%3D&sid=c46efe9b-d3d2-4a0c-8c76-bfafa16c5add&ts=1754492038"[\r][\n]"
16:53:58 [main] DEBUG org.apache.http.wire -  << "Server: Heroku[\r][\n]"
16:53:58 [main] DEBUG org.apache.http.wire -  << "Via: 1.1 heroku-router[\r][\n]"
16:53:58 [main] DEBUG org.apache.http.wire -  << "X-Powered-By: Express[\r][\n]"
16:53:58 [main] DEBUG org.apache.http.wire -  << "[\r][\n]"
16:53:58 [main] DEBUG org.apache.http.impl.conn.DefaultClientConnection - Receiving response: HTTP/1.1 200 OK
16:53:58 [main] DEBUG org.apache.http.headers - << HTTP/1.1 200 OK
16:53:58 [main] DEBUG org.apache.http.headers - << Content-Length: 27
16:53:58 [main] DEBUG org.apache.http.headers - << Content-Type: application/json; charset=utf-8
16:53:58 [main] DEBUG org.apache.http.headers - << Date: Wed, 06 Aug 2025 14:53:58 GMT
16:53:58 [main] DEBUG org.apache.http.headers - << Etag: W/"1b-rlLk/h6dKnXDE/pJVMFofMdzj4Q"
16:53:58 [main] DEBUG org.apache.http.headers - << Nel: {"report_to":"heroku-nel","response_headers":["Via"],"max_age":3600,"success_fraction":0.01,"failure_fraction":0.1}
16:53:58 [main] DEBUG org.apache.http.headers - << Report-To: {"group":"heroku-nel","endpoints":[{"url":"https://nel.heroku.com/reports?s=rtM7PtpkvLdmH7fUvtth%2FguEE%2FbUxcXmdZ78Zm8nHMM%3D\u0026sid=c46efe9b-d3d2-4a0c-8c76-bfafa16c5add\u0026ts=1754492038"}],"max_age":3600}
16:53:58 [main] DEBUG org.apache.http.headers - << Reporting-Endpoints: heroku-nel="https://nel.heroku.com/reports?s=rtM7PtpkvLdmH7fUvtth%2FguEE%2FbUxcXmdZ78Zm8nHMM%3D&sid=c46efe9b-d3d2-4a0c-8c76-bfafa16c5add&ts=1754492038"
16:53:58 [main] DEBUG org.apache.http.headers - << Server: Heroku
16:53:58 [main] DEBUG org.apache.http.headers - << Via: 1.1 heroku-router
16:53:58 [main] DEBUG org.apache.http.headers - << X-Powered-By: Express
16:53:58 [main] DEBUG org.apache.http.impl.client.DefaultHttpClient - Connection can be kept alive indefinitely
16:53:58 [main] DEBUG io.restassured.internal.RestAssuredHttpBuilder - Parsing response as: application/json; charset=utf-8
16:53:58 [main] DEBUG io.restassured.internal.RestAssuredHttpBuilder - Parsed data to instance of: class org.apache.http.conn.EofSensorInputStream
16:53:58 [main] DEBUG org.apache.http.wire -  << "{"token":"990f2e7066ba1ed"}"
16:53:58 [main] DEBUG org.apache.http.impl.conn.BasicClientConnectionManager - Releasing connection org.apache.http.impl.conn.ManagedClientConnectionImpl@7097ead6
16:53:58 [main] DEBUG org.apache.http.impl.conn.BasicClientConnectionManager - Connection can be kept alive indefinitely
Generated Token: 990f2e7066ba1ed
  &amp#27;[32mGiven &amp#27;[0m&amp#27;[32mUser has valid auth token&amp#27;[0m                                                             &amp#27;[90m# stepdefs.AuthenticationSteps.user_has_valid_auth_token()&amp#27;[0m
16:53:58 [main] DEBUG org.apache.http.impl.conn.BasicClientConnectionManager - Get connection for route {s}->https://restful-booker.herokuapp.com:443
16:53:58 [main] DEBUG org.apache.http.impl.conn.DefaultClientConnectionOperator - Connecting to restful-booker.herokuapp.com:443
16:53:59 [main] DEBUG org.apache.http.client.protocol.RequestAddCookies - CookieSpec selected: ignoreCookies
16:53:59 [main] DEBUG org.apache.http.client.protocol.RequestAuthCache - Auth cache not set in the context
16:53:59 [main] DEBUG org.apache.http.client.protocol.RequestTargetAuthentication - Target auth state: UNCHALLENGED
16:53:59 [main] DEBUG org.apache.http.client.protocol.RequestProxyAuthentication - Proxy auth state: UNCHALLENGED
16:53:59 [main] DEBUG org.apache.http.impl.client.DefaultHttpClient - Attempt 1 to execute request
16:53:59 [main] DEBUG org.apache.http.impl.conn.DefaultClientConnection - Sending request: POST /booking HTTP/1.1
16:53:59 [main] DEBUG org.apache.http.wire -  >> "POST /booking HTTP/1.1[\r][\n]"
16:53:59 [main] DEBUG org.apache.http.wire -  >> "Accept: */*[\r][\n]"
16:53:59 [main] DEBUG org.apache.http.wire -  >> "Content-Type: application/json[\r][\n]"
16:53:59 [main] DEBUG org.apache.http.wire -  >> "Content-Length: 173[\r][\n]"
16:53:59 [main] DEBUG org.apache.http.wire -  >> "Host: restful-booker.herokuapp.com[\r][\n]"
16:53:59 [main] DEBUG org.apache.http.wire -  >> "Connection: Keep-Alive[\r][\n]"
16:53:59 [main] DEBUG org.apache.http.wire -  >> "User-Agent: Apache-HttpClient/4.5.13 (Java/17.0.11)[\r][\n]"
16:53:59 [main] DEBUG org.apache.http.wire -  >> "Accept-Encoding: gzip,deflate[\r][\n]"
16:53:59 [main] DEBUG org.apache.http.wire -  >> "[\r][\n]"
16:53:59 [main] DEBUG org.apache.http.headers - >> POST /booking HTTP/1.1
16:53:59 [main] DEBUG org.apache.http.headers - >> Accept: */*
16:53:59 [main] DEBUG org.apache.http.headers - >> Content-Type: application/json
16:53:59 [main] DEBUG org.apache.http.headers - >> Content-Length: 173
16:53:59 [main] DEBUG org.apache.http.headers - >> Host: restful-booker.herokuapp.com
16:53:59 [main] DEBUG org.apache.http.headers - >> Connection: Keep-Alive
16:53:59 [main] DEBUG org.apache.http.headers - >> User-Agent: Apache-HttpClient/4.5.13 (Java/17.0.11)
16:53:59 [main] DEBUG org.apache.http.headers - >> Accept-Encoding: gzip,deflate
16:53:59 [main] DEBUG org.apache.http.wire -  >> "{"firstname":"Michael","lastname":"Jordan","totalprice":500,"depositpaid":true,"bookingdates":{"checkin":"2024-08-01","checkout":"2024-08-10"},"additionalneeds":"Breakfast"}"
16:53:59 [main] DEBUG org.apache.http.wire -  << "HTTP/1.1 200 OK[\r][\n]"
16:53:59 [main] DEBUG org.apache.http.wire -  << "Content-Length: 202[\r][\n]"
16:53:59 [main] DEBUG org.apache.http.wire -  << "Content-Type: application/json; charset=utf-8[\r][\n]"
16:53:59 [main] DEBUG org.apache.http.wire -  << "Date: Wed, 06 Aug 2025 14:53:59 GMT[\r][\n]"
16:53:59 [main] DEBUG org.apache.http.wire -  << "Etag: W/"ca-Ei7qLsVEdxORshu3HzaSILka5TM"[\r][\n]"
16:53:59 [main] DEBUG org.apache.http.wire -  << "Nel: {"report_to":"heroku-nel","response_headers":["Via"],"max_age":3600,"success_fraction":0.01,"failure_fraction":0.1}[\r][\n]"
16:53:59 [main] DEBUG org.apache.http.wire -  << "Report-To: {"group":"heroku-nel","endpoints":[{"url":"https://nel.heroku.com/reports?s=XFv49NQRPHcGc86gcnBkcbkvAyjS5p%2FsEEMMH9AuQv4%3D\u0026sid=c46efe9b-d3d2-4a0c-8c76-bfafa16c5add\u0026ts=1754492039"}],"max_age":3600}[\r][\n]"
16:53:59 [main] DEBUG org.apache.http.wire -  << "Reporting-Endpoints: heroku-nel="https://nel.heroku.com/reports?s=XFv49NQRPHcGc86gcnBkcbkvAyjS5p%2FsEEMMH9AuQv4%3D&sid=c46efe9b-d3d2-4a0c-8c76-bfafa16c5add&ts=1754492039"[\r][\n]"
16:53:59 [main] DEBUG org.apache.http.wire -  << "Server: Heroku[\r][\n]"
16:53:59 [main] DEBUG org.apache.http.wire -  << "Via: 1.1 heroku-router[\r][\n]"
16:53:59 [main] DEBUG org.apache.http.wire -  << "X-Powered-By: Express[\r][\n]"
16:53:59 [main] DEBUG org.apache.http.wire -  << "[\r][\n]"
16:53:59 [main] DEBUG org.apache.http.impl.conn.DefaultClientConnection - Receiving response: HTTP/1.1 200 OK
16:53:59 [main] DEBUG org.apache.http.headers - << HTTP/1.1 200 OK
16:53:59 [main] DEBUG org.apache.http.headers - << Content-Length: 202
16:53:59 [main] DEBUG org.apache.http.headers - << Content-Type: application/json; charset=utf-8
16:53:59 [main] DEBUG org.apache.http.headers - << Date: Wed, 06 Aug 2025 14:53:59 GMT
16:53:59 [main] DEBUG org.apache.http.headers - << Etag: W/"ca-Ei7qLsVEdxORshu3HzaSILka5TM"
16:53:59 [main] DEBUG org.apache.http.headers - << Nel: {"report_to":"heroku-nel","response_headers":["Via"],"max_age":3600,"success_fraction":0.01,"failure_fraction":0.1}
16:53:59 [main] DEBUG org.apache.http.headers - << Report-To: {"group":"heroku-nel","endpoints":[{"url":"https://nel.heroku.com/reports?s=XFv49NQRPHcGc86gcnBkcbkvAyjS5p%2FsEEMMH9AuQv4%3D\u0026sid=c46efe9b-d3d2-4a0c-8c76-bfafa16c5add\u0026ts=1754492039"}],"max_age":3600}
16:53:59 [main] DEBUG org.apache.http.headers - << Reporting-Endpoints: heroku-nel="https://nel.heroku.com/reports?s=XFv49NQRPHcGc86gcnBkcbkvAyjS5p%2FsEEMMH9AuQv4%3D&sid=c46efe9b-d3d2-4a0c-8c76-bfafa16c5add&ts=1754492039"
16:53:59 [main] DEBUG org.apache.http.headers - << Server: Heroku
16:53:59 [main] DEBUG org.apache.http.headers - << Via: 1.1 heroku-router
16:53:59 [main] DEBUG org.apache.http.headers - << X-Powered-By: Express
16:53:59 [main] DEBUG org.apache.http.impl.client.DefaultHttpClient - Connection can be kept alive indefinitely
16:53:59 [main] DEBUG io.restassured.internal.RestAssuredHttpBuilder - Parsing response as: application/json; charset=utf-8
16:53:59 [main] DEBUG io.restassured.internal.RestAssuredHttpBuilder - Parsed data to instance of: class org.apache.http.conn.EofSensorInputStream
16:53:59 [main] DEBUG org.apache.http.wire -  << "{"bookingid":1594,"booking":{"firstname":"Michael","lastname":"Jordan","totalprice":500,"depositpaid":true,"bookingdates":{"checkin":"2024-08-01","checkout":"2024-08-10"},"additionalneeds":"Breakfast"}}"
16:53:59 [main] DEBUG org.apache.http.impl.conn.BasicClientConnectionManager - Releasing connection org.apache.http.impl.conn.ManagedClientConnectionImpl@7c0b792e
16:53:59 [main] DEBUG org.apache.http.impl.conn.BasicClientConnectionManager - Connection can be kept alive indefinitely
Booking created with ID: 1594
  &amp#27;[32mGiven &amp#27;[0m&amp#27;[32mUser creates a new booking with data &amp#27;[0m&amp#27;[32m&amp#27;[1m"validBooking"&amp#27;[0m                                   &amp#27;[90m# stepdefs.PatchBookingSteps.userCreatesANewBookingWithData(java.lang.String)&amp#27;[0m
16:53:59 [main] DEBUG org.apache.http.impl.conn.BasicClientConnectionManager - Get connection for route {s}->https://restful-booker.herokuapp.com:443
16:53:59 [main] DEBUG org.apache.http.impl.conn.DefaultClientConnectionOperator - Connecting to restful-booker.herokuapp.com:443
16:54:00 [main] DEBUG org.apache.http.client.protocol.RequestAddCookies - CookieSpec selected: ignoreCookies
16:54:00 [main] DEBUG org.apache.http.client.protocol.RequestAuthCache - Auth cache not set in the context
16:54:00 [main] DEBUG org.apache.http.client.protocol.RequestTargetAuthentication - Target auth state: UNCHALLENGED
16:54:00 [main] DEBUG org.apache.http.client.protocol.RequestProxyAuthentication - Proxy auth state: UNCHALLENGED
16:54:00 [main] DEBUG org.apache.http.impl.client.DefaultHttpClient - Attempt 1 to execute request
16:54:00 [main] DEBUG org.apache.http.impl.conn.DefaultClientConnection - Sending request: PATCH /booking/1594 HTTP/1.1
16:54:00 [main] DEBUG org.apache.http.wire -  >> "PATCH /booking/1594 HTTP/1.1[\r][\n]"
16:54:00 [main] DEBUG org.apache.http.wire -  >> "Accept: */*[\r][\n]"
16:54:00 [main] DEBUG org.apache.http.wire -  >> "Content-Type: application/json[\r][\n]"
16:54:00 [main] DEBUG org.apache.http.wire -  >> "Content-Length: 49[\r][\n]"
16:54:00 [main] DEBUG org.apache.http.wire -  >> "Host: restful-booker.herokuapp.com[\r][\n]"
16:54:00 [main] DEBUG org.apache.http.wire -  >> "Connection: Keep-Alive[\r][\n]"
16:54:00 [main] DEBUG org.apache.http.wire -  >> "User-Agent: Apache-HttpClient/4.5.13 (Java/17.0.11)[\r][\n]"
16:54:00 [main] DEBUG org.apache.http.wire -  >> "Accept-Encoding: gzip,deflate[\r][\n]"
16:54:00 [main] DEBUG org.apache.http.wire -  >> "[\r][\n]"
16:54:00 [main] DEBUG org.apache.http.headers - >> PATCH /booking/1594 HTTP/1.1
16:54:00 [main] DEBUG org.apache.http.headers - >> Accept: */*
16:54:00 [main] DEBUG org.apache.http.headers - >> Content-Type: application/json
16:54:00 [main] DEBUG org.apache.http.headers - >> Content-Length: 49
16:54:00 [main] DEBUG org.apache.http.headers - >> Host: restful-booker.herokuapp.com
16:54:00 [main] DEBUG org.apache.http.headers - >> Connection: Keep-Alive
16:54:00 [main] DEBUG org.apache.http.headers - >> User-Agent: Apache-HttpClient/4.5.13 (Java/17.0.11)
16:54:00 [main] DEBUG org.apache.http.headers - >> Accept-Encoding: gzip,deflate
16:54:00 [main] DEBUG org.apache.http.wire -  >> "{"firstname":"Scottie","additionalneeds":"Lunch"}"
16:54:00 [main] DEBUG org.apache.http.wire -  << "HTTP/1.1 403 Forbidden[\r][\n]"
16:54:00 [main] DEBUG org.apache.http.wire -  << "Content-Length: 9[\r][\n]"
16:54:00 [main] DEBUG org.apache.http.wire -  << "Content-Type: text/plain; charset=utf-8[\r][\n]"
16:54:00 [main] DEBUG org.apache.http.wire -  << "Date: Wed, 06 Aug 2025 14:54:00 GMT[\r][\n]"
16:54:00 [main] DEBUG org.apache.http.wire -  << "Etag: W/"9-PatfYBLj4Um1qTm5zrukoLhNyPU"[\r][\n]"
16:54:00 [main] DEBUG org.apache.http.wire -  << "Nel: {"report_to":"heroku-nel","response_headers":["Via"],"max_age":3600,"success_fraction":0.01,"failure_fraction":0.1}[\r][\n]"
16:54:00 [main] DEBUG org.apache.http.wire -  << "Report-To: {"group":"heroku-nel","endpoints":[{"url":"https://nel.heroku.com/reports?s=KT3tSmEWAp09JYChU3udovHNjq77Q8Z5J1w191No1AE%3D\u0026sid=c46efe9b-d3d2-4a0c-8c76-bfafa16c5add\u0026ts=1754492040"}],"max_age":3600}[\r][\n]"
16:54:00 [main] DEBUG org.apache.http.wire -  << "Reporting-Endpoints: heroku-nel="https://nel.heroku.com/reports?s=KT3tSmEWAp09JYChU3udovHNjq77Q8Z5J1w191No1AE%3D&sid=c46efe9b-d3d2-4a0c-8c76-bfafa16c5add&ts=1754492040"[\r][\n]"
16:54:00 [main] DEBUG org.apache.http.wire -  << "Server: Heroku[\r][\n]"
16:54:00 [main] DEBUG org.apache.http.wire -  << "Via: 1.1 heroku-router[\r][\n]"
16:54:00 [main] DEBUG org.apache.http.wire -  << "X-Powered-By: Express[\r][\n]"
16:54:00 [main] DEBUG org.apache.http.wire -  << "[\r][\n]"
16:54:00 [main] DEBUG org.apache.http.impl.conn.DefaultClientConnection - Receiving response: HTTP/1.1 403 Forbidden
16:54:00 [main] DEBUG org.apache.http.headers - << HTTP/1.1 403 Forbidden
16:54:00 [main] DEBUG org.apache.http.headers - << Content-Length: 9
16:54:00 [main] DEBUG org.apache.http.headers - << Content-Type: text/plain; charset=utf-8
16:54:00 [main] DEBUG org.apache.http.headers - << Date: Wed, 06 Aug 2025 14:54:00 GMT
16:54:00 [main] DEBUG org.apache.http.headers - << Etag: W/"9-PatfYBLj4Um1qTm5zrukoLhNyPU"
16:54:00 [main] DEBUG org.apache.http.headers - << Nel: {"report_to":"heroku-nel","response_headers":["Via"],"max_age":3600,"success_fraction":0.01,"failure_fraction":0.1}
16:54:00 [main] DEBUG org.apache.http.headers - << Report-To: {"group":"heroku-nel","endpoints":[{"url":"https://nel.heroku.com/reports?s=KT3tSmEWAp09JYChU3udovHNjq77Q8Z5J1w191No1AE%3D\u0026sid=c46efe9b-d3d2-4a0c-8c76-bfafa16c5add\u0026ts=1754492040"}],"max_age":3600}
16:54:00 [main] DEBUG org.apache.http.headers - << Reporting-Endpoints: heroku-nel="https://nel.heroku.com/reports?s=KT3tSmEWAp09JYChU3udovHNjq77Q8Z5J1w191No1AE%3D&sid=c46efe9b-d3d2-4a0c-8c76-bfafa16c5add&ts=1754492040"
16:54:00 [main] DEBUG org.apache.http.headers - << Server: Heroku
16:54:00 [main] DEBUG org.apache.http.headers - << Via: 1.1 heroku-router
16:54:00 [main] DEBUG org.apache.http.headers - << X-Powered-By: Express
16:54:00 [main] DEBUG org.apache.http.impl.client.DefaultHttpClient - Connection can be kept alive indefinitely
16:54:00 [main] DEBUG io.restassured.internal.RestAssuredHttpBuilder - Parsing response as: text/plain; charset=utf-8
16:54:00 [main] DEBUG io.restassured.internal.RestAssuredHttpBuilder - Parsed data to instance of: class org.apache.http.conn.EofSensorInputStream
  &amp#27;[32mWhen &amp#27;[0m&amp#27;[32mUser partially updates booking without authentication with data &amp#27;[0m&amp#27;[32m&amp#27;[1m"partialUpdateBooking"&amp#27;[0m &amp#27;[90m# stepdefs.PatchBookingSteps.update_without_auth(java.lang.String)&amp#27;[0m
  &amp#27;[32mThen &amp#27;[0m&amp#27;[32mBooking response status should be &amp#27;[0m&amp#27;[32m&amp#27;[1m403&amp#27;[0m                                                  &amp#27;[90m# stepdefs.GetBookingStepDefs.booking_response_status_should_be(int)&amp#27;[0m
]]></system-out>
  </testcase>
  <testcase name="runScenario[&quot;Verify idempotency of updates&quot;, &quot;PATCH API Tests&quot;](19)" classname="runners.TestRunner" time="3.988">
    <system-out><![CDATA[
Scenario: Verify idempotency of updates                                      &amp#27;[90m# src/test/resources/features/PatchBooking.feature:45&amp#27;[0m
16:54:00 [main] DEBUG org.apache.http.impl.conn.BasicClientConnectionManager - Get connection for route {s}->https://restful-booker.herokuapp.com:443
16:54:00 [main] DEBUG org.apache.http.impl.conn.DefaultClientConnectionOperator - Connecting to restful-booker.herokuapp.com:443
16:54:01 [main] DEBUG org.apache.http.client.protocol.RequestAddCookies - CookieSpec selected: ignoreCookies
16:54:01 [main] DEBUG org.apache.http.client.protocol.RequestAuthCache - Auth cache not set in the context
16:54:01 [main] DEBUG org.apache.http.client.protocol.RequestTargetAuthentication - Target auth state: UNCHALLENGED
16:54:01 [main] DEBUG org.apache.http.client.protocol.RequestProxyAuthentication - Proxy auth state: UNCHALLENGED
16:54:01 [main] DEBUG org.apache.http.impl.client.DefaultHttpClient - Attempt 1 to execute request
16:54:01 [main] DEBUG org.apache.http.impl.conn.DefaultClientConnection - Sending request: POST /auth HTTP/1.1
16:54:01 [main] DEBUG org.apache.http.wire -  >> "POST /auth HTTP/1.1[\r][\n]"
16:54:01 [main] DEBUG org.apache.http.wire -  >> "Accept: */*[\r][\n]"
16:54:01 [main] DEBUG org.apache.http.wire -  >> "Content-Type: application/json[\r][\n]"
16:54:01 [main] DEBUG org.apache.http.wire -  >> "Content-Length: 45[\r][\n]"
16:54:01 [main] DEBUG org.apache.http.wire -  >> "Host: restful-booker.herokuapp.com[\r][\n]"
16:54:01 [main] DEBUG org.apache.http.wire -  >> "Connection: Keep-Alive[\r][\n]"
16:54:01 [main] DEBUG org.apache.http.wire -  >> "User-Agent: Apache-HttpClient/4.5.13 (Java/17.0.11)[\r][\n]"
16:54:01 [main] DEBUG org.apache.http.wire -  >> "Accept-Encoding: gzip,deflate[\r][\n]"
16:54:01 [main] DEBUG org.apache.http.wire -  >> "[\r][\n]"
16:54:01 [main] DEBUG org.apache.http.headers - >> POST /auth HTTP/1.1
16:54:01 [main] DEBUG org.apache.http.headers - >> Accept: */*
16:54:01 [main] DEBUG org.apache.http.headers - >> Content-Type: application/json
16:54:01 [main] DEBUG org.apache.http.headers - >> Content-Length: 45
16:54:01 [main] DEBUG org.apache.http.headers - >> Host: restful-booker.herokuapp.com
16:54:01 [main] DEBUG org.apache.http.headers - >> Connection: Keep-Alive
16:54:01 [main] DEBUG org.apache.http.headers - >> User-Agent: Apache-HttpClient/4.5.13 (Java/17.0.11)
16:54:01 [main] DEBUG org.apache.http.headers - >> Accept-Encoding: gzip,deflate
16:54:01 [main] DEBUG org.apache.http.wire -  >> "{"username":"admin","password":"password123"}"
16:54:01 [main] DEBUG org.apache.http.wire -  << "HTTP/1.1 200 OK[\r][\n]"
16:54:01 [main] DEBUG org.apache.http.wire -  << "Content-Length: 27[\r][\n]"
16:54:01 [main] DEBUG org.apache.http.wire -  << "Content-Type: application/json; charset=utf-8[\r][\n]"
16:54:01 [main] DEBUG org.apache.http.wire -  << "Date: Wed, 06 Aug 2025 14:54:01 GMT[\r][\n]"
16:54:01 [main] DEBUG org.apache.http.wire -  << "Etag: W/"1b-ztDMQ66VoM4iBZ2MxAlVcwHHjTM"[\r][\n]"
16:54:01 [main] DEBUG org.apache.http.wire -  << "Nel: {"report_to":"heroku-nel","response_headers":["Via"],"max_age":3600,"success_fraction":0.01,"failure_fraction":0.1}[\r][\n]"
16:54:01 [main] DEBUG org.apache.http.wire -  << "Report-To: {"group":"heroku-nel","endpoints":[{"url":"https://nel.heroku.com/reports?s=G17nSrVaLfSbVfqBlPbpmF7zgPTEiP0qEmTG%2Bnu7H40%3D\u0026sid=c46efe9b-d3d2-4a0c-8c76-bfafa16c5add\u0026ts=1754492041"}],"max_age":3600}[\r][\n]"
16:54:01 [main] DEBUG org.apache.http.wire -  << "Reporting-Endpoints: heroku-nel="https://nel.heroku.com/reports?s=G17nSrVaLfSbVfqBlPbpmF7zgPTEiP0qEmTG%2Bnu7H40%3D&sid=c46efe9b-d3d2-4a0c-8c76-bfafa16c5add&ts=1754492041"[\r][\n]"
16:54:01 [main] DEBUG org.apache.http.wire -  << "Server: Heroku[\r][\n]"
16:54:01 [main] DEBUG org.apache.http.wire -  << "Via: 1.1 heroku-router[\r][\n]"
16:54:01 [main] DEBUG org.apache.http.wire -  << "X-Powered-By: Express[\r][\n]"
16:54:01 [main] DEBUG org.apache.http.wire -  << "[\r][\n]"
16:54:01 [main] DEBUG org.apache.http.impl.conn.DefaultClientConnection - Receiving response: HTTP/1.1 200 OK
16:54:01 [main] DEBUG org.apache.http.headers - << HTTP/1.1 200 OK
16:54:01 [main] DEBUG org.apache.http.headers - << Content-Length: 27
16:54:01 [main] DEBUG org.apache.http.headers - << Content-Type: application/json; charset=utf-8
16:54:01 [main] DEBUG org.apache.http.headers - << Date: Wed, 06 Aug 2025 14:54:01 GMT
16:54:01 [main] DEBUG org.apache.http.headers - << Etag: W/"1b-ztDMQ66VoM4iBZ2MxAlVcwHHjTM"
16:54:01 [main] DEBUG org.apache.http.headers - << Nel: {"report_to":"heroku-nel","response_headers":["Via"],"max_age":3600,"success_fraction":0.01,"failure_fraction":0.1}
16:54:01 [main] DEBUG org.apache.http.headers - << Report-To: {"group":"heroku-nel","endpoints":[{"url":"https://nel.heroku.com/reports?s=G17nSrVaLfSbVfqBlPbpmF7zgPTEiP0qEmTG%2Bnu7H40%3D\u0026sid=c46efe9b-d3d2-4a0c-8c76-bfafa16c5add\u0026ts=1754492041"}],"max_age":3600}
16:54:01 [main] DEBUG org.apache.http.headers - << Reporting-Endpoints: heroku-nel="https://nel.heroku.com/reports?s=G17nSrVaLfSbVfqBlPbpmF7zgPTEiP0qEmTG%2Bnu7H40%3D&sid=c46efe9b-d3d2-4a0c-8c76-bfafa16c5add&ts=1754492041"
16:54:01 [main] DEBUG org.apache.http.headers - << Server: Heroku
16:54:01 [main] DEBUG org.apache.http.headers - << Via: 1.1 heroku-router
16:54:01 [main] DEBUG org.apache.http.headers - << X-Powered-By: Express
16:54:01 [main] DEBUG org.apache.http.impl.client.DefaultHttpClient - Connection can be kept alive indefinitely
16:54:01 [main] DEBUG io.restassured.internal.RestAssuredHttpBuilder - Parsing response as: application/json; charset=utf-8
16:54:01 [main] DEBUG io.restassured.internal.RestAssuredHttpBuilder - Parsed data to instance of: class org.apache.http.conn.EofSensorInputStream
16:54:01 [main] DEBUG org.apache.http.wire -  << "{"token":"f76789122f7952e"}"
16:54:01 [main] DEBUG org.apache.http.impl.conn.BasicClientConnectionManager - Releasing connection org.apache.http.impl.conn.ManagedClientConnectionImpl@736a8aea
16:54:01 [main] DEBUG org.apache.http.impl.conn.BasicClientConnectionManager - Connection can be kept alive indefinitely
Generated Token: f76789122f7952e
  &amp#27;[32mGiven &amp#27;[0m&amp#27;[32mUser has valid auth token&amp#27;[0m                                            &amp#27;[90m# stepdefs.AuthenticationSteps.user_has_valid_auth_token()&amp#27;[0m
16:54:01 [main] DEBUG org.apache.http.impl.conn.BasicClientConnectionManager - Get connection for route {s}->https://restful-booker.herokuapp.com:443
16:54:01 [main] DEBUG org.apache.http.impl.conn.DefaultClientConnectionOperator - Connecting to restful-booker.herokuapp.com:443
16:54:02 [main] DEBUG org.apache.http.client.protocol.RequestAddCookies - CookieSpec selected: ignoreCookies
16:54:02 [main] DEBUG org.apache.http.client.protocol.RequestAuthCache - Auth cache not set in the context
16:54:02 [main] DEBUG org.apache.http.client.protocol.RequestTargetAuthentication - Target auth state: UNCHALLENGED
16:54:02 [main] DEBUG org.apache.http.client.protocol.RequestProxyAuthentication - Proxy auth state: UNCHALLENGED
16:54:02 [main] DEBUG org.apache.http.impl.client.DefaultHttpClient - Attempt 1 to execute request
16:54:02 [main] DEBUG org.apache.http.impl.conn.DefaultClientConnection - Sending request: POST /booking HTTP/1.1
16:54:02 [main] DEBUG org.apache.http.wire -  >> "POST /booking HTTP/1.1[\r][\n]"
16:54:02 [main] DEBUG org.apache.http.wire -  >> "Accept: */*[\r][\n]"
16:54:02 [main] DEBUG org.apache.http.wire -  >> "Content-Type: application/json[\r][\n]"
16:54:02 [main] DEBUG org.apache.http.wire -  >> "Content-Length: 173[\r][\n]"
16:54:02 [main] DEBUG org.apache.http.wire -  >> "Host: restful-booker.herokuapp.com[\r][\n]"
16:54:02 [main] DEBUG org.apache.http.wire -  >> "Connection: Keep-Alive[\r][\n]"
16:54:02 [main] DEBUG org.apache.http.wire -  >> "User-Agent: Apache-HttpClient/4.5.13 (Java/17.0.11)[\r][\n]"
16:54:02 [main] DEBUG org.apache.http.wire -  >> "Accept-Encoding: gzip,deflate[\r][\n]"
16:54:02 [main] DEBUG org.apache.http.wire -  >> "[\r][\n]"
16:54:02 [main] DEBUG org.apache.http.headers - >> POST /booking HTTP/1.1
16:54:02 [main] DEBUG org.apache.http.headers - >> Accept: */*
16:54:02 [main] DEBUG org.apache.http.headers - >> Content-Type: application/json
16:54:02 [main] DEBUG org.apache.http.headers - >> Content-Length: 173
16:54:02 [main] DEBUG org.apache.http.headers - >> Host: restful-booker.herokuapp.com
16:54:02 [main] DEBUG org.apache.http.headers - >> Connection: Keep-Alive
16:54:02 [main] DEBUG org.apache.http.headers - >> User-Agent: Apache-HttpClient/4.5.13 (Java/17.0.11)
16:54:02 [main] DEBUG org.apache.http.headers - >> Accept-Encoding: gzip,deflate
16:54:02 [main] DEBUG org.apache.http.wire -  >> "{"firstname":"Michael","lastname":"Jordan","totalprice":500,"depositpaid":true,"bookingdates":{"checkin":"2024-08-01","checkout":"2024-08-10"},"additionalneeds":"Breakfast"}"
16:54:02 [main] DEBUG org.apache.http.wire -  << "HTTP/1.1 200 OK[\r][\n]"
16:54:02 [main] DEBUG org.apache.http.wire -  << "Content-Length: 202[\r][\n]"
16:54:02 [main] DEBUG org.apache.http.wire -  << "Content-Type: application/json; charset=utf-8[\r][\n]"
16:54:02 [main] DEBUG org.apache.http.wire -  << "Date: Wed, 06 Aug 2025 14:54:02 GMT[\r][\n]"
16:54:02 [main] DEBUG org.apache.http.wire -  << "Etag: W/"ca-5XgSQ+50CB8O5z4iv9CptZ377yM"[\r][\n]"
16:54:02 [main] DEBUG org.apache.http.wire -  << "Nel: {"report_to":"heroku-nel","response_headers":["Via"],"max_age":3600,"success_fraction":0.01,"failure_fraction":0.1}[\r][\n]"
16:54:02 [main] DEBUG org.apache.http.wire -  << "Report-To: {"group":"heroku-nel","endpoints":[{"url":"https://nel.heroku.com/reports?s=bzOpfSwyYAxpXRFjOVQKPGfGq7woX7kMFz1BNijC7Ok%3D\u0026sid=c46efe9b-d3d2-4a0c-8c76-bfafa16c5add\u0026ts=1754492042"}],"max_age":3600}[\r][\n]"
16:54:02 [main] DEBUG org.apache.http.wire -  << "Reporting-Endpoints: heroku-nel="https://nel.heroku.com/reports?s=bzOpfSwyYAxpXRFjOVQKPGfGq7woX7kMFz1BNijC7Ok%3D&sid=c46efe9b-d3d2-4a0c-8c76-bfafa16c5add&ts=1754492042"[\r][\n]"
16:54:02 [main] DEBUG org.apache.http.wire -  << "Server: Heroku[\r][\n]"
16:54:02 [main] DEBUG org.apache.http.wire -  << "Via: 1.1 heroku-router[\r][\n]"
16:54:02 [main] DEBUG org.apache.http.wire -  << "X-Powered-By: Express[\r][\n]"
16:54:02 [main] DEBUG org.apache.http.wire -  << "[\r][\n]"
16:54:02 [main] DEBUG org.apache.http.impl.conn.DefaultClientConnection - Receiving response: HTTP/1.1 200 OK
16:54:02 [main] DEBUG org.apache.http.headers - << HTTP/1.1 200 OK
16:54:02 [main] DEBUG org.apache.http.headers - << Content-Length: 202
16:54:02 [main] DEBUG org.apache.http.headers - << Content-Type: application/json; charset=utf-8
16:54:02 [main] DEBUG org.apache.http.headers - << Date: Wed, 06 Aug 2025 14:54:02 GMT
16:54:02 [main] DEBUG org.apache.http.headers - << Etag: W/"ca-5XgSQ+50CB8O5z4iv9CptZ377yM"
16:54:02 [main] DEBUG org.apache.http.headers - << Nel: {"report_to":"heroku-nel","response_headers":["Via"],"max_age":3600,"success_fraction":0.01,"failure_fraction":0.1}
16:54:02 [main] DEBUG org.apache.http.headers - << Report-To: {"group":"heroku-nel","endpoints":[{"url":"https://nel.heroku.com/reports?s=bzOpfSwyYAxpXRFjOVQKPGfGq7woX7kMFz1BNijC7Ok%3D\u0026sid=c46efe9b-d3d2-4a0c-8c76-bfafa16c5add\u0026ts=1754492042"}],"max_age":3600}
16:54:02 [main] DEBUG org.apache.http.headers - << Reporting-Endpoints: heroku-nel="https://nel.heroku.com/reports?s=bzOpfSwyYAxpXRFjOVQKPGfGq7woX7kMFz1BNijC7Ok%3D&sid=c46efe9b-d3d2-4a0c-8c76-bfafa16c5add&ts=1754492042"
16:54:02 [main] DEBUG org.apache.http.headers - << Server: Heroku
16:54:02 [main] DEBUG org.apache.http.headers - << Via: 1.1 heroku-router
16:54:02 [main] DEBUG org.apache.http.headers - << X-Powered-By: Express
16:54:02 [main] DEBUG org.apache.http.impl.client.DefaultHttpClient - Connection can be kept alive indefinitely
16:54:02 [main] DEBUG io.restassured.internal.RestAssuredHttpBuilder - Parsing response as: application/json; charset=utf-8
16:54:02 [main] DEBUG io.restassured.internal.RestAssuredHttpBuilder - Parsed data to instance of: class org.apache.http.conn.EofSensorInputStream
16:54:02 [main] DEBUG org.apache.http.wire -  << "{"bookingid":1619,"booking":{"firstname":"Michael","lastname":"Jordan","totalprice":500,"depositpaid":true,"bookingdates":{"checkin":"2024-08-01","checkout":"2024-08-10"},"additionalneeds":"Breakfast"}}"
16:54:02 [main] DEBUG org.apache.http.impl.conn.BasicClientConnectionManager - Releasing connection org.apache.http.impl.conn.ManagedClientConnectionImpl@125ba798
16:54:02 [main] DEBUG org.apache.http.impl.conn.BasicClientConnectionManager - Connection can be kept alive indefinitely
Booking created with ID: 1619
  &amp#27;[32mGiven &amp#27;[0m&amp#27;[32mUser creates a new booking with data &amp#27;[0m&amp#27;[32m&amp#27;[1m"validBooking"&amp#27;[0m                  &amp#27;[90m# stepdefs.PatchBookingSteps.userCreatesANewBookingWithData(java.lang.String)&amp#27;[0m
16:54:02 [main] DEBUG org.apache.http.impl.conn.BasicClientConnectionManager - Get connection for route {s}->https://restful-booker.herokuapp.com:443
16:54:02 [main] DEBUG org.apache.http.impl.conn.DefaultClientConnectionOperator - Connecting to restful-booker.herokuapp.com:443
16:54:03 [main] DEBUG org.apache.http.client.protocol.RequestAddCookies - CookieSpec selected: ignoreCookies
16:54:03 [main] DEBUG org.apache.http.client.protocol.RequestAuthCache - Auth cache not set in the context
16:54:03 [main] DEBUG org.apache.http.client.protocol.RequestTargetAuthentication - Target auth state: UNCHALLENGED
16:54:03 [main] DEBUG org.apache.http.client.protocol.RequestProxyAuthentication - Proxy auth state: UNCHALLENGED
16:54:03 [main] DEBUG org.apache.http.impl.client.DefaultHttpClient - Attempt 1 to execute request
16:54:03 [main] DEBUG org.apache.http.impl.conn.DefaultClientConnection - Sending request: PATCH /booking/1619 HTTP/1.1
16:54:03 [main] DEBUG org.apache.http.wire -  >> "PATCH /booking/1619 HTTP/1.1[\r][\n]"
16:54:03 [main] DEBUG org.apache.http.wire -  >> "Cookie: token=f76789122f7952e[\r][\n]"
16:54:03 [main] DEBUG org.apache.http.wire -  >> "Accept: */*[\r][\n]"
16:54:03 [main] DEBUG org.apache.http.wire -  >> "Content-Type: application/json[\r][\n]"
16:54:03 [main] DEBUG org.apache.http.wire -  >> "Content-Length: 49[\r][\n]"
16:54:03 [main] DEBUG org.apache.http.wire -  >> "Host: restful-booker.herokuapp.com[\r][\n]"
16:54:03 [main] DEBUG org.apache.http.wire -  >> "Connection: Keep-Alive[\r][\n]"
16:54:03 [main] DEBUG org.apache.http.wire -  >> "User-Agent: Apache-HttpClient/4.5.13 (Java/17.0.11)[\r][\n]"
16:54:03 [main] DEBUG org.apache.http.wire -  >> "Accept-Encoding: gzip,deflate[\r][\n]"
16:54:03 [main] DEBUG org.apache.http.wire -  >> "[\r][\n]"
16:54:03 [main] DEBUG org.apache.http.headers - >> PATCH /booking/1619 HTTP/1.1
16:54:03 [main] DEBUG org.apache.http.headers - >> Cookie: token=f76789122f7952e
16:54:03 [main] DEBUG org.apache.http.headers - >> Accept: */*
16:54:03 [main] DEBUG org.apache.http.headers - >> Content-Type: application/json
16:54:03 [main] DEBUG org.apache.http.headers - >> Content-Length: 49
16:54:03 [main] DEBUG org.apache.http.headers - >> Host: restful-booker.herokuapp.com
16:54:03 [main] DEBUG org.apache.http.headers - >> Connection: Keep-Alive
16:54:03 [main] DEBUG org.apache.http.headers - >> User-Agent: Apache-HttpClient/4.5.13 (Java/17.0.11)
16:54:03 [main] DEBUG org.apache.http.headers - >> Accept-Encoding: gzip,deflate
16:54:03 [main] DEBUG org.apache.http.wire -  >> "{"firstname":"Scottie","additionalneeds":"Lunch"}"
16:54:03 [main] DEBUG org.apache.http.wire -  << "HTTP/1.1 200 OK[\r][\n]"
16:54:03 [main] DEBUG org.apache.http.wire -  << "Content-Length: 169[\r][\n]"
16:54:03 [main] DEBUG org.apache.http.wire -  << "Content-Type: application/json; charset=utf-8[\r][\n]"
16:54:03 [main] DEBUG org.apache.http.wire -  << "Date: Wed, 06 Aug 2025 14:54:03 GMT[\r][\n]"
16:54:03 [main] DEBUG org.apache.http.wire -  << "Etag: W/"a9-CeXDvmlA/780349B4pjQt4R7uCU"[\r][\n]"
16:54:03 [main] DEBUG org.apache.http.wire -  << "Nel: {"report_to":"heroku-nel","response_headers":["Via"],"max_age":3600,"success_fraction":0.01,"failure_fraction":0.1}[\r][\n]"
16:54:03 [main] DEBUG org.apache.http.wire -  << "Report-To: {"group":"heroku-nel","endpoints":[{"url":"https://nel.heroku.com/reports?s=MhKUyiO2GJ82EW5HtxoLL%2FICfToRjm%2FoPNTbfGqMCxc%3D\u0026sid=c46efe9b-d3d2-4a0c-8c76-bfafa16c5add\u0026ts=1754492043"}],"max_age":3600}[\r][\n]"
16:54:03 [main] DEBUG org.apache.http.wire -  << "Reporting-Endpoints: heroku-nel="https://nel.heroku.com/reports?s=MhKUyiO2GJ82EW5HtxoLL%2FICfToRjm%2FoPNTbfGqMCxc%3D&sid=c46efe9b-d3d2-4a0c-8c76-bfafa16c5add&ts=1754492043"[\r][\n]"
16:54:03 [main] DEBUG org.apache.http.wire -  << "Server: Heroku[\r][\n]"
16:54:03 [main] DEBUG org.apache.http.wire -  << "Via: 1.1 heroku-router[\r][\n]"
16:54:03 [main] DEBUG org.apache.http.wire -  << "X-Powered-By: Express[\r][\n]"
16:54:03 [main] DEBUG org.apache.http.wire -  << "[\r][\n]"
16:54:03 [main] DEBUG org.apache.http.impl.conn.DefaultClientConnection - Receiving response: HTTP/1.1 200 OK
16:54:03 [main] DEBUG org.apache.http.headers - << HTTP/1.1 200 OK
16:54:03 [main] DEBUG org.apache.http.headers - << Content-Length: 169
16:54:03 [main] DEBUG org.apache.http.headers - << Content-Type: application/json; charset=utf-8
16:54:03 [main] DEBUG org.apache.http.headers - << Date: Wed, 06 Aug 2025 14:54:03 GMT
16:54:03 [main] DEBUG org.apache.http.headers - << Etag: W/"a9-CeXDvmlA/780349B4pjQt4R7uCU"
16:54:03 [main] DEBUG org.apache.http.headers - << Nel: {"report_to":"heroku-nel","response_headers":["Via"],"max_age":3600,"success_fraction":0.01,"failure_fraction":0.1}
16:54:03 [main] DEBUG org.apache.http.headers - << Report-To: {"group":"heroku-nel","endpoints":[{"url":"https://nel.heroku.com/reports?s=MhKUyiO2GJ82EW5HtxoLL%2FICfToRjm%2FoPNTbfGqMCxc%3D\u0026sid=c46efe9b-d3d2-4a0c-8c76-bfafa16c5add\u0026ts=1754492043"}],"max_age":3600}
16:54:03 [main] DEBUG org.apache.http.headers - << Reporting-Endpoints: heroku-nel="https://nel.heroku.com/reports?s=MhKUyiO2GJ82EW5HtxoLL%2FICfToRjm%2FoPNTbfGqMCxc%3D&sid=c46efe9b-d3d2-4a0c-8c76-bfafa16c5add&ts=1754492043"
16:54:03 [main] DEBUG org.apache.http.headers - << Server: Heroku
16:54:03 [main] DEBUG org.apache.http.headers - << Via: 1.1 heroku-router
16:54:03 [main] DEBUG org.apache.http.headers - << X-Powered-By: Express
16:54:03 [main] DEBUG org.apache.http.impl.client.DefaultHttpClient - Connection can be kept alive indefinitely
16:54:03 [main] DEBUG io.restassured.internal.RestAssuredHttpBuilder - Parsing response as: application/json; charset=utf-8
16:54:03 [main] DEBUG io.restassured.internal.RestAssuredHttpBuilder - Parsed data to instance of: class org.apache.http.conn.EofSensorInputStream
16:54:03 [main] DEBUG org.apache.http.impl.conn.BasicClientConnectionManager - Get connection for route {s}->https://restful-booker.herokuapp.com:443
16:54:03 [main] DEBUG org.apache.http.impl.conn.DefaultClientConnectionOperator - Connecting to restful-booker.herokuapp.com:443
16:54:04 [main] DEBUG org.apache.http.client.protocol.RequestAddCookies - CookieSpec selected: ignoreCookies
16:54:04 [main] DEBUG org.apache.http.client.protocol.RequestAuthCache - Auth cache not set in the context
16:54:04 [main] DEBUG org.apache.http.client.protocol.RequestTargetAuthentication - Target auth state: UNCHALLENGED
16:54:04 [main] DEBUG org.apache.http.client.protocol.RequestProxyAuthentication - Proxy auth state: UNCHALLENGED
16:54:04 [main] DEBUG org.apache.http.impl.client.DefaultHttpClient - Attempt 1 to execute request
16:54:04 [main] DEBUG org.apache.http.impl.conn.DefaultClientConnection - Sending request: PATCH /booking/1619 HTTP/1.1
16:54:04 [main] DEBUG org.apache.http.wire -  >> "PATCH /booking/1619 HTTP/1.1[\r][\n]"
16:54:04 [main] DEBUG org.apache.http.wire -  >> "Cookie: token=f76789122f7952e[\r][\n]"
16:54:04 [main] DEBUG org.apache.http.wire -  >> "Accept: */*[\r][\n]"
16:54:04 [main] DEBUG org.apache.http.wire -  >> "Content-Type: application/json[\r][\n]"
16:54:04 [main] DEBUG org.apache.http.wire -  >> "Content-Length: 49[\r][\n]"
16:54:04 [main] DEBUG org.apache.http.wire -  >> "Host: restful-booker.herokuapp.com[\r][\n]"
16:54:04 [main] DEBUG org.apache.http.wire -  >> "Connection: Keep-Alive[\r][\n]"
16:54:04 [main] DEBUG org.apache.http.wire -  >> "User-Agent: Apache-HttpClient/4.5.13 (Java/17.0.11)[\r][\n]"
16:54:04 [main] DEBUG org.apache.http.wire -  >> "Accept-Encoding: gzip,deflate[\r][\n]"
16:54:04 [main] DEBUG org.apache.http.wire -  >> "[\r][\n]"
16:54:04 [main] DEBUG org.apache.http.headers - >> PATCH /booking/1619 HTTP/1.1
16:54:04 [main] DEBUG org.apache.http.headers - >> Cookie: token=f76789122f7952e
16:54:04 [main] DEBUG org.apache.http.headers - >> Accept: */*
16:54:04 [main] DEBUG org.apache.http.headers - >> Content-Type: application/json
16:54:04 [main] DEBUG org.apache.http.headers - >> Content-Length: 49
16:54:04 [main] DEBUG org.apache.http.headers - >> Host: restful-booker.herokuapp.com
16:54:04 [main] DEBUG org.apache.http.headers - >> Connection: Keep-Alive
16:54:04 [main] DEBUG org.apache.http.headers - >> User-Agent: Apache-HttpClient/4.5.13 (Java/17.0.11)
16:54:04 [main] DEBUG org.apache.http.headers - >> Accept-Encoding: gzip,deflate
16:54:04 [main] DEBUG org.apache.http.wire -  >> "{"firstname":"Scottie","additionalneeds":"Lunch"}"
16:54:04 [main] DEBUG org.apache.http.wire -  << "HTTP/1.1 200 OK[\r][\n]"
16:54:04 [main] DEBUG org.apache.http.wire -  << "Content-Length: 169[\r][\n]"
16:54:04 [main] DEBUG org.apache.http.wire -  << "Content-Type: application/json; charset=utf-8[\r][\n]"
16:54:04 [main] DEBUG org.apache.http.wire -  << "Date: Wed, 06 Aug 2025 14:54:04 GMT[\r][\n]"
16:54:04 [main] DEBUG org.apache.http.wire -  << "Etag: W/"a9-CeXDvmlA/780349B4pjQt4R7uCU"[\r][\n]"
16:54:04 [main] DEBUG org.apache.http.wire -  << "Nel: {"report_to":"heroku-nel","response_headers":["Via"],"max_age":3600,"success_fraction":0.01,"failure_fraction":0.1}[\r][\n]"
16:54:04 [main] DEBUG org.apache.http.wire -  << "Report-To: {"group":"heroku-nel","endpoints":[{"url":"https://nel.heroku.com/reports?s=RjYYeDVcetKpZI0J6hfFuf8wzkt1C%2BYDM5MrHyV29XE%3D\u0026sid=c46efe9b-d3d2-4a0c-8c76-bfafa16c5add\u0026ts=1754492044"}],"max_age":3600}[\r][\n]"
16:54:04 [main] DEBUG org.apache.http.wire -  << "Reporting-Endpoints: heroku-nel="https://nel.heroku.com/reports?s=RjYYeDVcetKpZI0J6hfFuf8wzkt1C%2BYDM5MrHyV29XE%3D&sid=c46efe9b-d3d2-4a0c-8c76-bfafa16c5add&ts=1754492044"[\r][\n]"
16:54:04 [main] DEBUG org.apache.http.wire -  << "Server: Heroku[\r][\n]"
16:54:04 [main] DEBUG org.apache.http.wire -  << "Via: 1.1 heroku-router[\r][\n]"
16:54:04 [main] DEBUG org.apache.http.wire -  << "X-Powered-By: Express[\r][\n]"
16:54:04 [main] DEBUG org.apache.http.wire -  << "[\r][\n]"
16:54:04 [main] DEBUG org.apache.http.impl.conn.DefaultClientConnection - Receiving response: HTTP/1.1 200 OK
16:54:04 [main] DEBUG org.apache.http.headers - << HTTP/1.1 200 OK
16:54:04 [main] DEBUG org.apache.http.headers - << Content-Length: 169
16:54:04 [main] DEBUG org.apache.http.headers - << Content-Type: application/json; charset=utf-8
16:54:04 [main] DEBUG org.apache.http.headers - << Date: Wed, 06 Aug 2025 14:54:04 GMT
16:54:04 [main] DEBUG org.apache.http.headers - << Etag: W/"a9-CeXDvmlA/780349B4pjQt4R7uCU"
16:54:04 [main] DEBUG org.apache.http.headers - << Nel: {"report_to":"heroku-nel","response_headers":["Via"],"max_age":3600,"success_fraction":0.01,"failure_fraction":0.1}
16:54:04 [main] DEBUG org.apache.http.headers - << Report-To: {"group":"heroku-nel","endpoints":[{"url":"https://nel.heroku.com/reports?s=RjYYeDVcetKpZI0J6hfFuf8wzkt1C%2BYDM5MrHyV29XE%3D\u0026sid=c46efe9b-d3d2-4a0c-8c76-bfafa16c5add\u0026ts=1754492044"}],"max_age":3600}
16:54:04 [main] DEBUG org.apache.http.headers - << Reporting-Endpoints: heroku-nel="https://nel.heroku.com/reports?s=RjYYeDVcetKpZI0J6hfFuf8wzkt1C%2BYDM5MrHyV29XE%3D&sid=c46efe9b-d3d2-4a0c-8c76-bfafa16c5add&ts=1754492044"
16:54:04 [main] DEBUG org.apache.http.headers - << Server: Heroku
16:54:04 [main] DEBUG org.apache.http.headers - << Via: 1.1 heroku-router
16:54:04 [main] DEBUG org.apache.http.headers - << X-Powered-By: Express
16:54:04 [main] DEBUG org.apache.http.impl.client.DefaultHttpClient - Connection can be kept alive indefinitely
16:54:04 [main] DEBUG io.restassured.internal.RestAssuredHttpBuilder - Parsing response as: application/json; charset=utf-8
16:54:04 [main] DEBUG io.restassured.internal.RestAssuredHttpBuilder - Parsed data to instance of: class org.apache.http.conn.EofSensorInputStream
16:54:04 [main] DEBUG org.apache.http.wire -  << "{"firstname":"Scottie","lastname":"Jordan","totalprice":500,"depositpaid":true,"bookingdates":{"checkin":"2024-08-01","checkout":"2024-08-10"},"additionalneeds":"Lunch"}"
16:54:04 [main] DEBUG org.apache.http.impl.conn.BasicClientConnectionManager - Releasing connection org.apache.http.impl.conn.ManagedClientConnectionImpl@4db45d
16:54:04 [main] DEBUG org.apache.http.impl.conn.BasicClientConnectionManager - Connection can be kept alive indefinitely
16:54:04 [main] DEBUG org.apache.http.wire -  << "{"firstname":"Scottie","lastname":"Jordan","totalprice":500,"depositpaid":true,"bookingdates":{"checkin":"2024-08-01","checkout":"2024-08-10"},"additionalneeds":"Lunch"}"
16:54:04 [main] DEBUG org.apache.http.impl.conn.BasicClientConnectionManager - Releasing connection org.apache.http.impl.conn.ManagedClientConnectionImpl@89178b4
16:54:04 [main] DEBUG org.apache.http.impl.conn.BasicClientConnectionManager - Connection can be kept alive indefinitely
  &amp#27;[32mWhen &amp#27;[0m&amp#27;[32mUser partially updates booking with data &amp#27;[0m&amp#27;[32m&amp#27;[1m"partialUpdateBooking"&amp#27;[0m&amp#27;[32m twice&amp#27;[0m &amp#27;[90m# stepdefs.PatchBookingSteps.idempotent_update_twice(java.lang.String)&amp#27;[0m
  &amp#27;[32mThen &amp#27;[0m&amp#27;[32mBoth responses should be identical&amp#27;[0m                                    &amp#27;[90m# stepdefs.PatchBookingSteps.verify_idempotency()&amp#27;[0m
]]></system-out>
  </testcase>
</testsuite>